#! /c/Source/iverilog-install/bin/vvp
:ivl_version "12.0 (devel)" "(s20150603-1539-g2693dd32b)";
:ivl_delay_selection "TYPICAL";
:vpi_time_precision - 12;
:vpi_module "C:\iverilog\lib\ivl\system.vpi";
:vpi_module "C:\iverilog\lib\ivl\vhdl_sys.vpi";
:vpi_module "C:\iverilog\lib\ivl\vhdl_textio.vpi";
:vpi_module "C:\iverilog\lib\ivl\v2005_math.vpi";
:vpi_module "C:\iverilog\lib\ivl\va_math.vpi";
S_000002bffde67980 .scope module, "my_tb_sha256_core" "my_tb_sha256_core" 2 4;
 .timescale -9 -12;
P_000002bffdd69c20 .param/l "CLK_HALF_PERIOD" 0 2 6, +C4<00000000000000000000000000000101>;
P_000002bffdd69c58 .param/l "CLK_PERIOD" 0 2 7, +C4<0000000000000000000000000000000000000000000000000000000000001010>;
v000002bffdec7910_0 .var "block", 511 0;
v000002bffdec7af0_0 .var "clk", 0 0;
v000002bffdec8130_0 .net "digest", 255 0, L_000002bffdeca730;  1 drivers
v000002bffdec81d0_0 .net "digest_valid", 0 0, L_000002bffde60bf0;  1 drivers
v000002bffdec8270_0 .var/i "errors", 31 0;
v000002bffdec84f0_0 .var "init", 0 0;
v000002bffdec8630_0 .var "mode", 0 0;
v000002bffdeca690_0 .var "next", 0 0;
v000002bffdecae10_0 .net "ready", 0 0, L_000002bffde60f00;  1 drivers
v000002bffdecb090_0 .var "reset_n", 0 0;
v000002bffdec9830_0 .var/i "total_tests", 31 0;
S_000002bffde66950 .scope task, "corner_test" "corner_test" 2 106, 2 106 0, S_000002bffde67980;
 .timescale -9 -12;
v000002bffde537f0_0 .var "msg", 511 0;
v000002bffde65b20_0 .var "name", 127 0;
TD_my_tb_sha256_core.corner_test ;
    %load/vec4 v000002bffdec9830_0;
    %addi 1, 0, 32;
    %store/vec4 v000002bffdec9830_0, 0, 32;
    %load/vec4 v000002bffde537f0_0;
    %store/vec4 v000002bffdec7910_0, 0, 512;
    %pushi/vec4 1, 0, 1;
    %store/vec4 v000002bffdec84f0_0, 0, 1;
    %pushi/vec4 0, 0, 1;
    %store/vec4 v000002bffdeca690_0, 0, 1;
    %delay 10000, 0;
    %pushi/vec4 0, 0, 1;
    %store/vec4 v000002bffdec84f0_0, 0, 1;
    %fork TD_my_tb_sha256_core.wait_ready, S_000002bffdec4ad0;
    %join;
    %load/vec4 v000002bffdec81d0_0;
    %flag_set/vec4 9;
    %flag_get/vec4 9;
    %jmp/0 T_0.2, 9;
    %load/vec4 v000002bffdec8130_0;
    %xor/r;
    %pushi/vec4 1, 1, 1;
    %cmp/ne;
    %flag_get/vec4 6;
    %and;
T_0.2;
    %flag_set/vec4 8;
    %jmp/0xz  T_0.0, 8;
    %vpi_call 2 111 "$display", "PASS: %s corner-case test", v000002bffde65b20_0 {0 0 0};
    %jmp T_0.1;
T_0.0 ;
    %vpi_call 2 113 "$display", "FAIL: %s corner-case produced X/Z or invalid digest", v000002bffde65b20_0 {0 0 0};
    %load/vec4 v000002bffdec8270_0;
    %addi 1, 0, 32;
    %store/vec4 v000002bffdec8270_0, 0, 32;
T_0.1 ;
    %end;
S_000002bffde65bc0 .scope module, "dut" "sha256_core" 2 20, 3 42 0, S_000002bffde67980;
 .timescale 0 0;
    .port_info 0 /INPUT 1 "clk";
    .port_info 1 /INPUT 1 "reset_n";
    .port_info 2 /INPUT 1 "init";
    .port_info 3 /INPUT 1 "next";
    .port_info 4 /INPUT 1 "mode";
    .port_info 5 /INPUT 512 "block";
    .port_info 6 /OUTPUT 1 "ready";
    .port_info 7 /OUTPUT 256 "digest";
    .port_info 8 /OUTPUT 1 "digest_valid";
P_000002bffddf9f00 .param/l "CTRL_DONE" 1 3 83, +C4<00000000000000000000000000000010>;
P_000002bffddf9f38 .param/l "CTRL_IDLE" 1 3 81, +C4<00000000000000000000000000000000>;
P_000002bffddf9f70 .param/l "CTRL_ROUNDS" 1 3 82, +C4<00000000000000000000000000000001>;
P_000002bffddf9fa8 .param/l "SHA224_H0_0" 1 3 61, C4<11000001000001011001111011011000>;
P_000002bffddf9fe0 .param/l "SHA224_H0_1" 1 3 62, C4<00110110011111001101010100000111>;
P_000002bffddfa018 .param/l "SHA224_H0_2" 1 3 63, C4<00110000011100001101110100010111>;
P_000002bffddfa050 .param/l "SHA224_H0_3" 1 3 64, C4<11110111000011100101100100111001>;
P_000002bffddfa088 .param/l "SHA224_H0_4" 1 3 65, C4<11111111110000000000101100110001>;
P_000002bffddfa0c0 .param/l "SHA224_H0_5" 1 3 66, C4<01101000010110000001010100010001>;
P_000002bffddfa0f8 .param/l "SHA224_H0_6" 1 3 67, C4<01100100111110011000111110100111>;
P_000002bffddfa130 .param/l "SHA224_H0_7" 1 3 68, C4<10111110111110100100111110100100>;
P_000002bffddfa168 .param/l "SHA256_H0_0" 1 3 70, C4<01101010000010011110011001100111>;
P_000002bffddfa1a0 .param/l "SHA256_H0_1" 1 3 71, C4<10111011011001111010111010000101>;
P_000002bffddfa1d8 .param/l "SHA256_H0_2" 1 3 72, C4<00111100011011101111001101110010>;
P_000002bffddfa210 .param/l "SHA256_H0_3" 1 3 73, C4<10100101010011111111010100111010>;
P_000002bffddfa248 .param/l "SHA256_H0_4" 1 3 74, C4<01010001000011100101001001111111>;
P_000002bffddfa280 .param/l "SHA256_H0_5" 1 3 75, C4<10011011000001010110100010001100>;
P_000002bffddfa2b8 .param/l "SHA256_H0_6" 1 3 76, C4<00011111100000111101100110101011>;
P_000002bffddfa2f0 .param/l "SHA256_H0_7" 1 3 77, C4<01011011111000001100110100011001>;
P_000002bffddfa328 .param/l "SHA256_ROUNDS" 1 3 79, +C4<00000000000000000000000000111111>;
L_000002bffde60f00 .functor BUFZ 1, v000002bffdec8ef0_0, C4<0>, C4<0>, C4<0>;
L_000002bffde60bf0 .functor BUFZ 1, v000002bffdec7d70_0, C4<0>, C4<0>, C4<0>;
v000002bffdec6080_0 .var "H0_new", 31 0;
v000002bffdec6c60_0 .var "H0_reg", 31 0;
v000002bffdec55e0_0 .var "H1_new", 31 0;
v000002bffdec6580_0 .var "H1_reg", 31 0;
v000002bffdec64e0_0 .var "H2_new", 31 0;
v000002bffdec6120_0 .var "H2_reg", 31 0;
v000002bffdec6940_0 .var "H3_new", 31 0;
v000002bffdec6e40_0 .var "H3_reg", 31 0;
v000002bffdec5ae0_0 .var "H4_new", 31 0;
v000002bffdec5540_0 .var "H4_reg", 31 0;
v000002bffdec5f40_0 .var "H5_new", 31 0;
v000002bffdec5fe0_0 .var "H5_reg", 31 0;
v000002bffdec6a80_0 .var "H6_new", 31 0;
v000002bffdec6260_0 .var "H6_reg", 31 0;
v000002bffdec5b80_0 .var "H7_new", 31 0;
v000002bffdec54a0_0 .var "H7_reg", 31 0;
v000002bffdec6300_0 .var "H_we", 0 0;
v000002bffdec6f80_0 .var "a_h_we", 0 0;
v000002bffdec69e0_0 .var "a_new", 31 0;
v000002bffdec5360_0 .var "a_reg", 31 0;
v000002bffdec5180_0 .var "b_new", 31 0;
v000002bffdec63a0_0 .var "b_reg", 31 0;
v000002bffdec5400_0 .net "block", 511 0, v000002bffdec7910_0;  1 drivers
v000002bffdec6620_0 .var "c_new", 31 0;
v000002bffdec5c20_0 .var "c_reg", 31 0;
v000002bffdec5220_0 .net "clk", 0 0, v000002bffdec7af0_0;  1 drivers
v000002bffdec66c0_0 .var "d_new", 31 0;
v000002bffdec68a0_0 .var "d_reg", 31 0;
v000002bffdec6800_0 .net "digest", 255 0, L_000002bffdeca730;  alias, 1 drivers
v000002bffdec52c0_0 .var "digest_init", 0 0;
v000002bffdec57c0_0 .var "digest_update", 0 0;
v000002bffdec5900_0 .net "digest_valid", 0 0, L_000002bffde60bf0;  alias, 1 drivers
v000002bffdec7cd0_0 .var "digest_valid_new", 0 0;
v000002bffdec7d70_0 .var "digest_valid_reg", 0 0;
v000002bffdec74b0_0 .var "digest_valid_we", 0 0;
v000002bffdec7e10_0 .var "e_new", 31 0;
v000002bffdec8b30_0 .var "e_reg", 31 0;
v000002bffdec8770_0 .var "f_new", 31 0;
v000002bffdec88b0_0 .var "f_reg", 31 0;
v000002bffdec8c70_0 .var "first_block", 0 0;
v000002bffdec79b0_0 .var "g_new", 31 0;
v000002bffdec7550_0 .var "g_reg", 31 0;
v000002bffdec8db0_0 .var "h_new", 31 0;
v000002bffdec7b90_0 .var "h_reg", 31 0;
v000002bffdec8590_0 .net "init", 0 0, v000002bffdec84f0_0;  1 drivers
v000002bffdec8310_0 .net "k_data", 31 0, L_000002bffde60800;  1 drivers
v000002bffdec8f90_0 .net "mode", 0 0, v000002bffdec8630_0;  1 drivers
v000002bffdec8e50_0 .net "next", 0 0, v000002bffdeca690_0;  1 drivers
v000002bffdec7ff0_0 .net "ready", 0 0, L_000002bffde60f00;  alias, 1 drivers
v000002bffdec8ef0_0 .var "ready_flag", 0 0;
v000002bffdec75f0_0 .net "reset_n", 0 0, v000002bffdecb090_0;  1 drivers
v000002bffdec72d0_0 .var "sha256_ctrl_new", 1 0;
v000002bffdec8bd0_0 .var "sha256_ctrl_reg", 1 0;
v000002bffdec7870_0 .var "sha256_ctrl_we", 0 0;
v000002bffdec7eb0_0 .var "state_init", 0 0;
v000002bffdec7a50_0 .var "state_update", 0 0;
v000002bffdec7c30_0 .var "t1", 31 0;
v000002bffdec7f50_0 .var "t2", 31 0;
v000002bffdec83b0_0 .var "t_ctr_inc", 0 0;
v000002bffdec8450_0 .var "t_ctr_new", 5 0;
v000002bffdec77d0_0 .var "t_ctr_reg", 5 0;
v000002bffdec89f0_0 .var "t_ctr_rst", 0 0;
v000002bffdec8810_0 .var "t_ctr_we", 0 0;
v000002bffdec8950_0 .net "w_data", 31 0, L_000002bffde610c0;  1 drivers
v000002bffdec9030_0 .var "w_init", 0 0;
v000002bffdec7690_0 .var "w_next", 0 0;
E_000002bffde47b70 .event anyedge, v000002bffdec8bd0_0, v000002bffdec8590_0, v000002bffdec8e50_0, v000002bffde6d750_0;
E_000002bffde47470 .event anyedge, v000002bffdec89f0_0, v000002bffdec83b0_0, v000002bffde6d750_0;
E_000002bffde426b0/0 .event anyedge, v000002bffdec7eb0_0, v000002bffdec8c70_0, v000002bffdec8f90_0, v000002bffdec6c60_0;
E_000002bffde426b0/1 .event anyedge, v000002bffdec6580_0, v000002bffdec6120_0, v000002bffdec6e40_0, v000002bffdec5540_0;
E_000002bffde426b0/2 .event anyedge, v000002bffdec5fe0_0, v000002bffdec6260_0, v000002bffdec54a0_0, v000002bffdec7a50_0;
E_000002bffde426b0/3 .event anyedge, v000002bffdec7c30_0, v000002bffdec7f50_0, v000002bffdec5360_0, v000002bffdec63a0_0;
E_000002bffde426b0/4 .event anyedge, v000002bffdec5c20_0, v000002bffdec68a0_0, v000002bffdec8b30_0, v000002bffdec88b0_0;
E_000002bffde426b0/5 .event anyedge, v000002bffdec7550_0;
E_000002bffde426b0 .event/or E_000002bffde426b0/0, E_000002bffde426b0/1, E_000002bffde426b0/2, E_000002bffde426b0/3, E_000002bffde426b0/4, E_000002bffde426b0/5;
E_000002bffde42e30/0 .event anyedge, v000002bffdec5360_0, v000002bffdec63a0_0, v000002bffdec5c20_0, v000002bffde6da70_0;
E_000002bffde42e30/1 .event anyedge, v000002bffde6e3d0_0;
E_000002bffde42e30 .event/or E_000002bffde42e30/0, E_000002bffde42e30/1;
E_000002bffde425b0/0 .event anyedge, v000002bffdec8b30_0, v000002bffdec88b0_0, v000002bffdec7550_0, v000002bffdec7b90_0;
E_000002bffde425b0/1 .event anyedge, v000002bffde6d610_0, v000002bffde6de30_0, v000002bffde6d930_0, v000002bffde6e330_0;
E_000002bffde425b0 .event/or E_000002bffde425b0/0, E_000002bffde425b0/1;
E_000002bffde42b30/0 .event anyedge, v000002bffdec52c0_0, v000002bffdec8f90_0, v000002bffdec57c0_0, v000002bffdec6c60_0;
E_000002bffde42b30/1 .event anyedge, v000002bffdec5360_0, v000002bffdec6580_0, v000002bffdec63a0_0, v000002bffdec6120_0;
E_000002bffde42b30/2 .event anyedge, v000002bffdec5c20_0, v000002bffdec6e40_0, v000002bffdec68a0_0, v000002bffdec5540_0;
E_000002bffde42b30/3 .event anyedge, v000002bffdec8b30_0, v000002bffdec5fe0_0, v000002bffdec88b0_0, v000002bffdec6260_0;
E_000002bffde42b30/4 .event anyedge, v000002bffdec7550_0, v000002bffdec54a0_0, v000002bffdec7b90_0;
E_000002bffde42b30 .event/or E_000002bffde42b30/0, E_000002bffde42b30/1, E_000002bffde42b30/2, E_000002bffde42b30/3, E_000002bffde42b30/4;
LS_000002bffdeca730_0_0 .concat [ 32 32 32 32], v000002bffdec54a0_0, v000002bffdec6260_0, v000002bffdec5fe0_0, v000002bffdec5540_0;
LS_000002bffdeca730_0_4 .concat [ 32 32 32 32], v000002bffdec6e40_0, v000002bffdec6120_0, v000002bffdec6580_0, v000002bffdec6c60_0;
L_000002bffdeca730 .concat [ 128 128 0 0], LS_000002bffdeca730_0_0, LS_000002bffdeca730_0_4;
S_000002bffdded2c0 .scope begin, "digest_logic" "digest_logic" 3 272, 3 272 0, S_000002bffde65bc0;
 .timescale 0 0;
S_000002bffdded450 .scope module, "k_constants_inst" "sha256_k_constants" 3 167, 4 41 0, S_000002bffde65bc0;
 .timescale 0 0;
    .port_info 0 /INPUT 6 "round";
    .port_info 1 /OUTPUT 32 "K";
L_000002bffde60800 .functor BUFZ 32, v000002bffde6d9d0_0, C4<00000000000000000000000000000000>, C4<00000000000000000000000000000000>, C4<00000000000000000000000000000000>;
v000002bffde6e330_0 .net "K", 31 0, L_000002bffde60800;  alias, 1 drivers
v000002bffde6d750_0 .net "round", 5 0, v000002bffdec77d0_0;  1 drivers
v000002bffde6d9d0_0 .var "tmp_K", 31 0;
E_000002bffde42eb0 .event anyedge, v000002bffde6d750_0;
S_000002bffde11f10 .scope begin, "round_mux" "round_mux" 4 62, 4 62 0, S_000002bffdded450;
 .timescale 0 0;
S_000002bffde120a0 .scope begin, "reg_update" "reg_update" 3 204, 3 204 0, S_000002bffde65bc0;
 .timescale 0 0;
S_000002bffde6a7e0 .scope begin, "sha256_ctrl_fsm" "sha256_ctrl_fsm" 3 470, 3 470 0, S_000002bffde65bc0;
 .timescale 0 0;
S_000002bffde6a970 .scope begin, "state_logic" "state_logic" 3 372, 3 372 0, S_000002bffde65bc0;
 .timescale 0 0;
S_000002bffde6ab00 .scope begin, "t1_logic" "t1_logic" 3 331, 3 331 0, S_000002bffde65bc0;
 .timescale 0 0;
v000002bffde6de30_0 .var "ch", 31 0;
v000002bffde6d610_0 .var "sum1", 31 0;
S_000002bffde6e5d0 .scope begin, "t2_logic" "t2_logic" 3 351, 3 351 0, S_000002bffde65bc0;
 .timescale 0 0;
v000002bffde6e3d0_0 .var "maj", 31 0;
v000002bffde6da70_0 .var "sum0", 31 0;
S_000002bffde6e760 .scope begin, "t_ctr" "t_ctr" 3 446, 3 446 0, S_000002bffde65bc0;
 .timescale 0 0;
S_000002bffde6e8f0 .scope module, "w_mem_inst" "sha256_w_mem" 3 173, 5 42 0, S_000002bffde65bc0;
 .timescale 0 0;
    .port_info 0 /INPUT 1 "clk";
    .port_info 1 /INPUT 1 "reset_n";
    .port_info 2 /INPUT 512 "block";
    .port_info 3 /INPUT 6 "round";
    .port_info 4 /INPUT 1 "init";
    .port_info 5 /INPUT 1 "next";
    .port_info 6 /OUTPUT 32 "w";
L_000002bffde610c0 .functor BUFZ 32, v000002bffdec5720_0, C4<00000000000000000000000000000000>, C4<00000000000000000000000000000000>, C4<00000000000000000000000000000000>;
v000002bffde6e150_0 .net "block", 511 0, v000002bffdec7910_0;  alias, 1 drivers
v000002bffde6e1f0_0 .net "clk", 0 0, v000002bffdec7af0_0;  alias, 1 drivers
v000002bffde6dcf0_0 .net "init", 0 0, v000002bffdec9030_0;  1 drivers
v000002bffde6df70_0 .net "next", 0 0, v000002bffdec7690_0;  1 drivers
v000002bffde6d890_0 .net "reset_n", 0 0, v000002bffdecb090_0;  alias, 1 drivers
v000002bffde6dd90_0 .net "round", 5 0, v000002bffdec77d0_0;  alias, 1 drivers
v000002bffde6d930_0 .net "w", 31 0, L_000002bffde610c0;  alias, 1 drivers
v000002bffde6e010 .array "w_mem", 15 0, 31 0;
v000002bffde6e290_0 .var "w_mem00_new", 31 0;
v000002bffdec7020_0 .var "w_mem01_new", 31 0;
v000002bffdec6760_0 .var "w_mem02_new", 31 0;
v000002bffdec6d00_0 .var "w_mem03_new", 31 0;
v000002bffdec59a0_0 .var "w_mem04_new", 31 0;
v000002bffdec6da0_0 .var "w_mem05_new", 31 0;
v000002bffdec6bc0_0 .var "w_mem06_new", 31 0;
v000002bffdec5680_0 .var "w_mem07_new", 31 0;
v000002bffdec6ee0_0 .var "w_mem08_new", 31 0;
v000002bffdec5d60_0 .var "w_mem09_new", 31 0;
v000002bffdec5cc0_0 .var "w_mem10_new", 31 0;
v000002bffdec6440_0 .var "w_mem11_new", 31 0;
v000002bffdec5a40_0 .var "w_mem12_new", 31 0;
v000002bffdec61c0_0 .var "w_mem13_new", 31 0;
v000002bffdec5860_0 .var "w_mem14_new", 31 0;
v000002bffdec5e00_0 .var "w_mem15_new", 31 0;
v000002bffdec6b20_0 .var "w_mem_we", 0 0;
v000002bffdec5ea0_0 .var "w_new", 31 0;
v000002bffdec5720_0 .var "w_tmp", 31 0;
v000002bffde6e010_0 .array/port v000002bffde6e010, 0;
v000002bffde6e010_1 .array/port v000002bffde6e010, 1;
v000002bffde6e010_2 .array/port v000002bffde6e010, 2;
v000002bffde6e010_3 .array/port v000002bffde6e010, 3;
E_000002bffde42f30/0 .event anyedge, v000002bffde6e010_0, v000002bffde6e010_1, v000002bffde6e010_2, v000002bffde6e010_3;
v000002bffde6e010_4 .array/port v000002bffde6e010, 4;
v000002bffde6e010_5 .array/port v000002bffde6e010, 5;
v000002bffde6e010_6 .array/port v000002bffde6e010, 6;
v000002bffde6e010_7 .array/port v000002bffde6e010, 7;
E_000002bffde42f30/1 .event anyedge, v000002bffde6e010_4, v000002bffde6e010_5, v000002bffde6e010_6, v000002bffde6e010_7;
v000002bffde6e010_8 .array/port v000002bffde6e010, 8;
v000002bffde6e010_9 .array/port v000002bffde6e010, 9;
v000002bffde6e010_10 .array/port v000002bffde6e010, 10;
v000002bffde6e010_11 .array/port v000002bffde6e010, 11;
E_000002bffde42f30/2 .event anyedge, v000002bffde6e010_8, v000002bffde6e010_9, v000002bffde6e010_10, v000002bffde6e010_11;
v000002bffde6e010_12 .array/port v000002bffde6e010, 12;
v000002bffde6e010_13 .array/port v000002bffde6e010, 13;
v000002bffde6e010_14 .array/port v000002bffde6e010, 14;
v000002bffde6e010_15 .array/port v000002bffde6e010, 15;
E_000002bffde42f30/3 .event anyedge, v000002bffde6e010_12, v000002bffde6e010_13, v000002bffde6e010_14, v000002bffde6e010_15;
E_000002bffde42f30/4 .event anyedge, v000002bffde6e470_0, v000002bffde6d7f0_0, v000002bffde6db10_0, v000002bffde6d6b0_0;
E_000002bffde42f30/5 .event anyedge, v000002bffde6e510_0, v000002bffde6e0b0_0, v000002bffde6dcf0_0, v000002bffde6e150_0;
E_000002bffde42f30/6 .event anyedge, v000002bffde6df70_0, v000002bffde6d750_0, v000002bffdec5ea0_0;
E_000002bffde42f30 .event/or E_000002bffde42f30/0, E_000002bffde42f30/1, E_000002bffde42f30/2, E_000002bffde42f30/3, E_000002bffde42f30/4, E_000002bffde42f30/5, E_000002bffde42f30/6;
E_000002bffde41fb0/0 .event anyedge, v000002bffde6d750_0, v000002bffde6e010_0, v000002bffde6e010_1, v000002bffde6e010_2;
E_000002bffde41fb0/1 .event anyedge, v000002bffde6e010_3, v000002bffde6e010_4, v000002bffde6e010_5, v000002bffde6e010_6;
E_000002bffde41fb0/2 .event anyedge, v000002bffde6e010_7, v000002bffde6e010_8, v000002bffde6e010_9, v000002bffde6e010_10;
E_000002bffde41fb0/3 .event anyedge, v000002bffde6e010_11, v000002bffde6e010_12, v000002bffde6e010_13, v000002bffde6e010_14;
E_000002bffde41fb0/4 .event anyedge, v000002bffde6e010_15, v000002bffdec5ea0_0;
E_000002bffde41fb0 .event/or E_000002bffde41fb0/0, E_000002bffde41fb0/1, E_000002bffde41fb0/2, E_000002bffde41fb0/3, E_000002bffde41fb0/4;
E_000002bffde421f0/0 .event negedge, v000002bffde6d890_0;
E_000002bffde421f0/1 .event posedge, v000002bffde6e1f0_0;
E_000002bffde421f0 .event/or E_000002bffde421f0/0, E_000002bffde421f0/1;
S_000002bffdec4620 .scope begin, "reg_update" "reg_update" 5 98, 5 98 0, S_000002bffde6e8f0;
 .timescale 0 0;
v000002bffde6ded0_0 .var/i "i", 31 0;
S_000002bffdec4490 .scope begin, "select_w" "select_w" 5 139, 5 139 0, S_000002bffde6e8f0;
 .timescale 0 0;
S_000002bffdec47b0 .scope begin, "w_mem_update_logic" "w_mem_update_logic" 5 154, 5 154 0, S_000002bffde6e8f0;
 .timescale 0 0;
v000002bffde6e510_0 .var "d0", 31 0;
v000002bffde6db10_0 .var "d1", 31 0;
v000002bffde6e0b0_0 .var "w_0", 31 0;
v000002bffde6e470_0 .var "w_1", 31 0;
v000002bffde6d7f0_0 .var "w_14", 31 0;
v000002bffde6d6b0_0 .var "w_9", 31 0;
S_000002bffdec4c60 .scope task, "multi_block_test" "multi_block_test" 2 72, 2 72 0, S_000002bffde67980;
 .timescale -9 -12;
v000002bffdec86d0_0 .var "block1", 511 0;
v000002bffdec7410_0 .var "block2", 511 0;
v000002bffdec7230_0 .var "expected", 255 0;
v000002bffdec8a90_0 .var "name", 127 0;
TD_my_tb_sha256_core.multi_block_test ;
    %load/vec4 v000002bffdec9830_0;
    %addi 1, 0, 32;
    %store/vec4 v000002bffdec9830_0, 0, 32;
    %load/vec4 v000002bffdec86d0_0;
    %store/vec4 v000002bffdec7910_0, 0, 512;
    %pushi/vec4 1, 0, 1;
    %store/vec4 v000002bffdec84f0_0, 0, 1;
    %pushi/vec4 0, 0, 1;
    %store/vec4 v000002bffdeca690_0, 0, 1;
    %delay 10000, 0;
    %pushi/vec4 0, 0, 1;
    %store/vec4 v000002bffdec84f0_0, 0, 1;
    %fork TD_my_tb_sha256_core.wait_ready, S_000002bffdec4ad0;
    %join;
    %load/vec4 v000002bffdec7410_0;
    %store/vec4 v000002bffdec7910_0, 0, 512;
    %pushi/vec4 0, 0, 1;
    %store/vec4 v000002bffdec84f0_0, 0, 1;
    %pushi/vec4 1, 0, 1;
    %store/vec4 v000002bffdeca690_0, 0, 1;
    %delay 10000, 0;
    %pushi/vec4 0, 0, 1;
    %store/vec4 v000002bffdeca690_0, 0, 1;
    %fork TD_my_tb_sha256_core.wait_ready, S_000002bffdec4ad0;
    %join;
    %load/vec4 v000002bffdec81d0_0;
    %flag_set/vec4 9;
    %flag_get/vec4 9;
    %jmp/0 T_1.5, 9;
    %load/vec4 v000002bffdec8130_0;
    %load/vec4 v000002bffdec7230_0;
    %cmp/e;
    %flag_get/vec4 6;
    %and;
T_1.5;
    %flag_set/vec4 8;
    %jmp/0xz  T_1.3, 8;
    %vpi_call 2 78 "$display", "PASS: %s multi-block digest executed", v000002bffdec8a90_0 {0 0 0};
    %jmp T_1.4;
T_1.3 ;
    %vpi_call 2 80 "$display", "FAIL: %s multi-block digest", v000002bffdec8a90_0 {0 0 0};
    %vpi_call 2 81 "$display", "Expected: %h", v000002bffdec7230_0 {0 0 0};
    %vpi_call 2 82 "$display", "Got     : %h", v000002bffdec8130_0 {0 0 0};
    %load/vec4 v000002bffdec8270_0;
    %addi 1, 0, 32;
    %store/vec4 v000002bffdec8270_0, 0, 32;
T_1.4 ;
    %end;
S_000002bffdec4f80 .scope task, "random_test" "random_test" 2 89, 2 89 0, S_000002bffde67980;
 .timescale -9 -12;
v000002bffdec7730_0 .var "msg", 511 0;
v000002bffdec7190_0 .var "tc_number", 7 0;
TD_my_tb_sha256_core.random_test ;
    %load/vec4 v000002bffdec9830_0;
    %addi 1, 0, 32;
    %store/vec4 v000002bffdec9830_0, 0, 32;
    %vpi_func 2 93 "$random" 32 {0 0 0};
    %vpi_func 2 93 "$random" 32 {0 0 0};
    %concat/vec4; draw_concat_vec4
    %vpi_func 2 93 "$random" 32 {0 0 0};
    %concat/vec4; draw_concat_vec4
    %vpi_func 2 93 "$random" 32 {0 0 0};
    %concat/vec4; draw_concat_vec4
    %vpi_func 2 93 "$random" 32 {0 0 0};
    %concat/vec4; draw_concat_vec4
    %vpi_func 2 93 "$random" 32 {0 0 0};
    %concat/vec4; draw_concat_vec4
    %vpi_func 2 93 "$random" 32 {0 0 0};
    %concat/vec4; draw_concat_vec4
    %vpi_func 2 93 "$random" 32 {0 0 0};
    %concat/vec4; draw_concat_vec4
    %vpi_func 2 94 "$random" 32 {0 0 0};
    %concat/vec4; draw_concat_vec4
    %vpi_func 2 94 "$random" 32 {0 0 0};
    %concat/vec4; draw_concat_vec4
    %vpi_func 2 94 "$random" 32 {0 0 0};
    %concat/vec4; draw_concat_vec4
    %vpi_func 2 94 "$random" 32 {0 0 0};
    %concat/vec4; draw_concat_vec4
    %vpi_func 2 94 "$random" 32 {0 0 0};
    %concat/vec4; draw_concat_vec4
    %vpi_func 2 94 "$random" 32 {0 0 0};
    %concat/vec4; draw_concat_vec4
    %vpi_func 2 94 "$random" 32 {0 0 0};
    %concat/vec4; draw_concat_vec4
    %vpi_func 2 94 "$random" 32 {0 0 0};
    %concat/vec4; draw_concat_vec4
    %store/vec4 v000002bffdec7730_0, 0, 512;
    %load/vec4 v000002bffdec7730_0;
    %store/vec4 v000002bffdec7910_0, 0, 512;
    %pushi/vec4 1, 0, 1;
    %store/vec4 v000002bffdec84f0_0, 0, 1;
    %pushi/vec4 0, 0, 1;
    %store/vec4 v000002bffdeca690_0, 0, 1;
    %delay 10000, 0;
    %pushi/vec4 0, 0, 1;
    %store/vec4 v000002bffdec84f0_0, 0, 1;
    %fork TD_my_tb_sha256_core.wait_ready, S_000002bffdec4ad0;
    %join;
    %load/vec4 v000002bffdec81d0_0;
    %flag_set/vec4 9;
    %flag_get/vec4 9;
    %jmp/0 T_2.8, 9;
    %load/vec4 v000002bffdec8130_0;
    %xor/r;
    %pushi/vec4 1, 1, 1;
    %cmp/ne;
    %flag_get/vec4 6;
    %and;
T_2.8;
    %flag_set/vec4 8;
    %jmp/0xz  T_2.6, 8;
    %vpi_call 2 97 "$display", "PASS: Random test %0d executed cleanly", v000002bffdec7190_0 {0 0 0};
    %jmp T_2.7;
T_2.6 ;
    %vpi_call 2 99 "$display", "FAIL: Random test %0d produced X/Z or invalid digest", v000002bffdec7190_0 {0 0 0};
    %load/vec4 v000002bffdec8270_0;
    %addi 1, 0, 32;
    %store/vec4 v000002bffdec8270_0, 0, 32;
T_2.7 ;
    %end;
S_000002bffdec4940 .scope task, "reset_dut" "reset_dut" 2 36, 2 36 0, S_000002bffde67980;
 .timescale -9 -12;
TD_my_tb_sha256_core.reset_dut ;
    %pushi/vec4 0, 0, 1;
    %store/vec4 v000002bffdecb090_0, 0, 1;
    %delay 40000, 0;
    %pushi/vec4 1, 0, 1;
    %store/vec4 v000002bffdecb090_0, 0, 1;
    %end;
S_000002bffdec4df0 .scope task, "single_block_test" "single_block_test" 2 53, 2 53 0, S_000002bffde67980;
 .timescale -9 -12;
v000002bffdec8d10_0 .var "expected", 255 0;
v000002bffdec8090_0 .var "msg_block", 511 0;
v000002bffdec7370_0 .var "name", 127 0;
TD_my_tb_sha256_core.single_block_test ;
    %load/vec4 v000002bffdec9830_0;
    %addi 1, 0, 32;
    %store/vec4 v000002bffdec9830_0, 0, 32;
    %load/vec4 v000002bffdec8090_0;
    %store/vec4 v000002bffdec7910_0, 0, 512;
    %pushi/vec4 1, 0, 1;
    %store/vec4 v000002bffdec84f0_0, 0, 1;
    %pushi/vec4 0, 0, 1;
    %store/vec4 v000002bffdeca690_0, 0, 1;
    %delay 10000, 0;
    %pushi/vec4 0, 0, 1;
    %store/vec4 v000002bffdec84f0_0, 0, 1;
    %fork TD_my_tb_sha256_core.wait_ready, S_000002bffdec4ad0;
    %join;
    %load/vec4 v000002bffdec81d0_0;
    %flag_set/vec4 9;
    %flag_get/vec4 9;
    %jmp/0 T_4.11, 9;
    %load/vec4 v000002bffdec8130_0;
    %load/vec4 v000002bffdec8d10_0;
    %cmp/e;
    %flag_get/vec4 6;
    %and;
T_4.11;
    %flag_set/vec4 8;
    %jmp/0xz  T_4.9, 8;
    %vpi_call 2 61 "$display", "PASS: %s digest = %h", v000002bffdec7370_0, v000002bffdec8130_0 {0 0 0};
    %jmp T_4.10;
T_4.9 ;
    %vpi_call 2 63 "$display", "FAIL: %s", v000002bffdec7370_0 {0 0 0};
    %vpi_call 2 64 "$display", "Expected: %h", v000002bffdec8d10_0 {0 0 0};
    %vpi_call 2 65 "$display", "Got     : %h", v000002bffdec8130_0 {0 0 0};
    %load/vec4 v000002bffdec8270_0;
    %addi 1, 0, 32;
    %store/vec4 v000002bffdec8270_0, 0, 32;
T_4.10 ;
    %end;
S_000002bffdec4ad0 .scope task, "wait_ready" "wait_ready" 2 45, 2 45 0, S_000002bffde67980;
 .timescale -9 -12;
TD_my_tb_sha256_core.wait_ready ;
T_5.12 ;
    %load/vec4 v000002bffdecae10_0;
    %nor/r;
    %flag_set/vec4 8;
    %jmp/0xz T_5.13, 8;
    %delay 10000, 0;
    %jmp T_5.12;
T_5.13 ;
    %end;
    .scope S_000002bffdded450;
T_6 ;
    %wait E_000002bffde42eb0;
    %fork t_1, S_000002bffde11f10;
    %jmp t_0;
    .scope S_000002bffde11f10;
t_1 ;
    %load/vec4 v000002bffde6d750_0;
    %dup/vec4;
    %pushi/vec4 0, 0, 6;
    %cmp/u;
    %jmp/1 T_6.0, 6;
    %dup/vec4;
    %pushi/vec4 1, 0, 6;
    %cmp/u;
    %jmp/1 T_6.1, 6;
    %dup/vec4;
    %pushi/vec4 2, 0, 6;
    %cmp/u;
    %jmp/1 T_6.2, 6;
    %dup/vec4;
    %pushi/vec4 3, 0, 6;
    %cmp/u;
    %jmp/1 T_6.3, 6;
    %dup/vec4;
    %pushi/vec4 4, 0, 6;
    %cmp/u;
    %jmp/1 T_6.4, 6;
    %dup/vec4;
    %pushi/vec4 5, 0, 6;
    %cmp/u;
    %jmp/1 T_6.5, 6;
    %dup/vec4;
    %pushi/vec4 6, 0, 6;
    %cmp/u;
    %jmp/1 T_6.6, 6;
    %dup/vec4;
    %pushi/vec4 7, 0, 6;
    %cmp/u;
    %jmp/1 T_6.7, 6;
    %dup/vec4;
    %pushi/vec4 8, 0, 6;
    %cmp/u;
    %jmp/1 T_6.8, 6;
    %dup/vec4;
    %pushi/vec4 9, 0, 6;
    %cmp/u;
    %jmp/1 T_6.9, 6;
    %dup/vec4;
    %pushi/vec4 10, 0, 6;
    %cmp/u;
    %jmp/1 T_6.10, 6;
    %dup/vec4;
    %pushi/vec4 11, 0, 6;
    %cmp/u;
    %jmp/1 T_6.11, 6;
    %dup/vec4;
    %pushi/vec4 12, 0, 6;
    %cmp/u;
    %jmp/1 T_6.12, 6;
    %dup/vec4;
    %pushi/vec4 13, 0, 6;
    %cmp/u;
    %jmp/1 T_6.13, 6;
    %dup/vec4;
    %pushi/vec4 14, 0, 6;
    %cmp/u;
    %jmp/1 T_6.14, 6;
    %dup/vec4;
    %pushi/vec4 15, 0, 6;
    %cmp/u;
    %jmp/1 T_6.15, 6;
    %dup/vec4;
    %pushi/vec4 16, 0, 6;
    %cmp/u;
    %jmp/1 T_6.16, 6;
    %dup/vec4;
    %pushi/vec4 17, 0, 6;
    %cmp/u;
    %jmp/1 T_6.17, 6;
    %dup/vec4;
    %pushi/vec4 18, 0, 6;
    %cmp/u;
    %jmp/1 T_6.18, 6;
    %dup/vec4;
    %pushi/vec4 19, 0, 6;
    %cmp/u;
    %jmp/1 T_6.19, 6;
    %dup/vec4;
    %pushi/vec4 20, 0, 6;
    %cmp/u;
    %jmp/1 T_6.20, 6;
    %dup/vec4;
    %pushi/vec4 21, 0, 6;
    %cmp/u;
    %jmp/1 T_6.21, 6;
    %dup/vec4;
    %pushi/vec4 22, 0, 6;
    %cmp/u;
    %jmp/1 T_6.22, 6;
    %dup/vec4;
    %pushi/vec4 23, 0, 6;
    %cmp/u;
    %jmp/1 T_6.23, 6;
    %dup/vec4;
    %pushi/vec4 24, 0, 6;
    %cmp/u;
    %jmp/1 T_6.24, 6;
    %dup/vec4;
    %pushi/vec4 25, 0, 6;
    %cmp/u;
    %jmp/1 T_6.25, 6;
    %dup/vec4;
    %pushi/vec4 26, 0, 6;
    %cmp/u;
    %jmp/1 T_6.26, 6;
    %dup/vec4;
    %pushi/vec4 27, 0, 6;
    %cmp/u;
    %jmp/1 T_6.27, 6;
    %dup/vec4;
    %pushi/vec4 28, 0, 6;
    %cmp/u;
    %jmp/1 T_6.28, 6;
    %dup/vec4;
    %pushi/vec4 29, 0, 6;
    %cmp/u;
    %jmp/1 T_6.29, 6;
    %dup/vec4;
    %pushi/vec4 30, 0, 6;
    %cmp/u;
    %jmp/1 T_6.30, 6;
    %dup/vec4;
    %pushi/vec4 31, 0, 6;
    %cmp/u;
    %jmp/1 T_6.31, 6;
    %dup/vec4;
    %pushi/vec4 32, 0, 6;
    %cmp/u;
    %jmp/1 T_6.32, 6;
    %dup/vec4;
    %pushi/vec4 33, 0, 6;
    %cmp/u;
    %jmp/1 T_6.33, 6;
    %dup/vec4;
    %pushi/vec4 34, 0, 6;
    %cmp/u;
    %jmp/1 T_6.34, 6;
    %dup/vec4;
    %pushi/vec4 35, 0, 6;
    %cmp/u;
    %jmp/1 T_6.35, 6;
    %dup/vec4;
    %pushi/vec4 36, 0, 6;
    %cmp/u;
    %jmp/1 T_6.36, 6;
    %dup/vec4;
    %pushi/vec4 37, 0, 6;
    %cmp/u;
    %jmp/1 T_6.37, 6;
    %dup/vec4;
    %pushi/vec4 38, 0, 6;
    %cmp/u;
    %jmp/1 T_6.38, 6;
    %dup/vec4;
    %pushi/vec4 39, 0, 6;
    %cmp/u;
    %jmp/1 T_6.39, 6;
    %dup/vec4;
    %pushi/vec4 40, 0, 6;
    %cmp/u;
    %jmp/1 T_6.40, 6;
    %dup/vec4;
    %pushi/vec4 41, 0, 6;
    %cmp/u;
    %jmp/1 T_6.41, 6;
    %dup/vec4;
    %pushi/vec4 42, 0, 6;
    %cmp/u;
    %jmp/1 T_6.42, 6;
    %dup/vec4;
    %pushi/vec4 43, 0, 6;
    %cmp/u;
    %jmp/1 T_6.43, 6;
    %dup/vec4;
    %pushi/vec4 44, 0, 6;
    %cmp/u;
    %jmp/1 T_6.44, 6;
    %dup/vec4;
    %pushi/vec4 45, 0, 6;
    %cmp/u;
    %jmp/1 T_6.45, 6;
    %dup/vec4;
    %pushi/vec4 46, 0, 6;
    %cmp/u;
    %jmp/1 T_6.46, 6;
    %dup/vec4;
    %pushi/vec4 47, 0, 6;
    %cmp/u;
    %jmp/1 T_6.47, 6;
    %dup/vec4;
    %pushi/vec4 48, 0, 6;
    %cmp/u;
    %jmp/1 T_6.48, 6;
    %dup/vec4;
    %pushi/vec4 49, 0, 6;
    %cmp/u;
    %jmp/1 T_6.49, 6;
    %dup/vec4;
    %pushi/vec4 50, 0, 6;
    %cmp/u;
    %jmp/1 T_6.50, 6;
    %dup/vec4;
    %pushi/vec4 51, 0, 6;
    %cmp/u;
    %jmp/1 T_6.51, 6;
    %dup/vec4;
    %pushi/vec4 52, 0, 6;
    %cmp/u;
    %jmp/1 T_6.52, 6;
    %dup/vec4;
    %pushi/vec4 53, 0, 6;
    %cmp/u;
    %jmp/1 T_6.53, 6;
    %dup/vec4;
    %pushi/vec4 54, 0, 6;
    %cmp/u;
    %jmp/1 T_6.54, 6;
    %dup/vec4;
    %pushi/vec4 55, 0, 6;
    %cmp/u;
    %jmp/1 T_6.55, 6;
    %dup/vec4;
    %pushi/vec4 56, 0, 6;
    %cmp/u;
    %jmp/1 T_6.56, 6;
    %dup/vec4;
    %pushi/vec4 57, 0, 6;
    %cmp/u;
    %jmp/1 T_6.57, 6;
    %dup/vec4;
    %pushi/vec4 58, 0, 6;
    %cmp/u;
    %jmp/1 T_6.58, 6;
    %dup/vec4;
    %pushi/vec4 59, 0, 6;
    %cmp/u;
    %jmp/1 T_6.59, 6;
    %dup/vec4;
    %pushi/vec4 60, 0, 6;
    %cmp/u;
    %jmp/1 T_6.60, 6;
    %dup/vec4;
    %pushi/vec4 61, 0, 6;
    %cmp/u;
    %jmp/1 T_6.61, 6;
    %dup/vec4;
    %pushi/vec4 62, 0, 6;
    %cmp/u;
    %jmp/1 T_6.62, 6;
    %dup/vec4;
    %pushi/vec4 63, 0, 6;
    %cmp/u;
    %jmp/1 T_6.63, 6;
    %jmp T_6.64;
T_6.0 ;
    %pushi/vec4 1116352408, 0, 32;
    %store/vec4 v000002bffde6d9d0_0, 0, 32;
    %jmp T_6.64;
T_6.1 ;
    %pushi/vec4 1899447441, 0, 32;
    %store/vec4 v000002bffde6d9d0_0, 0, 32;
    %jmp T_6.64;
T_6.2 ;
    %pushi/vec4 3049323471, 0, 32;
    %store/vec4 v000002bffde6d9d0_0, 0, 32;
    %jmp T_6.64;
T_6.3 ;
    %pushi/vec4 3921009573, 0, 32;
    %store/vec4 v000002bffde6d9d0_0, 0, 32;
    %jmp T_6.64;
T_6.4 ;
    %pushi/vec4 961987163, 0, 32;
    %store/vec4 v000002bffde6d9d0_0, 0, 32;
    %jmp T_6.64;
T_6.5 ;
    %pushi/vec4 1508970993, 0, 32;
    %store/vec4 v000002bffde6d9d0_0, 0, 32;
    %jmp T_6.64;
T_6.6 ;
    %pushi/vec4 2453635748, 0, 32;
    %store/vec4 v000002bffde6d9d0_0, 0, 32;
    %jmp T_6.64;
T_6.7 ;
    %pushi/vec4 2870763221, 0, 32;
    %store/vec4 v000002bffde6d9d0_0, 0, 32;
    %jmp T_6.64;
T_6.8 ;
    %pushi/vec4 3624381080, 0, 32;
    %store/vec4 v000002bffde6d9d0_0, 0, 32;
    %jmp T_6.64;
T_6.9 ;
    %pushi/vec4 310598401, 0, 32;
    %store/vec4 v000002bffde6d9d0_0, 0, 32;
    %jmp T_6.64;
T_6.10 ;
    %pushi/vec4 607225278, 0, 32;
    %store/vec4 v000002bffde6d9d0_0, 0, 32;
    %jmp T_6.64;
T_6.11 ;
    %pushi/vec4 1426881987, 0, 32;
    %store/vec4 v000002bffde6d9d0_0, 0, 32;
    %jmp T_6.64;
T_6.12 ;
    %pushi/vec4 1925078388, 0, 32;
    %store/vec4 v000002bffde6d9d0_0, 0, 32;
    %jmp T_6.64;
T_6.13 ;
    %pushi/vec4 2162078206, 0, 32;
    %store/vec4 v000002bffde6d9d0_0, 0, 32;
    %jmp T_6.64;
T_6.14 ;
    %pushi/vec4 2614888103, 0, 32;
    %store/vec4 v000002bffde6d9d0_0, 0, 32;
    %jmp T_6.64;
T_6.15 ;
    %pushi/vec4 3248222580, 0, 32;
    %store/vec4 v000002bffde6d9d0_0, 0, 32;
    %jmp T_6.64;
T_6.16 ;
    %pushi/vec4 3835390401, 0, 32;
    %store/vec4 v000002bffde6d9d0_0, 0, 32;
    %jmp T_6.64;
T_6.17 ;
    %pushi/vec4 4022224774, 0, 32;
    %store/vec4 v000002bffde6d9d0_0, 0, 32;
    %jmp T_6.64;
T_6.18 ;
    %pushi/vec4 264347078, 0, 32;
    %store/vec4 v000002bffde6d9d0_0, 0, 32;
    %jmp T_6.64;
T_6.19 ;
    %pushi/vec4 604807628, 0, 32;
    %store/vec4 v000002bffde6d9d0_0, 0, 32;
    %jmp T_6.64;
T_6.20 ;
    %pushi/vec4 770255983, 0, 32;
    %store/vec4 v000002bffde6d9d0_0, 0, 32;
    %jmp T_6.64;
T_6.21 ;
    %pushi/vec4 1249150122, 0, 32;
    %store/vec4 v000002bffde6d9d0_0, 0, 32;
    %jmp T_6.64;
T_6.22 ;
    %pushi/vec4 1555081692, 0, 32;
    %store/vec4 v000002bffde6d9d0_0, 0, 32;
    %jmp T_6.64;
T_6.23 ;
    %pushi/vec4 1996064986, 0, 32;
    %store/vec4 v000002bffde6d9d0_0, 0, 32;
    %jmp T_6.64;
T_6.24 ;
    %pushi/vec4 2554220882, 0, 32;
    %store/vec4 v000002bffde6d9d0_0, 0, 32;
    %jmp T_6.64;
T_6.25 ;
    %pushi/vec4 2821834349, 0, 32;
    %store/vec4 v000002bffde6d9d0_0, 0, 32;
    %jmp T_6.64;
T_6.26 ;
    %pushi/vec4 2952996808, 0, 32;
    %store/vec4 v000002bffde6d9d0_0, 0, 32;
    %jmp T_6.64;
T_6.27 ;
    %pushi/vec4 3210313671, 0, 32;
    %store/vec4 v000002bffde6d9d0_0, 0, 32;
    %jmp T_6.64;
T_6.28 ;
    %pushi/vec4 3336571891, 0, 32;
    %store/vec4 v000002bffde6d9d0_0, 0, 32;
    %jmp T_6.64;
T_6.29 ;
    %pushi/vec4 3584528711, 0, 32;
    %store/vec4 v000002bffde6d9d0_0, 0, 32;
    %jmp T_6.64;
T_6.30 ;
    %pushi/vec4 113926993, 0, 32;
    %store/vec4 v000002bffde6d9d0_0, 0, 32;
    %jmp T_6.64;
T_6.31 ;
    %pushi/vec4 338241895, 0, 32;
    %store/vec4 v000002bffde6d9d0_0, 0, 32;
    %jmp T_6.64;
T_6.32 ;
    %pushi/vec4 666307205, 0, 32;
    %store/vec4 v000002bffde6d9d0_0, 0, 32;
    %jmp T_6.64;
T_6.33 ;
    %pushi/vec4 773529912, 0, 32;
    %store/vec4 v000002bffde6d9d0_0, 0, 32;
    %jmp T_6.64;
T_6.34 ;
    %pushi/vec4 1294757372, 0, 32;
    %store/vec4 v000002bffde6d9d0_0, 0, 32;
    %jmp T_6.64;
T_6.35 ;
    %pushi/vec4 1396182291, 0, 32;
    %store/vec4 v000002bffde6d9d0_0, 0, 32;
    %jmp T_6.64;
T_6.36 ;
    %pushi/vec4 1695183700, 0, 32;
    %store/vec4 v000002bffde6d9d0_0, 0, 32;
    %jmp T_6.64;
T_6.37 ;
    %pushi/vec4 1986661051, 0, 32;
    %store/vec4 v000002bffde6d9d0_0, 0, 32;
    %jmp T_6.64;
T_6.38 ;
    %pushi/vec4 2177026350, 0, 32;
    %store/vec4 v000002bffde6d9d0_0, 0, 32;
    %jmp T_6.64;
T_6.39 ;
    %pushi/vec4 2456956037, 0, 32;
    %store/vec4 v000002bffde6d9d0_0, 0, 32;
    %jmp T_6.64;
T_6.40 ;
    %pushi/vec4 2730485921, 0, 32;
    %store/vec4 v000002bffde6d9d0_0, 0, 32;
    %jmp T_6.64;
T_6.41 ;
    %pushi/vec4 2820302411, 0, 32;
    %store/vec4 v000002bffde6d9d0_0, 0, 32;
    %jmp T_6.64;
T_6.42 ;
    %pushi/vec4 3259730800, 0, 32;
    %store/vec4 v000002bffde6d9d0_0, 0, 32;
    %jmp T_6.64;
T_6.43 ;
    %pushi/vec4 3345764771, 0, 32;
    %store/vec4 v000002bffde6d9d0_0, 0, 32;
    %jmp T_6.64;
T_6.44 ;
    %pushi/vec4 3516065817, 0, 32;
    %store/vec4 v000002bffde6d9d0_0, 0, 32;
    %jmp T_6.64;
T_6.45 ;
    %pushi/vec4 3600352804, 0, 32;
    %store/vec4 v000002bffde6d9d0_0, 0, 32;
    %jmp T_6.64;
T_6.46 ;
    %pushi/vec4 4094571909, 0, 32;
    %store/vec4 v000002bffde6d9d0_0, 0, 32;
    %jmp T_6.64;
T_6.47 ;
    %pushi/vec4 275423344, 0, 32;
    %store/vec4 v000002bffde6d9d0_0, 0, 32;
    %jmp T_6.64;
T_6.48 ;
    %pushi/vec4 430227734, 0, 32;
    %store/vec4 v000002bffde6d9d0_0, 0, 32;
    %jmp T_6.64;
T_6.49 ;
    %pushi/vec4 506948616, 0, 32;
    %store/vec4 v000002bffde6d9d0_0, 0, 32;
    %jmp T_6.64;
T_6.50 ;
    %pushi/vec4 659060556, 0, 32;
    %store/vec4 v000002bffde6d9d0_0, 0, 32;
    %jmp T_6.64;
T_6.51 ;
    %pushi/vec4 883997877, 0, 32;
    %store/vec4 v000002bffde6d9d0_0, 0, 32;
    %jmp T_6.64;
T_6.52 ;
    %pushi/vec4 958139571, 0, 32;
    %store/vec4 v000002bffde6d9d0_0, 0, 32;
    %jmp T_6.64;
T_6.53 ;
    %pushi/vec4 1322822218, 0, 32;
    %store/vec4 v000002bffde6d9d0_0, 0, 32;
    %jmp T_6.64;
T_6.54 ;
    %pushi/vec4 1537002063, 0, 32;
    %store/vec4 v000002bffde6d9d0_0, 0, 32;
    %jmp T_6.64;
T_6.55 ;
    %pushi/vec4 1747873779, 0, 32;
    %store/vec4 v000002bffde6d9d0_0, 0, 32;
    %jmp T_6.64;
T_6.56 ;
    %pushi/vec4 1955562222, 0, 32;
    %store/vec4 v000002bffde6d9d0_0, 0, 32;
    %jmp T_6.64;
T_6.57 ;
    %pushi/vec4 2024104815, 0, 32;
    %store/vec4 v000002bffde6d9d0_0, 0, 32;
    %jmp T_6.64;
T_6.58 ;
    %pushi/vec4 2227730452, 0, 32;
    %store/vec4 v000002bffde6d9d0_0, 0, 32;
    %jmp T_6.64;
T_6.59 ;
    %pushi/vec4 2361852424, 0, 32;
    %store/vec4 v000002bffde6d9d0_0, 0, 32;
    %jmp T_6.64;
T_6.60 ;
    %pushi/vec4 2428436474, 0, 32;
    %store/vec4 v000002bffde6d9d0_0, 0, 32;
    %jmp T_6.64;
T_6.61 ;
    %pushi/vec4 2756734187, 0, 32;
    %store/vec4 v000002bffde6d9d0_0, 0, 32;
    %jmp T_6.64;
T_6.62 ;
    %pushi/vec4 3204031479, 0, 32;
    %store/vec4 v000002bffde6d9d0_0, 0, 32;
    %jmp T_6.64;
T_6.63 ;
    %pushi/vec4 3329325298, 0, 32;
    %store/vec4 v000002bffde6d9d0_0, 0, 32;
    %jmp T_6.64;
T_6.64 ;
    %pop/vec4 1;
    %end;
    .scope S_000002bffdded450;
t_0 %join;
    %jmp T_6;
    .thread T_6, $push;
    .scope S_000002bffde6e8f0;
T_7 ;
    %wait E_000002bffde421f0;
    %fork t_3, S_000002bffdec4620;
    %jmp t_2;
    .scope S_000002bffdec4620;
t_3 ;
    %load/vec4 v000002bffde6d890_0;
    %nor/r;
    %flag_set/vec4 8;
    %jmp/0xz  T_7.0, 8;
    %pushi/vec4 0, 0, 32;
    %store/vec4 v000002bffde6ded0_0, 0, 32;
T_7.2 ;
    %load/vec4 v000002bffde6ded0_0;
    %cmpi/s 16, 0, 32;
    %jmp/0xz T_7.3, 5;
    %pushi/vec4 0, 0, 32;
    %ix/getv/s 3, v000002bffde6ded0_0;
    %ix/load 4, 0, 0; Constant delay
    %assign/vec4/a/d v000002bffde6e010, 0, 4;
    %load/vec4 v000002bffde6ded0_0;
    %addi 1, 0, 32;
    %store/vec4 v000002bffde6ded0_0, 0, 32;
    %jmp T_7.2;
T_7.3 ;
    %jmp T_7.1;
T_7.0 ;
    %load/vec4 v000002bffdec6b20_0;
    %flag_set/vec4 8;
    %jmp/0xz  T_7.4, 8;
    %load/vec4 v000002bffde6e290_0;
    %ix/load 3, 0, 0;
    %flag_set/imm 4, 0;
    %ix/load 4, 0, 0; Constant delay
    %assign/vec4/a/d v000002bffde6e010, 0, 4;
    %load/vec4 v000002bffdec7020_0;
    %ix/load 3, 1, 0;
    %flag_set/imm 4, 0;
    %ix/load 4, 0, 0; Constant delay
    %assign/vec4/a/d v000002bffde6e010, 0, 4;
    %load/vec4 v000002bffdec6760_0;
    %ix/load 3, 2, 0;
    %flag_set/imm 4, 0;
    %ix/load 4, 0, 0; Constant delay
    %assign/vec4/a/d v000002bffde6e010, 0, 4;
    %load/vec4 v000002bffdec6d00_0;
    %ix/load 3, 3, 0;
    %flag_set/imm 4, 0;
    %ix/load 4, 0, 0; Constant delay
    %assign/vec4/a/d v000002bffde6e010, 0, 4;
    %load/vec4 v000002bffdec59a0_0;
    %ix/load 3, 4, 0;
    %flag_set/imm 4, 0;
    %ix/load 4, 0, 0; Constant delay
    %assign/vec4/a/d v000002bffde6e010, 0, 4;
    %load/vec4 v000002bffdec6da0_0;
    %ix/load 3, 5, 0;
    %flag_set/imm 4, 0;
    %ix/load 4, 0, 0; Constant delay
    %assign/vec4/a/d v000002bffde6e010, 0, 4;
    %load/vec4 v000002bffdec6bc0_0;
    %ix/load 3, 6, 0;
    %flag_set/imm 4, 0;
    %ix/load 4, 0, 0; Constant delay
    %assign/vec4/a/d v000002bffde6e010, 0, 4;
    %load/vec4 v000002bffdec5680_0;
    %ix/load 3, 7, 0;
    %flag_set/imm 4, 0;
    %ix/load 4, 0, 0; Constant delay
    %assign/vec4/a/d v000002bffde6e010, 0, 4;
    %load/vec4 v000002bffdec6ee0_0;
    %ix/load 3, 8, 0;
    %flag_set/imm 4, 0;
    %ix/load 4, 0, 0; Constant delay
    %assign/vec4/a/d v000002bffde6e010, 0, 4;
    %load/vec4 v000002bffdec5d60_0;
    %ix/load 3, 9, 0;
    %flag_set/imm 4, 0;
    %ix/load 4, 0, 0; Constant delay
    %assign/vec4/a/d v000002bffde6e010, 0, 4;
    %load/vec4 v000002bffdec5cc0_0;
    %ix/load 3, 10, 0;
    %flag_set/imm 4, 0;
    %ix/load 4, 0, 0; Constant delay
    %assign/vec4/a/d v000002bffde6e010, 0, 4;
    %load/vec4 v000002bffdec6440_0;
    %ix/load 3, 11, 0;
    %flag_set/imm 4, 0;
    %ix/load 4, 0, 0; Constant delay
    %assign/vec4/a/d v000002bffde6e010, 0, 4;
    %load/vec4 v000002bffdec5a40_0;
    %ix/load 3, 12, 0;
    %flag_set/imm 4, 0;
    %ix/load 4, 0, 0; Constant delay
    %assign/vec4/a/d v000002bffde6e010, 0, 4;
    %load/vec4 v000002bffdec61c0_0;
    %ix/load 3, 13, 0;
    %flag_set/imm 4, 0;
    %ix/load 4, 0, 0; Constant delay
    %assign/vec4/a/d v000002bffde6e010, 0, 4;
    %load/vec4 v000002bffdec5860_0;
    %ix/load 3, 14, 0;
    %flag_set/imm 4, 0;
    %ix/load 4, 0, 0; Constant delay
    %assign/vec4/a/d v000002bffde6e010, 0, 4;
    %load/vec4 v000002bffdec5e00_0;
    %ix/load 3, 15, 0;
    %flag_set/imm 4, 0;
    %ix/load 4, 0, 0; Constant delay
    %assign/vec4/a/d v000002bffde6e010, 0, 4;
T_7.4 ;
T_7.1 ;
    %end;
    .scope S_000002bffde6e8f0;
t_2 %join;
    %jmp T_7;
    .thread T_7;
    .scope S_000002bffde6e8f0;
T_8 ;
    %wait E_000002bffde41fb0;
    %fork t_5, S_000002bffdec4490;
    %jmp t_4;
    .scope S_000002bffdec4490;
t_5 ;
    %load/vec4 v000002bffde6dd90_0;
    %pad/u 32;
    %cmpi/u 16, 0, 32;
    %jmp/0xz  T_8.0, 5;
    %load/vec4 v000002bffde6dd90_0;
    %parti/s 4, 0, 2;
    %pad/u 6;
    %ix/vec4 4;
    %load/vec4a v000002bffde6e010, 4;
    %store/vec4 v000002bffdec5720_0, 0, 32;
    %jmp T_8.1;
T_8.0 ;
    %load/vec4 v000002bffdec5ea0_0;
    %store/vec4 v000002bffdec5720_0, 0, 32;
T_8.1 ;
    %end;
    .scope S_000002bffde6e8f0;
t_4 %join;
    %jmp T_8;
    .thread T_8, $push;
    .scope S_000002bffde6e8f0;
T_9 ;
    %wait E_000002bffde42f30;
    %fork t_7, S_000002bffdec47b0;
    %jmp t_6;
    .scope S_000002bffdec47b0;
t_7 ;
    %pushi/vec4 0, 0, 32;
    %store/vec4 v000002bffde6e290_0, 0, 32;
    %pushi/vec4 0, 0, 32;
    %store/vec4 v000002bffdec7020_0, 0, 32;
    %pushi/vec4 0, 0, 32;
    %store/vec4 v000002bffdec6760_0, 0, 32;
    %pushi/vec4 0, 0, 32;
    %store/vec4 v000002bffdec6d00_0, 0, 32;
    %pushi/vec4 0, 0, 32;
    %store/vec4 v000002bffdec59a0_0, 0, 32;
    %pushi/vec4 0, 0, 32;
    %store/vec4 v000002bffdec6da0_0, 0, 32;
    %pushi/vec4 0, 0, 32;
    %store/vec4 v000002bffdec6bc0_0, 0, 32;
    %pushi/vec4 0, 0, 32;
    %store/vec4 v000002bffdec5680_0, 0, 32;
    %pushi/vec4 0, 0, 32;
    %store/vec4 v000002bffdec6ee0_0, 0, 32;
    %pushi/vec4 0, 0, 32;
    %store/vec4 v000002bffdec5d60_0, 0, 32;
    %pushi/vec4 0, 0, 32;
    %store/vec4 v000002bffdec5cc0_0, 0, 32;
    %pushi/vec4 0, 0, 32;
    %store/vec4 v000002bffdec6440_0, 0, 32;
    %pushi/vec4 0, 0, 32;
    %store/vec4 v000002bffdec5a40_0, 0, 32;
    %pushi/vec4 0, 0, 32;
    %store/vec4 v000002bffdec61c0_0, 0, 32;
    %pushi/vec4 0, 0, 32;
    %store/vec4 v000002bffdec5860_0, 0, 32;
    %pushi/vec4 0, 0, 32;
    %store/vec4 v000002bffdec5e00_0, 0, 32;
    %pushi/vec4 0, 0, 1;
    %store/vec4 v000002bffdec6b20_0, 0, 1;
    %ix/load 4, 0, 0;
    %flag_set/imm 4, 0;
    %load/vec4a v000002bffde6e010, 4;
    %store/vec4 v000002bffde6e0b0_0, 0, 32;
    %ix/load 4, 1, 0;
    %flag_set/imm 4, 0;
    %load/vec4a v000002bffde6e010, 4;
    %store/vec4 v000002bffde6e470_0, 0, 32;
    %ix/load 4, 9, 0;
    %flag_set/imm 4, 0;
    %load/vec4a v000002bffde6e010, 4;
    %store/vec4 v000002bffde6d6b0_0, 0, 32;
    %ix/load 4, 14, 0;
    %flag_set/imm 4, 0;
    %load/vec4a v000002bffde6e010, 4;
    %store/vec4 v000002bffde6d7f0_0, 0, 32;
    %load/vec4 v000002bffde6e470_0;
    %parti/s 7, 0, 2;
    %load/vec4 v000002bffde6e470_0;
    %parti/s 25, 7, 4;
    %concat/vec4; draw_concat_vec4
    %load/vec4 v000002bffde6e470_0;
    %parti/s 18, 0, 2;
    %load/vec4 v000002bffde6e470_0;
    %parti/s 14, 18, 6;
    %concat/vec4; draw_concat_vec4
    %xor;
    %pushi/vec4 0, 0, 3;
    %load/vec4 v000002bffde6e470_0;
    %parti/s 29, 3, 3;
    %concat/vec4; draw_concat_vec4
    %xor;
    %store/vec4 v000002bffde6e510_0, 0, 32;
    %load/vec4 v000002bffde6d7f0_0;
    %parti/s 17, 0, 2;
    %load/vec4 v000002bffde6d7f0_0;
    %parti/s 15, 17, 6;
    %concat/vec4; draw_concat_vec4
    %load/vec4 v000002bffde6d7f0_0;
    %parti/s 19, 0, 2;
    %load/vec4 v000002bffde6d7f0_0;
    %parti/s 13, 19, 6;
    %concat/vec4; draw_concat_vec4
    %xor;
    %pushi/vec4 0, 0, 10;
    %load/vec4 v000002bffde6d7f0_0;
    %parti/s 22, 10, 5;
    %concat/vec4; draw_concat_vec4
    %xor;
    %store/vec4 v000002bffde6db10_0, 0, 32;
    %load/vec4 v000002bffde6db10_0;
    %load/vec4 v000002bffde6d6b0_0;
    %add;
    %load/vec4 v000002bffde6e510_0;
    %add;
    %load/vec4 v000002bffde6e0b0_0;
    %add;
    %store/vec4 v000002bffdec5ea0_0, 0, 32;
    %load/vec4 v000002bffde6dcf0_0;
    %flag_set/vec4 8;
    %jmp/0xz  T_9.0, 8;
    %load/vec4 v000002bffde6e150_0;
    %parti/s 32, 480, 10;
    %store/vec4 v000002bffde6e290_0, 0, 32;
    %load/vec4 v000002bffde6e150_0;
    %parti/s 32, 448, 10;
    %store/vec4 v000002bffdec7020_0, 0, 32;
    %load/vec4 v000002bffde6e150_0;
    %parti/s 32, 416, 10;
    %store/vec4 v000002bffdec6760_0, 0, 32;
    %load/vec4 v000002bffde6e150_0;
    %parti/s 32, 384, 10;
    %store/vec4 v000002bffdec6d00_0, 0, 32;
    %load/vec4 v000002bffde6e150_0;
    %parti/s 32, 352, 10;
    %store/vec4 v000002bffdec59a0_0, 0, 32;
    %load/vec4 v000002bffde6e150_0;
    %parti/s 32, 320, 10;
    %store/vec4 v000002bffdec6da0_0, 0, 32;
    %load/vec4 v000002bffde6e150_0;
    %parti/s 32, 288, 10;
    %store/vec4 v000002bffdec6bc0_0, 0, 32;
    %load/vec4 v000002bffde6e150_0;
    %parti/s 32, 256, 10;
    %store/vec4 v000002bffdec5680_0, 0, 32;
    %load/vec4 v000002bffde6e150_0;
    %parti/s 32, 224, 9;
    %store/vec4 v000002bffdec6ee0_0, 0, 32;
    %load/vec4 v000002bffde6e150_0;
    %parti/s 32, 192, 9;
    %store/vec4 v000002bffdec5d60_0, 0, 32;
    %load/vec4 v000002bffde6e150_0;
    %parti/s 32, 160, 9;
    %store/vec4 v000002bffdec5cc0_0, 0, 32;
    %load/vec4 v000002bffde6e150_0;
    %parti/s 32, 128, 9;
    %store/vec4 v000002bffdec6440_0, 0, 32;
    %load/vec4 v000002bffde6e150_0;
    %parti/s 32, 96, 8;
    %store/vec4 v000002bffdec5a40_0, 0, 32;
    %load/vec4 v000002bffde6e150_0;
    %parti/s 32, 64, 8;
    %store/vec4 v000002bffdec61c0_0, 0, 32;
    %load/vec4 v000002bffde6e150_0;
    %parti/s 32, 32, 7;
    %store/vec4 v000002bffdec5860_0, 0, 32;
    %load/vec4 v000002bffde6e150_0;
    %parti/s 32, 0, 2;
    %store/vec4 v000002bffdec5e00_0, 0, 32;
    %pushi/vec4 1, 0, 1;
    %store/vec4 v000002bffdec6b20_0, 0, 1;
T_9.0 ;
    %load/vec4 v000002bffde6df70_0;
    %flag_set/vec4 9;
    %flag_get/vec4 9;
    %jmp/0 T_9.4, 9;
    %pushi/vec4 15, 0, 32;
    %load/vec4 v000002bffde6dd90_0;
    %pad/u 32;
    %cmp/u;
    %flag_get/vec4 5;
    %and;
T_9.4;
    %flag_set/vec4 8;
    %jmp/0xz  T_9.2, 8;
    %ix/load 4, 1, 0;
    %flag_set/imm 4, 0;
    %load/vec4a v000002bffde6e010, 4;
    %store/vec4 v000002bffde6e290_0, 0, 32;
    %ix/load 4, 2, 0;
    %flag_set/imm 4, 0;
    %load/vec4a v000002bffde6e010, 4;
    %store/vec4 v000002bffdec7020_0, 0, 32;
    %ix/load 4, 3, 0;
    %flag_set/imm 4, 0;
    %load/vec4a v000002bffde6e010, 4;
    %store/vec4 v000002bffdec6760_0, 0, 32;
    %ix/load 4, 4, 0;
    %flag_set/imm 4, 0;
    %load/vec4a v000002bffde6e010, 4;
    %store/vec4 v000002bffdec6d00_0, 0, 32;
    %ix/load 4, 5, 0;
    %flag_set/imm 4, 0;
    %load/vec4a v000002bffde6e010, 4;
    %store/vec4 v000002bffdec59a0_0, 0, 32;
    %ix/load 4, 6, 0;
    %flag_set/imm 4, 0;
    %load/vec4a v000002bffde6e010, 4;
    %store/vec4 v000002bffdec6da0_0, 0, 32;
    %ix/load 4, 7, 0;
    %flag_set/imm 4, 0;
    %load/vec4a v000002bffde6e010, 4;
    %store/vec4 v000002bffdec6bc0_0, 0, 32;
    %ix/load 4, 8, 0;
    %flag_set/imm 4, 0;
    %load/vec4a v000002bffde6e010, 4;
    %store/vec4 v000002bffdec5680_0, 0, 32;
    %ix/load 4, 9, 0;
    %flag_set/imm 4, 0;
    %load/vec4a v000002bffde6e010, 4;
    %store/vec4 v000002bffdec6ee0_0, 0, 32;
    %ix/load 4, 10, 0;
    %flag_set/imm 4, 0;
    %load/vec4a v000002bffde6e010, 4;
    %store/vec4 v000002bffdec5d60_0, 0, 32;
    %ix/load 4, 11, 0;
    %flag_set/imm 4, 0;
    %load/vec4a v000002bffde6e010, 4;
    %store/vec4 v000002bffdec5cc0_0, 0, 32;
    %ix/load 4, 12, 0;
    %flag_set/imm 4, 0;
    %load/vec4a v000002bffde6e010, 4;
    %store/vec4 v000002bffdec6440_0, 0, 32;
    %ix/load 4, 13, 0;
    %flag_set/imm 4, 0;
    %load/vec4a v000002bffde6e010, 4;
    %store/vec4 v000002bffdec5a40_0, 0, 32;
    %ix/load 4, 14, 0;
    %flag_set/imm 4, 0;
    %load/vec4a v000002bffde6e010, 4;
    %store/vec4 v000002bffdec61c0_0, 0, 32;
    %ix/load 4, 15, 0;
    %flag_set/imm 4, 0;
    %load/vec4a v000002bffde6e010, 4;
    %store/vec4 v000002bffdec5860_0, 0, 32;
    %load/vec4 v000002bffdec5ea0_0;
    %store/vec4 v000002bffdec5e00_0, 0, 32;
    %pushi/vec4 1, 0, 1;
    %store/vec4 v000002bffdec6b20_0, 0, 1;
T_9.2 ;
    %end;
    .scope S_000002bffde6e8f0;
t_6 %join;
    %jmp T_9;
    .thread T_9, $push;
    .scope S_000002bffde65bc0;
T_10 ;
    %wait E_000002bffde421f0;
    %fork t_9, S_000002bffde120a0;
    %jmp t_8;
    .scope S_000002bffde120a0;
t_9 ;
    %load/vec4 v000002bffdec75f0_0;
    %nor/r;
    %flag_set/vec4 8;
    %jmp/0xz  T_10.0, 8;
    %pushi/vec4 0, 0, 32;
    %assign/vec4 v000002bffdec5360_0, 0;
    %pushi/vec4 0, 0, 32;
    %assign/vec4 v000002bffdec63a0_0, 0;
    %pushi/vec4 0, 0, 32;
    %assign/vec4 v000002bffdec5c20_0, 0;
    %pushi/vec4 0, 0, 32;
    %assign/vec4 v000002bffdec68a0_0, 0;
    %pushi/vec4 0, 0, 32;
    %assign/vec4 v000002bffdec8b30_0, 0;
    %pushi/vec4 0, 0, 32;
    %assign/vec4 v000002bffdec88b0_0, 0;
    %pushi/vec4 0, 0, 32;
    %assign/vec4 v000002bffdec7550_0, 0;
    %pushi/vec4 0, 0, 32;
    %assign/vec4 v000002bffdec7b90_0, 0;
    %pushi/vec4 0, 0, 32;
    %assign/vec4 v000002bffdec6c60_0, 0;
    %pushi/vec4 0, 0, 32;
    %assign/vec4 v000002bffdec6580_0, 0;
    %pushi/vec4 0, 0, 32;
    %assign/vec4 v000002bffdec6120_0, 0;
    %pushi/vec4 0, 0, 32;
    %assign/vec4 v000002bffdec6e40_0, 0;
    %pushi/vec4 0, 0, 32;
    %assign/vec4 v000002bffdec5540_0, 0;
    %pushi/vec4 0, 0, 32;
    %assign/vec4 v000002bffdec5fe0_0, 0;
    %pushi/vec4 0, 0, 32;
    %assign/vec4 v000002bffdec6260_0, 0;
    %pushi/vec4 0, 0, 32;
    %assign/vec4 v000002bffdec54a0_0, 0;
    %pushi/vec4 0, 0, 1;
    %assign/vec4 v000002bffdec7d70_0, 0;
    %pushi/vec4 0, 0, 6;
    %assign/vec4 v000002bffdec77d0_0, 0;
    %pushi/vec4 0, 0, 2;
    %assign/vec4 v000002bffdec8bd0_0, 0;
    %jmp T_10.1;
T_10.0 ;
    %load/vec4 v000002bffdec6f80_0;
    %flag_set/vec4 8;
    %jmp/0xz  T_10.2, 8;
    %load/vec4 v000002bffdec69e0_0;
    %assign/vec4 v000002bffdec5360_0, 0;
    %load/vec4 v000002bffdec5180_0;
    %assign/vec4 v000002bffdec63a0_0, 0;
    %load/vec4 v000002bffdec6620_0;
    %assign/vec4 v000002bffdec5c20_0, 0;
    %load/vec4 v000002bffdec66c0_0;
    %assign/vec4 v000002bffdec68a0_0, 0;
    %load/vec4 v000002bffdec7e10_0;
    %assign/vec4 v000002bffdec8b30_0, 0;
    %load/vec4 v000002bffdec8770_0;
    %assign/vec4 v000002bffdec88b0_0, 0;
    %load/vec4 v000002bffdec79b0_0;
    %assign/vec4 v000002bffdec7550_0, 0;
    %load/vec4 v000002bffdec8db0_0;
    %assign/vec4 v000002bffdec7b90_0, 0;
T_10.2 ;
    %load/vec4 v000002bffdec6300_0;
    %flag_set/vec4 8;
    %jmp/0xz  T_10.4, 8;
    %load/vec4 v000002bffdec6080_0;
    %assign/vec4 v000002bffdec6c60_0, 0;
    %load/vec4 v000002bffdec55e0_0;
    %assign/vec4 v000002bffdec6580_0, 0;
    %load/vec4 v000002bffdec64e0_0;
    %assign/vec4 v000002bffdec6120_0, 0;
    %load/vec4 v000002bffdec6940_0;
    %assign/vec4 v000002bffdec6e40_0, 0;
    %load/vec4 v000002bffdec5ae0_0;
    %assign/vec4 v000002bffdec5540_0, 0;
    %load/vec4 v000002bffdec5f40_0;
    %assign/vec4 v000002bffdec5fe0_0, 0;
    %load/vec4 v000002bffdec6a80_0;
    %assign/vec4 v000002bffdec6260_0, 0;
    %load/vec4 v000002bffdec5b80_0;
    %assign/vec4 v000002bffdec54a0_0, 0;
T_10.4 ;
    %load/vec4 v000002bffdec8810_0;
    %flag_set/vec4 8;
    %jmp/0xz  T_10.6, 8;
    %load/vec4 v000002bffdec8450_0;
    %assign/vec4 v000002bffdec77d0_0, 0;
T_10.6 ;
    %load/vec4 v000002bffdec74b0_0;
    %flag_set/vec4 8;
    %jmp/0xz  T_10.8, 8;
    %load/vec4 v000002bffdec7cd0_0;
    %assign/vec4 v000002bffdec7d70_0, 0;
T_10.8 ;
    %load/vec4 v000002bffdec7870_0;
    %flag_set/vec4 8;
    %jmp/0xz  T_10.10, 8;
    %load/vec4 v000002bffdec72d0_0;
    %assign/vec4 v000002bffdec8bd0_0, 0;
T_10.10 ;
T_10.1 ;
    %end;
    .scope S_000002bffde65bc0;
t_8 %join;
    %jmp T_10;
    .thread T_10;
    .scope S_000002bffde65bc0;
T_11 ;
    %wait E_000002bffde42b30;
    %fork t_11, S_000002bffdded2c0;
    %jmp t_10;
    .scope S_000002bffdded2c0;
t_11 ;
    %pushi/vec4 0, 0, 32;
    %store/vec4 v000002bffdec6080_0, 0, 32;
    %pushi/vec4 0, 0, 32;
    %store/vec4 v000002bffdec55e0_0, 0, 32;
    %pushi/vec4 0, 0, 32;
    %store/vec4 v000002bffdec64e0_0, 0, 32;
    %pushi/vec4 0, 0, 32;
    %store/vec4 v000002bffdec6940_0, 0, 32;
    %pushi/vec4 0, 0, 32;
    %store/vec4 v000002bffdec5ae0_0, 0, 32;
    %pushi/vec4 0, 0, 32;
    %store/vec4 v000002bffdec5f40_0, 0, 32;
    %pushi/vec4 0, 0, 32;
    %store/vec4 v000002bffdec6a80_0, 0, 32;
    %pushi/vec4 0, 0, 32;
    %store/vec4 v000002bffdec5b80_0, 0, 32;
    %pushi/vec4 0, 0, 1;
    %store/vec4 v000002bffdec6300_0, 0, 1;
    %load/vec4 v000002bffdec52c0_0;
    %flag_set/vec4 8;
    %jmp/0xz  T_11.0, 8;
    %pushi/vec4 1, 0, 1;
    %store/vec4 v000002bffdec6300_0, 0, 1;
    %load/vec4 v000002bffdec8f90_0;
    %flag_set/vec4 8;
    %jmp/0xz  T_11.2, 8;
    %pushi/vec4 1779033703, 0, 32;
    %store/vec4 v000002bffdec6080_0, 0, 32;
    %pushi/vec4 3144134277, 0, 32;
    %store/vec4 v000002bffdec55e0_0, 0, 32;
    %pushi/vec4 1013904242, 0, 32;
    %store/vec4 v000002bffdec64e0_0, 0, 32;
    %pushi/vec4 2773480762, 0, 32;
    %store/vec4 v000002bffdec6940_0, 0, 32;
    %pushi/vec4 1359893119, 0, 32;
    %store/vec4 v000002bffdec5ae0_0, 0, 32;
    %pushi/vec4 2600822924, 0, 32;
    %store/vec4 v000002bffdec5f40_0, 0, 32;
    %pushi/vec4 528734635, 0, 32;
    %store/vec4 v000002bffdec6a80_0, 0, 32;
    %pushi/vec4 1541459225, 0, 32;
    %store/vec4 v000002bffdec5b80_0, 0, 32;
    %jmp T_11.3;
T_11.2 ;
    %pushi/vec4 3238371032, 0, 32;
    %store/vec4 v000002bffdec6080_0, 0, 32;
    %pushi/vec4 914150663, 0, 32;
    %store/vec4 v000002bffdec55e0_0, 0, 32;
    %pushi/vec4 812702999, 0, 32;
    %store/vec4 v000002bffdec64e0_0, 0, 32;
    %pushi/vec4 4144912697, 0, 32;
    %store/vec4 v000002bffdec6940_0, 0, 32;
    %pushi/vec4 4290775857, 0, 32;
    %store/vec4 v000002bffdec5ae0_0, 0, 32;
    %pushi/vec4 1750603025, 0, 32;
    %store/vec4 v000002bffdec5f40_0, 0, 32;
    %pushi/vec4 1694076839, 0, 32;
    %store/vec4 v000002bffdec6a80_0, 0, 32;
    %pushi/vec4 3204075428, 0, 32;
    %store/vec4 v000002bffdec5b80_0, 0, 32;
T_11.3 ;
T_11.0 ;
    %load/vec4 v000002bffdec57c0_0;
    %flag_set/vec4 8;
    %jmp/0xz  T_11.4, 8;
    %load/vec4 v000002bffdec6c60_0;
    %load/vec4 v000002bffdec5360_0;
    %add;
    %store/vec4 v000002bffdec6080_0, 0, 32;
    %load/vec4 v000002bffdec6580_0;
    %load/vec4 v000002bffdec63a0_0;
    %add;
    %store/vec4 v000002bffdec55e0_0, 0, 32;
    %load/vec4 v000002bffdec6120_0;
    %load/vec4 v000002bffdec5c20_0;
    %add;
    %store/vec4 v000002bffdec64e0_0, 0, 32;
    %load/vec4 v000002bffdec6e40_0;
    %load/vec4 v000002bffdec68a0_0;
    %add;
    %store/vec4 v000002bffdec6940_0, 0, 32;
    %load/vec4 v000002bffdec5540_0;
    %load/vec4 v000002bffdec8b30_0;
    %add;
    %store/vec4 v000002bffdec5ae0_0, 0, 32;
    %load/vec4 v000002bffdec5fe0_0;
    %load/vec4 v000002bffdec88b0_0;
    %add;
    %store/vec4 v000002bffdec5f40_0, 0, 32;
    %load/vec4 v000002bffdec6260_0;
    %load/vec4 v000002bffdec7550_0;
    %add;
    %store/vec4 v000002bffdec6a80_0, 0, 32;
    %load/vec4 v000002bffdec54a0_0;
    %load/vec4 v000002bffdec7b90_0;
    %add;
    %store/vec4 v000002bffdec5b80_0, 0, 32;
    %pushi/vec4 1, 0, 1;
    %store/vec4 v000002bffdec6300_0, 0, 1;
T_11.4 ;
    %end;
    .scope S_000002bffde65bc0;
t_10 %join;
    %jmp T_11;
    .thread T_11, $push;
    .scope S_000002bffde65bc0;
T_12 ;
    %wait E_000002bffde425b0;
    %fork t_13, S_000002bffde6ab00;
    %jmp t_12;
    .scope S_000002bffde6ab00;
t_13 ;
    %load/vec4 v000002bffdec8b30_0;
    %parti/s 6, 0, 2;
    %load/vec4 v000002bffdec8b30_0;
    %parti/s 26, 6, 4;
    %concat/vec4; draw_concat_vec4
    %load/vec4 v000002bffdec8b30_0;
    %parti/s 11, 0, 2;
    %load/vec4 v000002bffdec8b30_0;
    %parti/s 21, 11, 5;
    %concat/vec4; draw_concat_vec4
    %xor;
    %load/vec4 v000002bffdec8b30_0;
    %parti/s 25, 0, 2;
    %load/vec4 v000002bffdec8b30_0;
    %parti/s 7, 25, 6;
    %concat/vec4; draw_concat_vec4
    %xor;
    %store/vec4 v000002bffde6d610_0, 0, 32;
    %load/vec4 v000002bffdec8b30_0;
    %load/vec4 v000002bffdec88b0_0;
    %and;
    %load/vec4 v000002bffdec8b30_0;
    %inv;
    %load/vec4 v000002bffdec7550_0;
    %and;
    %xor;
    %store/vec4 v000002bffde6de30_0, 0, 32;
    %load/vec4 v000002bffdec7b90_0;
    %load/vec4 v000002bffde6d610_0;
    %add;
    %load/vec4 v000002bffde6de30_0;
    %add;
    %load/vec4 v000002bffdec8950_0;
    %add;
    %load/vec4 v000002bffdec8310_0;
    %add;
    %store/vec4 v000002bffdec7c30_0, 0, 32;
    %end;
    .scope S_000002bffde65bc0;
t_12 %join;
    %jmp T_12;
    .thread T_12, $push;
    .scope S_000002bffde65bc0;
T_13 ;
    %wait E_000002bffde42e30;
    %fork t_15, S_000002bffde6e5d0;
    %jmp t_14;
    .scope S_000002bffde6e5d0;
t_15 ;
    %load/vec4 v000002bffdec5360_0;
    %parti/s 2, 0, 2;
    %load/vec4 v000002bffdec5360_0;
    %parti/s 30, 2, 3;
    %concat/vec4; draw_concat_vec4
    %load/vec4 v000002bffdec5360_0;
    %parti/s 13, 0, 2;
    %load/vec4 v000002bffdec5360_0;
    %parti/s 19, 13, 5;
    %concat/vec4; draw_concat_vec4
    %xor;
    %load/vec4 v000002bffdec5360_0;
    %parti/s 22, 0, 2;
    %load/vec4 v000002bffdec5360_0;
    %parti/s 10, 22, 6;
    %concat/vec4; draw_concat_vec4
    %xor;
    %store/vec4 v000002bffde6da70_0, 0, 32;
    %load/vec4 v000002bffdec5360_0;
    %load/vec4 v000002bffdec63a0_0;
    %and;
    %load/vec4 v000002bffdec5360_0;
    %load/vec4 v000002bffdec5c20_0;
    %and;
    %xor;
    %load/vec4 v000002bffdec63a0_0;
    %load/vec4 v000002bffdec5c20_0;
    %and;
    %xor;
    %store/vec4 v000002bffde6e3d0_0, 0, 32;
    %load/vec4 v000002bffde6da70_0;
    %load/vec4 v000002bffde6e3d0_0;
    %add;
    %store/vec4 v000002bffdec7f50_0, 0, 32;
    %end;
    .scope S_000002bffde65bc0;
t_14 %join;
    %jmp T_13;
    .thread T_13, $push;
    .scope S_000002bffde65bc0;
T_14 ;
    %wait E_000002bffde426b0;
    %fork t_17, S_000002bffde6a970;
    %jmp t_16;
    .scope S_000002bffde6a970;
t_17 ;
    %pushi/vec4 0, 0, 32;
    %store/vec4 v000002bffdec69e0_0, 0, 32;
    %pushi/vec4 0, 0, 32;
    %store/vec4 v000002bffdec5180_0, 0, 32;
    %pushi/vec4 0, 0, 32;
    %store/vec4 v000002bffdec6620_0, 0, 32;
    %pushi/vec4 0, 0, 32;
    %store/vec4 v000002bffdec66c0_0, 0, 32;
    %pushi/vec4 0, 0, 32;
    %store/vec4 v000002bffdec7e10_0, 0, 32;
    %pushi/vec4 0, 0, 32;
    %store/vec4 v000002bffdec8770_0, 0, 32;
    %pushi/vec4 0, 0, 32;
    %store/vec4 v000002bffdec79b0_0, 0, 32;
    %pushi/vec4 0, 0, 32;
    %store/vec4 v000002bffdec8db0_0, 0, 32;
    %pushi/vec4 0, 0, 1;
    %store/vec4 v000002bffdec6f80_0, 0, 1;
    %load/vec4 v000002bffdec7eb0_0;
    %flag_set/vec4 8;
    %jmp/0xz  T_14.0, 8;
    %pushi/vec4 1, 0, 1;
    %store/vec4 v000002bffdec6f80_0, 0, 1;
    %load/vec4 v000002bffdec8c70_0;
    %flag_set/vec4 8;
    %jmp/0xz  T_14.2, 8;
    %load/vec4 v000002bffdec8f90_0;
    %flag_set/vec4 8;
    %jmp/0xz  T_14.4, 8;
    %pushi/vec4 1779033703, 0, 32;
    %store/vec4 v000002bffdec69e0_0, 0, 32;
    %pushi/vec4 3144134277, 0, 32;
    %store/vec4 v000002bffdec5180_0, 0, 32;
    %pushi/vec4 1013904242, 0, 32;
    %store/vec4 v000002bffdec6620_0, 0, 32;
    %pushi/vec4 2773480762, 0, 32;
    %store/vec4 v000002bffdec66c0_0, 0, 32;
    %pushi/vec4 1359893119, 0, 32;
    %store/vec4 v000002bffdec7e10_0, 0, 32;
    %pushi/vec4 2600822924, 0, 32;
    %store/vec4 v000002bffdec8770_0, 0, 32;
    %pushi/vec4 528734635, 0, 32;
    %store/vec4 v000002bffdec79b0_0, 0, 32;
    %pushi/vec4 1541459225, 0, 32;
    %store/vec4 v000002bffdec8db0_0, 0, 32;
    %jmp T_14.5;
T_14.4 ;
    %pushi/vec4 3238371032, 0, 32;
    %store/vec4 v000002bffdec69e0_0, 0, 32;
    %pushi/vec4 914150663, 0, 32;
    %store/vec4 v000002bffdec5180_0, 0, 32;
    %pushi/vec4 812702999, 0, 32;
    %store/vec4 v000002bffdec6620_0, 0, 32;
    %pushi/vec4 4144912697, 0, 32;
    %store/vec4 v000002bffdec66c0_0, 0, 32;
    %pushi/vec4 4290775857, 0, 32;
    %store/vec4 v000002bffdec7e10_0, 0, 32;
    %pushi/vec4 1750603025, 0, 32;
    %store/vec4 v000002bffdec8770_0, 0, 32;
    %pushi/vec4 1694076839, 0, 32;
    %store/vec4 v000002bffdec79b0_0, 0, 32;
    %pushi/vec4 3204075428, 0, 32;
    %store/vec4 v000002bffdec8db0_0, 0, 32;
T_14.5 ;
    %jmp T_14.3;
T_14.2 ;
    %load/vec4 v000002bffdec6c60_0;
    %store/vec4 v000002bffdec69e0_0, 0, 32;
    %load/vec4 v000002bffdec6580_0;
    %store/vec4 v000002bffdec5180_0, 0, 32;
    %load/vec4 v000002bffdec6120_0;
    %store/vec4 v000002bffdec6620_0, 0, 32;
    %load/vec4 v000002bffdec6e40_0;
    %store/vec4 v000002bffdec66c0_0, 0, 32;
    %load/vec4 v000002bffdec5540_0;
    %store/vec4 v000002bffdec7e10_0, 0, 32;
    %load/vec4 v000002bffdec5fe0_0;
    %store/vec4 v000002bffdec8770_0, 0, 32;
    %load/vec4 v000002bffdec6260_0;
    %store/vec4 v000002bffdec79b0_0, 0, 32;
    %load/vec4 v000002bffdec54a0_0;
    %store/vec4 v000002bffdec8db0_0, 0, 32;
T_14.3 ;
T_14.0 ;
    %load/vec4 v000002bffdec7a50_0;
    %flag_set/vec4 8;
    %jmp/0xz  T_14.6, 8;
    %load/vec4 v000002bffdec7c30_0;
    %load/vec4 v000002bffdec7f50_0;
    %add;
    %store/vec4 v000002bffdec69e0_0, 0, 32;
    %load/vec4 v000002bffdec5360_0;
    %store/vec4 v000002bffdec5180_0, 0, 32;
    %load/vec4 v000002bffdec63a0_0;
    %store/vec4 v000002bffdec6620_0, 0, 32;
    %load/vec4 v000002bffdec5c20_0;
    %store/vec4 v000002bffdec66c0_0, 0, 32;
    %load/vec4 v000002bffdec68a0_0;
    %load/vec4 v000002bffdec7c30_0;
    %add;
    %store/vec4 v000002bffdec7e10_0, 0, 32;
    %load/vec4 v000002bffdec8b30_0;
    %store/vec4 v000002bffdec8770_0, 0, 32;
    %load/vec4 v000002bffdec88b0_0;
    %store/vec4 v000002bffdec79b0_0, 0, 32;
    %load/vec4 v000002bffdec7550_0;
    %store/vec4 v000002bffdec8db0_0, 0, 32;
    %pushi/vec4 1, 0, 1;
    %store/vec4 v000002bffdec6f80_0, 0, 1;
T_14.6 ;
    %end;
    .scope S_000002bffde65bc0;
t_16 %join;
    %jmp T_14;
    .thread T_14, $push;
    .scope S_000002bffde65bc0;
T_15 ;
    %wait E_000002bffde47470;
    %fork t_19, S_000002bffde6e760;
    %jmp t_18;
    .scope S_000002bffde6e760;
t_19 ;
    %pushi/vec4 0, 0, 6;
    %store/vec4 v000002bffdec8450_0, 0, 6;
    %pushi/vec4 0, 0, 1;
    %store/vec4 v000002bffdec8810_0, 0, 1;
    %load/vec4 v000002bffdec89f0_0;
    %flag_set/vec4 8;
    %jmp/0xz  T_15.0, 8;
    %pushi/vec4 0, 0, 6;
    %store/vec4 v000002bffdec8450_0, 0, 6;
    %pushi/vec4 1, 0, 1;
    %store/vec4 v000002bffdec8810_0, 0, 1;
T_15.0 ;
    %load/vec4 v000002bffdec83b0_0;
    %flag_set/vec4 8;
    %jmp/0xz  T_15.2, 8;
    %load/vec4 v000002bffdec77d0_0;
    %addi 1, 0, 6;
    %store/vec4 v000002bffdec8450_0, 0, 6;
    %pushi/vec4 1, 0, 1;
    %store/vec4 v000002bffdec8810_0, 0, 1;
T_15.2 ;
    %end;
    .scope S_000002bffde65bc0;
t_18 %join;
    %jmp T_15;
    .thread T_15, $push;
    .scope S_000002bffde65bc0;
T_16 ;
    %wait E_000002bffde47b70;
    %fork t_21, S_000002bffde6a7e0;
    %jmp t_20;
    .scope S_000002bffde6a7e0;
t_21 ;
    %pushi/vec4 0, 0, 1;
    %store/vec4 v000002bffdec52c0_0, 0, 1;
    %pushi/vec4 0, 0, 1;
    %store/vec4 v000002bffdec57c0_0, 0, 1;
    %pushi/vec4 0, 0, 1;
    %store/vec4 v000002bffdec7eb0_0, 0, 1;
    %pushi/vec4 0, 0, 1;
    %store/vec4 v000002bffdec7a50_0, 0, 1;
    %pushi/vec4 0, 0, 1;
    %store/vec4 v000002bffdec8c70_0, 0, 1;
    %pushi/vec4 0, 0, 1;
    %store/vec4 v000002bffdec8ef0_0, 0, 1;
    %pushi/vec4 0, 0, 1;
    %store/vec4 v000002bffdec9030_0, 0, 1;
    %pushi/vec4 0, 0, 1;
    %store/vec4 v000002bffdec7690_0, 0, 1;
    %pushi/vec4 0, 0, 1;
    %store/vec4 v000002bffdec83b0_0, 0, 1;
    %pushi/vec4 0, 0, 1;
    %store/vec4 v000002bffdec89f0_0, 0, 1;
    %pushi/vec4 0, 0, 1;
    %store/vec4 v000002bffdec7cd0_0, 0, 1;
    %pushi/vec4 0, 0, 1;
    %store/vec4 v000002bffdec74b0_0, 0, 1;
    %pushi/vec4 0, 0, 2;
    %store/vec4 v000002bffdec72d0_0, 0, 2;
    %pushi/vec4 0, 0, 1;
    %store/vec4 v000002bffdec7870_0, 0, 1;
    %load/vec4 v000002bffdec8bd0_0;
    %dup/vec4;
    %pushi/vec4 0, 0, 2;
    %cmp/u;
    %jmp/1 T_16.0, 6;
    %dup/vec4;
    %pushi/vec4 1, 0, 2;
    %cmp/u;
    %jmp/1 T_16.1, 6;
    %dup/vec4;
    %pushi/vec4 2, 0, 2;
    %cmp/u;
    %jmp/1 T_16.2, 6;
    %jmp T_16.3;
T_16.0 ;
    %pushi/vec4 1, 0, 1;
    %store/vec4 v000002bffdec8ef0_0, 0, 1;
    %load/vec4 v000002bffdec8590_0;
    %flag_set/vec4 8;
    %jmp/0xz  T_16.4, 8;
    %pushi/vec4 1, 0, 1;
    %store/vec4 v000002bffdec52c0_0, 0, 1;
    %pushi/vec4 1, 0, 1;
    %store/vec4 v000002bffdec9030_0, 0, 1;
    %pushi/vec4 1, 0, 1;
    %store/vec4 v000002bffdec7eb0_0, 0, 1;
    %pushi/vec4 1, 0, 1;
    %store/vec4 v000002bffdec8c70_0, 0, 1;
    %pushi/vec4 1, 0, 1;
    %store/vec4 v000002bffdec89f0_0, 0, 1;
    %pushi/vec4 0, 0, 1;
    %store/vec4 v000002bffdec7cd0_0, 0, 1;
    %pushi/vec4 1, 0, 1;
    %store/vec4 v000002bffdec74b0_0, 0, 1;
    %pushi/vec4 1, 0, 2;
    %store/vec4 v000002bffdec72d0_0, 0, 2;
    %pushi/vec4 1, 0, 1;
    %store/vec4 v000002bffdec7870_0, 0, 1;
T_16.4 ;
    %load/vec4 v000002bffdec8e50_0;
    %flag_set/vec4 8;
    %jmp/0xz  T_16.6, 8;
    %pushi/vec4 1, 0, 1;
    %store/vec4 v000002bffdec89f0_0, 0, 1;
    %pushi/vec4 1, 0, 1;
    %store/vec4 v000002bffdec9030_0, 0, 1;
    %pushi/vec4 1, 0, 1;
    %store/vec4 v000002bffdec7eb0_0, 0, 1;
    %pushi/vec4 0, 0, 1;
    %store/vec4 v000002bffdec7cd0_0, 0, 1;
    %pushi/vec4 1, 0, 1;
    %store/vec4 v000002bffdec74b0_0, 0, 1;
    %pushi/vec4 1, 0, 2;
    %store/vec4 v000002bffdec72d0_0, 0, 2;
    %pushi/vec4 1, 0, 1;
    %store/vec4 v000002bffdec7870_0, 0, 1;
T_16.6 ;
    %jmp T_16.3;
T_16.1 ;
    %pushi/vec4 1, 0, 1;
    %store/vec4 v000002bffdec7690_0, 0, 1;
    %pushi/vec4 1, 0, 1;
    %store/vec4 v000002bffdec7a50_0, 0, 1;
    %pushi/vec4 1, 0, 1;
    %store/vec4 v000002bffdec83b0_0, 0, 1;
    %load/vec4 v000002bffdec77d0_0;
    %pad/u 32;
    %cmpi/e 63, 0, 32;
    %jmp/0xz  T_16.8, 4;
    %pushi/vec4 2, 0, 2;
    %store/vec4 v000002bffdec72d0_0, 0, 2;
    %pushi/vec4 1, 0, 1;
    %store/vec4 v000002bffdec7870_0, 0, 1;
T_16.8 ;
    %jmp T_16.3;
T_16.2 ;
    %pushi/vec4 1, 0, 1;
    %store/vec4 v000002bffdec57c0_0, 0, 1;
    %pushi/vec4 1, 0, 1;
    %store/vec4 v000002bffdec7cd0_0, 0, 1;
    %pushi/vec4 1, 0, 1;
    %store/vec4 v000002bffdec74b0_0, 0, 1;
    %pushi/vec4 0, 0, 2;
    %store/vec4 v000002bffdec72d0_0, 0, 2;
    %pushi/vec4 1, 0, 1;
    %store/vec4 v000002bffdec7870_0, 0, 1;
    %jmp T_16.3;
T_16.3 ;
    %pop/vec4 1;
    %end;
    .scope S_000002bffde65bc0;
t_20 %join;
    %jmp T_16;
    .thread T_16, $push;
    .scope S_000002bffde67980;
T_17 ;
    %pushi/vec4 0, 0, 32;
    %store/vec4 v000002bffdec8270_0, 0, 32;
    %pushi/vec4 0, 0, 32;
    %store/vec4 v000002bffdec9830_0, 0, 32;
    %end;
    .thread T_17;
    .scope S_000002bffde67980;
T_18 ;
    %delay 5000, 0;
    %load/vec4 v000002bffdec7af0_0;
    %inv;
    %store/vec4 v000002bffdec7af0_0, 0, 1;
    %jmp T_18;
    .thread T_18;
    .scope S_000002bffde67980;
T_19 ;
    %pushi/vec4 0, 0, 1;
    %store/vec4 v000002bffdec7af0_0, 0, 1;
    %pushi/vec4 0, 0, 1;
    %store/vec4 v000002bffdec84f0_0, 0, 1;
    %pushi/vec4 0, 0, 1;
    %store/vec4 v000002bffdeca690_0, 0, 1;
    %pushi/vec4 1, 0, 1;
    %store/vec4 v000002bffdec8630_0, 0, 1;
    %pushi/vec4 1, 0, 1;
    %store/vec4 v000002bffdecb090_0, 0, 1;
    %vpi_call 2 122 "$display", "\012--- SHA256 Functional Verification ---\012" {0 0 0};
    %fork TD_my_tb_sha256_core.reset_dut, S_000002bffdec4940;
    %join;
    %pushi/vec4 3267675904, 0, 33;
    %concati/vec4 24, 0, 479;
    %store/vec4 v000002bffdec8090_0, 0, 512;
    %pushi/vec4 3128432319, 0, 32;
    %concati/vec4 2399260650, 0, 32;
    %concati/vec4 2189590972, 0, 33;
    %concati/vec4 3143386183, 0, 32;
    %concati/vec4 3222111886, 0, 33;
    %concati/vec4 2965099749, 0, 33;
    %concati/vec4 2693266191, 0, 32;
    %concati/vec4 301995437, 0, 29;
    %store/vec4 v000002bffdec8d10_0, 0, 256;
    %pushi/vec4 0, 0, 32; draw_string_vec4
    %pushi/vec4 0, 0, 32; draw_string_vec4
    %concat/vec4; draw_string_vec4
    %pushi/vec4 0, 0, 32; draw_string_vec4
    %concat/vec4; draw_string_vec4
    %pushi/vec4 6382179, 0, 32; draw_string_vec4
    %concat/vec4; draw_string_vec4
    %store/vec4 v000002bffdec7370_0, 0, 128;
    %fork TD_my_tb_sha256_core.single_block_test, S_000002bffdec4df0;
    %join;
    %pushi/vec4 2147483648, 0, 32;
    %concati/vec4 0, 0, 480;
    %store/vec4 v000002bffdec8090_0, 0, 512;
    %pushi/vec4 3820012610, 0, 32;
    %concati/vec4 2566659092, 0, 32;
    %concati/vec4 2600203464, 0, 32;
    %concati/vec4 2574235940, 0, 32;
    %concati/vec4 2662926225, 0, 34;
    %concati/vec4 2456702258, 0, 32;
    %concati/vec4 2455135341, 0, 32;
    %concati/vec4 944945237, 0, 30;
    %store/vec4 v000002bffdec8d10_0, 0, 256;
    %pushi/vec4 0, 0, 32; draw_string_vec4
    %pushi/vec4 0, 0, 32; draw_string_vec4
    %concat/vec4; draw_string_vec4
    %pushi/vec4 101, 0, 32; draw_string_vec4
    %concat/vec4; draw_string_vec4
    %pushi/vec4 1836086393, 0, 32; draw_string_vec4
    %concat/vec4; draw_string_vec4
    %store/vec4 v000002bffdec7370_0, 0, 128;
    %fork TD_my_tb_sha256_core.single_block_test, S_000002bffdec4df0;
    %join;
    %pushi/vec4 3502954712, 0, 33;
    %concati/vec4 3741319168, 0, 32;
    %concati/vec4 40, 0, 447;
    %store/vec4 v000002bffdec86d0_0, 0, 512;
    %pushi/vec4 3670730470, 0, 33;
    %concati/vec4 3268332132, 0, 32;
    %concati/vec4 40, 0, 447;
    %store/vec4 v000002bffdec7410_0, 0, 512;
    %pushi/vec4 2627328246, 0, 36;
    %concati/vec4 3089434404, 0, 33;
    %concati/vec4 4033495017, 0, 33;
    %concati/vec4 3731947229, 0, 32;
    %concati/vec4 2769143151, 0, 32;
    %concati/vec4 3282408052, 0, 35;
    %concati/vec4 2214992802, 0, 32;
    %concati/vec4 33072, 0, 23;
    %store/vec4 v000002bffdec7230_0, 0, 256;
    %pushi/vec4 0, 0, 32; draw_string_vec4
    %pushi/vec4 26725, 0, 32; draw_string_vec4
    %concat/vec4; draw_string_vec4
    %pushi/vec4 1819045675, 0, 32; draw_string_vec4
    %concat/vec4; draw_string_vec4
    %pushi/vec4 1836279602, 0, 32; draw_string_vec4
    %concat/vec4; draw_string_vec4
    %store/vec4 v000002bffdec8a90_0, 0, 128;
    %fork TD_my_tb_sha256_core.multi_block_test, S_000002bffdec4c60;
    %join;
    %pushi/vec4 1, 0, 8;
    %store/vec4 v000002bffdec7190_0, 0, 8;
    %fork TD_my_tb_sha256_core.random_test, S_000002bffdec4f80;
    %join;
    %pushi/vec4 2, 0, 8;
    %store/vec4 v000002bffdec7190_0, 0, 8;
    %fork TD_my_tb_sha256_core.random_test, S_000002bffdec4f80;
    %join;
    %pushi/vec4 3, 0, 8;
    %store/vec4 v000002bffdec7190_0, 0, 8;
    %fork TD_my_tb_sha256_core.random_test, S_000002bffdec4f80;
    %join;
    %pushi/vec4 0, 0, 512;
    %store/vec4 v000002bffde537f0_0, 0, 512;
    %pushi/vec4 0, 0, 32; draw_string_vec4
    %pushi/vec4 0, 0, 32; draw_string_vec4
    %concat/vec4; draw_string_vec4
    %pushi/vec4 0, 0, 32; draw_string_vec4
    %concat/vec4; draw_string_vec4
    %pushi/vec4 2053468783, 0, 32; draw_string_vec4
    %concat/vec4; draw_string_vec4
    %store/vec4 v000002bffde65b20_0, 0, 128;
    %fork TD_my_tb_sha256_core.corner_test, S_000002bffde66950;
    %join;
    %pushi/vec4 4294967295, 0, 32;
    %concati/vec4 4294967295, 0, 32;
    %concati/vec4 4294967295, 0, 32;
    %concati/vec4 4294967295, 0, 32;
    %concati/vec4 4294967295, 0, 32;
    %concati/vec4 4294967295, 0, 32;
    %concati/vec4 4294967295, 0, 32;
    %concati/vec4 4294967295, 0, 32;
    %concati/vec4 4294967295, 0, 32;
    %concati/vec4 4294967295, 0, 32;
    %concati/vec4 4294967295, 0, 32;
    %concati/vec4 4294967295, 0, 32;
    %concati/vec4 4294967295, 0, 32;
    %concati/vec4 4294967295, 0, 32;
    %concati/vec4 4294967295, 0, 32;
    %concati/vec4 4294967295, 0, 32;
    %store/vec4 v000002bffde537f0_0, 0, 512;
    %pushi/vec4 0, 0, 32; draw_string_vec4
    %pushi/vec4 0, 0, 32; draw_string_vec4
    %concat/vec4; draw_string_vec4
    %pushi/vec4 1634495583, 0, 32; draw_string_vec4
    %concat/vec4; draw_string_vec4
    %pushi/vec4 1869505907, 0, 32; draw_string_vec4
    %concat/vec4; draw_string_vec4
    %store/vec4 v000002bffde65b20_0, 0, 128;
    %fork TD_my_tb_sha256_core.corner_test, S_000002bffde66950;
    %join;
    %pushi/vec4 2863311530, 0, 32;
    %concati/vec4 2863311530, 0, 32;
    %concati/vec4 2863311530, 0, 32;
    %concati/vec4 2863311530, 0, 32;
    %concati/vec4 2863311530, 0, 32;
    %concati/vec4 2863311530, 0, 32;
    %concati/vec4 2863311530, 0, 32;
    %concati/vec4 2863311530, 0, 32;
    %concati/vec4 2863311530, 0, 32;
    %concati/vec4 2863311530, 0, 32;
    %concati/vec4 2863311530, 0, 32;
    %concati/vec4 2863311530, 0, 32;
    %concati/vec4 2863311530, 0, 32;
    %concati/vec4 2863311530, 0, 32;
    %concati/vec4 2863311530, 0, 32;
    %concati/vec4 2863311530, 0, 32;
    %store/vec4 v000002bffde537f0_0, 0, 512;
    %pushi/vec4 0, 0, 32; draw_string_vec4
    %pushi/vec4 6384756, 0, 32; draw_string_vec4
    %concat/vec4; draw_string_vec4
    %pushi/vec4 1701998177, 0, 32; draw_string_vec4
    %concat/vec4; draw_string_vec4
    %pushi/vec4 1953066599, 0, 32; draw_string_vec4
    %concat/vec4; draw_string_vec4
    %store/vec4 v000002bffde65b20_0, 0, 128;
    %fork TD_my_tb_sha256_core.corner_test, S_000002bffde66950;
    %join;
    %pushi/vec4 0, 0, 1;
    %store/vec4 v000002bffdec8630_0, 0, 1;
    %pushi/vec4 3267675904, 0, 33;
    %concati/vec4 24, 0, 479;
    %store/vec4 v000002bffdec8090_0, 0, 512;
    %pushi/vec4 2351297672, 0, 34;
    %concati/vec4 3491192970, 0, 32;
    %concati/vec4 3360984823, 0, 35;
    %concati/vec4 3024795237, 0, 32;
    %concati/vec4 2876193071, 0, 33;
    %concati/vec4 3495558129, 0, 33;
    %concati/vec4 3058619369, 0, 32;
    %concati/vec4 14288941, 0, 25;
    %store/vec4 v000002bffdec8d10_0, 0, 256;
    %pushi/vec4 0, 0, 32; draw_string_vec4
    %pushi/vec4 97, 0, 32; draw_string_vec4
    %concat/vec4; draw_string_vec4
    %pushi/vec4 1650679661, 0, 32; draw_string_vec4
    %concat/vec4; draw_string_vec4
    %pushi/vec4 1868850480, 0, 32; draw_string_vec4
    %concat/vec4; draw_string_vec4
    %store/vec4 v000002bffdec7370_0, 0, 128;
    %fork TD_my_tb_sha256_core.single_block_test, S_000002bffdec4df0;
    %join;
    %pushi/vec4 1, 0, 1;
    %store/vec4 v000002bffdec8630_0, 0, 1;
    %load/vec4 v000002bffdec8270_0;
    %cmpi/e 0, 0, 32;
    %jmp/0xz  T_19.0, 4;
    %vpi_call 2 167 "$display", "\012All %0d tests PASSED \342\234\205", v000002bffdec9830_0 {0 0 0};
    %jmp T_19.1;
T_19.0 ;
    %vpi_call 2 169 "$display", "\012%0d of %0d tests FAILED \342\235\214", v000002bffdec8270_0, v000002bffdec9830_0 {0 0 0};
T_19.1 ;
    %vpi_call 2 171 "$finish" {0 0 0};
    %end;
    .thread T_19;
# The file index is used to find the file name in the following table.
:file_names 6;
    "N/A";
    "<interactive>";
    "src/tb/my_tb_sha256_core.v";
    "src/rtl/sha256_core.v";
    "src/rtl/sha256_k_constants.v";
    "src/rtl/sha256_w_mem.v";
