#! /c/Source/iverilog-install/bin/vvp
:ivl_version "12.0 (devel)" "(s20150603-1539-g2693dd32b)";
:ivl_delay_selection "TYPICAL";
:vpi_time_precision - 12;
:vpi_module "C:\iverilog\lib\ivl\system.vpi";
:vpi_module "C:\iverilog\lib\ivl\vhdl_sys.vpi";
:vpi_module "C:\iverilog\lib\ivl\vhdl_textio.vpi";
:vpi_module "C:\iverilog\lib\ivl\v2005_math.vpi";
:vpi_module "C:\iverilog\lib\ivl\va_math.vpi";
S_000001bb5edf0650 .scope module, "tb_sha256_single" "tb_sha256_single" 2 4;
 .timescale -9 -12;
P_000001bb5ec898f0 .param/l "CLK_HALF_PERIOD" 0 2 5, +C4<00000000000000000000000000000101>;
P_000001bb5ec89928 .param/l "CLK_PERIOD" 0 2 6, +C4<0000000000000000000000000000000000000000000000000000000000001010>;
v000001bb5ee4ba60_0 .var "block", 511 0;
v000001bb5ee4a520_0 .var "clk", 0 0;
v000001bb5ee4b380_0 .net "digest", 255 0, L_000001bb5ee4b1a0;  1 drivers
v000001bb5ee4a7a0_0 .net "digest_valid", 0 0, L_000001bb5ede5630;  1 drivers
v000001bb5ee4b880_0 .var/i "errors", 31 0;
v000001bb5ee4b6a0_0 .var "init", 0 0;
v000001bb5ee4b4c0_0 .var "mode", 0 0;
v000001bb5ee4c000_0 .var "next", 0 0;
v000001bb5ee4a3e0_0 .net "ready", 0 0, L_000001bb5ede5240;  1 drivers
v000001bb5ee4a840_0 .var "reset_n", 0 0;
v000001bb5ee4be20_0 .var/i "total_tests", 31 0;
S_000001bb5edf19f0 .scope module, "dut" "sha256_core" 2 17, 3 42 0, S_000001bb5edf0650;
 .timescale 0 0;
    .port_info 0 /INPUT 1 "clk";
    .port_info 1 /INPUT 1 "reset_n";
    .port_info 2 /INPUT 1 "init";
    .port_info 3 /INPUT 1 "next";
    .port_info 4 /INPUT 1 "mode";
    .port_info 5 /INPUT 512 "block";
    .port_info 6 /OUTPUT 1 "ready";
    .port_info 7 /OUTPUT 256 "digest";
    .port_info 8 /OUTPUT 1 "digest_valid";
P_000001bb5eda2260 .param/l "CTRL_DONE" 1 3 83, +C4<00000000000000000000000000000010>;
P_000001bb5eda2298 .param/l "CTRL_IDLE" 1 3 81, +C4<00000000000000000000000000000000>;
P_000001bb5eda22d0 .param/l "CTRL_ROUNDS" 1 3 82, +C4<00000000000000000000000000000001>;
P_000001bb5eda2308 .param/l "SHA224_H0_0" 1 3 61, C4<11000001000001011001111011011000>;
P_000001bb5eda2340 .param/l "SHA224_H0_1" 1 3 62, C4<00110110011111001101010100000111>;
P_000001bb5eda2378 .param/l "SHA224_H0_2" 1 3 63, C4<00110000011100001101110100010111>;
P_000001bb5eda23b0 .param/l "SHA224_H0_3" 1 3 64, C4<11110111000011100101100100111001>;
P_000001bb5eda23e8 .param/l "SHA224_H0_4" 1 3 65, C4<11111111110000000000101100110001>;
P_000001bb5eda2420 .param/l "SHA224_H0_5" 1 3 66, C4<01101000010110000001010100010001>;
P_000001bb5eda2458 .param/l "SHA224_H0_6" 1 3 67, C4<01100100111110011000111110100111>;
P_000001bb5eda2490 .param/l "SHA224_H0_7" 1 3 68, C4<10111110111110100100111110100100>;
P_000001bb5eda24c8 .param/l "SHA256_H0_0" 1 3 70, C4<01101010000010011110011001100111>;
P_000001bb5eda2500 .param/l "SHA256_H0_1" 1 3 71, C4<10111011011001111010111010000101>;
P_000001bb5eda2538 .param/l "SHA256_H0_2" 1 3 72, C4<00111100011011101111001101110010>;
P_000001bb5eda2570 .param/l "SHA256_H0_3" 1 3 73, C4<10100101010011111111010100111010>;
P_000001bb5eda25a8 .param/l "SHA256_H0_4" 1 3 74, C4<01010001000011100101001001111111>;
P_000001bb5eda25e0 .param/l "SHA256_H0_5" 1 3 75, C4<10011011000001010110100010001100>;
P_000001bb5eda2618 .param/l "SHA256_H0_6" 1 3 76, C4<00011111100000111101100110101011>;
P_000001bb5eda2650 .param/l "SHA256_H0_7" 1 3 77, C4<01011011111000001100110100011001>;
P_000001bb5eda2688 .param/l "SHA256_ROUNDS" 1 3 79, +C4<00000000000000000000000000111111>;
L_000001bb5ede5240 .functor BUFZ 1, v000001bb5ee48560_0, C4<0>, C4<0>, C4<0>;
L_000001bb5ede5630 .functor BUFZ 1, v000001bb5ee48240_0, C4<0>, C4<0>, C4<0>;
v000001bb5ee44d00_0 .var "H0_new", 31 0;
v000001bb5ee45ca0_0 .var "H0_reg", 31 0;
v000001bb5ee45de0_0 .var "H1_new", 31 0;
v000001bb5ee45e80_0 .var "H1_reg", 31 0;
v000001bb5ee45f20_0 .var "H2_new", 31 0;
v000001bb5ee44e40_0 .var "H2_reg", 31 0;
v000001bb5ee461a0_0 .var "H3_new", 31 0;
v000001bb5ee45fc0_0 .var "H3_reg", 31 0;
v000001bb5ee46240_0 .var "H4_new", 31 0;
v000001bb5ee462e0_0 .var "H4_reg", 31 0;
v000001bb5ee44760_0 .var "H5_new", 31 0;
v000001bb5ee45340_0 .var "H5_reg", 31 0;
v000001bb5ee45020_0 .var "H6_new", 31 0;
v000001bb5ee450c0_0 .var "H6_reg", 31 0;
v000001bb5ee45160_0 .var "H7_new", 31 0;
v000001bb5ee45200_0 .var "H7_reg", 31 0;
v000001bb5ee452a0_0 .var "H_we", 0 0;
v000001bb5ee453e0_0 .var "a_h_we", 0 0;
v000001bb5ee45480_0 .var "a_new", 31 0;
v000001bb5ee478e0_0 .var "a_reg", 31 0;
v000001bb5ee47480_0 .var "b_new", 31 0;
v000001bb5ee482e0_0 .var "b_reg", 31 0;
v000001bb5ee484c0_0 .net "block", 511 0, v000001bb5ee4ba60_0;  1 drivers
v000001bb5ee47c00_0 .var "c_new", 31 0;
v000001bb5ee46ee0_0 .var "c_reg", 31 0;
v000001bb5ee47ca0_0 .net "clk", 0 0, v000001bb5ee4a520_0;  1 drivers
v000001bb5ee47980_0 .var "d_new", 31 0;
v000001bb5ee46e40_0 .var "d_reg", 31 0;
v000001bb5ee47de0_0 .net "digest", 255 0, L_000001bb5ee4b1a0;  alias, 1 drivers
v000001bb5ee46f80_0 .var "digest_init", 0 0;
v000001bb5ee47200_0 .var "digest_update", 0 0;
v000001bb5ee475c0_0 .net "digest_valid", 0 0, L_000001bb5ede5630;  alias, 1 drivers
v000001bb5ee487e0_0 .var "digest_valid_new", 0 0;
v000001bb5ee48240_0 .var "digest_valid_reg", 0 0;
v000001bb5ee48380_0 .var "digest_valid_we", 0 0;
v000001bb5ee47d40_0 .var "e_new", 31 0;
v000001bb5ee46c60_0 .var "e_reg", 31 0;
v000001bb5ee47e80_0 .var "f_new", 31 0;
v000001bb5ee47a20_0 .var "f_reg", 31 0;
v000001bb5ee47ac0_0 .var "first_block", 0 0;
v000001bb5ee47b60_0 .var "g_new", 31 0;
v000001bb5ee48a60_0 .var "g_reg", 31 0;
v000001bb5ee473e0_0 .var "h_new", 31 0;
v000001bb5ee47160_0 .var "h_reg", 31 0;
v000001bb5ee48b00_0 .net "init", 0 0, v000001bb5ee4b6a0_0;  1 drivers
v000001bb5ee47f20_0 .net "k_data", 31 0, L_000001bb5ede5400;  1 drivers
v000001bb5ee47520_0 .net "mode", 0 0, v000001bb5ee4b4c0_0;  1 drivers
v000001bb5ee48100_0 .net "next", 0 0, v000001bb5ee4c000_0;  1 drivers
v000001bb5ee47fc0_0 .net "ready", 0 0, L_000001bb5ede5240;  alias, 1 drivers
v000001bb5ee48560_0 .var "ready_flag", 0 0;
v000001bb5ee47340_0 .net "reset_n", 0 0, v000001bb5ee4a840_0;  1 drivers
v000001bb5ee48600_0 .var "sha256_ctrl_new", 1 0;
v000001bb5ee46d00_0 .var "sha256_ctrl_reg", 1 0;
v000001bb5ee472a0_0 .var "sha256_ctrl_we", 0 0;
v000001bb5ee486a0_0 .var "state_init", 0 0;
v000001bb5ee48740_0 .var "state_update", 0 0;
v000001bb5ee47020_0 .var "t1", 31 0;
v000001bb5ee46da0_0 .var "t2", 31 0;
v000001bb5ee481a0_0 .var "t_ctr_inc", 0 0;
v000001bb5ee47660_0 .var "t_ctr_new", 5 0;
v000001bb5ee477a0_0 .var "t_ctr_reg", 5 0;
v000001bb5ee48060_0 .var "t_ctr_rst", 0 0;
v000001bb5ee489c0_0 .var "t_ctr_we", 0 0;
v000001bb5ee47700_0 .net "w_data", 31 0, L_000001bb5ede50f0;  1 drivers
v000001bb5ee48420_0 .var "w_init", 0 0;
v000001bb5ee48880_0 .var "w_next", 0 0;
E_000001bb5edce4d0 .event anyedge, v000001bb5ee46d00_0, v000001bb5ee48b00_0, v000001bb5ee48100_0, v000001bb5edbe540_0;
E_000001bb5edce690 .event anyedge, v000001bb5ee48060_0, v000001bb5ee481a0_0, v000001bb5edbe540_0;
E_000001bb5edcd6d0/0 .event anyedge, v000001bb5ee486a0_0, v000001bb5ee47ac0_0, v000001bb5ee47520_0, v000001bb5ee45ca0_0;
E_000001bb5edcd6d0/1 .event anyedge, v000001bb5ee45e80_0, v000001bb5ee44e40_0, v000001bb5ee45fc0_0, v000001bb5ee462e0_0;
E_000001bb5edcd6d0/2 .event anyedge, v000001bb5ee45340_0, v000001bb5ee450c0_0, v000001bb5ee45200_0, v000001bb5ee48740_0;
E_000001bb5edcd6d0/3 .event anyedge, v000001bb5ee47020_0, v000001bb5ee46da0_0, v000001bb5ee478e0_0, v000001bb5ee482e0_0;
E_000001bb5edcd6d0/4 .event anyedge, v000001bb5ee46ee0_0, v000001bb5ee46e40_0, v000001bb5ee46c60_0, v000001bb5ee47a20_0;
E_000001bb5edcd6d0/5 .event anyedge, v000001bb5ee48a60_0;
E_000001bb5edcd6d0 .event/or E_000001bb5edcd6d0/0, E_000001bb5edcd6d0/1, E_000001bb5edcd6d0/2, E_000001bb5edcd6d0/3, E_000001bb5edcd6d0/4, E_000001bb5edcd6d0/5;
E_000001bb5edcd7d0/0 .event anyedge, v000001bb5ee478e0_0, v000001bb5ee482e0_0, v000001bb5ee46ee0_0, v000001bb5edbe0e0_0;
E_000001bb5edcd7d0/1 .event anyedge, v000001bb5edbdd20_0;
E_000001bb5edcd7d0 .event/or E_000001bb5edcd7d0/0, E_000001bb5edcd7d0/1;
E_000001bb5edcfe50/0 .event anyedge, v000001bb5ee46c60_0, v000001bb5ee47a20_0, v000001bb5ee48a60_0, v000001bb5ee47160_0;
E_000001bb5edcfe50/1 .event anyedge, v000001bb5edbdbe0_0, v000001bb5edbdfa0_0, v000001bb5ee45840_0, v000001bb5edbe9a0_0;
E_000001bb5edcfe50 .event/or E_000001bb5edcfe50/0, E_000001bb5edcfe50/1;
E_000001bb5edd03d0/0 .event anyedge, v000001bb5ee46f80_0, v000001bb5ee47520_0, v000001bb5ee47200_0, v000001bb5ee45ca0_0;
E_000001bb5edd03d0/1 .event anyedge, v000001bb5ee478e0_0, v000001bb5ee45e80_0, v000001bb5ee482e0_0, v000001bb5ee44e40_0;
E_000001bb5edd03d0/2 .event anyedge, v000001bb5ee46ee0_0, v000001bb5ee45fc0_0, v000001bb5ee46e40_0, v000001bb5ee462e0_0;
E_000001bb5edd03d0/3 .event anyedge, v000001bb5ee46c60_0, v000001bb5ee45340_0, v000001bb5ee47a20_0, v000001bb5ee450c0_0;
E_000001bb5edd03d0/4 .event anyedge, v000001bb5ee48a60_0, v000001bb5ee45200_0, v000001bb5ee47160_0;
E_000001bb5edd03d0 .event/or E_000001bb5edd03d0/0, E_000001bb5edd03d0/1, E_000001bb5edd03d0/2, E_000001bb5edd03d0/3, E_000001bb5edd03d0/4;
LS_000001bb5ee4b1a0_0_0 .concat [ 32 32 32 32], v000001bb5ee45200_0, v000001bb5ee450c0_0, v000001bb5ee45340_0, v000001bb5ee462e0_0;
LS_000001bb5ee4b1a0_0_4 .concat [ 32 32 32 32], v000001bb5ee45fc0_0, v000001bb5ee44e40_0, v000001bb5ee45e80_0, v000001bb5ee45ca0_0;
L_000001bb5ee4b1a0 .concat [ 128 128 0 0], LS_000001bb5ee4b1a0_0_0, LS_000001bb5ee4b1a0_0_4;
S_000001bb5ed8a250 .scope begin, "digest_logic" "digest_logic" 3 272, 3 272 0, S_000001bb5edf19f0;
 .timescale 0 0;
S_000001bb5ed8a3e0 .scope module, "k_constants_inst" "sha256_k_constants" 3 167, 4 41 0, S_000001bb5edf19f0;
 .timescale 0 0;
    .port_info 0 /INPUT 6 "round";
    .port_info 1 /OUTPUT 32 "K";
L_000001bb5ede5400 .functor BUFZ 32, v000001bb5edbea40_0, C4<00000000000000000000000000000000>, C4<00000000000000000000000000000000>, C4<00000000000000000000000000000000>;
v000001bb5edbe9a0_0 .net "K", 31 0, L_000001bb5ede5400;  alias, 1 drivers
v000001bb5edbe540_0 .net "round", 5 0, v000001bb5ee477a0_0;  1 drivers
v000001bb5edbea40_0 .var "tmp_K", 31 0;
E_000001bb5edd0610 .event anyedge, v000001bb5edbe540_0;
S_000001bb5ed7d560 .scope begin, "round_mux" "round_mux" 4 62, 4 62 0, S_000001bb5ed8a3e0;
 .timescale 0 0;
S_000001bb5ed7d6f0 .scope begin, "reg_update" "reg_update" 3 204, 3 204 0, S_000001bb5edf19f0;
 .timescale 0 0;
S_000001bb5ed12a40 .scope begin, "sha256_ctrl_fsm" "sha256_ctrl_fsm" 3 470, 3 470 0, S_000001bb5edf19f0;
 .timescale 0 0;
S_000001bb5ed12bd0 .scope begin, "state_logic" "state_logic" 3 372, 3 372 0, S_000001bb5edf19f0;
 .timescale 0 0;
S_000001bb5ed12d60 .scope begin, "t1_logic" "t1_logic" 3 331, 3 331 0, S_000001bb5edf19f0;
 .timescale 0 0;
v000001bb5edbdfa0_0 .var "ch", 31 0;
v000001bb5edbdbe0_0 .var "sum1", 31 0;
S_000001bb5edfe8c0 .scope begin, "t2_logic" "t2_logic" 3 351, 3 351 0, S_000001bb5edf19f0;
 .timescale 0 0;
v000001bb5edbdd20_0 .var "maj", 31 0;
v000001bb5edbe0e0_0 .var "sum0", 31 0;
S_000001bb5edfea50 .scope begin, "t_ctr" "t_ctr" 3 446, 3 446 0, S_000001bb5edf19f0;
 .timescale 0 0;
S_000001bb5edfebe0 .scope module, "w_mem_inst" "sha256_w_mem" 3 173, 5 42 0, S_000001bb5edf19f0;
 .timescale 0 0;
    .port_info 0 /INPUT 1 "clk";
    .port_info 1 /INPUT 1 "reset_n";
    .port_info 2 /INPUT 512 "block";
    .port_info 3 /INPUT 6 "round";
    .port_info 4 /INPUT 1 "init";
    .port_info 5 /INPUT 1 "next";
    .port_info 6 /OUTPUT 32 "w";
L_000001bb5ede50f0 .functor BUFZ 32, v000001bb5ee457a0_0, C4<00000000000000000000000000000000>, C4<00000000000000000000000000000000>, C4<00000000000000000000000000000000>;
v000001bb5ee45a20_0 .net "block", 511 0, v000001bb5ee4ba60_0;  alias, 1 drivers
v000001bb5ee44800_0 .net "clk", 0 0, v000001bb5ee4a520_0;  alias, 1 drivers
v000001bb5ee45c00_0 .net "init", 0 0, v000001bb5ee48420_0;  1 drivers
v000001bb5ee44580_0 .net "next", 0 0, v000001bb5ee48880_0;  1 drivers
v000001bb5ee44940_0 .net "reset_n", 0 0, v000001bb5ee4a840_0;  alias, 1 drivers
v000001bb5ee449e0_0 .net "round", 5 0, v000001bb5ee477a0_0;  alias, 1 drivers
v000001bb5ee45840_0 .net "w", 31 0, L_000001bb5ede50f0;  alias, 1 drivers
v000001bb5ee45980 .array "w_mem", 15 0, 31 0;
v000001bb5ee44440_0 .var "w_mem00_new", 31 0;
v000001bb5ee455c0_0 .var "w_mem01_new", 31 0;
v000001bb5ee448a0_0 .var "w_mem02_new", 31 0;
v000001bb5ee45660_0 .var "w_mem03_new", 31 0;
v000001bb5ee45ac0_0 .var "w_mem04_new", 31 0;
v000001bb5ee44ee0_0 .var "w_mem05_new", 31 0;
v000001bb5ee44f80_0 .var "w_mem06_new", 31 0;
v000001bb5ee44da0_0 .var "w_mem07_new", 31 0;
v000001bb5ee44a80_0 .var "w_mem08_new", 31 0;
v000001bb5ee45700_0 .var "w_mem09_new", 31 0;
v000001bb5ee44b20_0 .var "w_mem10_new", 31 0;
v000001bb5ee44620_0 .var "w_mem11_new", 31 0;
v000001bb5ee44bc0_0 .var "w_mem12_new", 31 0;
v000001bb5ee45520_0 .var "w_mem13_new", 31 0;
v000001bb5ee44c60_0 .var "w_mem14_new", 31 0;
v000001bb5ee446c0_0 .var "w_mem15_new", 31 0;
v000001bb5ee45b60_0 .var "w_mem_we", 0 0;
v000001bb5ee46100_0 .var "w_new", 31 0;
v000001bb5ee457a0_0 .var "w_tmp", 31 0;
v000001bb5ee45980_0 .array/port v000001bb5ee45980, 0;
v000001bb5ee45980_1 .array/port v000001bb5ee45980, 1;
v000001bb5ee45980_2 .array/port v000001bb5ee45980, 2;
v000001bb5ee45980_3 .array/port v000001bb5ee45980, 3;
E_000001bb5edd0550/0 .event anyedge, v000001bb5ee45980_0, v000001bb5ee45980_1, v000001bb5ee45980_2, v000001bb5ee45980_3;
v000001bb5ee45980_4 .array/port v000001bb5ee45980, 4;
v000001bb5ee45980_5 .array/port v000001bb5ee45980, 5;
v000001bb5ee45980_6 .array/port v000001bb5ee45980, 6;
v000001bb5ee45980_7 .array/port v000001bb5ee45980, 7;
E_000001bb5edd0550/1 .event anyedge, v000001bb5ee45980_4, v000001bb5ee45980_5, v000001bb5ee45980_6, v000001bb5ee45980_7;
v000001bb5ee45980_8 .array/port v000001bb5ee45980, 8;
v000001bb5ee45980_9 .array/port v000001bb5ee45980, 9;
v000001bb5ee45980_10 .array/port v000001bb5ee45980, 10;
v000001bb5ee45980_11 .array/port v000001bb5ee45980, 11;
E_000001bb5edd0550/2 .event anyedge, v000001bb5ee45980_8, v000001bb5ee45980_9, v000001bb5ee45980_10, v000001bb5ee45980_11;
v000001bb5ee45980_12 .array/port v000001bb5ee45980, 12;
v000001bb5ee45980_13 .array/port v000001bb5ee45980, 13;
v000001bb5ee45980_14 .array/port v000001bb5ee45980, 14;
v000001bb5ee45980_15 .array/port v000001bb5ee45980, 15;
E_000001bb5edd0550/3 .event anyedge, v000001bb5ee45980_12, v000001bb5ee45980_13, v000001bb5ee45980_14, v000001bb5ee45980_15;
E_000001bb5edd0550/4 .event anyedge, v000001bb5ee444e0_0, v000001bb5ee45d40_0, v000001bb5edbe360_0, v000001bb5ee46060_0;
E_000001bb5edd0550/5 .event anyedge, v000001bb5edbe2c0_0, v000001bb5ee458e0_0, v000001bb5ee45c00_0, v000001bb5ee45a20_0;
E_000001bb5edd0550/6 .event anyedge, v000001bb5ee44580_0, v000001bb5edbe540_0, v000001bb5ee46100_0;
E_000001bb5edd0550 .event/or E_000001bb5edd0550/0, E_000001bb5edd0550/1, E_000001bb5edd0550/2, E_000001bb5edd0550/3, E_000001bb5edd0550/4, E_000001bb5edd0550/5, E_000001bb5edd0550/6;
E_000001bb5edd0650/0 .event anyedge, v000001bb5edbe540_0, v000001bb5ee45980_0, v000001bb5ee45980_1, v000001bb5ee45980_2;
E_000001bb5edd0650/1 .event anyedge, v000001bb5ee45980_3, v000001bb5ee45980_4, v000001bb5ee45980_5, v000001bb5ee45980_6;
E_000001bb5edd0650/2 .event anyedge, v000001bb5ee45980_7, v000001bb5ee45980_8, v000001bb5ee45980_9, v000001bb5ee45980_10;
E_000001bb5edd0650/3 .event anyedge, v000001bb5ee45980_11, v000001bb5ee45980_12, v000001bb5ee45980_13, v000001bb5ee45980_14;
E_000001bb5edd0650/4 .event anyedge, v000001bb5ee45980_15, v000001bb5ee46100_0;
E_000001bb5edd0650 .event/or E_000001bb5edd0650/0, E_000001bb5edd0650/1, E_000001bb5edd0650/2, E_000001bb5edd0650/3, E_000001bb5edd0650/4;
E_000001bb5edd0590/0 .event negedge, v000001bb5ee44940_0;
E_000001bb5edd0590/1 .event posedge, v000001bb5ee44800_0;
E_000001bb5edd0590 .event/or E_000001bb5edd0590/0, E_000001bb5edd0590/1;
S_000001bb5edfed70 .scope begin, "reg_update" "reg_update" 5 98, 5 98 0, S_000001bb5edfebe0;
 .timescale 0 0;
v000001bb5edbe220_0 .var/i "i", 31 0;
S_000001bb5ee440d0 .scope begin, "select_w" "select_w" 5 139, 5 139 0, S_000001bb5edfebe0;
 .timescale 0 0;
S_000001bb5ee44260 .scope begin, "w_mem_update_logic" "w_mem_update_logic" 5 154, 5 154 0, S_000001bb5edfebe0;
 .timescale 0 0;
v000001bb5edbe2c0_0 .var "d0", 31 0;
v000001bb5edbe360_0 .var "d1", 31 0;
v000001bb5ee458e0_0 .var "w_0", 31 0;
v000001bb5ee444e0_0 .var "w_1", 31 0;
v000001bb5ee45d40_0 .var "w_14", 31 0;
v000001bb5ee46060_0 .var "w_9", 31 0;
S_000001bb5ee49d80 .scope task, "print_row" "print_row" 2 39, 2 39 0, S_000001bb5edf0650;
 .timescale -9 -12;
v000001bb5ee48920_0 .var "act", 255 0;
v000001bb5ee470c0_0 .var "act_s", 159 0;
v000001bb5ee47840_0 .var/i "dur", 31 0;
v000001bb5ee4bd80_0 .var "exp", 255 0;
v000001bb5ee4bf60_0 .var "exp_s", 159 0;
v000001bb5ee4ae80_0 .var/i "id", 31 0;
v000001bb5ee4bba0_0 .var "name", 127 0;
v000001bb5ee4a700_0 .var/i "pass", 31 0;
v000001bb5ee4a2a0_0 .var "res", 48 1;
v000001bb5ee4b2e0_0 .var/i "t", 31 0;
v000001bb5ee4a5c0_0 .var/i "valid", 31 0;
TD_tb_sha256_single.print_row ;
    %load/vec4 v000001bb5ee4bd80_0;
    %parti/s 160, 96, 8;
    %store/vec4 v000001bb5ee4bf60_0, 0, 160;
    %load/vec4 v000001bb5ee48920_0;
    %parti/s 160, 96, 8;
    %store/vec4 v000001bb5ee470c0_0, 0, 160;
    %load/vec4 v000001bb5ee4a700_0;
    %cmpi/ne 0, 0, 32;
    %flag_mov 8, 4;
    %jmp/0 T_0.0, 8;
    %pushi/vec4 1346458451, 0, 32; draw_string_vec4
    %pushi/vec4 8224, 0, 16; draw_string_vec4
    %concat/vec4; draw_string_vec4
    %jmp/1 T_0.1, 8;
T_0.0 ; End of true expr.
    %pushi/vec4 1178683724, 0, 32; draw_string_vec4
    %pushi/vec4 8224, 0, 16; draw_string_vec4
    %concat/vec4; draw_string_vec4
    %jmp/0 T_0.1, 8;
 ; End of false expr.
    %blend;
T_0.1;
    %store/vec4 v000001bb5ee4a2a0_0, 0, 48;
    %vpi_call 2 44 "$display", "| %2d | %s | single | %040h | %040h | %0d | %s | %7d | %7d |", v000001bb5ee4ae80_0, v000001bb5ee4bba0_0, v000001bb5ee4bf60_0, v000001bb5ee470c0_0, v000001bb5ee4a5c0_0, v000001bb5ee4a2a0_0, v000001bb5ee4b2e0_0, v000001bb5ee47840_0 {0 0 0};
    %end;
S_000001bb5ee49a60 .scope task, "print_table_footer" "print_table_footer" 2 35, 2 35 0, S_000001bb5edf0650;
 .timescale -9 -12;
TD_tb_sha256_single.print_table_footer ;
    %vpi_call 2 36 "$display", "+----+----------+---------+------------------------------------------+------------------------------------------+---+------+---------+----------+" {0 0 0};
    %end;
S_000001bb5ee49bf0 .scope task, "print_table_header" "print_table_header" 2 28, 2 28 0, S_000001bb5edf0650;
 .timescale -9 -12;
TD_tb_sha256_single.print_table_header ;
    %vpi_call 2 29 "$display", "\012=== SHA256 Single-Block Verification ===\012" {0 0 0};
    %vpi_call 2 30 "$display", "+----+----------+---------+------------------------------------------+------------------------------------------+---+------+---------+----------+" {0 0 0};
    %vpi_call 2 31 "$display", "| ID | Name     | Type    | Expected                                 | Actual                                   | V | Res  | Time(ns)| Duration |" {0 0 0};
    %vpi_call 2 32 "$display", "+----+----------+---------+------------------------------------------+------------------------------------------+---+------+---------+----------+" {0 0 0};
    %end;
S_000001bb5ee49290 .scope task, "reset_dut" "reset_dut" 2 25, 2 25 0, S_000001bb5edf0650;
 .timescale -9 -12;
TD_tb_sha256_single.reset_dut ;
    %pushi/vec4 0, 0, 1;
    %store/vec4 v000001bb5ee4a840_0, 0, 1;
    %delay 40000, 0;
    %pushi/vec4 1, 0, 1;
    %store/vec4 v000001bb5ee4a840_0, 0, 1;
    %end;
S_000001bb5ee49f10 .scope task, "single_block_test" "single_block_test" 2 48, 2 48 0, S_000001bb5edf0650;
 .timescale -9 -12;
v000001bb5ee4a340_0 .var "blk", 511 0;
v000001bb5ee4b740_0 .var/i "dur", 31 0;
v000001bb5ee4aca0_0 .var/i "en", 31 0;
v000001bb5ee4afc0_0 .var "exp", 255 0;
v000001bb5ee4bb00_0 .var "name", 127 0;
v000001bb5ee4b420_0 .var/i "pass", 31 0;
v000001bb5ee4b060_0 .var/i "st", 31 0;
v000001bb5ee4b100_0 .var/i "tid", 31 0;
v000001bb5ee4a660_0 .var/i "valid", 31 0;
TD_tb_sha256_single.single_block_test ;
    ; show_stmt_assign_vector: Get l-value for compressed += operand
    %load/vec4 v000001bb5ee4be20_0;
    %pushi/vec4 1, 0, 32;
    %add;
    %store/vec4 v000001bb5ee4be20_0, 0, 32;
    %load/vec4 v000001bb5ee4be20_0;
    %store/vec4 v000001bb5ee4b100_0, 0, 32;
    %vpi_func 2 51 "$time" 64 {0 0 0};
    %pad/u 32;
    %store/vec4 v000001bb5ee4b060_0, 0, 32;
    %load/vec4 v000001bb5ee4a340_0;
    %store/vec4 v000001bb5ee4ba60_0, 0, 512;
    %pushi/vec4 1, 0, 1;
    %store/vec4 v000001bb5ee4b6a0_0, 0, 1;
    %pushi/vec4 0, 0, 1;
    %store/vec4 v000001bb5ee4c000_0, 0, 1;
    %delay 10000, 0;
    %pushi/vec4 0, 0, 1;
    %store/vec4 v000001bb5ee4b6a0_0, 0, 1;
    %fork TD_tb_sha256_single.wait_ready, S_000001bb5ee498d0;
    %join;
    %vpi_func 2 53 "$time" 64 {0 0 0};
    %pad/u 32;
    %store/vec4 v000001bb5ee4aca0_0, 0, 32;
    %load/vec4 v000001bb5ee4aca0_0;
    %load/vec4 v000001bb5ee4b060_0;
    %sub;
    %store/vec4 v000001bb5ee4b740_0, 0, 32;
    %load/vec4 v000001bb5ee4a7a0_0;
    %pad/u 32;
    %store/vec4 v000001bb5ee4a660_0, 0, 32;
    %load/vec4 v000001bb5ee4a7a0_0;
    %flag_set/vec4 8;
    %flag_get/vec4 8;
    %jmp/0 T_4.2, 8;
    %load/vec4 v000001bb5ee4b380_0;
    %load/vec4 v000001bb5ee4afc0_0;
    %cmp/e;
    %flag_get/vec4 6;
    %and;
T_4.2;
    %pad/u 32;
    %store/vec4 v000001bb5ee4b420_0, 0, 32;
    %load/vec4 v000001bb5ee4b420_0;
    %nor/r;
    %flag_set/vec4 8;
    %jmp/0xz  T_4.3, 8;
    ; show_stmt_assign_vector: Get l-value for compressed += operand
    %load/vec4 v000001bb5ee4b880_0;
    %pushi/vec4 1, 0, 32;
    %add;
    %store/vec4 v000001bb5ee4b880_0, 0, 32;
T_4.3 ;
    %load/vec4 v000001bb5ee4b100_0;
    %store/vec4 v000001bb5ee4ae80_0, 0, 32;
    %load/vec4 v000001bb5ee4bb00_0;
    %store/vec4 v000001bb5ee4bba0_0, 0, 128;
    %load/vec4 v000001bb5ee4afc0_0;
    %store/vec4 v000001bb5ee4bd80_0, 0, 256;
    %load/vec4 v000001bb5ee4b380_0;
    %store/vec4 v000001bb5ee48920_0, 0, 256;
    %load/vec4 v000001bb5ee4b420_0;
    %store/vec4 v000001bb5ee4a700_0, 0, 32;
    %load/vec4 v000001bb5ee4a660_0;
    %store/vec4 v000001bb5ee4a5c0_0, 0, 32;
    %load/vec4 v000001bb5ee4aca0_0;
    %store/vec4 v000001bb5ee4b2e0_0, 0, 32;
    %load/vec4 v000001bb5ee4b740_0;
    %store/vec4 v000001bb5ee47840_0, 0, 32;
    %fork TD_tb_sha256_single.print_row, S_000001bb5ee49d80;
    %join;
    %end;
S_000001bb5ee498d0 .scope task, "wait_ready" "wait_ready" 2 26, 2 26 0, S_000001bb5edf0650;
 .timescale -9 -12;
TD_tb_sha256_single.wait_ready ;
T_5.5 ;
    %load/vec4 v000001bb5ee4a3e0_0;
    %nor/r;
    %flag_set/vec4 8;
    %jmp/0xz T_5.6, 8;
    %delay 10000, 0;
    %jmp T_5.5;
T_5.6 ;
    %end;
    .scope S_000001bb5ed8a3e0;
T_6 ;
    %wait E_000001bb5edd0610;
    %fork t_1, S_000001bb5ed7d560;
    %jmp t_0;
    .scope S_000001bb5ed7d560;
t_1 ;
    %load/vec4 v000001bb5edbe540_0;
    %dup/vec4;
    %pushi/vec4 0, 0, 6;
    %cmp/u;
    %jmp/1 T_6.0, 6;
    %dup/vec4;
    %pushi/vec4 1, 0, 6;
    %cmp/u;
    %jmp/1 T_6.1, 6;
    %dup/vec4;
    %pushi/vec4 2, 0, 6;
    %cmp/u;
    %jmp/1 T_6.2, 6;
    %dup/vec4;
    %pushi/vec4 3, 0, 6;
    %cmp/u;
    %jmp/1 T_6.3, 6;
    %dup/vec4;
    %pushi/vec4 4, 0, 6;
    %cmp/u;
    %jmp/1 T_6.4, 6;
    %dup/vec4;
    %pushi/vec4 5, 0, 6;
    %cmp/u;
    %jmp/1 T_6.5, 6;
    %dup/vec4;
    %pushi/vec4 6, 0, 6;
    %cmp/u;
    %jmp/1 T_6.6, 6;
    %dup/vec4;
    %pushi/vec4 7, 0, 6;
    %cmp/u;
    %jmp/1 T_6.7, 6;
    %dup/vec4;
    %pushi/vec4 8, 0, 6;
    %cmp/u;
    %jmp/1 T_6.8, 6;
    %dup/vec4;
    %pushi/vec4 9, 0, 6;
    %cmp/u;
    %jmp/1 T_6.9, 6;
    %dup/vec4;
    %pushi/vec4 10, 0, 6;
    %cmp/u;
    %jmp/1 T_6.10, 6;
    %dup/vec4;
    %pushi/vec4 11, 0, 6;
    %cmp/u;
    %jmp/1 T_6.11, 6;
    %dup/vec4;
    %pushi/vec4 12, 0, 6;
    %cmp/u;
    %jmp/1 T_6.12, 6;
    %dup/vec4;
    %pushi/vec4 13, 0, 6;
    %cmp/u;
    %jmp/1 T_6.13, 6;
    %dup/vec4;
    %pushi/vec4 14, 0, 6;
    %cmp/u;
    %jmp/1 T_6.14, 6;
    %dup/vec4;
    %pushi/vec4 15, 0, 6;
    %cmp/u;
    %jmp/1 T_6.15, 6;
    %dup/vec4;
    %pushi/vec4 16, 0, 6;
    %cmp/u;
    %jmp/1 T_6.16, 6;
    %dup/vec4;
    %pushi/vec4 17, 0, 6;
    %cmp/u;
    %jmp/1 T_6.17, 6;
    %dup/vec4;
    %pushi/vec4 18, 0, 6;
    %cmp/u;
    %jmp/1 T_6.18, 6;
    %dup/vec4;
    %pushi/vec4 19, 0, 6;
    %cmp/u;
    %jmp/1 T_6.19, 6;
    %dup/vec4;
    %pushi/vec4 20, 0, 6;
    %cmp/u;
    %jmp/1 T_6.20, 6;
    %dup/vec4;
    %pushi/vec4 21, 0, 6;
    %cmp/u;
    %jmp/1 T_6.21, 6;
    %dup/vec4;
    %pushi/vec4 22, 0, 6;
    %cmp/u;
    %jmp/1 T_6.22, 6;
    %dup/vec4;
    %pushi/vec4 23, 0, 6;
    %cmp/u;
    %jmp/1 T_6.23, 6;
    %dup/vec4;
    %pushi/vec4 24, 0, 6;
    %cmp/u;
    %jmp/1 T_6.24, 6;
    %dup/vec4;
    %pushi/vec4 25, 0, 6;
    %cmp/u;
    %jmp/1 T_6.25, 6;
    %dup/vec4;
    %pushi/vec4 26, 0, 6;
    %cmp/u;
    %jmp/1 T_6.26, 6;
    %dup/vec4;
    %pushi/vec4 27, 0, 6;
    %cmp/u;
    %jmp/1 T_6.27, 6;
    %dup/vec4;
    %pushi/vec4 28, 0, 6;
    %cmp/u;
    %jmp/1 T_6.28, 6;
    %dup/vec4;
    %pushi/vec4 29, 0, 6;
    %cmp/u;
    %jmp/1 T_6.29, 6;
    %dup/vec4;
    %pushi/vec4 30, 0, 6;
    %cmp/u;
    %jmp/1 T_6.30, 6;
    %dup/vec4;
    %pushi/vec4 31, 0, 6;
    %cmp/u;
    %jmp/1 T_6.31, 6;
    %dup/vec4;
    %pushi/vec4 32, 0, 6;
    %cmp/u;
    %jmp/1 T_6.32, 6;
    %dup/vec4;
    %pushi/vec4 33, 0, 6;
    %cmp/u;
    %jmp/1 T_6.33, 6;
    %dup/vec4;
    %pushi/vec4 34, 0, 6;
    %cmp/u;
    %jmp/1 T_6.34, 6;
    %dup/vec4;
    %pushi/vec4 35, 0, 6;
    %cmp/u;
    %jmp/1 T_6.35, 6;
    %dup/vec4;
    %pushi/vec4 36, 0, 6;
    %cmp/u;
    %jmp/1 T_6.36, 6;
    %dup/vec4;
    %pushi/vec4 37, 0, 6;
    %cmp/u;
    %jmp/1 T_6.37, 6;
    %dup/vec4;
    %pushi/vec4 38, 0, 6;
    %cmp/u;
    %jmp/1 T_6.38, 6;
    %dup/vec4;
    %pushi/vec4 39, 0, 6;
    %cmp/u;
    %jmp/1 T_6.39, 6;
    %dup/vec4;
    %pushi/vec4 40, 0, 6;
    %cmp/u;
    %jmp/1 T_6.40, 6;
    %dup/vec4;
    %pushi/vec4 41, 0, 6;
    %cmp/u;
    %jmp/1 T_6.41, 6;
    %dup/vec4;
    %pushi/vec4 42, 0, 6;
    %cmp/u;
    %jmp/1 T_6.42, 6;
    %dup/vec4;
    %pushi/vec4 43, 0, 6;
    %cmp/u;
    %jmp/1 T_6.43, 6;
    %dup/vec4;
    %pushi/vec4 44, 0, 6;
    %cmp/u;
    %jmp/1 T_6.44, 6;
    %dup/vec4;
    %pushi/vec4 45, 0, 6;
    %cmp/u;
    %jmp/1 T_6.45, 6;
    %dup/vec4;
    %pushi/vec4 46, 0, 6;
    %cmp/u;
    %jmp/1 T_6.46, 6;
    %dup/vec4;
    %pushi/vec4 47, 0, 6;
    %cmp/u;
    %jmp/1 T_6.47, 6;
    %dup/vec4;
    %pushi/vec4 48, 0, 6;
    %cmp/u;
    %jmp/1 T_6.48, 6;
    %dup/vec4;
    %pushi/vec4 49, 0, 6;
    %cmp/u;
    %jmp/1 T_6.49, 6;
    %dup/vec4;
    %pushi/vec4 50, 0, 6;
    %cmp/u;
    %jmp/1 T_6.50, 6;
    %dup/vec4;
    %pushi/vec4 51, 0, 6;
    %cmp/u;
    %jmp/1 T_6.51, 6;
    %dup/vec4;
    %pushi/vec4 52, 0, 6;
    %cmp/u;
    %jmp/1 T_6.52, 6;
    %dup/vec4;
    %pushi/vec4 53, 0, 6;
    %cmp/u;
    %jmp/1 T_6.53, 6;
    %dup/vec4;
    %pushi/vec4 54, 0, 6;
    %cmp/u;
    %jmp/1 T_6.54, 6;
    %dup/vec4;
    %pushi/vec4 55, 0, 6;
    %cmp/u;
    %jmp/1 T_6.55, 6;
    %dup/vec4;
    %pushi/vec4 56, 0, 6;
    %cmp/u;
    %jmp/1 T_6.56, 6;
    %dup/vec4;
    %pushi/vec4 57, 0, 6;
    %cmp/u;
    %jmp/1 T_6.57, 6;
    %dup/vec4;
    %pushi/vec4 58, 0, 6;
    %cmp/u;
    %jmp/1 T_6.58, 6;
    %dup/vec4;
    %pushi/vec4 59, 0, 6;
    %cmp/u;
    %jmp/1 T_6.59, 6;
    %dup/vec4;
    %pushi/vec4 60, 0, 6;
    %cmp/u;
    %jmp/1 T_6.60, 6;
    %dup/vec4;
    %pushi/vec4 61, 0, 6;
    %cmp/u;
    %jmp/1 T_6.61, 6;
    %dup/vec4;
    %pushi/vec4 62, 0, 6;
    %cmp/u;
    %jmp/1 T_6.62, 6;
    %dup/vec4;
    %pushi/vec4 63, 0, 6;
    %cmp/u;
    %jmp/1 T_6.63, 6;
    %jmp T_6.64;
T_6.0 ;
    %pushi/vec4 1116352408, 0, 32;
    %store/vec4 v000001bb5edbea40_0, 0, 32;
    %jmp T_6.64;
T_6.1 ;
    %pushi/vec4 1899447441, 0, 32;
    %store/vec4 v000001bb5edbea40_0, 0, 32;
    %jmp T_6.64;
T_6.2 ;
    %pushi/vec4 3049323471, 0, 32;
    %store/vec4 v000001bb5edbea40_0, 0, 32;
    %jmp T_6.64;
T_6.3 ;
    %pushi/vec4 3921009573, 0, 32;
    %store/vec4 v000001bb5edbea40_0, 0, 32;
    %jmp T_6.64;
T_6.4 ;
    %pushi/vec4 961987163, 0, 32;
    %store/vec4 v000001bb5edbea40_0, 0, 32;
    %jmp T_6.64;
T_6.5 ;
    %pushi/vec4 1508970993, 0, 32;
    %store/vec4 v000001bb5edbea40_0, 0, 32;
    %jmp T_6.64;
T_6.6 ;
    %pushi/vec4 2453635748, 0, 32;
    %store/vec4 v000001bb5edbea40_0, 0, 32;
    %jmp T_6.64;
T_6.7 ;
    %pushi/vec4 2870763221, 0, 32;
    %store/vec4 v000001bb5edbea40_0, 0, 32;
    %jmp T_6.64;
T_6.8 ;
    %pushi/vec4 3624381080, 0, 32;
    %store/vec4 v000001bb5edbea40_0, 0, 32;
    %jmp T_6.64;
T_6.9 ;
    %pushi/vec4 310598401, 0, 32;
    %store/vec4 v000001bb5edbea40_0, 0, 32;
    %jmp T_6.64;
T_6.10 ;
    %pushi/vec4 607225278, 0, 32;
    %store/vec4 v000001bb5edbea40_0, 0, 32;
    %jmp T_6.64;
T_6.11 ;
    %pushi/vec4 1426881987, 0, 32;
    %store/vec4 v000001bb5edbea40_0, 0, 32;
    %jmp T_6.64;
T_6.12 ;
    %pushi/vec4 1925078388, 0, 32;
    %store/vec4 v000001bb5edbea40_0, 0, 32;
    %jmp T_6.64;
T_6.13 ;
    %pushi/vec4 2162078206, 0, 32;
    %store/vec4 v000001bb5edbea40_0, 0, 32;
    %jmp T_6.64;
T_6.14 ;
    %pushi/vec4 2614888103, 0, 32;
    %store/vec4 v000001bb5edbea40_0, 0, 32;
    %jmp T_6.64;
T_6.15 ;
    %pushi/vec4 3248222580, 0, 32;
    %store/vec4 v000001bb5edbea40_0, 0, 32;
    %jmp T_6.64;
T_6.16 ;
    %pushi/vec4 3835390401, 0, 32;
    %store/vec4 v000001bb5edbea40_0, 0, 32;
    %jmp T_6.64;
T_6.17 ;
    %pushi/vec4 4022224774, 0, 32;
    %store/vec4 v000001bb5edbea40_0, 0, 32;
    %jmp T_6.64;
T_6.18 ;
    %pushi/vec4 264347078, 0, 32;
    %store/vec4 v000001bb5edbea40_0, 0, 32;
    %jmp T_6.64;
T_6.19 ;
    %pushi/vec4 604807628, 0, 32;
    %store/vec4 v000001bb5edbea40_0, 0, 32;
    %jmp T_6.64;
T_6.20 ;
    %pushi/vec4 770255983, 0, 32;
    %store/vec4 v000001bb5edbea40_0, 0, 32;
    %jmp T_6.64;
T_6.21 ;
    %pushi/vec4 1249150122, 0, 32;
    %store/vec4 v000001bb5edbea40_0, 0, 32;
    %jmp T_6.64;
T_6.22 ;
    %pushi/vec4 1555081692, 0, 32;
    %store/vec4 v000001bb5edbea40_0, 0, 32;
    %jmp T_6.64;
T_6.23 ;
    %pushi/vec4 1996064986, 0, 32;
    %store/vec4 v000001bb5edbea40_0, 0, 32;
    %jmp T_6.64;
T_6.24 ;
    %pushi/vec4 2554220882, 0, 32;
    %store/vec4 v000001bb5edbea40_0, 0, 32;
    %jmp T_6.64;
T_6.25 ;
    %pushi/vec4 2821834349, 0, 32;
    %store/vec4 v000001bb5edbea40_0, 0, 32;
    %jmp T_6.64;
T_6.26 ;
    %pushi/vec4 2952996808, 0, 32;
    %store/vec4 v000001bb5edbea40_0, 0, 32;
    %jmp T_6.64;
T_6.27 ;
    %pushi/vec4 3210313671, 0, 32;
    %store/vec4 v000001bb5edbea40_0, 0, 32;
    %jmp T_6.64;
T_6.28 ;
    %pushi/vec4 3336571891, 0, 32;
    %store/vec4 v000001bb5edbea40_0, 0, 32;
    %jmp T_6.64;
T_6.29 ;
    %pushi/vec4 3584528711, 0, 32;
    %store/vec4 v000001bb5edbea40_0, 0, 32;
    %jmp T_6.64;
T_6.30 ;
    %pushi/vec4 113926993, 0, 32;
    %store/vec4 v000001bb5edbea40_0, 0, 32;
    %jmp T_6.64;
T_6.31 ;
    %pushi/vec4 338241895, 0, 32;
    %store/vec4 v000001bb5edbea40_0, 0, 32;
    %jmp T_6.64;
T_6.32 ;
    %pushi/vec4 666307205, 0, 32;
    %store/vec4 v000001bb5edbea40_0, 0, 32;
    %jmp T_6.64;
T_6.33 ;
    %pushi/vec4 773529912, 0, 32;
    %store/vec4 v000001bb5edbea40_0, 0, 32;
    %jmp T_6.64;
T_6.34 ;
    %pushi/vec4 1294757372, 0, 32;
    %store/vec4 v000001bb5edbea40_0, 0, 32;
    %jmp T_6.64;
T_6.35 ;
    %pushi/vec4 1396182291, 0, 32;
    %store/vec4 v000001bb5edbea40_0, 0, 32;
    %jmp T_6.64;
T_6.36 ;
    %pushi/vec4 1695183700, 0, 32;
    %store/vec4 v000001bb5edbea40_0, 0, 32;
    %jmp T_6.64;
T_6.37 ;
    %pushi/vec4 1986661051, 0, 32;
    %store/vec4 v000001bb5edbea40_0, 0, 32;
    %jmp T_6.64;
T_6.38 ;
    %pushi/vec4 2177026350, 0, 32;
    %store/vec4 v000001bb5edbea40_0, 0, 32;
    %jmp T_6.64;
T_6.39 ;
    %pushi/vec4 2456956037, 0, 32;
    %store/vec4 v000001bb5edbea40_0, 0, 32;
    %jmp T_6.64;
T_6.40 ;
    %pushi/vec4 2730485921, 0, 32;
    %store/vec4 v000001bb5edbea40_0, 0, 32;
    %jmp T_6.64;
T_6.41 ;
    %pushi/vec4 2820302411, 0, 32;
    %store/vec4 v000001bb5edbea40_0, 0, 32;
    %jmp T_6.64;
T_6.42 ;
    %pushi/vec4 3259730800, 0, 32;
    %store/vec4 v000001bb5edbea40_0, 0, 32;
    %jmp T_6.64;
T_6.43 ;
    %pushi/vec4 3345764771, 0, 32;
    %store/vec4 v000001bb5edbea40_0, 0, 32;
    %jmp T_6.64;
T_6.44 ;
    %pushi/vec4 3516065817, 0, 32;
    %store/vec4 v000001bb5edbea40_0, 0, 32;
    %jmp T_6.64;
T_6.45 ;
    %pushi/vec4 3600352804, 0, 32;
    %store/vec4 v000001bb5edbea40_0, 0, 32;
    %jmp T_6.64;
T_6.46 ;
    %pushi/vec4 4094571909, 0, 32;
    %store/vec4 v000001bb5edbea40_0, 0, 32;
    %jmp T_6.64;
T_6.47 ;
    %pushi/vec4 275423344, 0, 32;
    %store/vec4 v000001bb5edbea40_0, 0, 32;
    %jmp T_6.64;
T_6.48 ;
    %pushi/vec4 430227734, 0, 32;
    %store/vec4 v000001bb5edbea40_0, 0, 32;
    %jmp T_6.64;
T_6.49 ;
    %pushi/vec4 506948616, 0, 32;
    %store/vec4 v000001bb5edbea40_0, 0, 32;
    %jmp T_6.64;
T_6.50 ;
    %pushi/vec4 659060556, 0, 32;
    %store/vec4 v000001bb5edbea40_0, 0, 32;
    %jmp T_6.64;
T_6.51 ;
    %pushi/vec4 883997877, 0, 32;
    %store/vec4 v000001bb5edbea40_0, 0, 32;
    %jmp T_6.64;
T_6.52 ;
    %pushi/vec4 958139571, 0, 32;
    %store/vec4 v000001bb5edbea40_0, 0, 32;
    %jmp T_6.64;
T_6.53 ;
    %pushi/vec4 1322822218, 0, 32;
    %store/vec4 v000001bb5edbea40_0, 0, 32;
    %jmp T_6.64;
T_6.54 ;
    %pushi/vec4 1537002063, 0, 32;
    %store/vec4 v000001bb5edbea40_0, 0, 32;
    %jmp T_6.64;
T_6.55 ;
    %pushi/vec4 1747873779, 0, 32;
    %store/vec4 v000001bb5edbea40_0, 0, 32;
    %jmp T_6.64;
T_6.56 ;
    %pushi/vec4 1955562222, 0, 32;
    %store/vec4 v000001bb5edbea40_0, 0, 32;
    %jmp T_6.64;
T_6.57 ;
    %pushi/vec4 2024104815, 0, 32;
    %store/vec4 v000001bb5edbea40_0, 0, 32;
    %jmp T_6.64;
T_6.58 ;
    %pushi/vec4 2227730452, 0, 32;
    %store/vec4 v000001bb5edbea40_0, 0, 32;
    %jmp T_6.64;
T_6.59 ;
    %pushi/vec4 2361852424, 0, 32;
    %store/vec4 v000001bb5edbea40_0, 0, 32;
    %jmp T_6.64;
T_6.60 ;
    %pushi/vec4 2428436474, 0, 32;
    %store/vec4 v000001bb5edbea40_0, 0, 32;
    %jmp T_6.64;
T_6.61 ;
    %pushi/vec4 2756734187, 0, 32;
    %store/vec4 v000001bb5edbea40_0, 0, 32;
    %jmp T_6.64;
T_6.62 ;
    %pushi/vec4 3204031479, 0, 32;
    %store/vec4 v000001bb5edbea40_0, 0, 32;
    %jmp T_6.64;
T_6.63 ;
    %pushi/vec4 3329325298, 0, 32;
    %store/vec4 v000001bb5edbea40_0, 0, 32;
    %jmp T_6.64;
T_6.64 ;
    %pop/vec4 1;
    %end;
    .scope S_000001bb5ed8a3e0;
t_0 %join;
    %jmp T_6;
    .thread T_6, $push;
    .scope S_000001bb5edfebe0;
T_7 ;
    %wait E_000001bb5edd0590;
    %fork t_3, S_000001bb5edfed70;
    %jmp t_2;
    .scope S_000001bb5edfed70;
t_3 ;
    %load/vec4 v000001bb5ee44940_0;
    %nor/r;
    %flag_set/vec4 8;
    %jmp/0xz  T_7.0, 8;
    %pushi/vec4 0, 0, 32;
    %store/vec4 v000001bb5edbe220_0, 0, 32;
T_7.2 ;
    %load/vec4 v000001bb5edbe220_0;
    %cmpi/s 16, 0, 32;
    %jmp/0xz T_7.3, 5;
    %pushi/vec4 0, 0, 32;
    %ix/getv/s 3, v000001bb5edbe220_0;
    %ix/load 4, 0, 0; Constant delay
    %assign/vec4/a/d v000001bb5ee45980, 0, 4;
    %load/vec4 v000001bb5edbe220_0;
    %addi 1, 0, 32;
    %store/vec4 v000001bb5edbe220_0, 0, 32;
    %jmp T_7.2;
T_7.3 ;
    %jmp T_7.1;
T_7.0 ;
    %load/vec4 v000001bb5ee45b60_0;
    %flag_set/vec4 8;
    %jmp/0xz  T_7.4, 8;
    %load/vec4 v000001bb5ee44440_0;
    %ix/load 3, 0, 0;
    %flag_set/imm 4, 0;
    %ix/load 4, 0, 0; Constant delay
    %assign/vec4/a/d v000001bb5ee45980, 0, 4;
    %load/vec4 v000001bb5ee455c0_0;
    %ix/load 3, 1, 0;
    %flag_set/imm 4, 0;
    %ix/load 4, 0, 0; Constant delay
    %assign/vec4/a/d v000001bb5ee45980, 0, 4;
    %load/vec4 v000001bb5ee448a0_0;
    %ix/load 3, 2, 0;
    %flag_set/imm 4, 0;
    %ix/load 4, 0, 0; Constant delay
    %assign/vec4/a/d v000001bb5ee45980, 0, 4;
    %load/vec4 v000001bb5ee45660_0;
    %ix/load 3, 3, 0;
    %flag_set/imm 4, 0;
    %ix/load 4, 0, 0; Constant delay
    %assign/vec4/a/d v000001bb5ee45980, 0, 4;
    %load/vec4 v000001bb5ee45ac0_0;
    %ix/load 3, 4, 0;
    %flag_set/imm 4, 0;
    %ix/load 4, 0, 0; Constant delay
    %assign/vec4/a/d v000001bb5ee45980, 0, 4;
    %load/vec4 v000001bb5ee44ee0_0;
    %ix/load 3, 5, 0;
    %flag_set/imm 4, 0;
    %ix/load 4, 0, 0; Constant delay
    %assign/vec4/a/d v000001bb5ee45980, 0, 4;
    %load/vec4 v000001bb5ee44f80_0;
    %ix/load 3, 6, 0;
    %flag_set/imm 4, 0;
    %ix/load 4, 0, 0; Constant delay
    %assign/vec4/a/d v000001bb5ee45980, 0, 4;
    %load/vec4 v000001bb5ee44da0_0;
    %ix/load 3, 7, 0;
    %flag_set/imm 4, 0;
    %ix/load 4, 0, 0; Constant delay
    %assign/vec4/a/d v000001bb5ee45980, 0, 4;
    %load/vec4 v000001bb5ee44a80_0;
    %ix/load 3, 8, 0;
    %flag_set/imm 4, 0;
    %ix/load 4, 0, 0; Constant delay
    %assign/vec4/a/d v000001bb5ee45980, 0, 4;
    %load/vec4 v000001bb5ee45700_0;
    %ix/load 3, 9, 0;
    %flag_set/imm 4, 0;
    %ix/load 4, 0, 0; Constant delay
    %assign/vec4/a/d v000001bb5ee45980, 0, 4;
    %load/vec4 v000001bb5ee44b20_0;
    %ix/load 3, 10, 0;
    %flag_set/imm 4, 0;
    %ix/load 4, 0, 0; Constant delay
    %assign/vec4/a/d v000001bb5ee45980, 0, 4;
    %load/vec4 v000001bb5ee44620_0;
    %ix/load 3, 11, 0;
    %flag_set/imm 4, 0;
    %ix/load 4, 0, 0; Constant delay
    %assign/vec4/a/d v000001bb5ee45980, 0, 4;
    %load/vec4 v000001bb5ee44bc0_0;
    %ix/load 3, 12, 0;
    %flag_set/imm 4, 0;
    %ix/load 4, 0, 0; Constant delay
    %assign/vec4/a/d v000001bb5ee45980, 0, 4;
    %load/vec4 v000001bb5ee45520_0;
    %ix/load 3, 13, 0;
    %flag_set/imm 4, 0;
    %ix/load 4, 0, 0; Constant delay
    %assign/vec4/a/d v000001bb5ee45980, 0, 4;
    %load/vec4 v000001bb5ee44c60_0;
    %ix/load 3, 14, 0;
    %flag_set/imm 4, 0;
    %ix/load 4, 0, 0; Constant delay
    %assign/vec4/a/d v000001bb5ee45980, 0, 4;
    %load/vec4 v000001bb5ee446c0_0;
    %ix/load 3, 15, 0;
    %flag_set/imm 4, 0;
    %ix/load 4, 0, 0; Constant delay
    %assign/vec4/a/d v000001bb5ee45980, 0, 4;
T_7.4 ;
T_7.1 ;
    %end;
    .scope S_000001bb5edfebe0;
t_2 %join;
    %jmp T_7;
    .thread T_7;
    .scope S_000001bb5edfebe0;
T_8 ;
    %wait E_000001bb5edd0650;
    %fork t_5, S_000001bb5ee440d0;
    %jmp t_4;
    .scope S_000001bb5ee440d0;
t_5 ;
    %load/vec4 v000001bb5ee449e0_0;
    %pad/u 32;
    %cmpi/u 16, 0, 32;
    %jmp/0xz  T_8.0, 5;
    %load/vec4 v000001bb5ee449e0_0;
    %parti/s 4, 0, 2;
    %pad/u 6;
    %ix/vec4 4;
    %load/vec4a v000001bb5ee45980, 4;
    %store/vec4 v000001bb5ee457a0_0, 0, 32;
    %jmp T_8.1;
T_8.0 ;
    %load/vec4 v000001bb5ee46100_0;
    %store/vec4 v000001bb5ee457a0_0, 0, 32;
T_8.1 ;
    %end;
    .scope S_000001bb5edfebe0;
t_4 %join;
    %jmp T_8;
    .thread T_8, $push;
    .scope S_000001bb5edfebe0;
T_9 ;
    %wait E_000001bb5edd0550;
    %fork t_7, S_000001bb5ee44260;
    %jmp t_6;
    .scope S_000001bb5ee44260;
t_7 ;
    %pushi/vec4 0, 0, 32;
    %store/vec4 v000001bb5ee44440_0, 0, 32;
    %pushi/vec4 0, 0, 32;
    %store/vec4 v000001bb5ee455c0_0, 0, 32;
    %pushi/vec4 0, 0, 32;
    %store/vec4 v000001bb5ee448a0_0, 0, 32;
    %pushi/vec4 0, 0, 32;
    %store/vec4 v000001bb5ee45660_0, 0, 32;
    %pushi/vec4 0, 0, 32;
    %store/vec4 v000001bb5ee45ac0_0, 0, 32;
    %pushi/vec4 0, 0, 32;
    %store/vec4 v000001bb5ee44ee0_0, 0, 32;
    %pushi/vec4 0, 0, 32;
    %store/vec4 v000001bb5ee44f80_0, 0, 32;
    %pushi/vec4 0, 0, 32;
    %store/vec4 v000001bb5ee44da0_0, 0, 32;
    %pushi/vec4 0, 0, 32;
    %store/vec4 v000001bb5ee44a80_0, 0, 32;
    %pushi/vec4 0, 0, 32;
    %store/vec4 v000001bb5ee45700_0, 0, 32;
    %pushi/vec4 0, 0, 32;
    %store/vec4 v000001bb5ee44b20_0, 0, 32;
    %pushi/vec4 0, 0, 32;
    %store/vec4 v000001bb5ee44620_0, 0, 32;
    %pushi/vec4 0, 0, 32;
    %store/vec4 v000001bb5ee44bc0_0, 0, 32;
    %pushi/vec4 0, 0, 32;
    %store/vec4 v000001bb5ee45520_0, 0, 32;
    %pushi/vec4 0, 0, 32;
    %store/vec4 v000001bb5ee44c60_0, 0, 32;
    %pushi/vec4 0, 0, 32;
    %store/vec4 v000001bb5ee446c0_0, 0, 32;
    %pushi/vec4 0, 0, 1;
    %store/vec4 v000001bb5ee45b60_0, 0, 1;
    %ix/load 4, 0, 0;
    %flag_set/imm 4, 0;
    %load/vec4a v000001bb5ee45980, 4;
    %store/vec4 v000001bb5ee458e0_0, 0, 32;
    %ix/load 4, 1, 0;
    %flag_set/imm 4, 0;
    %load/vec4a v000001bb5ee45980, 4;
    %store/vec4 v000001bb5ee444e0_0, 0, 32;
    %ix/load 4, 9, 0;
    %flag_set/imm 4, 0;
    %load/vec4a v000001bb5ee45980, 4;
    %store/vec4 v000001bb5ee46060_0, 0, 32;
    %ix/load 4, 14, 0;
    %flag_set/imm 4, 0;
    %load/vec4a v000001bb5ee45980, 4;
    %store/vec4 v000001bb5ee45d40_0, 0, 32;
    %load/vec4 v000001bb5ee444e0_0;
    %parti/s 7, 0, 2;
    %load/vec4 v000001bb5ee444e0_0;
    %parti/s 25, 7, 4;
    %concat/vec4; draw_concat_vec4
    %load/vec4 v000001bb5ee444e0_0;
    %parti/s 18, 0, 2;
    %load/vec4 v000001bb5ee444e0_0;
    %parti/s 14, 18, 6;
    %concat/vec4; draw_concat_vec4
    %xor;
    %pushi/vec4 0, 0, 3;
    %load/vec4 v000001bb5ee444e0_0;
    %parti/s 29, 3, 3;
    %concat/vec4; draw_concat_vec4
    %xor;
    %store/vec4 v000001bb5edbe2c0_0, 0, 32;
    %load/vec4 v000001bb5ee45d40_0;
    %parti/s 17, 0, 2;
    %load/vec4 v000001bb5ee45d40_0;
    %parti/s 15, 17, 6;
    %concat/vec4; draw_concat_vec4
    %load/vec4 v000001bb5ee45d40_0;
    %parti/s 19, 0, 2;
    %load/vec4 v000001bb5ee45d40_0;
    %parti/s 13, 19, 6;
    %concat/vec4; draw_concat_vec4
    %xor;
    %pushi/vec4 0, 0, 10;
    %load/vec4 v000001bb5ee45d40_0;
    %parti/s 22, 10, 5;
    %concat/vec4; draw_concat_vec4
    %xor;
    %store/vec4 v000001bb5edbe360_0, 0, 32;
    %load/vec4 v000001bb5edbe360_0;
    %load/vec4 v000001bb5ee46060_0;
    %add;
    %load/vec4 v000001bb5edbe2c0_0;
    %add;
    %load/vec4 v000001bb5ee458e0_0;
    %add;
    %store/vec4 v000001bb5ee46100_0, 0, 32;
    %load/vec4 v000001bb5ee45c00_0;
    %flag_set/vec4 8;
    %jmp/0xz  T_9.0, 8;
    %load/vec4 v000001bb5ee45a20_0;
    %parti/s 32, 480, 10;
    %store/vec4 v000001bb5ee44440_0, 0, 32;
    %load/vec4 v000001bb5ee45a20_0;
    %parti/s 32, 448, 10;
    %store/vec4 v000001bb5ee455c0_0, 0, 32;
    %load/vec4 v000001bb5ee45a20_0;
    %parti/s 32, 416, 10;
    %store/vec4 v000001bb5ee448a0_0, 0, 32;
    %load/vec4 v000001bb5ee45a20_0;
    %parti/s 32, 384, 10;
    %store/vec4 v000001bb5ee45660_0, 0, 32;
    %load/vec4 v000001bb5ee45a20_0;
    %parti/s 32, 352, 10;
    %store/vec4 v000001bb5ee45ac0_0, 0, 32;
    %load/vec4 v000001bb5ee45a20_0;
    %parti/s 32, 320, 10;
    %store/vec4 v000001bb5ee44ee0_0, 0, 32;
    %load/vec4 v000001bb5ee45a20_0;
    %parti/s 32, 288, 10;
    %store/vec4 v000001bb5ee44f80_0, 0, 32;
    %load/vec4 v000001bb5ee45a20_0;
    %parti/s 32, 256, 10;
    %store/vec4 v000001bb5ee44da0_0, 0, 32;
    %load/vec4 v000001bb5ee45a20_0;
    %parti/s 32, 224, 9;
    %store/vec4 v000001bb5ee44a80_0, 0, 32;
    %load/vec4 v000001bb5ee45a20_0;
    %parti/s 32, 192, 9;
    %store/vec4 v000001bb5ee45700_0, 0, 32;
    %load/vec4 v000001bb5ee45a20_0;
    %parti/s 32, 160, 9;
    %store/vec4 v000001bb5ee44b20_0, 0, 32;
    %load/vec4 v000001bb5ee45a20_0;
    %parti/s 32, 128, 9;
    %store/vec4 v000001bb5ee44620_0, 0, 32;
    %load/vec4 v000001bb5ee45a20_0;
    %parti/s 32, 96, 8;
    %store/vec4 v000001bb5ee44bc0_0, 0, 32;
    %load/vec4 v000001bb5ee45a20_0;
    %parti/s 32, 64, 8;
    %store/vec4 v000001bb5ee45520_0, 0, 32;
    %load/vec4 v000001bb5ee45a20_0;
    %parti/s 32, 32, 7;
    %store/vec4 v000001bb5ee44c60_0, 0, 32;
    %load/vec4 v000001bb5ee45a20_0;
    %parti/s 32, 0, 2;
    %store/vec4 v000001bb5ee446c0_0, 0, 32;
    %pushi/vec4 1, 0, 1;
    %store/vec4 v000001bb5ee45b60_0, 0, 1;
T_9.0 ;
    %load/vec4 v000001bb5ee44580_0;
    %flag_set/vec4 9;
    %flag_get/vec4 9;
    %jmp/0 T_9.4, 9;
    %pushi/vec4 15, 0, 32;
    %load/vec4 v000001bb5ee449e0_0;
    %pad/u 32;
    %cmp/u;
    %flag_get/vec4 5;
    %and;
T_9.4;
    %flag_set/vec4 8;
    %jmp/0xz  T_9.2, 8;
    %ix/load 4, 1, 0;
    %flag_set/imm 4, 0;
    %load/vec4a v000001bb5ee45980, 4;
    %store/vec4 v000001bb5ee44440_0, 0, 32;
    %ix/load 4, 2, 0;
    %flag_set/imm 4, 0;
    %load/vec4a v000001bb5ee45980, 4;
    %store/vec4 v000001bb5ee455c0_0, 0, 32;
    %ix/load 4, 3, 0;
    %flag_set/imm 4, 0;
    %load/vec4a v000001bb5ee45980, 4;
    %store/vec4 v000001bb5ee448a0_0, 0, 32;
    %ix/load 4, 4, 0;
    %flag_set/imm 4, 0;
    %load/vec4a v000001bb5ee45980, 4;
    %store/vec4 v000001bb5ee45660_0, 0, 32;
    %ix/load 4, 5, 0;
    %flag_set/imm 4, 0;
    %load/vec4a v000001bb5ee45980, 4;
    %store/vec4 v000001bb5ee45ac0_0, 0, 32;
    %ix/load 4, 6, 0;
    %flag_set/imm 4, 0;
    %load/vec4a v000001bb5ee45980, 4;
    %store/vec4 v000001bb5ee44ee0_0, 0, 32;
    %ix/load 4, 7, 0;
    %flag_set/imm 4, 0;
    %load/vec4a v000001bb5ee45980, 4;
    %store/vec4 v000001bb5ee44f80_0, 0, 32;
    %ix/load 4, 8, 0;
    %flag_set/imm 4, 0;
    %load/vec4a v000001bb5ee45980, 4;
    %store/vec4 v000001bb5ee44da0_0, 0, 32;
    %ix/load 4, 9, 0;
    %flag_set/imm 4, 0;
    %load/vec4a v000001bb5ee45980, 4;
    %store/vec4 v000001bb5ee44a80_0, 0, 32;
    %ix/load 4, 10, 0;
    %flag_set/imm 4, 0;
    %load/vec4a v000001bb5ee45980, 4;
    %store/vec4 v000001bb5ee45700_0, 0, 32;
    %ix/load 4, 11, 0;
    %flag_set/imm 4, 0;
    %load/vec4a v000001bb5ee45980, 4;
    %store/vec4 v000001bb5ee44b20_0, 0, 32;
    %ix/load 4, 12, 0;
    %flag_set/imm 4, 0;
    %load/vec4a v000001bb5ee45980, 4;
    %store/vec4 v000001bb5ee44620_0, 0, 32;
    %ix/load 4, 13, 0;
    %flag_set/imm 4, 0;
    %load/vec4a v000001bb5ee45980, 4;
    %store/vec4 v000001bb5ee44bc0_0, 0, 32;
    %ix/load 4, 14, 0;
    %flag_set/imm 4, 0;
    %load/vec4a v000001bb5ee45980, 4;
    %store/vec4 v000001bb5ee45520_0, 0, 32;
    %ix/load 4, 15, 0;
    %flag_set/imm 4, 0;
    %load/vec4a v000001bb5ee45980, 4;
    %store/vec4 v000001bb5ee44c60_0, 0, 32;
    %load/vec4 v000001bb5ee46100_0;
    %store/vec4 v000001bb5ee446c0_0, 0, 32;
    %pushi/vec4 1, 0, 1;
    %store/vec4 v000001bb5ee45b60_0, 0, 1;
T_9.2 ;
    %end;
    .scope S_000001bb5edfebe0;
t_6 %join;
    %jmp T_9;
    .thread T_9, $push;
    .scope S_000001bb5edf19f0;
T_10 ;
    %wait E_000001bb5edd0590;
    %fork t_9, S_000001bb5ed7d6f0;
    %jmp t_8;
    .scope S_000001bb5ed7d6f0;
t_9 ;
    %load/vec4 v000001bb5ee47340_0;
    %nor/r;
    %flag_set/vec4 8;
    %jmp/0xz  T_10.0, 8;
    %pushi/vec4 0, 0, 32;
    %assign/vec4 v000001bb5ee478e0_0, 0;
    %pushi/vec4 0, 0, 32;
    %assign/vec4 v000001bb5ee482e0_0, 0;
    %pushi/vec4 0, 0, 32;
    %assign/vec4 v000001bb5ee46ee0_0, 0;
    %pushi/vec4 0, 0, 32;
    %assign/vec4 v000001bb5ee46e40_0, 0;
    %pushi/vec4 0, 0, 32;
    %assign/vec4 v000001bb5ee46c60_0, 0;
    %pushi/vec4 0, 0, 32;
    %assign/vec4 v000001bb5ee47a20_0, 0;
    %pushi/vec4 0, 0, 32;
    %assign/vec4 v000001bb5ee48a60_0, 0;
    %pushi/vec4 0, 0, 32;
    %assign/vec4 v000001bb5ee47160_0, 0;
    %pushi/vec4 0, 0, 32;
    %assign/vec4 v000001bb5ee45ca0_0, 0;
    %pushi/vec4 0, 0, 32;
    %assign/vec4 v000001bb5ee45e80_0, 0;
    %pushi/vec4 0, 0, 32;
    %assign/vec4 v000001bb5ee44e40_0, 0;
    %pushi/vec4 0, 0, 32;
    %assign/vec4 v000001bb5ee45fc0_0, 0;
    %pushi/vec4 0, 0, 32;
    %assign/vec4 v000001bb5ee462e0_0, 0;
    %pushi/vec4 0, 0, 32;
    %assign/vec4 v000001bb5ee45340_0, 0;
    %pushi/vec4 0, 0, 32;
    %assign/vec4 v000001bb5ee450c0_0, 0;
    %pushi/vec4 0, 0, 32;
    %assign/vec4 v000001bb5ee45200_0, 0;
    %pushi/vec4 0, 0, 1;
    %assign/vec4 v000001bb5ee48240_0, 0;
    %pushi/vec4 0, 0, 6;
    %assign/vec4 v000001bb5ee477a0_0, 0;
    %pushi/vec4 0, 0, 2;
    %assign/vec4 v000001bb5ee46d00_0, 0;
    %jmp T_10.1;
T_10.0 ;
    %load/vec4 v000001bb5ee453e0_0;
    %flag_set/vec4 8;
    %jmp/0xz  T_10.2, 8;
    %load/vec4 v000001bb5ee45480_0;
    %assign/vec4 v000001bb5ee478e0_0, 0;
    %load/vec4 v000001bb5ee47480_0;
    %assign/vec4 v000001bb5ee482e0_0, 0;
    %load/vec4 v000001bb5ee47c00_0;
    %assign/vec4 v000001bb5ee46ee0_0, 0;
    %load/vec4 v000001bb5ee47980_0;
    %assign/vec4 v000001bb5ee46e40_0, 0;
    %load/vec4 v000001bb5ee47d40_0;
    %assign/vec4 v000001bb5ee46c60_0, 0;
    %load/vec4 v000001bb5ee47e80_0;
    %assign/vec4 v000001bb5ee47a20_0, 0;
    %load/vec4 v000001bb5ee47b60_0;
    %assign/vec4 v000001bb5ee48a60_0, 0;
    %load/vec4 v000001bb5ee473e0_0;
    %assign/vec4 v000001bb5ee47160_0, 0;
T_10.2 ;
    %load/vec4 v000001bb5ee452a0_0;
    %flag_set/vec4 8;
    %jmp/0xz  T_10.4, 8;
    %load/vec4 v000001bb5ee44d00_0;
    %assign/vec4 v000001bb5ee45ca0_0, 0;
    %load/vec4 v000001bb5ee45de0_0;
    %assign/vec4 v000001bb5ee45e80_0, 0;
    %load/vec4 v000001bb5ee45f20_0;
    %assign/vec4 v000001bb5ee44e40_0, 0;
    %load/vec4 v000001bb5ee461a0_0;
    %assign/vec4 v000001bb5ee45fc0_0, 0;
    %load/vec4 v000001bb5ee46240_0;
    %assign/vec4 v000001bb5ee462e0_0, 0;
    %load/vec4 v000001bb5ee44760_0;
    %assign/vec4 v000001bb5ee45340_0, 0;
    %load/vec4 v000001bb5ee45020_0;
    %assign/vec4 v000001bb5ee450c0_0, 0;
    %load/vec4 v000001bb5ee45160_0;
    %assign/vec4 v000001bb5ee45200_0, 0;
T_10.4 ;
    %load/vec4 v000001bb5ee489c0_0;
    %flag_set/vec4 8;
    %jmp/0xz  T_10.6, 8;
    %load/vec4 v000001bb5ee47660_0;
    %assign/vec4 v000001bb5ee477a0_0, 0;
T_10.6 ;
    %load/vec4 v000001bb5ee48380_0;
    %flag_set/vec4 8;
    %jmp/0xz  T_10.8, 8;
    %load/vec4 v000001bb5ee487e0_0;
    %assign/vec4 v000001bb5ee48240_0, 0;
T_10.8 ;
    %load/vec4 v000001bb5ee472a0_0;
    %flag_set/vec4 8;
    %jmp/0xz  T_10.10, 8;
    %load/vec4 v000001bb5ee48600_0;
    %assign/vec4 v000001bb5ee46d00_0, 0;
T_10.10 ;
T_10.1 ;
    %end;
    .scope S_000001bb5edf19f0;
t_8 %join;
    %jmp T_10;
    .thread T_10;
    .scope S_000001bb5edf19f0;
T_11 ;
    %wait E_000001bb5edd03d0;
    %fork t_11, S_000001bb5ed8a250;
    %jmp t_10;
    .scope S_000001bb5ed8a250;
t_11 ;
    %pushi/vec4 0, 0, 32;
    %store/vec4 v000001bb5ee44d00_0, 0, 32;
    %pushi/vec4 0, 0, 32;
    %store/vec4 v000001bb5ee45de0_0, 0, 32;
    %pushi/vec4 0, 0, 32;
    %store/vec4 v000001bb5ee45f20_0, 0, 32;
    %pushi/vec4 0, 0, 32;
    %store/vec4 v000001bb5ee461a0_0, 0, 32;
    %pushi/vec4 0, 0, 32;
    %store/vec4 v000001bb5ee46240_0, 0, 32;
    %pushi/vec4 0, 0, 32;
    %store/vec4 v000001bb5ee44760_0, 0, 32;
    %pushi/vec4 0, 0, 32;
    %store/vec4 v000001bb5ee45020_0, 0, 32;
    %pushi/vec4 0, 0, 32;
    %store/vec4 v000001bb5ee45160_0, 0, 32;
    %pushi/vec4 0, 0, 1;
    %store/vec4 v000001bb5ee452a0_0, 0, 1;
    %load/vec4 v000001bb5ee46f80_0;
    %flag_set/vec4 8;
    %jmp/0xz  T_11.0, 8;
    %pushi/vec4 1, 0, 1;
    %store/vec4 v000001bb5ee452a0_0, 0, 1;
    %load/vec4 v000001bb5ee47520_0;
    %flag_set/vec4 8;
    %jmp/0xz  T_11.2, 8;
    %pushi/vec4 1779033703, 0, 32;
    %store/vec4 v000001bb5ee44d00_0, 0, 32;
    %pushi/vec4 3144134277, 0, 32;
    %store/vec4 v000001bb5ee45de0_0, 0, 32;
    %pushi/vec4 1013904242, 0, 32;
    %store/vec4 v000001bb5ee45f20_0, 0, 32;
    %pushi/vec4 2773480762, 0, 32;
    %store/vec4 v000001bb5ee461a0_0, 0, 32;
    %pushi/vec4 1359893119, 0, 32;
    %store/vec4 v000001bb5ee46240_0, 0, 32;
    %pushi/vec4 2600822924, 0, 32;
    %store/vec4 v000001bb5ee44760_0, 0, 32;
    %pushi/vec4 528734635, 0, 32;
    %store/vec4 v000001bb5ee45020_0, 0, 32;
    %pushi/vec4 1541459225, 0, 32;
    %store/vec4 v000001bb5ee45160_0, 0, 32;
    %jmp T_11.3;
T_11.2 ;
    %pushi/vec4 3238371032, 0, 32;
    %store/vec4 v000001bb5ee44d00_0, 0, 32;
    %pushi/vec4 914150663, 0, 32;
    %store/vec4 v000001bb5ee45de0_0, 0, 32;
    %pushi/vec4 812702999, 0, 32;
    %store/vec4 v000001bb5ee45f20_0, 0, 32;
    %pushi/vec4 4144912697, 0, 32;
    %store/vec4 v000001bb5ee461a0_0, 0, 32;
    %pushi/vec4 4290775857, 0, 32;
    %store/vec4 v000001bb5ee46240_0, 0, 32;
    %pushi/vec4 1750603025, 0, 32;
    %store/vec4 v000001bb5ee44760_0, 0, 32;
    %pushi/vec4 1694076839, 0, 32;
    %store/vec4 v000001bb5ee45020_0, 0, 32;
    %pushi/vec4 3204075428, 0, 32;
    %store/vec4 v000001bb5ee45160_0, 0, 32;
T_11.3 ;
T_11.0 ;
    %load/vec4 v000001bb5ee47200_0;
    %flag_set/vec4 8;
    %jmp/0xz  T_11.4, 8;
    %load/vec4 v000001bb5ee45ca0_0;
    %load/vec4 v000001bb5ee478e0_0;
    %add;
    %store/vec4 v000001bb5ee44d00_0, 0, 32;
    %load/vec4 v000001bb5ee45e80_0;
    %load/vec4 v000001bb5ee482e0_0;
    %add;
    %store/vec4 v000001bb5ee45de0_0, 0, 32;
    %load/vec4 v000001bb5ee44e40_0;
    %load/vec4 v000001bb5ee46ee0_0;
    %add;
    %store/vec4 v000001bb5ee45f20_0, 0, 32;
    %load/vec4 v000001bb5ee45fc0_0;
    %load/vec4 v000001bb5ee46e40_0;
    %add;
    %store/vec4 v000001bb5ee461a0_0, 0, 32;
    %load/vec4 v000001bb5ee462e0_0;
    %load/vec4 v000001bb5ee46c60_0;
    %add;
    %store/vec4 v000001bb5ee46240_0, 0, 32;
    %load/vec4 v000001bb5ee45340_0;
    %load/vec4 v000001bb5ee47a20_0;
    %add;
    %store/vec4 v000001bb5ee44760_0, 0, 32;
    %load/vec4 v000001bb5ee450c0_0;
    %load/vec4 v000001bb5ee48a60_0;
    %add;
    %store/vec4 v000001bb5ee45020_0, 0, 32;
    %load/vec4 v000001bb5ee45200_0;
    %load/vec4 v000001bb5ee47160_0;
    %add;
    %store/vec4 v000001bb5ee45160_0, 0, 32;
    %pushi/vec4 1, 0, 1;
    %store/vec4 v000001bb5ee452a0_0, 0, 1;
T_11.4 ;
    %end;
    .scope S_000001bb5edf19f0;
t_10 %join;
    %jmp T_11;
    .thread T_11, $push;
    .scope S_000001bb5edf19f0;
T_12 ;
    %wait E_000001bb5edcfe50;
    %fork t_13, S_000001bb5ed12d60;
    %jmp t_12;
    .scope S_000001bb5ed12d60;
t_13 ;
    %load/vec4 v000001bb5ee46c60_0;
    %parti/s 6, 0, 2;
    %load/vec4 v000001bb5ee46c60_0;
    %parti/s 26, 6, 4;
    %concat/vec4; draw_concat_vec4
    %load/vec4 v000001bb5ee46c60_0;
    %parti/s 11, 0, 2;
    %load/vec4 v000001bb5ee46c60_0;
    %parti/s 21, 11, 5;
    %concat/vec4; draw_concat_vec4
    %xor;
    %load/vec4 v000001bb5ee46c60_0;
    %parti/s 25, 0, 2;
    %load/vec4 v000001bb5ee46c60_0;
    %parti/s 7, 25, 6;
    %concat/vec4; draw_concat_vec4
    %xor;
    %store/vec4 v000001bb5edbdbe0_0, 0, 32;
    %load/vec4 v000001bb5ee46c60_0;
    %load/vec4 v000001bb5ee47a20_0;
    %and;
    %load/vec4 v000001bb5ee46c60_0;
    %inv;
    %load/vec4 v000001bb5ee48a60_0;
    %and;
    %xor;
    %store/vec4 v000001bb5edbdfa0_0, 0, 32;
    %load/vec4 v000001bb5ee47160_0;
    %load/vec4 v000001bb5edbdbe0_0;
    %add;
    %load/vec4 v000001bb5edbdfa0_0;
    %add;
    %load/vec4 v000001bb5ee47700_0;
    %add;
    %load/vec4 v000001bb5ee47f20_0;
    %add;
    %store/vec4 v000001bb5ee47020_0, 0, 32;
    %end;
    .scope S_000001bb5edf19f0;
t_12 %join;
    %jmp T_12;
    .thread T_12, $push;
    .scope S_000001bb5edf19f0;
T_13 ;
    %wait E_000001bb5edcd7d0;
    %fork t_15, S_000001bb5edfe8c0;
    %jmp t_14;
    .scope S_000001bb5edfe8c0;
t_15 ;
    %load/vec4 v000001bb5ee478e0_0;
    %parti/s 2, 0, 2;
    %load/vec4 v000001bb5ee478e0_0;
    %parti/s 30, 2, 3;
    %concat/vec4; draw_concat_vec4
    %load/vec4 v000001bb5ee478e0_0;
    %parti/s 13, 0, 2;
    %load/vec4 v000001bb5ee478e0_0;
    %parti/s 19, 13, 5;
    %concat/vec4; draw_concat_vec4
    %xor;
    %load/vec4 v000001bb5ee478e0_0;
    %parti/s 22, 0, 2;
    %load/vec4 v000001bb5ee478e0_0;
    %parti/s 10, 22, 6;
    %concat/vec4; draw_concat_vec4
    %xor;
    %store/vec4 v000001bb5edbe0e0_0, 0, 32;
    %load/vec4 v000001bb5ee478e0_0;
    %load/vec4 v000001bb5ee482e0_0;
    %and;
    %load/vec4 v000001bb5ee478e0_0;
    %load/vec4 v000001bb5ee46ee0_0;
    %and;
    %xor;
    %load/vec4 v000001bb5ee482e0_0;
    %load/vec4 v000001bb5ee46ee0_0;
    %and;
    %xor;
    %store/vec4 v000001bb5edbdd20_0, 0, 32;
    %load/vec4 v000001bb5edbe0e0_0;
    %load/vec4 v000001bb5edbdd20_0;
    %add;
    %store/vec4 v000001bb5ee46da0_0, 0, 32;
    %end;
    .scope S_000001bb5edf19f0;
t_14 %join;
    %jmp T_13;
    .thread T_13, $push;
    .scope S_000001bb5edf19f0;
T_14 ;
    %wait E_000001bb5edcd6d0;
    %fork t_17, S_000001bb5ed12bd0;
    %jmp t_16;
    .scope S_000001bb5ed12bd0;
t_17 ;
    %pushi/vec4 0, 0, 32;
    %store/vec4 v000001bb5ee45480_0, 0, 32;
    %pushi/vec4 0, 0, 32;
    %store/vec4 v000001bb5ee47480_0, 0, 32;
    %pushi/vec4 0, 0, 32;
    %store/vec4 v000001bb5ee47c00_0, 0, 32;
    %pushi/vec4 0, 0, 32;
    %store/vec4 v000001bb5ee47980_0, 0, 32;
    %pushi/vec4 0, 0, 32;
    %store/vec4 v000001bb5ee47d40_0, 0, 32;
    %pushi/vec4 0, 0, 32;
    %store/vec4 v000001bb5ee47e80_0, 0, 32;
    %pushi/vec4 0, 0, 32;
    %store/vec4 v000001bb5ee47b60_0, 0, 32;
    %pushi/vec4 0, 0, 32;
    %store/vec4 v000001bb5ee473e0_0, 0, 32;
    %pushi/vec4 0, 0, 1;
    %store/vec4 v000001bb5ee453e0_0, 0, 1;
    %load/vec4 v000001bb5ee486a0_0;
    %flag_set/vec4 8;
    %jmp/0xz  T_14.0, 8;
    %pushi/vec4 1, 0, 1;
    %store/vec4 v000001bb5ee453e0_0, 0, 1;
    %load/vec4 v000001bb5ee47ac0_0;
    %flag_set/vec4 8;
    %jmp/0xz  T_14.2, 8;
    %load/vec4 v000001bb5ee47520_0;
    %flag_set/vec4 8;
    %jmp/0xz  T_14.4, 8;
    %pushi/vec4 1779033703, 0, 32;
    %store/vec4 v000001bb5ee45480_0, 0, 32;
    %pushi/vec4 3144134277, 0, 32;
    %store/vec4 v000001bb5ee47480_0, 0, 32;
    %pushi/vec4 1013904242, 0, 32;
    %store/vec4 v000001bb5ee47c00_0, 0, 32;
    %pushi/vec4 2773480762, 0, 32;
    %store/vec4 v000001bb5ee47980_0, 0, 32;
    %pushi/vec4 1359893119, 0, 32;
    %store/vec4 v000001bb5ee47d40_0, 0, 32;
    %pushi/vec4 2600822924, 0, 32;
    %store/vec4 v000001bb5ee47e80_0, 0, 32;
    %pushi/vec4 528734635, 0, 32;
    %store/vec4 v000001bb5ee47b60_0, 0, 32;
    %pushi/vec4 1541459225, 0, 32;
    %store/vec4 v000001bb5ee473e0_0, 0, 32;
    %jmp T_14.5;
T_14.4 ;
    %pushi/vec4 3238371032, 0, 32;
    %store/vec4 v000001bb5ee45480_0, 0, 32;
    %pushi/vec4 914150663, 0, 32;
    %store/vec4 v000001bb5ee47480_0, 0, 32;
    %pushi/vec4 812702999, 0, 32;
    %store/vec4 v000001bb5ee47c00_0, 0, 32;
    %pushi/vec4 4144912697, 0, 32;
    %store/vec4 v000001bb5ee47980_0, 0, 32;
    %pushi/vec4 4290775857, 0, 32;
    %store/vec4 v000001bb5ee47d40_0, 0, 32;
    %pushi/vec4 1750603025, 0, 32;
    %store/vec4 v000001bb5ee47e80_0, 0, 32;
    %pushi/vec4 1694076839, 0, 32;
    %store/vec4 v000001bb5ee47b60_0, 0, 32;
    %pushi/vec4 3204075428, 0, 32;
    %store/vec4 v000001bb5ee473e0_0, 0, 32;
T_14.5 ;
    %jmp T_14.3;
T_14.2 ;
    %load/vec4 v000001bb5ee45ca0_0;
    %store/vec4 v000001bb5ee45480_0, 0, 32;
    %load/vec4 v000001bb5ee45e80_0;
    %store/vec4 v000001bb5ee47480_0, 0, 32;
    %load/vec4 v000001bb5ee44e40_0;
    %store/vec4 v000001bb5ee47c00_0, 0, 32;
    %load/vec4 v000001bb5ee45fc0_0;
    %store/vec4 v000001bb5ee47980_0, 0, 32;
    %load/vec4 v000001bb5ee462e0_0;
    %store/vec4 v000001bb5ee47d40_0, 0, 32;
    %load/vec4 v000001bb5ee45340_0;
    %store/vec4 v000001bb5ee47e80_0, 0, 32;
    %load/vec4 v000001bb5ee450c0_0;
    %store/vec4 v000001bb5ee47b60_0, 0, 32;
    %load/vec4 v000001bb5ee45200_0;
    %store/vec4 v000001bb5ee473e0_0, 0, 32;
T_14.3 ;
T_14.0 ;
    %load/vec4 v000001bb5ee48740_0;
    %flag_set/vec4 8;
    %jmp/0xz  T_14.6, 8;
    %load/vec4 v000001bb5ee47020_0;
    %load/vec4 v000001bb5ee46da0_0;
    %add;
    %store/vec4 v000001bb5ee45480_0, 0, 32;
    %load/vec4 v000001bb5ee478e0_0;
    %store/vec4 v000001bb5ee47480_0, 0, 32;
    %load/vec4 v000001bb5ee482e0_0;
    %store/vec4 v000001bb5ee47c00_0, 0, 32;
    %load/vec4 v000001bb5ee46ee0_0;
    %store/vec4 v000001bb5ee47980_0, 0, 32;
    %load/vec4 v000001bb5ee46e40_0;
    %load/vec4 v000001bb5ee47020_0;
    %add;
    %store/vec4 v000001bb5ee47d40_0, 0, 32;
    %load/vec4 v000001bb5ee46c60_0;
    %store/vec4 v000001bb5ee47e80_0, 0, 32;
    %load/vec4 v000001bb5ee47a20_0;
    %store/vec4 v000001bb5ee47b60_0, 0, 32;
    %load/vec4 v000001bb5ee48a60_0;
    %store/vec4 v000001bb5ee473e0_0, 0, 32;
    %pushi/vec4 1, 0, 1;
    %store/vec4 v000001bb5ee453e0_0, 0, 1;
T_14.6 ;
    %end;
    .scope S_000001bb5edf19f0;
t_16 %join;
    %jmp T_14;
    .thread T_14, $push;
    .scope S_000001bb5edf19f0;
T_15 ;
    %wait E_000001bb5edce690;
    %fork t_19, S_000001bb5edfea50;
    %jmp t_18;
    .scope S_000001bb5edfea50;
t_19 ;
    %pushi/vec4 0, 0, 6;
    %store/vec4 v000001bb5ee47660_0, 0, 6;
    %pushi/vec4 0, 0, 1;
    %store/vec4 v000001bb5ee489c0_0, 0, 1;
    %load/vec4 v000001bb5ee48060_0;
    %flag_set/vec4 8;
    %jmp/0xz  T_15.0, 8;
    %pushi/vec4 0, 0, 6;
    %store/vec4 v000001bb5ee47660_0, 0, 6;
    %pushi/vec4 1, 0, 1;
    %store/vec4 v000001bb5ee489c0_0, 0, 1;
T_15.0 ;
    %load/vec4 v000001bb5ee481a0_0;
    %flag_set/vec4 8;
    %jmp/0xz  T_15.2, 8;
    %load/vec4 v000001bb5ee477a0_0;
    %addi 1, 0, 6;
    %store/vec4 v000001bb5ee47660_0, 0, 6;
    %pushi/vec4 1, 0, 1;
    %store/vec4 v000001bb5ee489c0_0, 0, 1;
T_15.2 ;
    %end;
    .scope S_000001bb5edf19f0;
t_18 %join;
    %jmp T_15;
    .thread T_15, $push;
    .scope S_000001bb5edf19f0;
T_16 ;
    %wait E_000001bb5edce4d0;
    %fork t_21, S_000001bb5ed12a40;
    %jmp t_20;
    .scope S_000001bb5ed12a40;
t_21 ;
    %pushi/vec4 0, 0, 1;
    %store/vec4 v000001bb5ee46f80_0, 0, 1;
    %pushi/vec4 0, 0, 1;
    %store/vec4 v000001bb5ee47200_0, 0, 1;
    %pushi/vec4 0, 0, 1;
    %store/vec4 v000001bb5ee486a0_0, 0, 1;
    %pushi/vec4 0, 0, 1;
    %store/vec4 v000001bb5ee48740_0, 0, 1;
    %pushi/vec4 0, 0, 1;
    %store/vec4 v000001bb5ee47ac0_0, 0, 1;
    %pushi/vec4 0, 0, 1;
    %store/vec4 v000001bb5ee48560_0, 0, 1;
    %pushi/vec4 0, 0, 1;
    %store/vec4 v000001bb5ee48420_0, 0, 1;
    %pushi/vec4 0, 0, 1;
    %store/vec4 v000001bb5ee48880_0, 0, 1;
    %pushi/vec4 0, 0, 1;
    %store/vec4 v000001bb5ee481a0_0, 0, 1;
    %pushi/vec4 0, 0, 1;
    %store/vec4 v000001bb5ee48060_0, 0, 1;
    %pushi/vec4 0, 0, 1;
    %store/vec4 v000001bb5ee487e0_0, 0, 1;
    %pushi/vec4 0, 0, 1;
    %store/vec4 v000001bb5ee48380_0, 0, 1;
    %pushi/vec4 0, 0, 2;
    %store/vec4 v000001bb5ee48600_0, 0, 2;
    %pushi/vec4 0, 0, 1;
    %store/vec4 v000001bb5ee472a0_0, 0, 1;
    %load/vec4 v000001bb5ee46d00_0;
    %dup/vec4;
    %pushi/vec4 0, 0, 2;
    %cmp/u;
    %jmp/1 T_16.0, 6;
    %dup/vec4;
    %pushi/vec4 1, 0, 2;
    %cmp/u;
    %jmp/1 T_16.1, 6;
    %dup/vec4;
    %pushi/vec4 2, 0, 2;
    %cmp/u;
    %jmp/1 T_16.2, 6;
    %jmp T_16.3;
T_16.0 ;
    %pushi/vec4 1, 0, 1;
    %store/vec4 v000001bb5ee48560_0, 0, 1;
    %load/vec4 v000001bb5ee48b00_0;
    %flag_set/vec4 8;
    %jmp/0xz  T_16.4, 8;
    %pushi/vec4 1, 0, 1;
    %store/vec4 v000001bb5ee46f80_0, 0, 1;
    %pushi/vec4 1, 0, 1;
    %store/vec4 v000001bb5ee48420_0, 0, 1;
    %pushi/vec4 1, 0, 1;
    %store/vec4 v000001bb5ee486a0_0, 0, 1;
    %pushi/vec4 1, 0, 1;
    %store/vec4 v000001bb5ee47ac0_0, 0, 1;
    %pushi/vec4 1, 0, 1;
    %store/vec4 v000001bb5ee48060_0, 0, 1;
    %pushi/vec4 0, 0, 1;
    %store/vec4 v000001bb5ee487e0_0, 0, 1;
    %pushi/vec4 1, 0, 1;
    %store/vec4 v000001bb5ee48380_0, 0, 1;
    %pushi/vec4 1, 0, 2;
    %store/vec4 v000001bb5ee48600_0, 0, 2;
    %pushi/vec4 1, 0, 1;
    %store/vec4 v000001bb5ee472a0_0, 0, 1;
T_16.4 ;
    %load/vec4 v000001bb5ee48100_0;
    %flag_set/vec4 8;
    %jmp/0xz  T_16.6, 8;
    %pushi/vec4 1, 0, 1;
    %store/vec4 v000001bb5ee48060_0, 0, 1;
    %pushi/vec4 1, 0, 1;
    %store/vec4 v000001bb5ee48420_0, 0, 1;
    %pushi/vec4 1, 0, 1;
    %store/vec4 v000001bb5ee486a0_0, 0, 1;
    %pushi/vec4 0, 0, 1;
    %store/vec4 v000001bb5ee487e0_0, 0, 1;
    %pushi/vec4 1, 0, 1;
    %store/vec4 v000001bb5ee48380_0, 0, 1;
    %pushi/vec4 1, 0, 2;
    %store/vec4 v000001bb5ee48600_0, 0, 2;
    %pushi/vec4 1, 0, 1;
    %store/vec4 v000001bb5ee472a0_0, 0, 1;
T_16.6 ;
    %jmp T_16.3;
T_16.1 ;
    %pushi/vec4 1, 0, 1;
    %store/vec4 v000001bb5ee48880_0, 0, 1;
    %pushi/vec4 1, 0, 1;
    %store/vec4 v000001bb5ee48740_0, 0, 1;
    %pushi/vec4 1, 0, 1;
    %store/vec4 v000001bb5ee481a0_0, 0, 1;
    %load/vec4 v000001bb5ee477a0_0;
    %pad/u 32;
    %cmpi/e 63, 0, 32;
    %jmp/0xz  T_16.8, 4;
    %pushi/vec4 2, 0, 2;
    %store/vec4 v000001bb5ee48600_0, 0, 2;
    %pushi/vec4 1, 0, 1;
    %store/vec4 v000001bb5ee472a0_0, 0, 1;
T_16.8 ;
    %jmp T_16.3;
T_16.2 ;
    %pushi/vec4 1, 0, 1;
    %store/vec4 v000001bb5ee47200_0, 0, 1;
    %pushi/vec4 1, 0, 1;
    %store/vec4 v000001bb5ee487e0_0, 0, 1;
    %pushi/vec4 1, 0, 1;
    %store/vec4 v000001bb5ee48380_0, 0, 1;
    %pushi/vec4 0, 0, 2;
    %store/vec4 v000001bb5ee48600_0, 0, 2;
    %pushi/vec4 1, 0, 1;
    %store/vec4 v000001bb5ee472a0_0, 0, 1;
    %jmp T_16.3;
T_16.3 ;
    %pop/vec4 1;
    %end;
    .scope S_000001bb5edf19f0;
t_20 %join;
    %jmp T_16;
    .thread T_16, $push;
    .scope S_000001bb5edf0650;
T_17 ;
    %pushi/vec4 0, 0, 32;
    %store/vec4 v000001bb5ee4b880_0, 0, 32;
    %pushi/vec4 0, 0, 32;
    %store/vec4 v000001bb5ee4be20_0, 0, 32;
    %end;
    .thread T_17;
    .scope S_000001bb5edf0650;
T_18 ;
    %delay 5000, 0;
    %load/vec4 v000001bb5ee4a520_0;
    %inv;
    %store/vec4 v000001bb5ee4a520_0, 0, 1;
    %jmp T_18;
    .thread T_18;
    .scope S_000001bb5edf0650;
T_19 ;
    %pushi/vec4 0, 0, 1;
    %store/vec4 v000001bb5ee4a520_0, 0, 1;
    %pushi/vec4 1, 0, 1;
    %store/vec4 v000001bb5ee4b4c0_0, 0, 1;
    %pushi/vec4 0, 0, 1;
    %store/vec4 v000001bb5ee4b6a0_0, 0, 1;
    %pushi/vec4 0, 0, 1;
    %store/vec4 v000001bb5ee4c000_0, 0, 1;
    %pushi/vec4 1, 0, 1;
    %store/vec4 v000001bb5ee4a840_0, 0, 1;
    %fork TD_tb_sha256_single.print_table_header, S_000001bb5ee49bf0;
    %join;
    %fork TD_tb_sha256_single.reset_dut, S_000001bb5ee49290;
    %join;
    %pushi/vec4 3267675904, 0, 33;
    %concati/vec4 24, 0, 479;
    %store/vec4 v000001bb5ee4a340_0, 0, 512;
    %pushi/vec4 3128432319, 0, 32;
    %concati/vec4 2399260650, 0, 32;
    %concati/vec4 2189590972, 0, 33;
    %concati/vec4 3143386183, 0, 32;
    %concati/vec4 3222111886, 0, 33;
    %concati/vec4 2965099749, 0, 33;
    %concati/vec4 2693266191, 0, 32;
    %concati/vec4 301995437, 0, 29;
    %store/vec4 v000001bb5ee4afc0_0, 0, 256;
    %pushi/vec4 0, 0, 32; draw_string_vec4
    %pushi/vec4 0, 0, 32; draw_string_vec4
    %concat/vec4; draw_string_vec4
    %pushi/vec4 0, 0, 32; draw_string_vec4
    %concat/vec4; draw_string_vec4
    %pushi/vec4 6382179, 0, 32; draw_string_vec4
    %concat/vec4; draw_string_vec4
    %store/vec4 v000001bb5ee4bb00_0, 0, 128;
    %fork TD_tb_sha256_single.single_block_test, S_000001bb5ee49f10;
    %join;
    %pushi/vec4 2147483648, 0, 32;
    %concati/vec4 0, 0, 480;
    %store/vec4 v000001bb5ee4a340_0, 0, 512;
    %pushi/vec4 3820012610, 0, 32;
    %concati/vec4 2566659092, 0, 32;
    %concati/vec4 2600203464, 0, 32;
    %concati/vec4 2574235940, 0, 32;
    %concati/vec4 2662926225, 0, 34;
    %concati/vec4 2456702258, 0, 32;
    %concati/vec4 2455135341, 0, 32;
    %concati/vec4 944945237, 0, 30;
    %store/vec4 v000001bb5ee4afc0_0, 0, 256;
    %pushi/vec4 0, 0, 32; draw_string_vec4
    %pushi/vec4 0, 0, 32; draw_string_vec4
    %concat/vec4; draw_string_vec4
    %pushi/vec4 101, 0, 32; draw_string_vec4
    %concat/vec4; draw_string_vec4
    %pushi/vec4 1836086393, 0, 32; draw_string_vec4
    %concat/vec4; draw_string_vec4
    %store/vec4 v000001bb5ee4bb00_0, 0, 128;
    %fork TD_tb_sha256_single.single_block_test, S_000001bb5ee49f10;
    %join;
    %fork TD_tb_sha256_single.print_table_footer, S_000001bb5ee49a60;
    %join;
    %vpi_call 2 77 "$display", "\012Total tests: %0d  Failures: %0d", v000001bb5ee4be20_0, v000001bb5ee4b880_0 {0 0 0};
    %load/vec4 v000001bb5ee4b880_0;
    %cmpi/ne 0, 0, 32;
    %flag_mov 8, 4;
    %jmp/0 T_19.0, 8;
    %pushi/vec4 1380275029, 0, 32; draw_string_vec4
    %pushi/vec4 1280588320, 0, 32; draw_string_vec4
    %concat/vec4; draw_string_vec4
    %pushi/vec4 1178683724, 0, 32; draw_string_vec4
    %concat/vec4; draw_string_vec4
    %jmp/1 T_19.1, 8;
T_19.0 ; End of true expr.
    %pushi/vec4 1380275029, 0, 32; draw_string_vec4
    %pushi/vec4 1280588320, 0, 32; draw_string_vec4
    %concat/vec4; draw_string_vec4
    %pushi/vec4 1346458451, 0, 32; draw_string_vec4
    %concat/vec4; draw_string_vec4
    %jmp/0 T_19.1, 8;
 ; End of false expr.
    %blend;
T_19.1;
    %vpi_call 2 78 "$display", S<0,vec4,u96> {1 0 0};
    %vpi_call 2 79 "$finish" {0 0 0};
    %end;
    .thread T_19;
# The file index is used to find the file name in the following table.
:file_names 6;
    "N/A";
    "<interactive>";
    "src/tb/my_tbs/tb_sha256_single.v";
    "src/rtl/sha256_core.v";
    "src/rtl/sha256_k_constants.v";
    "src/rtl/sha256_w_mem.v";
