#! /c/Source/iverilog-install/bin/vvp
:ivl_version "12.0 (devel)" "(s20150603-1539-g2693dd32b)";
:ivl_delay_selection "TYPICAL";
:vpi_time_precision - 12;
:vpi_module "C:\iverilog\lib\ivl\system.vpi";
:vpi_module "C:\iverilog\lib\ivl\vhdl_sys.vpi";
:vpi_module "C:\iverilog\lib\ivl\vhdl_textio.vpi";
:vpi_module "C:\iverilog\lib\ivl\v2005_math.vpi";
:vpi_module "C:\iverilog\lib\ivl\va_math.vpi";
S_0000021daf93aa30 .scope module, "tb_sha256_multi" "tb_sha256_multi" 2 4;
 .timescale -9 -12;
P_0000021daf849460 .param/l "CLK_HALF_PERIOD" 0 2 5, +C4<00000000000000000000000000000101>;
P_0000021daf849498 .param/l "CLK_PERIOD" 0 2 6, +C4<0000000000000000000000000000000000000000000000000000000000001010>;
v0000021daf9953e0_0 .var "block", 511 0;
v0000021daf9955c0_0 .var "clk", 0 0;
v0000021daf997c80_0 .net "digest", 255 0, L_0000021daf997dc0;  1 drivers
v0000021daf9982c0_0 .net "digest_valid", 0 0, L_0000021daf8f29d0;  1 drivers
v0000021daf9975a0_0 .var/i "errors", 31 0;
v0000021daf998360_0 .var "init", 0 0;
v0000021daf997500_0 .var "mode", 0 0;
v0000021daf997e60_0 .var "next", 0 0;
v0000021daf9985e0_0 .net "ready", 0 0, L_0000021daf8f28f0;  1 drivers
v0000021daf997640_0 .var "reset_n", 0 0;
v0000021daf9989a0_0 .var/i "total_tests", 31 0;
S_0000021daf8f2260 .scope module, "dut" "sha256_core" 2 17, 3 42 0, S_0000021daf93aa30;
 .timescale 0 0;
    .port_info 0 /INPUT 1 "clk";
    .port_info 1 /INPUT 1 "reset_n";
    .port_info 2 /INPUT 1 "init";
    .port_info 3 /INPUT 1 "next";
    .port_info 4 /INPUT 1 "mode";
    .port_info 5 /INPUT 512 "block";
    .port_info 6 /OUTPUT 1 "ready";
    .port_info 7 /OUTPUT 256 "digest";
    .port_info 8 /OUTPUT 1 "digest_valid";
P_0000021daf8da250 .param/l "CTRL_DONE" 1 3 83, +C4<00000000000000000000000000000010>;
P_0000021daf8da288 .param/l "CTRL_IDLE" 1 3 81, +C4<00000000000000000000000000000000>;
P_0000021daf8da2c0 .param/l "CTRL_ROUNDS" 1 3 82, +C4<00000000000000000000000000000001>;
P_0000021daf8da2f8 .param/l "SHA224_H0_0" 1 3 61, C4<11000001000001011001111011011000>;
P_0000021daf8da330 .param/l "SHA224_H0_1" 1 3 62, C4<00110110011111001101010100000111>;
P_0000021daf8da368 .param/l "SHA224_H0_2" 1 3 63, C4<00110000011100001101110100010111>;
P_0000021daf8da3a0 .param/l "SHA224_H0_3" 1 3 64, C4<11110111000011100101100100111001>;
P_0000021daf8da3d8 .param/l "SHA224_H0_4" 1 3 65, C4<11111111110000000000101100110001>;
P_0000021daf8da410 .param/l "SHA224_H0_5" 1 3 66, C4<01101000010110000001010100010001>;
P_0000021daf8da448 .param/l "SHA224_H0_6" 1 3 67, C4<01100100111110011000111110100111>;
P_0000021daf8da480 .param/l "SHA224_H0_7" 1 3 68, C4<10111110111110100100111110100100>;
P_0000021daf8da4b8 .param/l "SHA256_H0_0" 1 3 70, C4<01101010000010011110011001100111>;
P_0000021daf8da4f0 .param/l "SHA256_H0_1" 1 3 71, C4<10111011011001111010111010000101>;
P_0000021daf8da528 .param/l "SHA256_H0_2" 1 3 72, C4<00111100011011101111001101110010>;
P_0000021daf8da560 .param/l "SHA256_H0_3" 1 3 73, C4<10100101010011111111010100111010>;
P_0000021daf8da598 .param/l "SHA256_H0_4" 1 3 74, C4<01010001000011100101001001111111>;
P_0000021daf8da5d0 .param/l "SHA256_H0_5" 1 3 75, C4<10011011000001010110100010001100>;
P_0000021daf8da608 .param/l "SHA256_H0_6" 1 3 76, C4<00011111100000111101100110101011>;
P_0000021daf8da640 .param/l "SHA256_H0_7" 1 3 77, C4<01011011111000001100110100011001>;
P_0000021daf8da678 .param/l "SHA256_ROUNDS" 1 3 79, +C4<00000000000000000000000000111111>;
L_0000021daf8f28f0 .functor BUFZ 1, v0000021daf9946c0_0, C4<0>, C4<0>, C4<0>;
L_0000021daf8f29d0 .functor BUFZ 1, v0000021daf9941c0_0, C4<0>, C4<0>, C4<0>;
v0000021daf94cda0_0 .var "H0_new", 31 0;
v0000021daf94cbc0_0 .var "H0_reg", 31 0;
v0000021daf94dac0_0 .var "H1_new", 31 0;
v0000021daf94cee0_0 .var "H1_reg", 31 0;
v0000021daf94cf80_0 .var "H2_new", 31 0;
v0000021daf94bf40_0 .var "H2_reg", 31 0;
v0000021daf94db60_0 .var "H3_new", 31 0;
v0000021daf94d2a0_0 .var "H3_reg", 31 0;
v0000021daf94c120_0 .var "H4_new", 31 0;
v0000021daf94d700_0 .var "H4_reg", 31 0;
v0000021daf94d200_0 .var "H5_new", 31 0;
v0000021daf94c440_0 .var "H5_reg", 31 0;
v0000021daf94c9e0_0 .var "H6_new", 31 0;
v0000021daf94d7a0_0 .var "H6_reg", 31 0;
v0000021daf94c6c0_0 .var "H7_new", 31 0;
v0000021daf94c260_0 .var "H7_reg", 31 0;
v0000021daf94d840_0 .var "H_we", 0 0;
v0000021daf94dc00_0 .var "a_h_we", 0 0;
v0000021daf94c760_0 .var "a_new", 31 0;
v0000021daf94c1c0_0 .var "a_reg", 31 0;
v0000021daf94c4e0_0 .var "b_new", 31 0;
v0000021daf94c580_0 .var "b_reg", 31 0;
v0000021daf94ca80_0 .net "block", 511 0, v0000021daf9953e0_0;  1 drivers
v0000021daf94cb20_0 .var "c_new", 31 0;
v0000021daf94c620_0 .var "c_reg", 31 0;
v0000021daf94c800_0 .net "clk", 0 0, v0000021daf9955c0_0;  1 drivers
v0000021daf94c940_0 .var "d_new", 31 0;
v0000021daf94cc60_0 .var "d_reg", 31 0;
v0000021daf994940_0 .net "digest", 255 0, L_0000021daf997dc0;  alias, 1 drivers
v0000021daf995980_0 .var "digest_init", 0 0;
v0000021daf995660_0 .var "digest_update", 0 0;
v0000021daf994120_0 .net "digest_valid", 0 0, L_0000021daf8f29d0;  alias, 1 drivers
v0000021daf995200_0 .var "digest_valid_new", 0 0;
v0000021daf9941c0_0 .var "digest_valid_reg", 0 0;
v0000021daf994620_0 .var "digest_valid_we", 0 0;
v0000021daf995c00_0 .var "e_new", 31 0;
v0000021daf995fc0_0 .var "e_reg", 31 0;
v0000021daf995ca0_0 .var "f_new", 31 0;
v0000021daf9958e0_0 .var "f_reg", 31 0;
v0000021daf995a20_0 .var "first_block", 0 0;
v0000021daf994ee0_0 .var "g_new", 31 0;
v0000021daf995ac0_0 .var "g_reg", 31 0;
v0000021daf995480_0 .var "h_new", 31 0;
v0000021daf995840_0 .var "h_reg", 31 0;
v0000021daf995520_0 .net "init", 0 0, v0000021daf998360_0;  1 drivers
v0000021daf995d40_0 .net "k_data", 31 0, L_0000021daf8f3450;  1 drivers
v0000021daf995de0_0 .net "mode", 0 0, v0000021daf997500_0;  1 drivers
v0000021daf995b60_0 .net "next", 0 0, v0000021daf997e60_0;  1 drivers
v0000021daf994260_0 .net "ready", 0 0, L_0000021daf8f28f0;  alias, 1 drivers
v0000021daf9946c0_0 .var "ready_flag", 0 0;
v0000021daf994300_0 .net "reset_n", 0 0, v0000021daf997640_0;  1 drivers
v0000021daf9943a0_0 .var "sha256_ctrl_new", 1 0;
v0000021daf994bc0_0 .var "sha256_ctrl_reg", 1 0;
v0000021daf994f80_0 .var "sha256_ctrl_we", 0 0;
v0000021daf994e40_0 .var "state_init", 0 0;
v0000021daf995700_0 .var "state_update", 0 0;
v0000021daf994800_0 .var "t1", 31 0;
v0000021daf995020_0 .var "t2", 31 0;
v0000021daf9957a0_0 .var "t_ctr_inc", 0 0;
v0000021daf994580_0 .var "t_ctr_new", 5 0;
v0000021daf995e80_0 .var "t_ctr_reg", 5 0;
v0000021daf995f20_0 .var "t_ctr_rst", 0 0;
v0000021daf9950c0_0 .var "t_ctr_we", 0 0;
v0000021daf994440_0 .net "w_data", 31 0, L_0000021daf8f2810;  1 drivers
v0000021daf9944e0_0 .var "w_init", 0 0;
v0000021daf994760_0 .var "w_next", 0 0;
E_0000021daf920050 .event anyedge, v0000021daf994bc0_0, v0000021daf995520_0, v0000021daf995b60_0, v0000021daf936aa0_0;
E_0000021daf91f810 .event anyedge, v0000021daf995f20_0, v0000021daf9957a0_0, v0000021daf936aa0_0;
E_0000021daf91f950/0 .event anyedge, v0000021daf994e40_0, v0000021daf995a20_0, v0000021daf995de0_0, v0000021daf94cbc0_0;
E_0000021daf91f950/1 .event anyedge, v0000021daf94cee0_0, v0000021daf94bf40_0, v0000021daf94d2a0_0, v0000021daf94d700_0;
E_0000021daf91f950/2 .event anyedge, v0000021daf94c440_0, v0000021daf94d7a0_0, v0000021daf94c260_0, v0000021daf995700_0;
E_0000021daf91f950/3 .event anyedge, v0000021daf994800_0, v0000021daf995020_0, v0000021daf94c1c0_0, v0000021daf94c580_0;
E_0000021daf91f950/4 .event anyedge, v0000021daf94c620_0, v0000021daf94cc60_0, v0000021daf995fc0_0, v0000021daf9958e0_0;
E_0000021daf91f950/5 .event anyedge, v0000021daf995ac0_0;
E_0000021daf91f950 .event/or E_0000021daf91f950/0, E_0000021daf91f950/1, E_0000021daf91f950/2, E_0000021daf91f950/3, E_0000021daf91f950/4, E_0000021daf91f950/5;
E_0000021daf921ad0/0 .event anyedge, v0000021daf94c1c0_0, v0000021daf94c580_0, v0000021daf94c620_0, v0000021daf935ec0_0;
E_0000021daf921ad0/1 .event anyedge, v0000021daf936140_0;
E_0000021daf921ad0 .event/or E_0000021daf921ad0/0, E_0000021daf921ad0/1;
E_0000021daf922f90/0 .event anyedge, v0000021daf995fc0_0, v0000021daf9958e0_0, v0000021daf995ac0_0, v0000021daf995840_0;
E_0000021daf922f90/1 .event anyedge, v0000021daf936500_0, v0000021daf9366e0_0, v0000021daf94d340_0, v0000021daf936460_0;
E_0000021daf922f90 .event/or E_0000021daf922f90/0, E_0000021daf922f90/1;
E_0000021daf923210/0 .event anyedge, v0000021daf995980_0, v0000021daf995de0_0, v0000021daf995660_0, v0000021daf94cbc0_0;
E_0000021daf923210/1 .event anyedge, v0000021daf94c1c0_0, v0000021daf94cee0_0, v0000021daf94c580_0, v0000021daf94bf40_0;
E_0000021daf923210/2 .event anyedge, v0000021daf94c620_0, v0000021daf94d2a0_0, v0000021daf94cc60_0, v0000021daf94d700_0;
E_0000021daf923210/3 .event anyedge, v0000021daf995fc0_0, v0000021daf94c440_0, v0000021daf9958e0_0, v0000021daf94d7a0_0;
E_0000021daf923210/4 .event anyedge, v0000021daf995ac0_0, v0000021daf94c260_0, v0000021daf995840_0;
E_0000021daf923210 .event/or E_0000021daf923210/0, E_0000021daf923210/1, E_0000021daf923210/2, E_0000021daf923210/3, E_0000021daf923210/4;
LS_0000021daf997dc0_0_0 .concat [ 32 32 32 32], v0000021daf94c260_0, v0000021daf94d7a0_0, v0000021daf94c440_0, v0000021daf94d700_0;
LS_0000021daf997dc0_0_4 .concat [ 32 32 32 32], v0000021daf94d2a0_0, v0000021daf94bf40_0, v0000021daf94cee0_0, v0000021daf94cbc0_0;
L_0000021daf997dc0 .concat [ 128 128 0 0], LS_0000021daf997dc0_0_0, LS_0000021daf997dc0_0_4;
S_0000021daf8f23f0 .scope begin, "digest_logic" "digest_logic" 3 272, 3 272 0, S_0000021daf8f2260;
 .timescale 0 0;
S_0000021daf8cd560 .scope module, "k_constants_inst" "sha256_k_constants" 3 167, 4 41 0, S_0000021daf8f2260;
 .timescale 0 0;
    .port_info 0 /INPUT 6 "round";
    .port_info 1 /OUTPUT 32 "K";
L_0000021daf8f3450 .functor BUFZ 32, v0000021daf9365a0_0, C4<00000000000000000000000000000000>, C4<00000000000000000000000000000000>, C4<00000000000000000000000000000000>;
v0000021daf936460_0 .net "K", 31 0, L_0000021daf8f3450;  alias, 1 drivers
v0000021daf936aa0_0 .net "round", 5 0, v0000021daf995e80_0;  1 drivers
v0000021daf9365a0_0 .var "tmp_K", 31 0;
E_0000021daf9233d0 .event anyedge, v0000021daf936aa0_0;
S_0000021daf8cd6f0 .scope begin, "round_mux" "round_mux" 4 62, 4 62 0, S_0000021daf8cd560;
 .timescale 0 0;
S_0000021daf939110 .scope begin, "reg_update" "reg_update" 3 204, 3 204 0, S_0000021daf8f2260;
 .timescale 0 0;
S_0000021daf9392a0 .scope begin, "sha256_ctrl_fsm" "sha256_ctrl_fsm" 3 470, 3 470 0, S_0000021daf8f2260;
 .timescale 0 0;
S_0000021daf939430 .scope begin, "state_logic" "state_logic" 3 372, 3 372 0, S_0000021daf8f2260;
 .timescale 0 0;
S_0000021daf94b2c0 .scope begin, "t1_logic" "t1_logic" 3 331, 3 331 0, S_0000021daf8f2260;
 .timescale 0 0;
v0000021daf9366e0_0 .var "ch", 31 0;
v0000021daf936500_0 .var "sum1", 31 0;
S_0000021daf94b450 .scope begin, "t2_logic" "t2_logic" 3 351, 3 351 0, S_0000021daf8f2260;
 .timescale 0 0;
v0000021daf936140_0 .var "maj", 31 0;
v0000021daf935ec0_0 .var "sum0", 31 0;
S_0000021daf94b5e0 .scope begin, "t_ctr" "t_ctr" 3 446, 3 446 0, S_0000021daf8f2260;
 .timescale 0 0;
S_0000021daf94b770 .scope module, "w_mem_inst" "sha256_w_mem" 3 173, 5 42 0, S_0000021daf8f2260;
 .timescale 0 0;
    .port_info 0 /INPUT 1 "clk";
    .port_info 1 /INPUT 1 "reset_n";
    .port_info 2 /INPUT 512 "block";
    .port_info 3 /INPUT 6 "round";
    .port_info 4 /INPUT 1 "init";
    .port_info 5 /INPUT 1 "next";
    .port_info 6 /OUTPUT 32 "w";
L_0000021daf8f2810 .functor BUFZ 32, v0000021daf94c080_0, C4<00000000000000000000000000000000>, C4<00000000000000000000000000000000>, C4<00000000000000000000000000000000>;
v0000021daf9360a0_0 .net "block", 511 0, v0000021daf9953e0_0;  alias, 1 drivers
v0000021daf9361e0_0 .net "clk", 0 0, v0000021daf9955c0_0;  alias, 1 drivers
v0000021daf936280_0 .net "init", 0 0, v0000021daf9944e0_0;  1 drivers
v0000021daf936320_0 .net "next", 0 0, v0000021daf994760_0;  1 drivers
v0000021daf9363c0_0 .net "reset_n", 0 0, v0000021daf997640_0;  alias, 1 drivers
v0000021daf94d5c0_0 .net "round", 5 0, v0000021daf995e80_0;  alias, 1 drivers
v0000021daf94d340_0 .net "w", 31 0, L_0000021daf8f2810;  alias, 1 drivers
v0000021daf94be00 .array "w_mem", 15 0, 31 0;
v0000021daf94d0c0_0 .var "w_mem00_new", 31 0;
v0000021daf94d8e0_0 .var "w_mem01_new", 31 0;
v0000021daf94d660_0 .var "w_mem02_new", 31 0;
v0000021daf94dca0_0 .var "w_mem03_new", 31 0;
v0000021daf94bea0_0 .var "w_mem04_new", 31 0;
v0000021daf94d3e0_0 .var "w_mem05_new", 31 0;
v0000021daf94d020_0 .var "w_mem06_new", 31 0;
v0000021daf94d980_0 .var "w_mem07_new", 31 0;
v0000021daf94d160_0 .var "w_mem08_new", 31 0;
v0000021daf94da20_0 .var "w_mem09_new", 31 0;
v0000021daf94d480_0 .var "w_mem10_new", 31 0;
v0000021daf94c300_0 .var "w_mem11_new", 31 0;
v0000021daf94ce40_0 .var "w_mem12_new", 31 0;
v0000021daf94c3a0_0 .var "w_mem13_new", 31 0;
v0000021daf94bfe0_0 .var "w_mem14_new", 31 0;
v0000021daf94cd00_0 .var "w_mem15_new", 31 0;
v0000021daf94d520_0 .var "w_mem_we", 0 0;
v0000021daf94c8a0_0 .var "w_new", 31 0;
v0000021daf94c080_0 .var "w_tmp", 31 0;
v0000021daf94be00_0 .array/port v0000021daf94be00, 0;
v0000021daf94be00_1 .array/port v0000021daf94be00, 1;
v0000021daf94be00_2 .array/port v0000021daf94be00, 2;
v0000021daf94be00_3 .array/port v0000021daf94be00, 3;
E_0000021daf922910/0 .event anyedge, v0000021daf94be00_0, v0000021daf94be00_1, v0000021daf94be00_2, v0000021daf94be00_3;
v0000021daf94be00_4 .array/port v0000021daf94be00, 4;
v0000021daf94be00_5 .array/port v0000021daf94be00, 5;
v0000021daf94be00_6 .array/port v0000021daf94be00, 6;
v0000021daf94be00_7 .array/port v0000021daf94be00, 7;
E_0000021daf922910/1 .event anyedge, v0000021daf94be00_4, v0000021daf94be00_5, v0000021daf94be00_6, v0000021daf94be00_7;
v0000021daf94be00_8 .array/port v0000021daf94be00, 8;
v0000021daf94be00_9 .array/port v0000021daf94be00, 9;
v0000021daf94be00_10 .array/port v0000021daf94be00, 10;
v0000021daf94be00_11 .array/port v0000021daf94be00, 11;
E_0000021daf922910/2 .event anyedge, v0000021daf94be00_8, v0000021daf94be00_9, v0000021daf94be00_10, v0000021daf94be00_11;
v0000021daf94be00_12 .array/port v0000021daf94be00, 12;
v0000021daf94be00_13 .array/port v0000021daf94be00, 13;
v0000021daf94be00_14 .array/port v0000021daf94be00, 14;
v0000021daf94be00_15 .array/port v0000021daf94be00, 15;
E_0000021daf922910/3 .event anyedge, v0000021daf94be00_12, v0000021daf94be00_13, v0000021daf94be00_14, v0000021daf94be00_15;
E_0000021daf922910/4 .event anyedge, v0000021daf935e20_0, v0000021daf935f60_0, v0000021daf936a00_0, v0000021daf936000_0;
E_0000021daf922910/5 .event anyedge, v0000021daf936640_0, v0000021daf936c80_0, v0000021daf936280_0, v0000021daf9360a0_0;
E_0000021daf922910/6 .event anyedge, v0000021daf936320_0, v0000021daf936aa0_0, v0000021daf94c8a0_0;
E_0000021daf922910 .event/or E_0000021daf922910/0, E_0000021daf922910/1, E_0000021daf922910/2, E_0000021daf922910/3, E_0000021daf922910/4, E_0000021daf922910/5, E_0000021daf922910/6;
E_0000021daf922710/0 .event anyedge, v0000021daf936aa0_0, v0000021daf94be00_0, v0000021daf94be00_1, v0000021daf94be00_2;
E_0000021daf922710/1 .event anyedge, v0000021daf94be00_3, v0000021daf94be00_4, v0000021daf94be00_5, v0000021daf94be00_6;
E_0000021daf922710/2 .event anyedge, v0000021daf94be00_7, v0000021daf94be00_8, v0000021daf94be00_9, v0000021daf94be00_10;
E_0000021daf922710/3 .event anyedge, v0000021daf94be00_11, v0000021daf94be00_12, v0000021daf94be00_13, v0000021daf94be00_14;
E_0000021daf922710/4 .event anyedge, v0000021daf94be00_15, v0000021daf94c8a0_0;
E_0000021daf922710 .event/or E_0000021daf922710/0, E_0000021daf922710/1, E_0000021daf922710/2, E_0000021daf922710/3, E_0000021daf922710/4;
E_0000021daf9230d0/0 .event negedge, v0000021daf9363c0_0;
E_0000021daf9230d0/1 .event posedge, v0000021daf9361e0_0;
E_0000021daf9230d0 .event/or E_0000021daf9230d0/0, E_0000021daf9230d0/1;
S_0000021daf94b900 .scope begin, "reg_update" "reg_update" 5 98, 5 98 0, S_0000021daf94b770;
 .timescale 0 0;
v0000021daf936780_0 .var/i "i", 31 0;
S_0000021daf94ba90 .scope begin, "select_w" "select_w" 5 139, 5 139 0, S_0000021daf94b770;
 .timescale 0 0;
S_0000021daf94bc20 .scope begin, "w_mem_update_logic" "w_mem_update_logic" 5 154, 5 154 0, S_0000021daf94b770;
 .timescale 0 0;
v0000021daf936640_0 .var "d0", 31 0;
v0000021daf936a00_0 .var "d1", 31 0;
v0000021daf936c80_0 .var "w_0", 31 0;
v0000021daf935e20_0 .var "w_1", 31 0;
v0000021daf935f60_0 .var "w_14", 31 0;
v0000021daf936000_0 .var "w_9", 31 0;
S_0000021daf996db0 .scope task, "multi_block_test" "multi_block_test" 2 37, 2 37 0, S_0000021daf93aa30;
 .timescale -9 -12;
v0000021daf9948a0_0 .var "blk1", 511 0;
v0000021daf9949e0_0 .var "blk2", 511 0;
v0000021daf994a80_0 .var/i "dur", 31 0;
v0000021daf994d00_0 .var/i "en", 31 0;
v0000021daf994b20_0 .var "exp", 255 0;
v0000021daf994c60_0 .var "name", 127 0;
v0000021daf994da0_0 .var/i "pass", 31 0;
v0000021daf995160_0 .var/i "st", 31 0;
v0000021daf9952a0_0 .var/i "tid", 31 0;
v0000021daf995340_0 .var/i "valid", 31 0;
TD_tb_sha256_multi.multi_block_test ;
    ; show_stmt_assign_vector: Get l-value for compressed += operand
    %load/vec4 v0000021daf9989a0_0;
    %pushi/vec4 1, 0, 32;
    %add;
    %store/vec4 v0000021daf9989a0_0, 0, 32;
    %load/vec4 v0000021daf9989a0_0;
    %store/vec4 v0000021daf9952a0_0, 0, 32;
    %vpi_func 2 40 "$time" 64 {0 0 0};
    %pad/u 32;
    %store/vec4 v0000021daf995160_0, 0, 32;
    %load/vec4 v0000021daf9948a0_0;
    %store/vec4 v0000021daf9953e0_0, 0, 512;
    %pushi/vec4 1, 0, 1;
    %store/vec4 v0000021daf998360_0, 0, 1;
    %pushi/vec4 0, 0, 1;
    %store/vec4 v0000021daf997e60_0, 0, 1;
    %delay 10000, 0;
    %pushi/vec4 0, 0, 1;
    %store/vec4 v0000021daf998360_0, 0, 1;
    %fork TD_tb_sha256_multi.wait_ready, S_0000021daf996130;
    %join;
    %load/vec4 v0000021daf9949e0_0;
    %store/vec4 v0000021daf9953e0_0, 0, 512;
    %pushi/vec4 0, 0, 1;
    %store/vec4 v0000021daf998360_0, 0, 1;
    %pushi/vec4 1, 0, 1;
    %store/vec4 v0000021daf997e60_0, 0, 1;
    %delay 10000, 0;
    %pushi/vec4 0, 0, 1;
    %store/vec4 v0000021daf997e60_0, 0, 1;
    %fork TD_tb_sha256_multi.wait_ready, S_0000021daf996130;
    %join;
    %vpi_func 2 43 "$time" 64 {0 0 0};
    %pad/u 32;
    %store/vec4 v0000021daf994d00_0, 0, 32;
    %load/vec4 v0000021daf994d00_0;
    %load/vec4 v0000021daf995160_0;
    %sub;
    %store/vec4 v0000021daf994a80_0, 0, 32;
    %load/vec4 v0000021daf9982c0_0;
    %pad/u 32;
    %store/vec4 v0000021daf995340_0, 0, 32;
    %load/vec4 v0000021daf9982c0_0;
    %flag_set/vec4 8;
    %flag_get/vec4 8;
    %jmp/0 T_0.0, 8;
    %load/vec4 v0000021daf997c80_0;
    %load/vec4 v0000021daf994b20_0;
    %cmp/e;
    %flag_get/vec4 6;
    %and;
T_0.0;
    %pad/u 32;
    %store/vec4 v0000021daf994da0_0, 0, 32;
    %load/vec4 v0000021daf994da0_0;
    %nor/r;
    %flag_set/vec4 8;
    %jmp/0xz  T_0.1, 8;
    ; show_stmt_assign_vector: Get l-value for compressed += operand
    %load/vec4 v0000021daf9975a0_0;
    %pushi/vec4 1, 0, 32;
    %add;
    %store/vec4 v0000021daf9975a0_0, 0, 32;
T_0.1 ;
    %load/vec4 v0000021daf994da0_0;
    %cmpi/ne 0, 0, 32;
    %flag_mov 8, 4;
    %jmp/0 T_0.3, 8;
    %pushi/vec4 1346458451, 0, 32; draw_string_vec4
    %pushi/vec4 8224, 0, 16; draw_string_vec4
    %concat/vec4; draw_string_vec4
    %jmp/1 T_0.4, 8;
T_0.3 ; End of true expr.
    %pushi/vec4 1178683724, 0, 32; draw_string_vec4
    %pushi/vec4 8224, 0, 16; draw_string_vec4
    %concat/vec4; draw_string_vec4
    %jmp/0 T_0.4, 8;
 ; End of false expr.
    %blend;
T_0.4;
    %vpi_call 2 46 "$display", "| %2d | %s | multi | %040h | %040h | %0d | %s | %7d | %7d |", v0000021daf9952a0_0, v0000021daf994c60_0, &PV<v0000021daf994b20_0, 96, 160>, &PV<v0000021daf997c80_0, 96, 160>, v0000021daf995340_0, S<0,vec4,u48>, v0000021daf994d00_0, v0000021daf994a80_0 {1 0 0};
    %end;
S_0000021daf996c20 .scope task, "print_footer" "print_footer" 2 33, 2 33 0, S_0000021daf93aa30;
 .timescale -9 -12;
TD_tb_sha256_multi.print_footer ;
    %vpi_call 2 34 "$display", "+----+-------------+---------+------------------------------------------+------------------------------------------+---+------+---------+----------+" {0 0 0};
    %end;
S_0000021daf996900 .scope task, "print_header" "print_header" 2 27, 2 27 0, S_0000021daf93aa30;
 .timescale -9 -12;
TD_tb_sha256_multi.print_header ;
    %vpi_call 2 28 "$display", "\012=== SHA256 Multi-block Verification ===\012" {0 0 0};
    %vpi_call 2 29 "$display", "+----+-------------+---------+------------------------------------------+------------------------------------------+---+------+---------+----------+" {0 0 0};
    %vpi_call 2 30 "$display", "| ID | Name        | Type    | Expected                                 | Actual                                   | V | Res  | Time(ns)| Duration |" {0 0 0};
    %vpi_call 2 31 "$display", "+----+-------------+---------+------------------------------------------+------------------------------------------+---+------+---------+----------+" {0 0 0};
    %end;
S_0000021daf996f40 .scope task, "reset_dut" "reset_dut" 2 24, 2 24 0, S_0000021daf93aa30;
 .timescale -9 -12;
TD_tb_sha256_multi.reset_dut ;
    %pushi/vec4 0, 0, 1;
    %store/vec4 v0000021daf997640_0, 0, 1;
    %delay 40000, 0;
    %pushi/vec4 1, 0, 1;
    %store/vec4 v0000021daf997640_0, 0, 1;
    %end;
S_0000021daf996130 .scope task, "wait_ready" "wait_ready" 2 25, 2 25 0, S_0000021daf93aa30;
 .timescale -9 -12;
TD_tb_sha256_multi.wait_ready ;
T_4.5 ;
    %load/vec4 v0000021daf9985e0_0;
    %nor/r;
    %flag_set/vec4 8;
    %jmp/0xz T_4.6, 8;
    %delay 10000, 0;
    %jmp T_4.5;
T_4.6 ;
    %end;
    .scope S_0000021daf8cd560;
T_5 ;
    %wait E_0000021daf9233d0;
    %fork t_1, S_0000021daf8cd6f0;
    %jmp t_0;
    .scope S_0000021daf8cd6f0;
t_1 ;
    %load/vec4 v0000021daf936aa0_0;
    %dup/vec4;
    %pushi/vec4 0, 0, 6;
    %cmp/u;
    %jmp/1 T_5.0, 6;
    %dup/vec4;
    %pushi/vec4 1, 0, 6;
    %cmp/u;
    %jmp/1 T_5.1, 6;
    %dup/vec4;
    %pushi/vec4 2, 0, 6;
    %cmp/u;
    %jmp/1 T_5.2, 6;
    %dup/vec4;
    %pushi/vec4 3, 0, 6;
    %cmp/u;
    %jmp/1 T_5.3, 6;
    %dup/vec4;
    %pushi/vec4 4, 0, 6;
    %cmp/u;
    %jmp/1 T_5.4, 6;
    %dup/vec4;
    %pushi/vec4 5, 0, 6;
    %cmp/u;
    %jmp/1 T_5.5, 6;
    %dup/vec4;
    %pushi/vec4 6, 0, 6;
    %cmp/u;
    %jmp/1 T_5.6, 6;
    %dup/vec4;
    %pushi/vec4 7, 0, 6;
    %cmp/u;
    %jmp/1 T_5.7, 6;
    %dup/vec4;
    %pushi/vec4 8, 0, 6;
    %cmp/u;
    %jmp/1 T_5.8, 6;
    %dup/vec4;
    %pushi/vec4 9, 0, 6;
    %cmp/u;
    %jmp/1 T_5.9, 6;
    %dup/vec4;
    %pushi/vec4 10, 0, 6;
    %cmp/u;
    %jmp/1 T_5.10, 6;
    %dup/vec4;
    %pushi/vec4 11, 0, 6;
    %cmp/u;
    %jmp/1 T_5.11, 6;
    %dup/vec4;
    %pushi/vec4 12, 0, 6;
    %cmp/u;
    %jmp/1 T_5.12, 6;
    %dup/vec4;
    %pushi/vec4 13, 0, 6;
    %cmp/u;
    %jmp/1 T_5.13, 6;
    %dup/vec4;
    %pushi/vec4 14, 0, 6;
    %cmp/u;
    %jmp/1 T_5.14, 6;
    %dup/vec4;
    %pushi/vec4 15, 0, 6;
    %cmp/u;
    %jmp/1 T_5.15, 6;
    %dup/vec4;
    %pushi/vec4 16, 0, 6;
    %cmp/u;
    %jmp/1 T_5.16, 6;
    %dup/vec4;
    %pushi/vec4 17, 0, 6;
    %cmp/u;
    %jmp/1 T_5.17, 6;
    %dup/vec4;
    %pushi/vec4 18, 0, 6;
    %cmp/u;
    %jmp/1 T_5.18, 6;
    %dup/vec4;
    %pushi/vec4 19, 0, 6;
    %cmp/u;
    %jmp/1 T_5.19, 6;
    %dup/vec4;
    %pushi/vec4 20, 0, 6;
    %cmp/u;
    %jmp/1 T_5.20, 6;
    %dup/vec4;
    %pushi/vec4 21, 0, 6;
    %cmp/u;
    %jmp/1 T_5.21, 6;
    %dup/vec4;
    %pushi/vec4 22, 0, 6;
    %cmp/u;
    %jmp/1 T_5.22, 6;
    %dup/vec4;
    %pushi/vec4 23, 0, 6;
    %cmp/u;
    %jmp/1 T_5.23, 6;
    %dup/vec4;
    %pushi/vec4 24, 0, 6;
    %cmp/u;
    %jmp/1 T_5.24, 6;
    %dup/vec4;
    %pushi/vec4 25, 0, 6;
    %cmp/u;
    %jmp/1 T_5.25, 6;
    %dup/vec4;
    %pushi/vec4 26, 0, 6;
    %cmp/u;
    %jmp/1 T_5.26, 6;
    %dup/vec4;
    %pushi/vec4 27, 0, 6;
    %cmp/u;
    %jmp/1 T_5.27, 6;
    %dup/vec4;
    %pushi/vec4 28, 0, 6;
    %cmp/u;
    %jmp/1 T_5.28, 6;
    %dup/vec4;
    %pushi/vec4 29, 0, 6;
    %cmp/u;
    %jmp/1 T_5.29, 6;
    %dup/vec4;
    %pushi/vec4 30, 0, 6;
    %cmp/u;
    %jmp/1 T_5.30, 6;
    %dup/vec4;
    %pushi/vec4 31, 0, 6;
    %cmp/u;
    %jmp/1 T_5.31, 6;
    %dup/vec4;
    %pushi/vec4 32, 0, 6;
    %cmp/u;
    %jmp/1 T_5.32, 6;
    %dup/vec4;
    %pushi/vec4 33, 0, 6;
    %cmp/u;
    %jmp/1 T_5.33, 6;
    %dup/vec4;
    %pushi/vec4 34, 0, 6;
    %cmp/u;
    %jmp/1 T_5.34, 6;
    %dup/vec4;
    %pushi/vec4 35, 0, 6;
    %cmp/u;
    %jmp/1 T_5.35, 6;
    %dup/vec4;
    %pushi/vec4 36, 0, 6;
    %cmp/u;
    %jmp/1 T_5.36, 6;
    %dup/vec4;
    %pushi/vec4 37, 0, 6;
    %cmp/u;
    %jmp/1 T_5.37, 6;
    %dup/vec4;
    %pushi/vec4 38, 0, 6;
    %cmp/u;
    %jmp/1 T_5.38, 6;
    %dup/vec4;
    %pushi/vec4 39, 0, 6;
    %cmp/u;
    %jmp/1 T_5.39, 6;
    %dup/vec4;
    %pushi/vec4 40, 0, 6;
    %cmp/u;
    %jmp/1 T_5.40, 6;
    %dup/vec4;
    %pushi/vec4 41, 0, 6;
    %cmp/u;
    %jmp/1 T_5.41, 6;
    %dup/vec4;
    %pushi/vec4 42, 0, 6;
    %cmp/u;
    %jmp/1 T_5.42, 6;
    %dup/vec4;
    %pushi/vec4 43, 0, 6;
    %cmp/u;
    %jmp/1 T_5.43, 6;
    %dup/vec4;
    %pushi/vec4 44, 0, 6;
    %cmp/u;
    %jmp/1 T_5.44, 6;
    %dup/vec4;
    %pushi/vec4 45, 0, 6;
    %cmp/u;
    %jmp/1 T_5.45, 6;
    %dup/vec4;
    %pushi/vec4 46, 0, 6;
    %cmp/u;
    %jmp/1 T_5.46, 6;
    %dup/vec4;
    %pushi/vec4 47, 0, 6;
    %cmp/u;
    %jmp/1 T_5.47, 6;
    %dup/vec4;
    %pushi/vec4 48, 0, 6;
    %cmp/u;
    %jmp/1 T_5.48, 6;
    %dup/vec4;
    %pushi/vec4 49, 0, 6;
    %cmp/u;
    %jmp/1 T_5.49, 6;
    %dup/vec4;
    %pushi/vec4 50, 0, 6;
    %cmp/u;
    %jmp/1 T_5.50, 6;
    %dup/vec4;
    %pushi/vec4 51, 0, 6;
    %cmp/u;
    %jmp/1 T_5.51, 6;
    %dup/vec4;
    %pushi/vec4 52, 0, 6;
    %cmp/u;
    %jmp/1 T_5.52, 6;
    %dup/vec4;
    %pushi/vec4 53, 0, 6;
    %cmp/u;
    %jmp/1 T_5.53, 6;
    %dup/vec4;
    %pushi/vec4 54, 0, 6;
    %cmp/u;
    %jmp/1 T_5.54, 6;
    %dup/vec4;
    %pushi/vec4 55, 0, 6;
    %cmp/u;
    %jmp/1 T_5.55, 6;
    %dup/vec4;
    %pushi/vec4 56, 0, 6;
    %cmp/u;
    %jmp/1 T_5.56, 6;
    %dup/vec4;
    %pushi/vec4 57, 0, 6;
    %cmp/u;
    %jmp/1 T_5.57, 6;
    %dup/vec4;
    %pushi/vec4 58, 0, 6;
    %cmp/u;
    %jmp/1 T_5.58, 6;
    %dup/vec4;
    %pushi/vec4 59, 0, 6;
    %cmp/u;
    %jmp/1 T_5.59, 6;
    %dup/vec4;
    %pushi/vec4 60, 0, 6;
    %cmp/u;
    %jmp/1 T_5.60, 6;
    %dup/vec4;
    %pushi/vec4 61, 0, 6;
    %cmp/u;
    %jmp/1 T_5.61, 6;
    %dup/vec4;
    %pushi/vec4 62, 0, 6;
    %cmp/u;
    %jmp/1 T_5.62, 6;
    %dup/vec4;
    %pushi/vec4 63, 0, 6;
    %cmp/u;
    %jmp/1 T_5.63, 6;
    %jmp T_5.64;
T_5.0 ;
    %pushi/vec4 1116352408, 0, 32;
    %store/vec4 v0000021daf9365a0_0, 0, 32;
    %jmp T_5.64;
T_5.1 ;
    %pushi/vec4 1899447441, 0, 32;
    %store/vec4 v0000021daf9365a0_0, 0, 32;
    %jmp T_5.64;
T_5.2 ;
    %pushi/vec4 3049323471, 0, 32;
    %store/vec4 v0000021daf9365a0_0, 0, 32;
    %jmp T_5.64;
T_5.3 ;
    %pushi/vec4 3921009573, 0, 32;
    %store/vec4 v0000021daf9365a0_0, 0, 32;
    %jmp T_5.64;
T_5.4 ;
    %pushi/vec4 961987163, 0, 32;
    %store/vec4 v0000021daf9365a0_0, 0, 32;
    %jmp T_5.64;
T_5.5 ;
    %pushi/vec4 1508970993, 0, 32;
    %store/vec4 v0000021daf9365a0_0, 0, 32;
    %jmp T_5.64;
T_5.6 ;
    %pushi/vec4 2453635748, 0, 32;
    %store/vec4 v0000021daf9365a0_0, 0, 32;
    %jmp T_5.64;
T_5.7 ;
    %pushi/vec4 2870763221, 0, 32;
    %store/vec4 v0000021daf9365a0_0, 0, 32;
    %jmp T_5.64;
T_5.8 ;
    %pushi/vec4 3624381080, 0, 32;
    %store/vec4 v0000021daf9365a0_0, 0, 32;
    %jmp T_5.64;
T_5.9 ;
    %pushi/vec4 310598401, 0, 32;
    %store/vec4 v0000021daf9365a0_0, 0, 32;
    %jmp T_5.64;
T_5.10 ;
    %pushi/vec4 607225278, 0, 32;
    %store/vec4 v0000021daf9365a0_0, 0, 32;
    %jmp T_5.64;
T_5.11 ;
    %pushi/vec4 1426881987, 0, 32;
    %store/vec4 v0000021daf9365a0_0, 0, 32;
    %jmp T_5.64;
T_5.12 ;
    %pushi/vec4 1925078388, 0, 32;
    %store/vec4 v0000021daf9365a0_0, 0, 32;
    %jmp T_5.64;
T_5.13 ;
    %pushi/vec4 2162078206, 0, 32;
    %store/vec4 v0000021daf9365a0_0, 0, 32;
    %jmp T_5.64;
T_5.14 ;
    %pushi/vec4 2614888103, 0, 32;
    %store/vec4 v0000021daf9365a0_0, 0, 32;
    %jmp T_5.64;
T_5.15 ;
    %pushi/vec4 3248222580, 0, 32;
    %store/vec4 v0000021daf9365a0_0, 0, 32;
    %jmp T_5.64;
T_5.16 ;
    %pushi/vec4 3835390401, 0, 32;
    %store/vec4 v0000021daf9365a0_0, 0, 32;
    %jmp T_5.64;
T_5.17 ;
    %pushi/vec4 4022224774, 0, 32;
    %store/vec4 v0000021daf9365a0_0, 0, 32;
    %jmp T_5.64;
T_5.18 ;
    %pushi/vec4 264347078, 0, 32;
    %store/vec4 v0000021daf9365a0_0, 0, 32;
    %jmp T_5.64;
T_5.19 ;
    %pushi/vec4 604807628, 0, 32;
    %store/vec4 v0000021daf9365a0_0, 0, 32;
    %jmp T_5.64;
T_5.20 ;
    %pushi/vec4 770255983, 0, 32;
    %store/vec4 v0000021daf9365a0_0, 0, 32;
    %jmp T_5.64;
T_5.21 ;
    %pushi/vec4 1249150122, 0, 32;
    %store/vec4 v0000021daf9365a0_0, 0, 32;
    %jmp T_5.64;
T_5.22 ;
    %pushi/vec4 1555081692, 0, 32;
    %store/vec4 v0000021daf9365a0_0, 0, 32;
    %jmp T_5.64;
T_5.23 ;
    %pushi/vec4 1996064986, 0, 32;
    %store/vec4 v0000021daf9365a0_0, 0, 32;
    %jmp T_5.64;
T_5.24 ;
    %pushi/vec4 2554220882, 0, 32;
    %store/vec4 v0000021daf9365a0_0, 0, 32;
    %jmp T_5.64;
T_5.25 ;
    %pushi/vec4 2821834349, 0, 32;
    %store/vec4 v0000021daf9365a0_0, 0, 32;
    %jmp T_5.64;
T_5.26 ;
    %pushi/vec4 2952996808, 0, 32;
    %store/vec4 v0000021daf9365a0_0, 0, 32;
    %jmp T_5.64;
T_5.27 ;
    %pushi/vec4 3210313671, 0, 32;
    %store/vec4 v0000021daf9365a0_0, 0, 32;
    %jmp T_5.64;
T_5.28 ;
    %pushi/vec4 3336571891, 0, 32;
    %store/vec4 v0000021daf9365a0_0, 0, 32;
    %jmp T_5.64;
T_5.29 ;
    %pushi/vec4 3584528711, 0, 32;
    %store/vec4 v0000021daf9365a0_0, 0, 32;
    %jmp T_5.64;
T_5.30 ;
    %pushi/vec4 113926993, 0, 32;
    %store/vec4 v0000021daf9365a0_0, 0, 32;
    %jmp T_5.64;
T_5.31 ;
    %pushi/vec4 338241895, 0, 32;
    %store/vec4 v0000021daf9365a0_0, 0, 32;
    %jmp T_5.64;
T_5.32 ;
    %pushi/vec4 666307205, 0, 32;
    %store/vec4 v0000021daf9365a0_0, 0, 32;
    %jmp T_5.64;
T_5.33 ;
    %pushi/vec4 773529912, 0, 32;
    %store/vec4 v0000021daf9365a0_0, 0, 32;
    %jmp T_5.64;
T_5.34 ;
    %pushi/vec4 1294757372, 0, 32;
    %store/vec4 v0000021daf9365a0_0, 0, 32;
    %jmp T_5.64;
T_5.35 ;
    %pushi/vec4 1396182291, 0, 32;
    %store/vec4 v0000021daf9365a0_0, 0, 32;
    %jmp T_5.64;
T_5.36 ;
    %pushi/vec4 1695183700, 0, 32;
    %store/vec4 v0000021daf9365a0_0, 0, 32;
    %jmp T_5.64;
T_5.37 ;
    %pushi/vec4 1986661051, 0, 32;
    %store/vec4 v0000021daf9365a0_0, 0, 32;
    %jmp T_5.64;
T_5.38 ;
    %pushi/vec4 2177026350, 0, 32;
    %store/vec4 v0000021daf9365a0_0, 0, 32;
    %jmp T_5.64;
T_5.39 ;
    %pushi/vec4 2456956037, 0, 32;
    %store/vec4 v0000021daf9365a0_0, 0, 32;
    %jmp T_5.64;
T_5.40 ;
    %pushi/vec4 2730485921, 0, 32;
    %store/vec4 v0000021daf9365a0_0, 0, 32;
    %jmp T_5.64;
T_5.41 ;
    %pushi/vec4 2820302411, 0, 32;
    %store/vec4 v0000021daf9365a0_0, 0, 32;
    %jmp T_5.64;
T_5.42 ;
    %pushi/vec4 3259730800, 0, 32;
    %store/vec4 v0000021daf9365a0_0, 0, 32;
    %jmp T_5.64;
T_5.43 ;
    %pushi/vec4 3345764771, 0, 32;
    %store/vec4 v0000021daf9365a0_0, 0, 32;
    %jmp T_5.64;
T_5.44 ;
    %pushi/vec4 3516065817, 0, 32;
    %store/vec4 v0000021daf9365a0_0, 0, 32;
    %jmp T_5.64;
T_5.45 ;
    %pushi/vec4 3600352804, 0, 32;
    %store/vec4 v0000021daf9365a0_0, 0, 32;
    %jmp T_5.64;
T_5.46 ;
    %pushi/vec4 4094571909, 0, 32;
    %store/vec4 v0000021daf9365a0_0, 0, 32;
    %jmp T_5.64;
T_5.47 ;
    %pushi/vec4 275423344, 0, 32;
    %store/vec4 v0000021daf9365a0_0, 0, 32;
    %jmp T_5.64;
T_5.48 ;
    %pushi/vec4 430227734, 0, 32;
    %store/vec4 v0000021daf9365a0_0, 0, 32;
    %jmp T_5.64;
T_5.49 ;
    %pushi/vec4 506948616, 0, 32;
    %store/vec4 v0000021daf9365a0_0, 0, 32;
    %jmp T_5.64;
T_5.50 ;
    %pushi/vec4 659060556, 0, 32;
    %store/vec4 v0000021daf9365a0_0, 0, 32;
    %jmp T_5.64;
T_5.51 ;
    %pushi/vec4 883997877, 0, 32;
    %store/vec4 v0000021daf9365a0_0, 0, 32;
    %jmp T_5.64;
T_5.52 ;
    %pushi/vec4 958139571, 0, 32;
    %store/vec4 v0000021daf9365a0_0, 0, 32;
    %jmp T_5.64;
T_5.53 ;
    %pushi/vec4 1322822218, 0, 32;
    %store/vec4 v0000021daf9365a0_0, 0, 32;
    %jmp T_5.64;
T_5.54 ;
    %pushi/vec4 1537002063, 0, 32;
    %store/vec4 v0000021daf9365a0_0, 0, 32;
    %jmp T_5.64;
T_5.55 ;
    %pushi/vec4 1747873779, 0, 32;
    %store/vec4 v0000021daf9365a0_0, 0, 32;
    %jmp T_5.64;
T_5.56 ;
    %pushi/vec4 1955562222, 0, 32;
    %store/vec4 v0000021daf9365a0_0, 0, 32;
    %jmp T_5.64;
T_5.57 ;
    %pushi/vec4 2024104815, 0, 32;
    %store/vec4 v0000021daf9365a0_0, 0, 32;
    %jmp T_5.64;
T_5.58 ;
    %pushi/vec4 2227730452, 0, 32;
    %store/vec4 v0000021daf9365a0_0, 0, 32;
    %jmp T_5.64;
T_5.59 ;
    %pushi/vec4 2361852424, 0, 32;
    %store/vec4 v0000021daf9365a0_0, 0, 32;
    %jmp T_5.64;
T_5.60 ;
    %pushi/vec4 2428436474, 0, 32;
    %store/vec4 v0000021daf9365a0_0, 0, 32;
    %jmp T_5.64;
T_5.61 ;
    %pushi/vec4 2756734187, 0, 32;
    %store/vec4 v0000021daf9365a0_0, 0, 32;
    %jmp T_5.64;
T_5.62 ;
    %pushi/vec4 3204031479, 0, 32;
    %store/vec4 v0000021daf9365a0_0, 0, 32;
    %jmp T_5.64;
T_5.63 ;
    %pushi/vec4 3329325298, 0, 32;
    %store/vec4 v0000021daf9365a0_0, 0, 32;
    %jmp T_5.64;
T_5.64 ;
    %pop/vec4 1;
    %end;
    .scope S_0000021daf8cd560;
t_0 %join;
    %jmp T_5;
    .thread T_5, $push;
    .scope S_0000021daf94b770;
T_6 ;
    %wait E_0000021daf9230d0;
    %fork t_3, S_0000021daf94b900;
    %jmp t_2;
    .scope S_0000021daf94b900;
t_3 ;
    %load/vec4 v0000021daf9363c0_0;
    %nor/r;
    %flag_set/vec4 8;
    %jmp/0xz  T_6.0, 8;
    %pushi/vec4 0, 0, 32;
    %store/vec4 v0000021daf936780_0, 0, 32;
T_6.2 ;
    %load/vec4 v0000021daf936780_0;
    %cmpi/s 16, 0, 32;
    %jmp/0xz T_6.3, 5;
    %pushi/vec4 0, 0, 32;
    %ix/getv/s 3, v0000021daf936780_0;
    %ix/load 4, 0, 0; Constant delay
    %assign/vec4/a/d v0000021daf94be00, 0, 4;
    %load/vec4 v0000021daf936780_0;
    %addi 1, 0, 32;
    %store/vec4 v0000021daf936780_0, 0, 32;
    %jmp T_6.2;
T_6.3 ;
    %jmp T_6.1;
T_6.0 ;
    %load/vec4 v0000021daf94d520_0;
    %flag_set/vec4 8;
    %jmp/0xz  T_6.4, 8;
    %load/vec4 v0000021daf94d0c0_0;
    %ix/load 3, 0, 0;
    %flag_set/imm 4, 0;
    %ix/load 4, 0, 0; Constant delay
    %assign/vec4/a/d v0000021daf94be00, 0, 4;
    %load/vec4 v0000021daf94d8e0_0;
    %ix/load 3, 1, 0;
    %flag_set/imm 4, 0;
    %ix/load 4, 0, 0; Constant delay
    %assign/vec4/a/d v0000021daf94be00, 0, 4;
    %load/vec4 v0000021daf94d660_0;
    %ix/load 3, 2, 0;
    %flag_set/imm 4, 0;
    %ix/load 4, 0, 0; Constant delay
    %assign/vec4/a/d v0000021daf94be00, 0, 4;
    %load/vec4 v0000021daf94dca0_0;
    %ix/load 3, 3, 0;
    %flag_set/imm 4, 0;
    %ix/load 4, 0, 0; Constant delay
    %assign/vec4/a/d v0000021daf94be00, 0, 4;
    %load/vec4 v0000021daf94bea0_0;
    %ix/load 3, 4, 0;
    %flag_set/imm 4, 0;
    %ix/load 4, 0, 0; Constant delay
    %assign/vec4/a/d v0000021daf94be00, 0, 4;
    %load/vec4 v0000021daf94d3e0_0;
    %ix/load 3, 5, 0;
    %flag_set/imm 4, 0;
    %ix/load 4, 0, 0; Constant delay
    %assign/vec4/a/d v0000021daf94be00, 0, 4;
    %load/vec4 v0000021daf94d020_0;
    %ix/load 3, 6, 0;
    %flag_set/imm 4, 0;
    %ix/load 4, 0, 0; Constant delay
    %assign/vec4/a/d v0000021daf94be00, 0, 4;
    %load/vec4 v0000021daf94d980_0;
    %ix/load 3, 7, 0;
    %flag_set/imm 4, 0;
    %ix/load 4, 0, 0; Constant delay
    %assign/vec4/a/d v0000021daf94be00, 0, 4;
    %load/vec4 v0000021daf94d160_0;
    %ix/load 3, 8, 0;
    %flag_set/imm 4, 0;
    %ix/load 4, 0, 0; Constant delay
    %assign/vec4/a/d v0000021daf94be00, 0, 4;
    %load/vec4 v0000021daf94da20_0;
    %ix/load 3, 9, 0;
    %flag_set/imm 4, 0;
    %ix/load 4, 0, 0; Constant delay
    %assign/vec4/a/d v0000021daf94be00, 0, 4;
    %load/vec4 v0000021daf94d480_0;
    %ix/load 3, 10, 0;
    %flag_set/imm 4, 0;
    %ix/load 4, 0, 0; Constant delay
    %assign/vec4/a/d v0000021daf94be00, 0, 4;
    %load/vec4 v0000021daf94c300_0;
    %ix/load 3, 11, 0;
    %flag_set/imm 4, 0;
    %ix/load 4, 0, 0; Constant delay
    %assign/vec4/a/d v0000021daf94be00, 0, 4;
    %load/vec4 v0000021daf94ce40_0;
    %ix/load 3, 12, 0;
    %flag_set/imm 4, 0;
    %ix/load 4, 0, 0; Constant delay
    %assign/vec4/a/d v0000021daf94be00, 0, 4;
    %load/vec4 v0000021daf94c3a0_0;
    %ix/load 3, 13, 0;
    %flag_set/imm 4, 0;
    %ix/load 4, 0, 0; Constant delay
    %assign/vec4/a/d v0000021daf94be00, 0, 4;
    %load/vec4 v0000021daf94bfe0_0;
    %ix/load 3, 14, 0;
    %flag_set/imm 4, 0;
    %ix/load 4, 0, 0; Constant delay
    %assign/vec4/a/d v0000021daf94be00, 0, 4;
    %load/vec4 v0000021daf94cd00_0;
    %ix/load 3, 15, 0;
    %flag_set/imm 4, 0;
    %ix/load 4, 0, 0; Constant delay
    %assign/vec4/a/d v0000021daf94be00, 0, 4;
T_6.4 ;
T_6.1 ;
    %end;
    .scope S_0000021daf94b770;
t_2 %join;
    %jmp T_6;
    .thread T_6;
    .scope S_0000021daf94b770;
T_7 ;
    %wait E_0000021daf922710;
    %fork t_5, S_0000021daf94ba90;
    %jmp t_4;
    .scope S_0000021daf94ba90;
t_5 ;
    %load/vec4 v0000021daf94d5c0_0;
    %pad/u 32;
    %cmpi/u 16, 0, 32;
    %jmp/0xz  T_7.0, 5;
    %load/vec4 v0000021daf94d5c0_0;
    %parti/s 4, 0, 2;
    %pad/u 6;
    %ix/vec4 4;
    %load/vec4a v0000021daf94be00, 4;
    %store/vec4 v0000021daf94c080_0, 0, 32;
    %jmp T_7.1;
T_7.0 ;
    %load/vec4 v0000021daf94c8a0_0;
    %store/vec4 v0000021daf94c080_0, 0, 32;
T_7.1 ;
    %end;
    .scope S_0000021daf94b770;
t_4 %join;
    %jmp T_7;
    .thread T_7, $push;
    .scope S_0000021daf94b770;
T_8 ;
    %wait E_0000021daf922910;
    %fork t_7, S_0000021daf94bc20;
    %jmp t_6;
    .scope S_0000021daf94bc20;
t_7 ;
    %pushi/vec4 0, 0, 32;
    %store/vec4 v0000021daf94d0c0_0, 0, 32;
    %pushi/vec4 0, 0, 32;
    %store/vec4 v0000021daf94d8e0_0, 0, 32;
    %pushi/vec4 0, 0, 32;
    %store/vec4 v0000021daf94d660_0, 0, 32;
    %pushi/vec4 0, 0, 32;
    %store/vec4 v0000021daf94dca0_0, 0, 32;
    %pushi/vec4 0, 0, 32;
    %store/vec4 v0000021daf94bea0_0, 0, 32;
    %pushi/vec4 0, 0, 32;
    %store/vec4 v0000021daf94d3e0_0, 0, 32;
    %pushi/vec4 0, 0, 32;
    %store/vec4 v0000021daf94d020_0, 0, 32;
    %pushi/vec4 0, 0, 32;
    %store/vec4 v0000021daf94d980_0, 0, 32;
    %pushi/vec4 0, 0, 32;
    %store/vec4 v0000021daf94d160_0, 0, 32;
    %pushi/vec4 0, 0, 32;
    %store/vec4 v0000021daf94da20_0, 0, 32;
    %pushi/vec4 0, 0, 32;
    %store/vec4 v0000021daf94d480_0, 0, 32;
    %pushi/vec4 0, 0, 32;
    %store/vec4 v0000021daf94c300_0, 0, 32;
    %pushi/vec4 0, 0, 32;
    %store/vec4 v0000021daf94ce40_0, 0, 32;
    %pushi/vec4 0, 0, 32;
    %store/vec4 v0000021daf94c3a0_0, 0, 32;
    %pushi/vec4 0, 0, 32;
    %store/vec4 v0000021daf94bfe0_0, 0, 32;
    %pushi/vec4 0, 0, 32;
    %store/vec4 v0000021daf94cd00_0, 0, 32;
    %pushi/vec4 0, 0, 1;
    %store/vec4 v0000021daf94d520_0, 0, 1;
    %ix/load 4, 0, 0;
    %flag_set/imm 4, 0;
    %load/vec4a v0000021daf94be00, 4;
    %store/vec4 v0000021daf936c80_0, 0, 32;
    %ix/load 4, 1, 0;
    %flag_set/imm 4, 0;
    %load/vec4a v0000021daf94be00, 4;
    %store/vec4 v0000021daf935e20_0, 0, 32;
    %ix/load 4, 9, 0;
    %flag_set/imm 4, 0;
    %load/vec4a v0000021daf94be00, 4;
    %store/vec4 v0000021daf936000_0, 0, 32;
    %ix/load 4, 14, 0;
    %flag_set/imm 4, 0;
    %load/vec4a v0000021daf94be00, 4;
    %store/vec4 v0000021daf935f60_0, 0, 32;
    %load/vec4 v0000021daf935e20_0;
    %parti/s 7, 0, 2;
    %load/vec4 v0000021daf935e20_0;
    %parti/s 25, 7, 4;
    %concat/vec4; draw_concat_vec4
    %load/vec4 v0000021daf935e20_0;
    %parti/s 18, 0, 2;
    %load/vec4 v0000021daf935e20_0;
    %parti/s 14, 18, 6;
    %concat/vec4; draw_concat_vec4
    %xor;
    %pushi/vec4 0, 0, 3;
    %load/vec4 v0000021daf935e20_0;
    %parti/s 29, 3, 3;
    %concat/vec4; draw_concat_vec4
    %xor;
    %store/vec4 v0000021daf936640_0, 0, 32;
    %load/vec4 v0000021daf935f60_0;
    %parti/s 17, 0, 2;
    %load/vec4 v0000021daf935f60_0;
    %parti/s 15, 17, 6;
    %concat/vec4; draw_concat_vec4
    %load/vec4 v0000021daf935f60_0;
    %parti/s 19, 0, 2;
    %load/vec4 v0000021daf935f60_0;
    %parti/s 13, 19, 6;
    %concat/vec4; draw_concat_vec4
    %xor;
    %pushi/vec4 0, 0, 10;
    %load/vec4 v0000021daf935f60_0;
    %parti/s 22, 10, 5;
    %concat/vec4; draw_concat_vec4
    %xor;
    %store/vec4 v0000021daf936a00_0, 0, 32;
    %load/vec4 v0000021daf936a00_0;
    %load/vec4 v0000021daf936000_0;
    %add;
    %load/vec4 v0000021daf936640_0;
    %add;
    %load/vec4 v0000021daf936c80_0;
    %add;
    %store/vec4 v0000021daf94c8a0_0, 0, 32;
    %load/vec4 v0000021daf936280_0;
    %flag_set/vec4 8;
    %jmp/0xz  T_8.0, 8;
    %load/vec4 v0000021daf9360a0_0;
    %parti/s 32, 480, 10;
    %store/vec4 v0000021daf94d0c0_0, 0, 32;
    %load/vec4 v0000021daf9360a0_0;
    %parti/s 32, 448, 10;
    %store/vec4 v0000021daf94d8e0_0, 0, 32;
    %load/vec4 v0000021daf9360a0_0;
    %parti/s 32, 416, 10;
    %store/vec4 v0000021daf94d660_0, 0, 32;
    %load/vec4 v0000021daf9360a0_0;
    %parti/s 32, 384, 10;
    %store/vec4 v0000021daf94dca0_0, 0, 32;
    %load/vec4 v0000021daf9360a0_0;
    %parti/s 32, 352, 10;
    %store/vec4 v0000021daf94bea0_0, 0, 32;
    %load/vec4 v0000021daf9360a0_0;
    %parti/s 32, 320, 10;
    %store/vec4 v0000021daf94d3e0_0, 0, 32;
    %load/vec4 v0000021daf9360a0_0;
    %parti/s 32, 288, 10;
    %store/vec4 v0000021daf94d020_0, 0, 32;
    %load/vec4 v0000021daf9360a0_0;
    %parti/s 32, 256, 10;
    %store/vec4 v0000021daf94d980_0, 0, 32;
    %load/vec4 v0000021daf9360a0_0;
    %parti/s 32, 224, 9;
    %store/vec4 v0000021daf94d160_0, 0, 32;
    %load/vec4 v0000021daf9360a0_0;
    %parti/s 32, 192, 9;
    %store/vec4 v0000021daf94da20_0, 0, 32;
    %load/vec4 v0000021daf9360a0_0;
    %parti/s 32, 160, 9;
    %store/vec4 v0000021daf94d480_0, 0, 32;
    %load/vec4 v0000021daf9360a0_0;
    %parti/s 32, 128, 9;
    %store/vec4 v0000021daf94c300_0, 0, 32;
    %load/vec4 v0000021daf9360a0_0;
    %parti/s 32, 96, 8;
    %store/vec4 v0000021daf94ce40_0, 0, 32;
    %load/vec4 v0000021daf9360a0_0;
    %parti/s 32, 64, 8;
    %store/vec4 v0000021daf94c3a0_0, 0, 32;
    %load/vec4 v0000021daf9360a0_0;
    %parti/s 32, 32, 7;
    %store/vec4 v0000021daf94bfe0_0, 0, 32;
    %load/vec4 v0000021daf9360a0_0;
    %parti/s 32, 0, 2;
    %store/vec4 v0000021daf94cd00_0, 0, 32;
    %pushi/vec4 1, 0, 1;
    %store/vec4 v0000021daf94d520_0, 0, 1;
T_8.0 ;
    %load/vec4 v0000021daf936320_0;
    %flag_set/vec4 9;
    %flag_get/vec4 9;
    %jmp/0 T_8.4, 9;
    %pushi/vec4 15, 0, 32;
    %load/vec4 v0000021daf94d5c0_0;
    %pad/u 32;
    %cmp/u;
    %flag_get/vec4 5;
    %and;
T_8.4;
    %flag_set/vec4 8;
    %jmp/0xz  T_8.2, 8;
    %ix/load 4, 1, 0;
    %flag_set/imm 4, 0;
    %load/vec4a v0000021daf94be00, 4;
    %store/vec4 v0000021daf94d0c0_0, 0, 32;
    %ix/load 4, 2, 0;
    %flag_set/imm 4, 0;
    %load/vec4a v0000021daf94be00, 4;
    %store/vec4 v0000021daf94d8e0_0, 0, 32;
    %ix/load 4, 3, 0;
    %flag_set/imm 4, 0;
    %load/vec4a v0000021daf94be00, 4;
    %store/vec4 v0000021daf94d660_0, 0, 32;
    %ix/load 4, 4, 0;
    %flag_set/imm 4, 0;
    %load/vec4a v0000021daf94be00, 4;
    %store/vec4 v0000021daf94dca0_0, 0, 32;
    %ix/load 4, 5, 0;
    %flag_set/imm 4, 0;
    %load/vec4a v0000021daf94be00, 4;
    %store/vec4 v0000021daf94bea0_0, 0, 32;
    %ix/load 4, 6, 0;
    %flag_set/imm 4, 0;
    %load/vec4a v0000021daf94be00, 4;
    %store/vec4 v0000021daf94d3e0_0, 0, 32;
    %ix/load 4, 7, 0;
    %flag_set/imm 4, 0;
    %load/vec4a v0000021daf94be00, 4;
    %store/vec4 v0000021daf94d020_0, 0, 32;
    %ix/load 4, 8, 0;
    %flag_set/imm 4, 0;
    %load/vec4a v0000021daf94be00, 4;
    %store/vec4 v0000021daf94d980_0, 0, 32;
    %ix/load 4, 9, 0;
    %flag_set/imm 4, 0;
    %load/vec4a v0000021daf94be00, 4;
    %store/vec4 v0000021daf94d160_0, 0, 32;
    %ix/load 4, 10, 0;
    %flag_set/imm 4, 0;
    %load/vec4a v0000021daf94be00, 4;
    %store/vec4 v0000021daf94da20_0, 0, 32;
    %ix/load 4, 11, 0;
    %flag_set/imm 4, 0;
    %load/vec4a v0000021daf94be00, 4;
    %store/vec4 v0000021daf94d480_0, 0, 32;
    %ix/load 4, 12, 0;
    %flag_set/imm 4, 0;
    %load/vec4a v0000021daf94be00, 4;
    %store/vec4 v0000021daf94c300_0, 0, 32;
    %ix/load 4, 13, 0;
    %flag_set/imm 4, 0;
    %load/vec4a v0000021daf94be00, 4;
    %store/vec4 v0000021daf94ce40_0, 0, 32;
    %ix/load 4, 14, 0;
    %flag_set/imm 4, 0;
    %load/vec4a v0000021daf94be00, 4;
    %store/vec4 v0000021daf94c3a0_0, 0, 32;
    %ix/load 4, 15, 0;
    %flag_set/imm 4, 0;
    %load/vec4a v0000021daf94be00, 4;
    %store/vec4 v0000021daf94bfe0_0, 0, 32;
    %load/vec4 v0000021daf94c8a0_0;
    %store/vec4 v0000021daf94cd00_0, 0, 32;
    %pushi/vec4 1, 0, 1;
    %store/vec4 v0000021daf94d520_0, 0, 1;
T_8.2 ;
    %end;
    .scope S_0000021daf94b770;
t_6 %join;
    %jmp T_8;
    .thread T_8, $push;
    .scope S_0000021daf8f2260;
T_9 ;
    %wait E_0000021daf9230d0;
    %fork t_9, S_0000021daf939110;
    %jmp t_8;
    .scope S_0000021daf939110;
t_9 ;
    %load/vec4 v0000021daf994300_0;
    %nor/r;
    %flag_set/vec4 8;
    %jmp/0xz  T_9.0, 8;
    %pushi/vec4 0, 0, 32;
    %assign/vec4 v0000021daf94c1c0_0, 0;
    %pushi/vec4 0, 0, 32;
    %assign/vec4 v0000021daf94c580_0, 0;
    %pushi/vec4 0, 0, 32;
    %assign/vec4 v0000021daf94c620_0, 0;
    %pushi/vec4 0, 0, 32;
    %assign/vec4 v0000021daf94cc60_0, 0;
    %pushi/vec4 0, 0, 32;
    %assign/vec4 v0000021daf995fc0_0, 0;
    %pushi/vec4 0, 0, 32;
    %assign/vec4 v0000021daf9958e0_0, 0;
    %pushi/vec4 0, 0, 32;
    %assign/vec4 v0000021daf995ac0_0, 0;
    %pushi/vec4 0, 0, 32;
    %assign/vec4 v0000021daf995840_0, 0;
    %pushi/vec4 0, 0, 32;
    %assign/vec4 v0000021daf94cbc0_0, 0;
    %pushi/vec4 0, 0, 32;
    %assign/vec4 v0000021daf94cee0_0, 0;
    %pushi/vec4 0, 0, 32;
    %assign/vec4 v0000021daf94bf40_0, 0;
    %pushi/vec4 0, 0, 32;
    %assign/vec4 v0000021daf94d2a0_0, 0;
    %pushi/vec4 0, 0, 32;
    %assign/vec4 v0000021daf94d700_0, 0;
    %pushi/vec4 0, 0, 32;
    %assign/vec4 v0000021daf94c440_0, 0;
    %pushi/vec4 0, 0, 32;
    %assign/vec4 v0000021daf94d7a0_0, 0;
    %pushi/vec4 0, 0, 32;
    %assign/vec4 v0000021daf94c260_0, 0;
    %pushi/vec4 0, 0, 1;
    %assign/vec4 v0000021daf9941c0_0, 0;
    %pushi/vec4 0, 0, 6;
    %assign/vec4 v0000021daf995e80_0, 0;
    %pushi/vec4 0, 0, 2;
    %assign/vec4 v0000021daf994bc0_0, 0;
    %jmp T_9.1;
T_9.0 ;
    %load/vec4 v0000021daf94dc00_0;
    %flag_set/vec4 8;
    %jmp/0xz  T_9.2, 8;
    %load/vec4 v0000021daf94c760_0;
    %assign/vec4 v0000021daf94c1c0_0, 0;
    %load/vec4 v0000021daf94c4e0_0;
    %assign/vec4 v0000021daf94c580_0, 0;
    %load/vec4 v0000021daf94cb20_0;
    %assign/vec4 v0000021daf94c620_0, 0;
    %load/vec4 v0000021daf94c940_0;
    %assign/vec4 v0000021daf94cc60_0, 0;
    %load/vec4 v0000021daf995c00_0;
    %assign/vec4 v0000021daf995fc0_0, 0;
    %load/vec4 v0000021daf995ca0_0;
    %assign/vec4 v0000021daf9958e0_0, 0;
    %load/vec4 v0000021daf994ee0_0;
    %assign/vec4 v0000021daf995ac0_0, 0;
    %load/vec4 v0000021daf995480_0;
    %assign/vec4 v0000021daf995840_0, 0;
T_9.2 ;
    %load/vec4 v0000021daf94d840_0;
    %flag_set/vec4 8;
    %jmp/0xz  T_9.4, 8;
    %load/vec4 v0000021daf94cda0_0;
    %assign/vec4 v0000021daf94cbc0_0, 0;
    %load/vec4 v0000021daf94dac0_0;
    %assign/vec4 v0000021daf94cee0_0, 0;
    %load/vec4 v0000021daf94cf80_0;
    %assign/vec4 v0000021daf94bf40_0, 0;
    %load/vec4 v0000021daf94db60_0;
    %assign/vec4 v0000021daf94d2a0_0, 0;
    %load/vec4 v0000021daf94c120_0;
    %assign/vec4 v0000021daf94d700_0, 0;
    %load/vec4 v0000021daf94d200_0;
    %assign/vec4 v0000021daf94c440_0, 0;
    %load/vec4 v0000021daf94c9e0_0;
    %assign/vec4 v0000021daf94d7a0_0, 0;
    %load/vec4 v0000021daf94c6c0_0;
    %assign/vec4 v0000021daf94c260_0, 0;
T_9.4 ;
    %load/vec4 v0000021daf9950c0_0;
    %flag_set/vec4 8;
    %jmp/0xz  T_9.6, 8;
    %load/vec4 v0000021daf994580_0;
    %assign/vec4 v0000021daf995e80_0, 0;
T_9.6 ;
    %load/vec4 v0000021daf994620_0;
    %flag_set/vec4 8;
    %jmp/0xz  T_9.8, 8;
    %load/vec4 v0000021daf995200_0;
    %assign/vec4 v0000021daf9941c0_0, 0;
T_9.8 ;
    %load/vec4 v0000021daf994f80_0;
    %flag_set/vec4 8;
    %jmp/0xz  T_9.10, 8;
    %load/vec4 v0000021daf9943a0_0;
    %assign/vec4 v0000021daf994bc0_0, 0;
T_9.10 ;
T_9.1 ;
    %end;
    .scope S_0000021daf8f2260;
t_8 %join;
    %jmp T_9;
    .thread T_9;
    .scope S_0000021daf8f2260;
T_10 ;
    %wait E_0000021daf923210;
    %fork t_11, S_0000021daf8f23f0;
    %jmp t_10;
    .scope S_0000021daf8f23f0;
t_11 ;
    %pushi/vec4 0, 0, 32;
    %store/vec4 v0000021daf94cda0_0, 0, 32;
    %pushi/vec4 0, 0, 32;
    %store/vec4 v0000021daf94dac0_0, 0, 32;
    %pushi/vec4 0, 0, 32;
    %store/vec4 v0000021daf94cf80_0, 0, 32;
    %pushi/vec4 0, 0, 32;
    %store/vec4 v0000021daf94db60_0, 0, 32;
    %pushi/vec4 0, 0, 32;
    %store/vec4 v0000021daf94c120_0, 0, 32;
    %pushi/vec4 0, 0, 32;
    %store/vec4 v0000021daf94d200_0, 0, 32;
    %pushi/vec4 0, 0, 32;
    %store/vec4 v0000021daf94c9e0_0, 0, 32;
    %pushi/vec4 0, 0, 32;
    %store/vec4 v0000021daf94c6c0_0, 0, 32;
    %pushi/vec4 0, 0, 1;
    %store/vec4 v0000021daf94d840_0, 0, 1;
    %load/vec4 v0000021daf995980_0;
    %flag_set/vec4 8;
    %jmp/0xz  T_10.0, 8;
    %pushi/vec4 1, 0, 1;
    %store/vec4 v0000021daf94d840_0, 0, 1;
    %load/vec4 v0000021daf995de0_0;
    %flag_set/vec4 8;
    %jmp/0xz  T_10.2, 8;
    %pushi/vec4 1779033703, 0, 32;
    %store/vec4 v0000021daf94cda0_0, 0, 32;
    %pushi/vec4 3144134277, 0, 32;
    %store/vec4 v0000021daf94dac0_0, 0, 32;
    %pushi/vec4 1013904242, 0, 32;
    %store/vec4 v0000021daf94cf80_0, 0, 32;
    %pushi/vec4 2773480762, 0, 32;
    %store/vec4 v0000021daf94db60_0, 0, 32;
    %pushi/vec4 1359893119, 0, 32;
    %store/vec4 v0000021daf94c120_0, 0, 32;
    %pushi/vec4 2600822924, 0, 32;
    %store/vec4 v0000021daf94d200_0, 0, 32;
    %pushi/vec4 528734635, 0, 32;
    %store/vec4 v0000021daf94c9e0_0, 0, 32;
    %pushi/vec4 1541459225, 0, 32;
    %store/vec4 v0000021daf94c6c0_0, 0, 32;
    %jmp T_10.3;
T_10.2 ;
    %pushi/vec4 3238371032, 0, 32;
    %store/vec4 v0000021daf94cda0_0, 0, 32;
    %pushi/vec4 914150663, 0, 32;
    %store/vec4 v0000021daf94dac0_0, 0, 32;
    %pushi/vec4 812702999, 0, 32;
    %store/vec4 v0000021daf94cf80_0, 0, 32;
    %pushi/vec4 4144912697, 0, 32;
    %store/vec4 v0000021daf94db60_0, 0, 32;
    %pushi/vec4 4290775857, 0, 32;
    %store/vec4 v0000021daf94c120_0, 0, 32;
    %pushi/vec4 1750603025, 0, 32;
    %store/vec4 v0000021daf94d200_0, 0, 32;
    %pushi/vec4 1694076839, 0, 32;
    %store/vec4 v0000021daf94c9e0_0, 0, 32;
    %pushi/vec4 3204075428, 0, 32;
    %store/vec4 v0000021daf94c6c0_0, 0, 32;
T_10.3 ;
T_10.0 ;
    %load/vec4 v0000021daf995660_0;
    %flag_set/vec4 8;
    %jmp/0xz  T_10.4, 8;
    %load/vec4 v0000021daf94cbc0_0;
    %load/vec4 v0000021daf94c1c0_0;
    %add;
    %store/vec4 v0000021daf94cda0_0, 0, 32;
    %load/vec4 v0000021daf94cee0_0;
    %load/vec4 v0000021daf94c580_0;
    %add;
    %store/vec4 v0000021daf94dac0_0, 0, 32;
    %load/vec4 v0000021daf94bf40_0;
    %load/vec4 v0000021daf94c620_0;
    %add;
    %store/vec4 v0000021daf94cf80_0, 0, 32;
    %load/vec4 v0000021daf94d2a0_0;
    %load/vec4 v0000021daf94cc60_0;
    %add;
    %store/vec4 v0000021daf94db60_0, 0, 32;
    %load/vec4 v0000021daf94d700_0;
    %load/vec4 v0000021daf995fc0_0;
    %add;
    %store/vec4 v0000021daf94c120_0, 0, 32;
    %load/vec4 v0000021daf94c440_0;
    %load/vec4 v0000021daf9958e0_0;
    %add;
    %store/vec4 v0000021daf94d200_0, 0, 32;
    %load/vec4 v0000021daf94d7a0_0;
    %load/vec4 v0000021daf995ac0_0;
    %add;
    %store/vec4 v0000021daf94c9e0_0, 0, 32;
    %load/vec4 v0000021daf94c260_0;
    %load/vec4 v0000021daf995840_0;
    %add;
    %store/vec4 v0000021daf94c6c0_0, 0, 32;
    %pushi/vec4 1, 0, 1;
    %store/vec4 v0000021daf94d840_0, 0, 1;
T_10.4 ;
    %end;
    .scope S_0000021daf8f2260;
t_10 %join;
    %jmp T_10;
    .thread T_10, $push;
    .scope S_0000021daf8f2260;
T_11 ;
    %wait E_0000021daf922f90;
    %fork t_13, S_0000021daf94b2c0;
    %jmp t_12;
    .scope S_0000021daf94b2c0;
t_13 ;
    %load/vec4 v0000021daf995fc0_0;
    %parti/s 6, 0, 2;
    %load/vec4 v0000021daf995fc0_0;
    %parti/s 26, 6, 4;
    %concat/vec4; draw_concat_vec4
    %load/vec4 v0000021daf995fc0_0;
    %parti/s 11, 0, 2;
    %load/vec4 v0000021daf995fc0_0;
    %parti/s 21, 11, 5;
    %concat/vec4; draw_concat_vec4
    %xor;
    %load/vec4 v0000021daf995fc0_0;
    %parti/s 25, 0, 2;
    %load/vec4 v0000021daf995fc0_0;
    %parti/s 7, 25, 6;
    %concat/vec4; draw_concat_vec4
    %xor;
    %store/vec4 v0000021daf936500_0, 0, 32;
    %load/vec4 v0000021daf995fc0_0;
    %load/vec4 v0000021daf9958e0_0;
    %and;
    %load/vec4 v0000021daf995fc0_0;
    %inv;
    %load/vec4 v0000021daf995ac0_0;
    %and;
    %xor;
    %store/vec4 v0000021daf9366e0_0, 0, 32;
    %load/vec4 v0000021daf995840_0;
    %load/vec4 v0000021daf936500_0;
    %add;
    %load/vec4 v0000021daf9366e0_0;
    %add;
    %load/vec4 v0000021daf994440_0;
    %add;
    %load/vec4 v0000021daf995d40_0;
    %add;
    %store/vec4 v0000021daf994800_0, 0, 32;
    %end;
    .scope S_0000021daf8f2260;
t_12 %join;
    %jmp T_11;
    .thread T_11, $push;
    .scope S_0000021daf8f2260;
T_12 ;
    %wait E_0000021daf921ad0;
    %fork t_15, S_0000021daf94b450;
    %jmp t_14;
    .scope S_0000021daf94b450;
t_15 ;
    %load/vec4 v0000021daf94c1c0_0;
    %parti/s 2, 0, 2;
    %load/vec4 v0000021daf94c1c0_0;
    %parti/s 30, 2, 3;
    %concat/vec4; draw_concat_vec4
    %load/vec4 v0000021daf94c1c0_0;
    %parti/s 13, 0, 2;
    %load/vec4 v0000021daf94c1c0_0;
    %parti/s 19, 13, 5;
    %concat/vec4; draw_concat_vec4
    %xor;
    %load/vec4 v0000021daf94c1c0_0;
    %parti/s 22, 0, 2;
    %load/vec4 v0000021daf94c1c0_0;
    %parti/s 10, 22, 6;
    %concat/vec4; draw_concat_vec4
    %xor;
    %store/vec4 v0000021daf935ec0_0, 0, 32;
    %load/vec4 v0000021daf94c1c0_0;
    %load/vec4 v0000021daf94c580_0;
    %and;
    %load/vec4 v0000021daf94c1c0_0;
    %load/vec4 v0000021daf94c620_0;
    %and;
    %xor;
    %load/vec4 v0000021daf94c580_0;
    %load/vec4 v0000021daf94c620_0;
    %and;
    %xor;
    %store/vec4 v0000021daf936140_0, 0, 32;
    %load/vec4 v0000021daf935ec0_0;
    %load/vec4 v0000021daf936140_0;
    %add;
    %store/vec4 v0000021daf995020_0, 0, 32;
    %end;
    .scope S_0000021daf8f2260;
t_14 %join;
    %jmp T_12;
    .thread T_12, $push;
    .scope S_0000021daf8f2260;
T_13 ;
    %wait E_0000021daf91f950;
    %fork t_17, S_0000021daf939430;
    %jmp t_16;
    .scope S_0000021daf939430;
t_17 ;
    %pushi/vec4 0, 0, 32;
    %store/vec4 v0000021daf94c760_0, 0, 32;
    %pushi/vec4 0, 0, 32;
    %store/vec4 v0000021daf94c4e0_0, 0, 32;
    %pushi/vec4 0, 0, 32;
    %store/vec4 v0000021daf94cb20_0, 0, 32;
    %pushi/vec4 0, 0, 32;
    %store/vec4 v0000021daf94c940_0, 0, 32;
    %pushi/vec4 0, 0, 32;
    %store/vec4 v0000021daf995c00_0, 0, 32;
    %pushi/vec4 0, 0, 32;
    %store/vec4 v0000021daf995ca0_0, 0, 32;
    %pushi/vec4 0, 0, 32;
    %store/vec4 v0000021daf994ee0_0, 0, 32;
    %pushi/vec4 0, 0, 32;
    %store/vec4 v0000021daf995480_0, 0, 32;
    %pushi/vec4 0, 0, 1;
    %store/vec4 v0000021daf94dc00_0, 0, 1;
    %load/vec4 v0000021daf994e40_0;
    %flag_set/vec4 8;
    %jmp/0xz  T_13.0, 8;
    %pushi/vec4 1, 0, 1;
    %store/vec4 v0000021daf94dc00_0, 0, 1;
    %load/vec4 v0000021daf995a20_0;
    %flag_set/vec4 8;
    %jmp/0xz  T_13.2, 8;
    %load/vec4 v0000021daf995de0_0;
    %flag_set/vec4 8;
    %jmp/0xz  T_13.4, 8;
    %pushi/vec4 1779033703, 0, 32;
    %store/vec4 v0000021daf94c760_0, 0, 32;
    %pushi/vec4 3144134277, 0, 32;
    %store/vec4 v0000021daf94c4e0_0, 0, 32;
    %pushi/vec4 1013904242, 0, 32;
    %store/vec4 v0000021daf94cb20_0, 0, 32;
    %pushi/vec4 2773480762, 0, 32;
    %store/vec4 v0000021daf94c940_0, 0, 32;
    %pushi/vec4 1359893119, 0, 32;
    %store/vec4 v0000021daf995c00_0, 0, 32;
    %pushi/vec4 2600822924, 0, 32;
    %store/vec4 v0000021daf995ca0_0, 0, 32;
    %pushi/vec4 528734635, 0, 32;
    %store/vec4 v0000021daf994ee0_0, 0, 32;
    %pushi/vec4 1541459225, 0, 32;
    %store/vec4 v0000021daf995480_0, 0, 32;
    %jmp T_13.5;
T_13.4 ;
    %pushi/vec4 3238371032, 0, 32;
    %store/vec4 v0000021daf94c760_0, 0, 32;
    %pushi/vec4 914150663, 0, 32;
    %store/vec4 v0000021daf94c4e0_0, 0, 32;
    %pushi/vec4 812702999, 0, 32;
    %store/vec4 v0000021daf94cb20_0, 0, 32;
    %pushi/vec4 4144912697, 0, 32;
    %store/vec4 v0000021daf94c940_0, 0, 32;
    %pushi/vec4 4290775857, 0, 32;
    %store/vec4 v0000021daf995c00_0, 0, 32;
    %pushi/vec4 1750603025, 0, 32;
    %store/vec4 v0000021daf995ca0_0, 0, 32;
    %pushi/vec4 1694076839, 0, 32;
    %store/vec4 v0000021daf994ee0_0, 0, 32;
    %pushi/vec4 3204075428, 0, 32;
    %store/vec4 v0000021daf995480_0, 0, 32;
T_13.5 ;
    %jmp T_13.3;
T_13.2 ;
    %load/vec4 v0000021daf94cbc0_0;
    %store/vec4 v0000021daf94c760_0, 0, 32;
    %load/vec4 v0000021daf94cee0_0;
    %store/vec4 v0000021daf94c4e0_0, 0, 32;
    %load/vec4 v0000021daf94bf40_0;
    %store/vec4 v0000021daf94cb20_0, 0, 32;
    %load/vec4 v0000021daf94d2a0_0;
    %store/vec4 v0000021daf94c940_0, 0, 32;
    %load/vec4 v0000021daf94d700_0;
    %store/vec4 v0000021daf995c00_0, 0, 32;
    %load/vec4 v0000021daf94c440_0;
    %store/vec4 v0000021daf995ca0_0, 0, 32;
    %load/vec4 v0000021daf94d7a0_0;
    %store/vec4 v0000021daf994ee0_0, 0, 32;
    %load/vec4 v0000021daf94c260_0;
    %store/vec4 v0000021daf995480_0, 0, 32;
T_13.3 ;
T_13.0 ;
    %load/vec4 v0000021daf995700_0;
    %flag_set/vec4 8;
    %jmp/0xz  T_13.6, 8;
    %load/vec4 v0000021daf994800_0;
    %load/vec4 v0000021daf995020_0;
    %add;
    %store/vec4 v0000021daf94c760_0, 0, 32;
    %load/vec4 v0000021daf94c1c0_0;
    %store/vec4 v0000021daf94c4e0_0, 0, 32;
    %load/vec4 v0000021daf94c580_0;
    %store/vec4 v0000021daf94cb20_0, 0, 32;
    %load/vec4 v0000021daf94c620_0;
    %store/vec4 v0000021daf94c940_0, 0, 32;
    %load/vec4 v0000021daf94cc60_0;
    %load/vec4 v0000021daf994800_0;
    %add;
    %store/vec4 v0000021daf995c00_0, 0, 32;
    %load/vec4 v0000021daf995fc0_0;
    %store/vec4 v0000021daf995ca0_0, 0, 32;
    %load/vec4 v0000021daf9958e0_0;
    %store/vec4 v0000021daf994ee0_0, 0, 32;
    %load/vec4 v0000021daf995ac0_0;
    %store/vec4 v0000021daf995480_0, 0, 32;
    %pushi/vec4 1, 0, 1;
    %store/vec4 v0000021daf94dc00_0, 0, 1;
T_13.6 ;
    %end;
    .scope S_0000021daf8f2260;
t_16 %join;
    %jmp T_13;
    .thread T_13, $push;
    .scope S_0000021daf8f2260;
T_14 ;
    %wait E_0000021daf91f810;
    %fork t_19, S_0000021daf94b5e0;
    %jmp t_18;
    .scope S_0000021daf94b5e0;
t_19 ;
    %pushi/vec4 0, 0, 6;
    %store/vec4 v0000021daf994580_0, 0, 6;
    %pushi/vec4 0, 0, 1;
    %store/vec4 v0000021daf9950c0_0, 0, 1;
    %load/vec4 v0000021daf995f20_0;
    %flag_set/vec4 8;
    %jmp/0xz  T_14.0, 8;
    %pushi/vec4 0, 0, 6;
    %store/vec4 v0000021daf994580_0, 0, 6;
    %pushi/vec4 1, 0, 1;
    %store/vec4 v0000021daf9950c0_0, 0, 1;
T_14.0 ;
    %load/vec4 v0000021daf9957a0_0;
    %flag_set/vec4 8;
    %jmp/0xz  T_14.2, 8;
    %load/vec4 v0000021daf995e80_0;
    %addi 1, 0, 6;
    %store/vec4 v0000021daf994580_0, 0, 6;
    %pushi/vec4 1, 0, 1;
    %store/vec4 v0000021daf9950c0_0, 0, 1;
T_14.2 ;
    %end;
    .scope S_0000021daf8f2260;
t_18 %join;
    %jmp T_14;
    .thread T_14, $push;
    .scope S_0000021daf8f2260;
T_15 ;
    %wait E_0000021daf920050;
    %fork t_21, S_0000021daf9392a0;
    %jmp t_20;
    .scope S_0000021daf9392a0;
t_21 ;
    %pushi/vec4 0, 0, 1;
    %store/vec4 v0000021daf995980_0, 0, 1;
    %pushi/vec4 0, 0, 1;
    %store/vec4 v0000021daf995660_0, 0, 1;
    %pushi/vec4 0, 0, 1;
    %store/vec4 v0000021daf994e40_0, 0, 1;
    %pushi/vec4 0, 0, 1;
    %store/vec4 v0000021daf995700_0, 0, 1;
    %pushi/vec4 0, 0, 1;
    %store/vec4 v0000021daf995a20_0, 0, 1;
    %pushi/vec4 0, 0, 1;
    %store/vec4 v0000021daf9946c0_0, 0, 1;
    %pushi/vec4 0, 0, 1;
    %store/vec4 v0000021daf9944e0_0, 0, 1;
    %pushi/vec4 0, 0, 1;
    %store/vec4 v0000021daf994760_0, 0, 1;
    %pushi/vec4 0, 0, 1;
    %store/vec4 v0000021daf9957a0_0, 0, 1;
    %pushi/vec4 0, 0, 1;
    %store/vec4 v0000021daf995f20_0, 0, 1;
    %pushi/vec4 0, 0, 1;
    %store/vec4 v0000021daf995200_0, 0, 1;
    %pushi/vec4 0, 0, 1;
    %store/vec4 v0000021daf994620_0, 0, 1;
    %pushi/vec4 0, 0, 2;
    %store/vec4 v0000021daf9943a0_0, 0, 2;
    %pushi/vec4 0, 0, 1;
    %store/vec4 v0000021daf994f80_0, 0, 1;
    %load/vec4 v0000021daf994bc0_0;
    %dup/vec4;
    %pushi/vec4 0, 0, 2;
    %cmp/u;
    %jmp/1 T_15.0, 6;
    %dup/vec4;
    %pushi/vec4 1, 0, 2;
    %cmp/u;
    %jmp/1 T_15.1, 6;
    %dup/vec4;
    %pushi/vec4 2, 0, 2;
    %cmp/u;
    %jmp/1 T_15.2, 6;
    %jmp T_15.3;
T_15.0 ;
    %pushi/vec4 1, 0, 1;
    %store/vec4 v0000021daf9946c0_0, 0, 1;
    %load/vec4 v0000021daf995520_0;
    %flag_set/vec4 8;
    %jmp/0xz  T_15.4, 8;
    %pushi/vec4 1, 0, 1;
    %store/vec4 v0000021daf995980_0, 0, 1;
    %pushi/vec4 1, 0, 1;
    %store/vec4 v0000021daf9944e0_0, 0, 1;
    %pushi/vec4 1, 0, 1;
    %store/vec4 v0000021daf994e40_0, 0, 1;
    %pushi/vec4 1, 0, 1;
    %store/vec4 v0000021daf995a20_0, 0, 1;
    %pushi/vec4 1, 0, 1;
    %store/vec4 v0000021daf995f20_0, 0, 1;
    %pushi/vec4 0, 0, 1;
    %store/vec4 v0000021daf995200_0, 0, 1;
    %pushi/vec4 1, 0, 1;
    %store/vec4 v0000021daf994620_0, 0, 1;
    %pushi/vec4 1, 0, 2;
    %store/vec4 v0000021daf9943a0_0, 0, 2;
    %pushi/vec4 1, 0, 1;
    %store/vec4 v0000021daf994f80_0, 0, 1;
T_15.4 ;
    %load/vec4 v0000021daf995b60_0;
    %flag_set/vec4 8;
    %jmp/0xz  T_15.6, 8;
    %pushi/vec4 1, 0, 1;
    %store/vec4 v0000021daf995f20_0, 0, 1;
    %pushi/vec4 1, 0, 1;
    %store/vec4 v0000021daf9944e0_0, 0, 1;
    %pushi/vec4 1, 0, 1;
    %store/vec4 v0000021daf994e40_0, 0, 1;
    %pushi/vec4 0, 0, 1;
    %store/vec4 v0000021daf995200_0, 0, 1;
    %pushi/vec4 1, 0, 1;
    %store/vec4 v0000021daf994620_0, 0, 1;
    %pushi/vec4 1, 0, 2;
    %store/vec4 v0000021daf9943a0_0, 0, 2;
    %pushi/vec4 1, 0, 1;
    %store/vec4 v0000021daf994f80_0, 0, 1;
T_15.6 ;
    %jmp T_15.3;
T_15.1 ;
    %pushi/vec4 1, 0, 1;
    %store/vec4 v0000021daf994760_0, 0, 1;
    %pushi/vec4 1, 0, 1;
    %store/vec4 v0000021daf995700_0, 0, 1;
    %pushi/vec4 1, 0, 1;
    %store/vec4 v0000021daf9957a0_0, 0, 1;
    %load/vec4 v0000021daf995e80_0;
    %pad/u 32;
    %cmpi/e 63, 0, 32;
    %jmp/0xz  T_15.8, 4;
    %pushi/vec4 2, 0, 2;
    %store/vec4 v0000021daf9943a0_0, 0, 2;
    %pushi/vec4 1, 0, 1;
    %store/vec4 v0000021daf994f80_0, 0, 1;
T_15.8 ;
    %jmp T_15.3;
T_15.2 ;
    %pushi/vec4 1, 0, 1;
    %store/vec4 v0000021daf995660_0, 0, 1;
    %pushi/vec4 1, 0, 1;
    %store/vec4 v0000021daf995200_0, 0, 1;
    %pushi/vec4 1, 0, 1;
    %store/vec4 v0000021daf994620_0, 0, 1;
    %pushi/vec4 0, 0, 2;
    %store/vec4 v0000021daf9943a0_0, 0, 2;
    %pushi/vec4 1, 0, 1;
    %store/vec4 v0000021daf994f80_0, 0, 1;
    %jmp T_15.3;
T_15.3 ;
    %pop/vec4 1;
    %end;
    .scope S_0000021daf8f2260;
t_20 %join;
    %jmp T_15;
    .thread T_15, $push;
    .scope S_0000021daf93aa30;
T_16 ;
    %pushi/vec4 0, 0, 32;
    %store/vec4 v0000021daf9975a0_0, 0, 32;
    %pushi/vec4 0, 0, 32;
    %store/vec4 v0000021daf9989a0_0, 0, 32;
    %end;
    .thread T_16;
    .scope S_0000021daf93aa30;
T_17 ;
    %delay 5000, 0;
    %load/vec4 v0000021daf9955c0_0;
    %inv;
    %store/vec4 v0000021daf9955c0_0, 0, 1;
    %jmp T_17;
    .thread T_17;
    .scope S_0000021daf93aa30;
T_18 ;
    %pushi/vec4 0, 0, 1;
    %store/vec4 v0000021daf9955c0_0, 0, 1;
    %pushi/vec4 1, 0, 1;
    %store/vec4 v0000021daf997500_0, 0, 1;
    %pushi/vec4 0, 0, 1;
    %store/vec4 v0000021daf998360_0, 0, 1;
    %pushi/vec4 0, 0, 1;
    %store/vec4 v0000021daf997e60_0, 0, 1;
    %pushi/vec4 1, 0, 1;
    %store/vec4 v0000021daf997640_0, 0, 1;
    %fork TD_tb_sha256_multi.print_header, S_0000021daf996900;
    %join;
    %fork TD_tb_sha256_multi.reset_dut, S_0000021daf996f40;
    %join;
    %pushi/vec4 3502954712, 0, 33;
    %concati/vec4 3741319168, 0, 32;
    %concati/vec4 40, 0, 447;
    %store/vec4 v0000021daf9948a0_0, 0, 512;
    %pushi/vec4 3670730470, 0, 33;
    %concati/vec4 3268332132, 0, 32;
    %concati/vec4 40, 0, 447;
    %store/vec4 v0000021daf9949e0_0, 0, 512;
    %pushi/vec4 2627328246, 0, 36;
    %concati/vec4 3089434404, 0, 33;
    %concati/vec4 4033495017, 0, 33;
    %concati/vec4 3731947229, 0, 32;
    %concati/vec4 2769143151, 0, 32;
    %concati/vec4 3282408052, 0, 35;
    %concati/vec4 2214992802, 0, 32;
    %concati/vec4 33072, 0, 23;
    %store/vec4 v0000021daf994b20_0, 0, 256;
    %pushi/vec4 0, 0, 32; draw_string_vec4
    %pushi/vec4 26725, 0, 32; draw_string_vec4
    %concat/vec4; draw_string_vec4
    %pushi/vec4 1819045675, 0, 32; draw_string_vec4
    %concat/vec4; draw_string_vec4
    %pushi/vec4 1836279602, 0, 32; draw_string_vec4
    %concat/vec4; draw_string_vec4
    %store/vec4 v0000021daf994c60_0, 0, 128;
    %fork TD_tb_sha256_multi.multi_block_test, S_0000021daf996db0;
    %join;
    %fork TD_tb_sha256_multi.print_footer, S_0000021daf996c20;
    %join;
    %vpi_call 2 62 "$display", "\012Total tests: %0d  Failures: %0d", v0000021daf9989a0_0, v0000021daf9975a0_0 {0 0 0};
    %load/vec4 v0000021daf9975a0_0;
    %cmpi/ne 0, 0, 32;
    %flag_mov 8, 4;
    %jmp/0 T_18.0, 8;
    %pushi/vec4 1380275029, 0, 32; draw_string_vec4
    %pushi/vec4 1280588320, 0, 32; draw_string_vec4
    %concat/vec4; draw_string_vec4
    %pushi/vec4 1178683724, 0, 32; draw_string_vec4
    %concat/vec4; draw_string_vec4
    %jmp/1 T_18.1, 8;
T_18.0 ; End of true expr.
    %pushi/vec4 1380275029, 0, 32; draw_string_vec4
    %pushi/vec4 1280588320, 0, 32; draw_string_vec4
    %concat/vec4; draw_string_vec4
    %pushi/vec4 1346458451, 0, 32; draw_string_vec4
    %concat/vec4; draw_string_vec4
    %jmp/0 T_18.1, 8;
 ; End of false expr.
    %blend;
T_18.1;
    %vpi_call 2 63 "$display", S<0,vec4,u96> {1 0 0};
    %vpi_call 2 64 "$finish" {0 0 0};
    %end;
    .thread T_18;
# The file index is used to find the file name in the following table.
:file_names 6;
    "N/A";
    "<interactive>";
    "src/tb/my_tbs/tb_sha256_multi.v";
    "src/rtl/sha256_core.v";
    "src/rtl/sha256_k_constants.v";
    "src/rtl/sha256_w_mem.v";
