#! /c/Source/iverilog-install/bin/vvp
:ivl_version "12.0 (devel)" "(s20150603-1539-g2693dd32b)";
:ivl_delay_selection "TYPICAL";
:vpi_time_precision - 12;
:vpi_module "C:\iverilog\lib\ivl\system.vpi";
:vpi_module "C:\iverilog\lib\ivl\vhdl_sys.vpi";
:vpi_module "C:\iverilog\lib\ivl\vhdl_textio.vpi";
:vpi_module "C:\iverilog\lib\ivl\v2005_math.vpi";
:vpi_module "C:\iverilog\lib\ivl\va_math.vpi";
S_000002d35b581420 .scope module, "tb_sha256_random" "tb_sha256_random" 2 4;
 .timescale -9 -12;
P_000002d35b54de00 .param/l "CLK_HALF_PERIOD" 0 2 5, +C4<00000000000000000000000000000101>;
P_000002d35b54de38 .param/l "CLK_PERIOD" 0 2 6, +C4<0000000000000000000000000000000000000000000000000000000000001010>;
v000002d35b6326c0_0 .var "block", 511 0;
v000002d35b633160_0 .var "clk", 0 0;
v000002d35b632120_0 .net "digest", 255 0, L_000002d35b636150;  1 drivers
v000002d35b6321c0_0 .net "digest_valid", 0 0, L_000002d35b553560;  1 drivers
v000002d35b632260_0 .var/i "errors", 31 0;
v000002d35b6328a0_0 .var "init", 0 0;
v000002d35b637d70_0 .var "mode", 0 0;
v000002d35b637c30_0 .var "next", 0 0;
v000002d35b636dd0_0 .net "ready", 0 0, L_000002d35b553170;  1 drivers
v000002d35b636d30_0 .var "reset_n", 0 0;
v000002d35b637410_0 .var/i "total_tests", 31 0;
S_000002d35b585330 .scope module, "dut" "sha256_core" 2 15, 3 42 0, S_000002d35b581420;
 .timescale 0 0;
    .port_info 0 /INPUT 1 "clk";
    .port_info 1 /INPUT 1 "reset_n";
    .port_info 2 /INPUT 1 "init";
    .port_info 3 /INPUT 1 "next";
    .port_info 4 /INPUT 1 "mode";
    .port_info 5 /INPUT 512 "block";
    .port_info 6 /OUTPUT 1 "ready";
    .port_info 7 /OUTPUT 256 "digest";
    .port_info 8 /OUTPUT 1 "digest_valid";
P_000002d35b542260 .param/l "CTRL_DONE" 1 3 83, +C4<00000000000000000000000000000010>;
P_000002d35b542298 .param/l "CTRL_IDLE" 1 3 81, +C4<00000000000000000000000000000000>;
P_000002d35b5422d0 .param/l "CTRL_ROUNDS" 1 3 82, +C4<00000000000000000000000000000001>;
P_000002d35b542308 .param/l "SHA224_H0_0" 1 3 61, C4<11000001000001011001111011011000>;
P_000002d35b542340 .param/l "SHA224_H0_1" 1 3 62, C4<00110110011111001101010100000111>;
P_000002d35b542378 .param/l "SHA224_H0_2" 1 3 63, C4<00110000011100001101110100010111>;
P_000002d35b5423b0 .param/l "SHA224_H0_3" 1 3 64, C4<11110111000011100101100100111001>;
P_000002d35b5423e8 .param/l "SHA224_H0_4" 1 3 65, C4<11111111110000000000101100110001>;
P_000002d35b542420 .param/l "SHA224_H0_5" 1 3 66, C4<01101000010110000001010100010001>;
P_000002d35b542458 .param/l "SHA224_H0_6" 1 3 67, C4<01100100111110011000111110100111>;
P_000002d35b542490 .param/l "SHA224_H0_7" 1 3 68, C4<10111110111110100100111110100100>;
P_000002d35b5424c8 .param/l "SHA256_H0_0" 1 3 70, C4<01101010000010011110011001100111>;
P_000002d35b542500 .param/l "SHA256_H0_1" 1 3 71, C4<10111011011001111010111010000101>;
P_000002d35b542538 .param/l "SHA256_H0_2" 1 3 72, C4<00111100011011101111001101110010>;
P_000002d35b542570 .param/l "SHA256_H0_3" 1 3 73, C4<10100101010011111111010100111010>;
P_000002d35b5425a8 .param/l "SHA256_H0_4" 1 3 74, C4<01010001000011100101001001111111>;
P_000002d35b5425e0 .param/l "SHA256_H0_5" 1 3 75, C4<10011011000001010110100010001100>;
P_000002d35b542618 .param/l "SHA256_H0_6" 1 3 76, C4<00011111100000111101100110101011>;
P_000002d35b542650 .param/l "SHA256_H0_7" 1 3 77, C4<01011011111000001100110100011001>;
P_000002d35b542688 .param/l "SHA256_ROUNDS" 1 3 79, +C4<00000000000000000000000000111111>;
L_000002d35b553170 .functor BUFZ 1, v000002d35b633340_0, C4<0>, C4<0>, C4<0>;
L_000002d35b553560 .functor BUFZ 1, v000002d35b633840_0, C4<0>, C4<0>, C4<0>;
v000002d35b630110_0 .var "H0_new", 31 0;
v000002d35b6315b0_0 .var "H0_reg", 31 0;
v000002d35b631150_0 .var "H1_new", 31 0;
v000002d35b631a10_0 .var "H1_reg", 31 0;
v000002d35b630390_0 .var "H2_new", 31 0;
v000002d35b631010_0 .var "H2_reg", 31 0;
v000002d35b631470_0 .var "H3_new", 31 0;
v000002d35b6301b0_0 .var "H3_reg", 31 0;
v000002d35b630250_0 .var "H4_new", 31 0;
v000002d35b631dd0_0 .var "H4_reg", 31 0;
v000002d35b631830_0 .var "H5_new", 31 0;
v000002d35b631650_0 .var "H5_reg", 31 0;
v000002d35b631c90_0 .var "H6_new", 31 0;
v000002d35b631790_0 .var "H6_reg", 31 0;
v000002d35b631b50_0 .var "H7_new", 31 0;
v000002d35b6302f0_0 .var "H7_reg", 31 0;
v000002d35b631d30_0 .var "H_we", 0 0;
v000002d35b631f10_0 .var "a_h_we", 0 0;
v000002d35b631fb0_0 .var "a_new", 31 0;
v000002d35b6309d0_0 .var "a_reg", 31 0;
v000002d35b6304d0_0 .var "b_new", 31 0;
v000002d35b630750_0 .var "b_reg", 31 0;
v000002d35b630570_0 .net "block", 511 0, v000002d35b6326c0_0;  1 drivers
v000002d35b630610_0 .var "c_new", 31 0;
v000002d35b630890_0 .var "c_reg", 31 0;
v000002d35b630a70_0 .net "clk", 0 0, v000002d35b633160_0;  1 drivers
v000002d35b630bb0_0 .var "d_new", 31 0;
v000002d35b630c50_0 .var "d_reg", 31 0;
v000002d35b630cf0_0 .net "digest", 255 0, L_000002d35b636150;  alias, 1 drivers
v000002d35b630d90_0 .var "digest_init", 0 0;
v000002d35b632940_0 .var "digest_update", 0 0;
v000002d35b632800_0 .net "digest_valid", 0 0, L_000002d35b553560;  alias, 1 drivers
v000002d35b632a80_0 .var "digest_valid_new", 0 0;
v000002d35b633840_0 .var "digest_valid_reg", 0 0;
v000002d35b632620_0 .var "digest_valid_we", 0 0;
v000002d35b633f20_0 .var "e_new", 31 0;
v000002d35b6335c0_0 .var "e_reg", 31 0;
v000002d35b632b20_0 .var "f_new", 31 0;
v000002d35b632580_0 .var "f_reg", 31 0;
v000002d35b633e80_0 .var "first_block", 0 0;
v000002d35b6332a0_0 .var "g_new", 31 0;
v000002d35b6323a0_0 .var "g_reg", 31 0;
v000002d35b633200_0 .var "h_new", 31 0;
v000002d35b632bc0_0 .var "h_reg", 31 0;
v000002d35b633ac0_0 .net "init", 0 0, v000002d35b6328a0_0;  1 drivers
v000002d35b633b60_0 .net "k_data", 31 0, L_000002d35b553090;  1 drivers
v000002d35b633980_0 .net "mode", 0 0, v000002d35b637d70_0;  1 drivers
v000002d35b632da0_0 .net "next", 0 0, v000002d35b637c30_0;  1 drivers
v000002d35b632760_0 .net "ready", 0 0, L_000002d35b553170;  alias, 1 drivers
v000002d35b633340_0 .var "ready_flag", 0 0;
v000002d35b6337a0_0 .net "reset_n", 0 0, v000002d35b636d30_0;  1 drivers
v000002d35b6333e0_0 .var "sha256_ctrl_new", 1 0;
v000002d35b6329e0_0 .var "sha256_ctrl_reg", 1 0;
v000002d35b632c60_0 .var "sha256_ctrl_we", 0 0;
v000002d35b632ee0_0 .var "state_init", 0 0;
v000002d35b632440_0 .var "state_update", 0 0;
v000002d35b6338e0_0 .var "t1", 31 0;
v000002d35b6324e0_0 .var "t2", 31 0;
v000002d35b633520_0 .var "t_ctr_inc", 0 0;
v000002d35b633a20_0 .var "t_ctr_new", 5 0;
v000002d35b633660_0 .var "t_ctr_reg", 5 0;
v000002d35b632f80_0 .var "t_ctr_rst", 0 0;
v000002d35b632d00_0 .var "t_ctr_we", 0 0;
v000002d35b633fc0_0 .net "w_data", 31 0, L_000002d35b553100;  1 drivers
v000002d35b633480_0 .var "w_init", 0 0;
v000002d35b633700_0 .var "w_next", 0 0;
E_000002d35b56aaa0 .event anyedge, v000002d35b6329e0_0, v000002d35b633ac0_0, v000002d35b632da0_0, v000002d35b581180_0;
E_000002d35b56aae0 .event anyedge, v000002d35b632f80_0, v000002d35b633520_0, v000002d35b581180_0;
E_000002d35b56ab20/0 .event anyedge, v000002d35b632ee0_0, v000002d35b633e80_0, v000002d35b633980_0, v000002d35b6315b0_0;
E_000002d35b56ab20/1 .event anyedge, v000002d35b631a10_0, v000002d35b631010_0, v000002d35b6301b0_0, v000002d35b631dd0_0;
E_000002d35b56ab20/2 .event anyedge, v000002d35b631650_0, v000002d35b631790_0, v000002d35b6302f0_0, v000002d35b632440_0;
E_000002d35b56ab20/3 .event anyedge, v000002d35b6338e0_0, v000002d35b6324e0_0, v000002d35b6309d0_0, v000002d35b630750_0;
E_000002d35b56ab20/4 .event anyedge, v000002d35b630890_0, v000002d35b630c50_0, v000002d35b6335c0_0, v000002d35b632580_0;
E_000002d35b56ab20/5 .event anyedge, v000002d35b6323a0_0;
E_000002d35b56ab20 .event/or E_000002d35b56ab20/0, E_000002d35b56ab20/1, E_000002d35b56ab20/2, E_000002d35b56ab20/3, E_000002d35b56ab20/4, E_000002d35b56ab20/5;
E_000002d35b56c5a0/0 .event anyedge, v000002d35b6309d0_0, v000002d35b630750_0, v000002d35b630890_0, v000002d35b580aa0_0;
E_000002d35b56c5a0/1 .event anyedge, v000002d35b5806e0_0;
E_000002d35b56c5a0 .event/or E_000002d35b56c5a0/0, E_000002d35b56c5a0/1;
E_000002d35b56c020/0 .event anyedge, v000002d35b6335c0_0, v000002d35b632580_0, v000002d35b6323a0_0, v000002d35b632bc0_0;
E_000002d35b56c020/1 .event anyedge, v000002d35b580460_0, v000002d35b580640_0, v000002d35b580a00_0, v000002d35b5810e0_0;
E_000002d35b56c020 .event/or E_000002d35b56c020/0, E_000002d35b56c020/1;
E_000002d35b56bee0/0 .event anyedge, v000002d35b630d90_0, v000002d35b633980_0, v000002d35b632940_0, v000002d35b6315b0_0;
E_000002d35b56bee0/1 .event anyedge, v000002d35b6309d0_0, v000002d35b631a10_0, v000002d35b630750_0, v000002d35b631010_0;
E_000002d35b56bee0/2 .event anyedge, v000002d35b630890_0, v000002d35b6301b0_0, v000002d35b630c50_0, v000002d35b631dd0_0;
E_000002d35b56bee0/3 .event anyedge, v000002d35b6335c0_0, v000002d35b631650_0, v000002d35b632580_0, v000002d35b631790_0;
E_000002d35b56bee0/4 .event anyedge, v000002d35b6323a0_0, v000002d35b6302f0_0, v000002d35b632bc0_0;
E_000002d35b56bee0 .event/or E_000002d35b56bee0/0, E_000002d35b56bee0/1, E_000002d35b56bee0/2, E_000002d35b56bee0/3, E_000002d35b56bee0/4;
LS_000002d35b636150_0_0 .concat [ 32 32 32 32], v000002d35b6302f0_0, v000002d35b631790_0, v000002d35b631650_0, v000002d35b631dd0_0;
LS_000002d35b636150_0_4 .concat [ 32 32 32 32], v000002d35b6301b0_0, v000002d35b631010_0, v000002d35b631a10_0, v000002d35b6315b0_0;
L_000002d35b636150 .concat [ 128 128 0 0], LS_000002d35b636150_0_0, LS_000002d35b636150_0_4;
S_000002d35b51d560 .scope begin, "digest_logic" "digest_logic" 3 272, 3 272 0, S_000002d35b585330;
 .timescale 0 0;
S_000002d35b51d6f0 .scope module, "k_constants_inst" "sha256_k_constants" 3 167, 4 41 0, S_000002d35b585330;
 .timescale 0 0;
    .port_info 0 /INPUT 6 "round";
    .port_info 1 /OUTPUT 32 "K";
L_000002d35b553090 .functor BUFZ 32, v000002d35b580960_0, C4<00000000000000000000000000000000>, C4<00000000000000000000000000000000>, C4<00000000000000000000000000000000>;
v000002d35b5810e0_0 .net "K", 31 0, L_000002d35b553090;  alias, 1 drivers
v000002d35b581180_0 .net "round", 5 0, v000002d35b633660_0;  1 drivers
v000002d35b580960_0 .var "tmp_K", 31 0;
E_000002d35b56c060 .event anyedge, v000002d35b581180_0;
S_000002d35b4b2a40 .scope begin, "round_mux" "round_mux" 4 62, 4 62 0, S_000002d35b51d6f0;
 .timescale 0 0;
S_000002d35b4b2bd0 .scope begin, "reg_update" "reg_update" 3 204, 3 204 0, S_000002d35b585330;
 .timescale 0 0;
S_000002d35b4b2d60 .scope begin, "sha256_ctrl_fsm" "sha256_ctrl_fsm" 3 470, 3 470 0, S_000002d35b585330;
 .timescale 0 0;
S_000002d35b582b00 .scope begin, "state_logic" "state_logic" 3 372, 3 372 0, S_000002d35b585330;
 .timescale 0 0;
S_000002d35b582c90 .scope begin, "t1_logic" "t1_logic" 3 331, 3 331 0, S_000002d35b585330;
 .timescale 0 0;
v000002d35b580640_0 .var "ch", 31 0;
v000002d35b580460_0 .var "sum1", 31 0;
S_000002d35b582e20 .scope begin, "t2_logic" "t2_logic" 3 351, 3 351 0, S_000002d35b585330;
 .timescale 0 0;
v000002d35b5806e0_0 .var "maj", 31 0;
v000002d35b580aa0_0 .var "sum0", 31 0;
S_000002d35b59e800 .scope begin, "t_ctr" "t_ctr" 3 446, 3 446 0, S_000002d35b585330;
 .timescale 0 0;
S_000002d35b59e990 .scope module, "w_mem_inst" "sha256_w_mem" 3 173, 5 42 0, S_000002d35b585330;
 .timescale 0 0;
    .port_info 0 /INPUT 1 "clk";
    .port_info 1 /INPUT 1 "reset_n";
    .port_info 2 /INPUT 512 "block";
    .port_info 3 /INPUT 6 "round";
    .port_info 4 /INPUT 1 "init";
    .port_info 5 /INPUT 1 "next";
    .port_info 6 /OUTPUT 32 "w";
L_000002d35b553100 .functor BUFZ 32, v000002d35b630930_0, C4<00000000000000000000000000000000>, C4<00000000000000000000000000000000>, C4<00000000000000000000000000000000>;
v000002d35b5808c0_0 .net "block", 511 0, v000002d35b6326c0_0;  alias, 1 drivers
v000002d35b5805a0_0 .net "clk", 0 0, v000002d35b633160_0;  alias, 1 drivers
v000002d35b580780_0 .net "init", 0 0, v000002d35b633480_0;  1 drivers
v000002d35b580c80_0 .net "next", 0 0, v000002d35b633700_0;  1 drivers
v000002d35b580820_0 .net "reset_n", 0 0, v000002d35b636d30_0;  alias, 1 drivers
v000002d35b580dc0_0 .net "round", 5 0, v000002d35b633660_0;  alias, 1 drivers
v000002d35b580a00_0 .net "w", 31 0, L_000002d35b553100;  alias, 1 drivers
v000002d35b630b10 .array "w_mem", 15 0, 31 0;
v000002d35b631bf0_0 .var "w_mem00_new", 31 0;
v000002d35b6316f0_0 .var "w_mem01_new", 31 0;
v000002d35b631970_0 .var "w_mem02_new", 31 0;
v000002d35b631ab0_0 .var "w_mem03_new", 31 0;
v000002d35b631330_0 .var "w_mem04_new", 31 0;
v000002d35b630ed0_0 .var "w_mem05_new", 31 0;
v000002d35b6310b0_0 .var "w_mem06_new", 31 0;
v000002d35b6307f0_0 .var "w_mem07_new", 31 0;
v000002d35b630f70_0 .var "w_mem08_new", 31 0;
v000002d35b6318d0_0 .var "w_mem09_new", 31 0;
v000002d35b630430_0 .var "w_mem10_new", 31 0;
v000002d35b631510_0 .var "w_mem11_new", 31 0;
v000002d35b6306b0_0 .var "w_mem12_new", 31 0;
v000002d35b6313d0_0 .var "w_mem13_new", 31 0;
v000002d35b630e30_0 .var "w_mem14_new", 31 0;
v000002d35b631e70_0 .var "w_mem15_new", 31 0;
v000002d35b6311f0_0 .var "w_mem_we", 0 0;
v000002d35b631290_0 .var "w_new", 31 0;
v000002d35b630930_0 .var "w_tmp", 31 0;
v000002d35b630b10_0 .array/port v000002d35b630b10, 0;
v000002d35b630b10_1 .array/port v000002d35b630b10, 1;
v000002d35b630b10_2 .array/port v000002d35b630b10, 2;
v000002d35b630b10_3 .array/port v000002d35b630b10, 3;
E_000002d35b56c160/0 .event anyedge, v000002d35b630b10_0, v000002d35b630b10_1, v000002d35b630b10_2, v000002d35b630b10_3;
v000002d35b630b10_4 .array/port v000002d35b630b10, 4;
v000002d35b630b10_5 .array/port v000002d35b630b10, 5;
v000002d35b630b10_6 .array/port v000002d35b630b10, 6;
v000002d35b630b10_7 .array/port v000002d35b630b10, 7;
E_000002d35b56c160/1 .event anyedge, v000002d35b630b10_4, v000002d35b630b10_5, v000002d35b630b10_6, v000002d35b630b10_7;
v000002d35b630b10_8 .array/port v000002d35b630b10, 8;
v000002d35b630b10_9 .array/port v000002d35b630b10, 9;
v000002d35b630b10_10 .array/port v000002d35b630b10, 10;
v000002d35b630b10_11 .array/port v000002d35b630b10, 11;
E_000002d35b56c160/2 .event anyedge, v000002d35b630b10_8, v000002d35b630b10_9, v000002d35b630b10_10, v000002d35b630b10_11;
v000002d35b630b10_12 .array/port v000002d35b630b10, 12;
v000002d35b630b10_13 .array/port v000002d35b630b10, 13;
v000002d35b630b10_14 .array/port v000002d35b630b10, 14;
v000002d35b630b10_15 .array/port v000002d35b630b10, 15;
E_000002d35b56c160/3 .event anyedge, v000002d35b630b10_12, v000002d35b630b10_13, v000002d35b630b10_14, v000002d35b630b10_15;
E_000002d35b56c160/4 .event anyedge, v000002d35b581040_0, v000002d35b580d20_0, v000002d35b5812c0_0, v000002d35b580500_0;
E_000002d35b56c160/5 .event anyedge, v000002d35b581220_0, v000002d35b580e60_0, v000002d35b580780_0, v000002d35b5808c0_0;
E_000002d35b56c160/6 .event anyedge, v000002d35b580c80_0, v000002d35b581180_0, v000002d35b631290_0;
E_000002d35b56c160 .event/or E_000002d35b56c160/0, E_000002d35b56c160/1, E_000002d35b56c160/2, E_000002d35b56c160/3, E_000002d35b56c160/4, E_000002d35b56c160/5, E_000002d35b56c160/6;
E_000002d35b56c7a0/0 .event anyedge, v000002d35b581180_0, v000002d35b630b10_0, v000002d35b630b10_1, v000002d35b630b10_2;
E_000002d35b56c7a0/1 .event anyedge, v000002d35b630b10_3, v000002d35b630b10_4, v000002d35b630b10_5, v000002d35b630b10_6;
E_000002d35b56c7a0/2 .event anyedge, v000002d35b630b10_7, v000002d35b630b10_8, v000002d35b630b10_9, v000002d35b630b10_10;
E_000002d35b56c7a0/3 .event anyedge, v000002d35b630b10_11, v000002d35b630b10_12, v000002d35b630b10_13, v000002d35b630b10_14;
E_000002d35b56c7a0/4 .event anyedge, v000002d35b630b10_15, v000002d35b631290_0;
E_000002d35b56c7a0 .event/or E_000002d35b56c7a0/0, E_000002d35b56c7a0/1, E_000002d35b56c7a0/2, E_000002d35b56c7a0/3, E_000002d35b56c7a0/4;
E_000002d35b56c120/0 .event negedge, v000002d35b580820_0;
E_000002d35b56c120/1 .event posedge, v000002d35b5805a0_0;
E_000002d35b56c120 .event/or E_000002d35b56c120/0, E_000002d35b56c120/1;
S_000002d35b59eb20 .scope begin, "reg_update" "reg_update" 5 98, 5 98 0, S_000002d35b59e990;
 .timescale 0 0;
v000002d35b580fa0_0 .var/i "i", 31 0;
S_000002d35b59ecb0 .scope begin, "select_w" "select_w" 5 139, 5 139 0, S_000002d35b59e990;
 .timescale 0 0;
S_000002d35b59ee40 .scope begin, "w_mem_update_logic" "w_mem_update_logic" 5 154, 5 154 0, S_000002d35b59e990;
 .timescale 0 0;
v000002d35b581220_0 .var "d0", 31 0;
v000002d35b5812c0_0 .var "d1", 31 0;
v000002d35b580e60_0 .var "w_0", 31 0;
v000002d35b581040_0 .var "w_1", 31 0;
v000002d35b580d20_0 .var "w_14", 31 0;
v000002d35b580500_0 .var "w_9", 31 0;
S_000002d35b635730 .scope task, "random_test" "random_test" 2 22, 2 22 0, S_000002d35b581420;
 .timescale -9 -12;
v000002d35b633c00_0 .var/i "dur", 31 0;
v000002d35b632e40_0 .var/i "en", 31 0;
v000002d35b6330c0_0 .var "msg", 511 0;
v000002d35b633ca0_0 .var "name", 127 0;
v000002d35b633020_0 .var/i "pass", 31 0;
v000002d35b633d40_0 .var/i "st", 31 0;
v000002d35b632300_0 .var/i "tid", 31 0;
v000002d35b633de0_0 .var/i "valid", 31 0;
TD_tb_sha256_random.random_test ;
    ; show_stmt_assign_vector: Get l-value for compressed += operand
    %load/vec4 v000002d35b637410_0;
    %pushi/vec4 1, 0, 32;
    %add;
    %store/vec4 v000002d35b637410_0, 0, 32;
    %load/vec4 v000002d35b637410_0;
    %store/vec4 v000002d35b632300_0, 0, 32;
    %vpi_func 2 25 "$time" 64 {0 0 0};
    %pad/u 32;
    %store/vec4 v000002d35b633d40_0, 0, 32;
    %vpi_func 2 26 "$random" 32 {0 0 0};
    %vpi_func 2 26 "$random" 32 {0 0 0};
    %concat/vec4; draw_concat_vec4
    %vpi_func 2 26 "$random" 32 {0 0 0};
    %concat/vec4; draw_concat_vec4
    %vpi_func 2 26 "$random" 32 {0 0 0};
    %concat/vec4; draw_concat_vec4
    %vpi_func 2 26 "$random" 32 {0 0 0};
    %concat/vec4; draw_concat_vec4
    %vpi_func 2 26 "$random" 32 {0 0 0};
    %concat/vec4; draw_concat_vec4
    %vpi_func 2 26 "$random" 32 {0 0 0};
    %concat/vec4; draw_concat_vec4
    %vpi_func 2 26 "$random" 32 {0 0 0};
    %concat/vec4; draw_concat_vec4
    %vpi_func 2 27 "$random" 32 {0 0 0};
    %concat/vec4; draw_concat_vec4
    %vpi_func 2 27 "$random" 32 {0 0 0};
    %concat/vec4; draw_concat_vec4
    %vpi_func 2 27 "$random" 32 {0 0 0};
    %concat/vec4; draw_concat_vec4
    %vpi_func 2 27 "$random" 32 {0 0 0};
    %concat/vec4; draw_concat_vec4
    %vpi_func 2 27 "$random" 32 {0 0 0};
    %concat/vec4; draw_concat_vec4
    %vpi_func 2 27 "$random" 32 {0 0 0};
    %concat/vec4; draw_concat_vec4
    %vpi_func 2 27 "$random" 32 {0 0 0};
    %concat/vec4; draw_concat_vec4
    %vpi_func 2 27 "$random" 32 {0 0 0};
    %concat/vec4; draw_concat_vec4
    %store/vec4 v000002d35b6330c0_0, 0, 512;
    %load/vec4 v000002d35b6330c0_0;
    %store/vec4 v000002d35b6326c0_0, 0, 512;
    %pushi/vec4 1, 0, 1;
    %store/vec4 v000002d35b6328a0_0, 0, 1;
    %pushi/vec4 0, 0, 1;
    %store/vec4 v000002d35b637c30_0, 0, 1;
    %delay 10000, 0;
    %pushi/vec4 0, 0, 1;
    %store/vec4 v000002d35b6328a0_0, 0, 1;
    %fork TD_tb_sha256_random.wait_ready, S_000002d35b6358c0;
    %join;
    %vpi_func 2 29 "$time" 64 {0 0 0};
    %pad/u 32;
    %store/vec4 v000002d35b632e40_0, 0, 32;
    %load/vec4 v000002d35b632e40_0;
    %load/vec4 v000002d35b633d40_0;
    %sub;
    %store/vec4 v000002d35b633c00_0, 0, 32;
    %load/vec4 v000002d35b6321c0_0;
    %pad/u 32;
    %store/vec4 v000002d35b633de0_0, 0, 32;
    %load/vec4 v000002d35b6321c0_0;
    %flag_set/vec4 8;
    %flag_get/vec4 8;
    %jmp/0 T_0.0, 8;
    %load/vec4 v000002d35b632120_0;
    %xor/r;
    %pushi/vec4 1, 1, 1;
    %cmp/ne;
    %flag_get/vec4 6;
    %and;
T_0.0;
    %pad/u 32;
    %store/vec4 v000002d35b633020_0, 0, 32;
    %load/vec4 v000002d35b633020_0;
    %nor/r;
    %flag_set/vec4 8;
    %jmp/0xz  T_0.1, 8;
    ; show_stmt_assign_vector: Get l-value for compressed += operand
    %load/vec4 v000002d35b632260_0;
    %pushi/vec4 1, 0, 32;
    %add;
    %store/vec4 v000002d35b632260_0, 0, 32;
T_0.1 ;
    %load/vec4 v000002d35b633020_0;
    %cmpi/ne 0, 0, 32;
    %flag_mov 8, 4;
    %jmp/0 T_0.3, 8;
    %pushi/vec4 1346458451, 0, 32; draw_string_vec4
    %pushi/vec4 8224, 0, 16; draw_string_vec4
    %concat/vec4; draw_string_vec4
    %jmp/1 T_0.4, 8;
T_0.3 ; End of true expr.
    %pushi/vec4 1178683724, 0, 32; draw_string_vec4
    %pushi/vec4 8224, 0, 16; draw_string_vec4
    %concat/vec4; draw_string_vec4
    %jmp/0 T_0.4, 8;
 ; End of false expr.
    %blend;
T_0.4;
    %vpi_call 2 32 "$display", "| %2d | %s | random | %040h | %040h | %0d | %s | %7d | %7d |", v000002d35b632300_0, v000002d35b633ca0_0, &PV<v000002d35b6330c0_0, 96, 160>, &PV<v000002d35b632120_0, 96, 160>, v000002d35b633de0_0, S<0,vec4,u48>, v000002d35b632e40_0, v000002d35b633c00_0 {1 0 0};
    %end;
S_000002d35b635d70 .scope task, "reset_dut" "reset_dut" 2 19, 2 19 0, S_000002d35b581420;
 .timescale -9 -12;
TD_tb_sha256_random.reset_dut ;
    %pushi/vec4 0, 0, 1;
    %store/vec4 v000002d35b636d30_0, 0, 1;
    %delay 40000, 0;
    %pushi/vec4 1, 0, 1;
    %store/vec4 v000002d35b636d30_0, 0, 1;
    %end;
S_000002d35b6358c0 .scope task, "wait_ready" "wait_ready" 2 20, 2 20 0, S_000002d35b581420;
 .timescale -9 -12;
TD_tb_sha256_random.wait_ready ;
T_2.5 ;
    %load/vec4 v000002d35b636dd0_0;
    %nor/r;
    %flag_set/vec4 8;
    %jmp/0xz T_2.6, 8;
    %delay 10000, 0;
    %jmp T_2.5;
T_2.6 ;
    %end;
    .scope S_000002d35b51d6f0;
T_3 ;
    %wait E_000002d35b56c060;
    %fork t_1, S_000002d35b4b2a40;
    %jmp t_0;
    .scope S_000002d35b4b2a40;
t_1 ;
    %load/vec4 v000002d35b581180_0;
    %dup/vec4;
    %pushi/vec4 0, 0, 6;
    %cmp/u;
    %jmp/1 T_3.0, 6;
    %dup/vec4;
    %pushi/vec4 1, 0, 6;
    %cmp/u;
    %jmp/1 T_3.1, 6;
    %dup/vec4;
    %pushi/vec4 2, 0, 6;
    %cmp/u;
    %jmp/1 T_3.2, 6;
    %dup/vec4;
    %pushi/vec4 3, 0, 6;
    %cmp/u;
    %jmp/1 T_3.3, 6;
    %dup/vec4;
    %pushi/vec4 4, 0, 6;
    %cmp/u;
    %jmp/1 T_3.4, 6;
    %dup/vec4;
    %pushi/vec4 5, 0, 6;
    %cmp/u;
    %jmp/1 T_3.5, 6;
    %dup/vec4;
    %pushi/vec4 6, 0, 6;
    %cmp/u;
    %jmp/1 T_3.6, 6;
    %dup/vec4;
    %pushi/vec4 7, 0, 6;
    %cmp/u;
    %jmp/1 T_3.7, 6;
    %dup/vec4;
    %pushi/vec4 8, 0, 6;
    %cmp/u;
    %jmp/1 T_3.8, 6;
    %dup/vec4;
    %pushi/vec4 9, 0, 6;
    %cmp/u;
    %jmp/1 T_3.9, 6;
    %dup/vec4;
    %pushi/vec4 10, 0, 6;
    %cmp/u;
    %jmp/1 T_3.10, 6;
    %dup/vec4;
    %pushi/vec4 11, 0, 6;
    %cmp/u;
    %jmp/1 T_3.11, 6;
    %dup/vec4;
    %pushi/vec4 12, 0, 6;
    %cmp/u;
    %jmp/1 T_3.12, 6;
    %dup/vec4;
    %pushi/vec4 13, 0, 6;
    %cmp/u;
    %jmp/1 T_3.13, 6;
    %dup/vec4;
    %pushi/vec4 14, 0, 6;
    %cmp/u;
    %jmp/1 T_3.14, 6;
    %dup/vec4;
    %pushi/vec4 15, 0, 6;
    %cmp/u;
    %jmp/1 T_3.15, 6;
    %dup/vec4;
    %pushi/vec4 16, 0, 6;
    %cmp/u;
    %jmp/1 T_3.16, 6;
    %dup/vec4;
    %pushi/vec4 17, 0, 6;
    %cmp/u;
    %jmp/1 T_3.17, 6;
    %dup/vec4;
    %pushi/vec4 18, 0, 6;
    %cmp/u;
    %jmp/1 T_3.18, 6;
    %dup/vec4;
    %pushi/vec4 19, 0, 6;
    %cmp/u;
    %jmp/1 T_3.19, 6;
    %dup/vec4;
    %pushi/vec4 20, 0, 6;
    %cmp/u;
    %jmp/1 T_3.20, 6;
    %dup/vec4;
    %pushi/vec4 21, 0, 6;
    %cmp/u;
    %jmp/1 T_3.21, 6;
    %dup/vec4;
    %pushi/vec4 22, 0, 6;
    %cmp/u;
    %jmp/1 T_3.22, 6;
    %dup/vec4;
    %pushi/vec4 23, 0, 6;
    %cmp/u;
    %jmp/1 T_3.23, 6;
    %dup/vec4;
    %pushi/vec4 24, 0, 6;
    %cmp/u;
    %jmp/1 T_3.24, 6;
    %dup/vec4;
    %pushi/vec4 25, 0, 6;
    %cmp/u;
    %jmp/1 T_3.25, 6;
    %dup/vec4;
    %pushi/vec4 26, 0, 6;
    %cmp/u;
    %jmp/1 T_3.26, 6;
    %dup/vec4;
    %pushi/vec4 27, 0, 6;
    %cmp/u;
    %jmp/1 T_3.27, 6;
    %dup/vec4;
    %pushi/vec4 28, 0, 6;
    %cmp/u;
    %jmp/1 T_3.28, 6;
    %dup/vec4;
    %pushi/vec4 29, 0, 6;
    %cmp/u;
    %jmp/1 T_3.29, 6;
    %dup/vec4;
    %pushi/vec4 30, 0, 6;
    %cmp/u;
    %jmp/1 T_3.30, 6;
    %dup/vec4;
    %pushi/vec4 31, 0, 6;
    %cmp/u;
    %jmp/1 T_3.31, 6;
    %dup/vec4;
    %pushi/vec4 32, 0, 6;
    %cmp/u;
    %jmp/1 T_3.32, 6;
    %dup/vec4;
    %pushi/vec4 33, 0, 6;
    %cmp/u;
    %jmp/1 T_3.33, 6;
    %dup/vec4;
    %pushi/vec4 34, 0, 6;
    %cmp/u;
    %jmp/1 T_3.34, 6;
    %dup/vec4;
    %pushi/vec4 35, 0, 6;
    %cmp/u;
    %jmp/1 T_3.35, 6;
    %dup/vec4;
    %pushi/vec4 36, 0, 6;
    %cmp/u;
    %jmp/1 T_3.36, 6;
    %dup/vec4;
    %pushi/vec4 37, 0, 6;
    %cmp/u;
    %jmp/1 T_3.37, 6;
    %dup/vec4;
    %pushi/vec4 38, 0, 6;
    %cmp/u;
    %jmp/1 T_3.38, 6;
    %dup/vec4;
    %pushi/vec4 39, 0, 6;
    %cmp/u;
    %jmp/1 T_3.39, 6;
    %dup/vec4;
    %pushi/vec4 40, 0, 6;
    %cmp/u;
    %jmp/1 T_3.40, 6;
    %dup/vec4;
    %pushi/vec4 41, 0, 6;
    %cmp/u;
    %jmp/1 T_3.41, 6;
    %dup/vec4;
    %pushi/vec4 42, 0, 6;
    %cmp/u;
    %jmp/1 T_3.42, 6;
    %dup/vec4;
    %pushi/vec4 43, 0, 6;
    %cmp/u;
    %jmp/1 T_3.43, 6;
    %dup/vec4;
    %pushi/vec4 44, 0, 6;
    %cmp/u;
    %jmp/1 T_3.44, 6;
    %dup/vec4;
    %pushi/vec4 45, 0, 6;
    %cmp/u;
    %jmp/1 T_3.45, 6;
    %dup/vec4;
    %pushi/vec4 46, 0, 6;
    %cmp/u;
    %jmp/1 T_3.46, 6;
    %dup/vec4;
    %pushi/vec4 47, 0, 6;
    %cmp/u;
    %jmp/1 T_3.47, 6;
    %dup/vec4;
    %pushi/vec4 48, 0, 6;
    %cmp/u;
    %jmp/1 T_3.48, 6;
    %dup/vec4;
    %pushi/vec4 49, 0, 6;
    %cmp/u;
    %jmp/1 T_3.49, 6;
    %dup/vec4;
    %pushi/vec4 50, 0, 6;
    %cmp/u;
    %jmp/1 T_3.50, 6;
    %dup/vec4;
    %pushi/vec4 51, 0, 6;
    %cmp/u;
    %jmp/1 T_3.51, 6;
    %dup/vec4;
    %pushi/vec4 52, 0, 6;
    %cmp/u;
    %jmp/1 T_3.52, 6;
    %dup/vec4;
    %pushi/vec4 53, 0, 6;
    %cmp/u;
    %jmp/1 T_3.53, 6;
    %dup/vec4;
    %pushi/vec4 54, 0, 6;
    %cmp/u;
    %jmp/1 T_3.54, 6;
    %dup/vec4;
    %pushi/vec4 55, 0, 6;
    %cmp/u;
    %jmp/1 T_3.55, 6;
    %dup/vec4;
    %pushi/vec4 56, 0, 6;
    %cmp/u;
    %jmp/1 T_3.56, 6;
    %dup/vec4;
    %pushi/vec4 57, 0, 6;
    %cmp/u;
    %jmp/1 T_3.57, 6;
    %dup/vec4;
    %pushi/vec4 58, 0, 6;
    %cmp/u;
    %jmp/1 T_3.58, 6;
    %dup/vec4;
    %pushi/vec4 59, 0, 6;
    %cmp/u;
    %jmp/1 T_3.59, 6;
    %dup/vec4;
    %pushi/vec4 60, 0, 6;
    %cmp/u;
    %jmp/1 T_3.60, 6;
    %dup/vec4;
    %pushi/vec4 61, 0, 6;
    %cmp/u;
    %jmp/1 T_3.61, 6;
    %dup/vec4;
    %pushi/vec4 62, 0, 6;
    %cmp/u;
    %jmp/1 T_3.62, 6;
    %dup/vec4;
    %pushi/vec4 63, 0, 6;
    %cmp/u;
    %jmp/1 T_3.63, 6;
    %jmp T_3.64;
T_3.0 ;
    %pushi/vec4 1116352408, 0, 32;
    %store/vec4 v000002d35b580960_0, 0, 32;
    %jmp T_3.64;
T_3.1 ;
    %pushi/vec4 1899447441, 0, 32;
    %store/vec4 v000002d35b580960_0, 0, 32;
    %jmp T_3.64;
T_3.2 ;
    %pushi/vec4 3049323471, 0, 32;
    %store/vec4 v000002d35b580960_0, 0, 32;
    %jmp T_3.64;
T_3.3 ;
    %pushi/vec4 3921009573, 0, 32;
    %store/vec4 v000002d35b580960_0, 0, 32;
    %jmp T_3.64;
T_3.4 ;
    %pushi/vec4 961987163, 0, 32;
    %store/vec4 v000002d35b580960_0, 0, 32;
    %jmp T_3.64;
T_3.5 ;
    %pushi/vec4 1508970993, 0, 32;
    %store/vec4 v000002d35b580960_0, 0, 32;
    %jmp T_3.64;
T_3.6 ;
    %pushi/vec4 2453635748, 0, 32;
    %store/vec4 v000002d35b580960_0, 0, 32;
    %jmp T_3.64;
T_3.7 ;
    %pushi/vec4 2870763221, 0, 32;
    %store/vec4 v000002d35b580960_0, 0, 32;
    %jmp T_3.64;
T_3.8 ;
    %pushi/vec4 3624381080, 0, 32;
    %store/vec4 v000002d35b580960_0, 0, 32;
    %jmp T_3.64;
T_3.9 ;
    %pushi/vec4 310598401, 0, 32;
    %store/vec4 v000002d35b580960_0, 0, 32;
    %jmp T_3.64;
T_3.10 ;
    %pushi/vec4 607225278, 0, 32;
    %store/vec4 v000002d35b580960_0, 0, 32;
    %jmp T_3.64;
T_3.11 ;
    %pushi/vec4 1426881987, 0, 32;
    %store/vec4 v000002d35b580960_0, 0, 32;
    %jmp T_3.64;
T_3.12 ;
    %pushi/vec4 1925078388, 0, 32;
    %store/vec4 v000002d35b580960_0, 0, 32;
    %jmp T_3.64;
T_3.13 ;
    %pushi/vec4 2162078206, 0, 32;
    %store/vec4 v000002d35b580960_0, 0, 32;
    %jmp T_3.64;
T_3.14 ;
    %pushi/vec4 2614888103, 0, 32;
    %store/vec4 v000002d35b580960_0, 0, 32;
    %jmp T_3.64;
T_3.15 ;
    %pushi/vec4 3248222580, 0, 32;
    %store/vec4 v000002d35b580960_0, 0, 32;
    %jmp T_3.64;
T_3.16 ;
    %pushi/vec4 3835390401, 0, 32;
    %store/vec4 v000002d35b580960_0, 0, 32;
    %jmp T_3.64;
T_3.17 ;
    %pushi/vec4 4022224774, 0, 32;
    %store/vec4 v000002d35b580960_0, 0, 32;
    %jmp T_3.64;
T_3.18 ;
    %pushi/vec4 264347078, 0, 32;
    %store/vec4 v000002d35b580960_0, 0, 32;
    %jmp T_3.64;
T_3.19 ;
    %pushi/vec4 604807628, 0, 32;
    %store/vec4 v000002d35b580960_0, 0, 32;
    %jmp T_3.64;
T_3.20 ;
    %pushi/vec4 770255983, 0, 32;
    %store/vec4 v000002d35b580960_0, 0, 32;
    %jmp T_3.64;
T_3.21 ;
    %pushi/vec4 1249150122, 0, 32;
    %store/vec4 v000002d35b580960_0, 0, 32;
    %jmp T_3.64;
T_3.22 ;
    %pushi/vec4 1555081692, 0, 32;
    %store/vec4 v000002d35b580960_0, 0, 32;
    %jmp T_3.64;
T_3.23 ;
    %pushi/vec4 1996064986, 0, 32;
    %store/vec4 v000002d35b580960_0, 0, 32;
    %jmp T_3.64;
T_3.24 ;
    %pushi/vec4 2554220882, 0, 32;
    %store/vec4 v000002d35b580960_0, 0, 32;
    %jmp T_3.64;
T_3.25 ;
    %pushi/vec4 2821834349, 0, 32;
    %store/vec4 v000002d35b580960_0, 0, 32;
    %jmp T_3.64;
T_3.26 ;
    %pushi/vec4 2952996808, 0, 32;
    %store/vec4 v000002d35b580960_0, 0, 32;
    %jmp T_3.64;
T_3.27 ;
    %pushi/vec4 3210313671, 0, 32;
    %store/vec4 v000002d35b580960_0, 0, 32;
    %jmp T_3.64;
T_3.28 ;
    %pushi/vec4 3336571891, 0, 32;
    %store/vec4 v000002d35b580960_0, 0, 32;
    %jmp T_3.64;
T_3.29 ;
    %pushi/vec4 3584528711, 0, 32;
    %store/vec4 v000002d35b580960_0, 0, 32;
    %jmp T_3.64;
T_3.30 ;
    %pushi/vec4 113926993, 0, 32;
    %store/vec4 v000002d35b580960_0, 0, 32;
    %jmp T_3.64;
T_3.31 ;
    %pushi/vec4 338241895, 0, 32;
    %store/vec4 v000002d35b580960_0, 0, 32;
    %jmp T_3.64;
T_3.32 ;
    %pushi/vec4 666307205, 0, 32;
    %store/vec4 v000002d35b580960_0, 0, 32;
    %jmp T_3.64;
T_3.33 ;
    %pushi/vec4 773529912, 0, 32;
    %store/vec4 v000002d35b580960_0, 0, 32;
    %jmp T_3.64;
T_3.34 ;
    %pushi/vec4 1294757372, 0, 32;
    %store/vec4 v000002d35b580960_0, 0, 32;
    %jmp T_3.64;
T_3.35 ;
    %pushi/vec4 1396182291, 0, 32;
    %store/vec4 v000002d35b580960_0, 0, 32;
    %jmp T_3.64;
T_3.36 ;
    %pushi/vec4 1695183700, 0, 32;
    %store/vec4 v000002d35b580960_0, 0, 32;
    %jmp T_3.64;
T_3.37 ;
    %pushi/vec4 1986661051, 0, 32;
    %store/vec4 v000002d35b580960_0, 0, 32;
    %jmp T_3.64;
T_3.38 ;
    %pushi/vec4 2177026350, 0, 32;
    %store/vec4 v000002d35b580960_0, 0, 32;
    %jmp T_3.64;
T_3.39 ;
    %pushi/vec4 2456956037, 0, 32;
    %store/vec4 v000002d35b580960_0, 0, 32;
    %jmp T_3.64;
T_3.40 ;
    %pushi/vec4 2730485921, 0, 32;
    %store/vec4 v000002d35b580960_0, 0, 32;
    %jmp T_3.64;
T_3.41 ;
    %pushi/vec4 2820302411, 0, 32;
    %store/vec4 v000002d35b580960_0, 0, 32;
    %jmp T_3.64;
T_3.42 ;
    %pushi/vec4 3259730800, 0, 32;
    %store/vec4 v000002d35b580960_0, 0, 32;
    %jmp T_3.64;
T_3.43 ;
    %pushi/vec4 3345764771, 0, 32;
    %store/vec4 v000002d35b580960_0, 0, 32;
    %jmp T_3.64;
T_3.44 ;
    %pushi/vec4 3516065817, 0, 32;
    %store/vec4 v000002d35b580960_0, 0, 32;
    %jmp T_3.64;
T_3.45 ;
    %pushi/vec4 3600352804, 0, 32;
    %store/vec4 v000002d35b580960_0, 0, 32;
    %jmp T_3.64;
T_3.46 ;
    %pushi/vec4 4094571909, 0, 32;
    %store/vec4 v000002d35b580960_0, 0, 32;
    %jmp T_3.64;
T_3.47 ;
    %pushi/vec4 275423344, 0, 32;
    %store/vec4 v000002d35b580960_0, 0, 32;
    %jmp T_3.64;
T_3.48 ;
    %pushi/vec4 430227734, 0, 32;
    %store/vec4 v000002d35b580960_0, 0, 32;
    %jmp T_3.64;
T_3.49 ;
    %pushi/vec4 506948616, 0, 32;
    %store/vec4 v000002d35b580960_0, 0, 32;
    %jmp T_3.64;
T_3.50 ;
    %pushi/vec4 659060556, 0, 32;
    %store/vec4 v000002d35b580960_0, 0, 32;
    %jmp T_3.64;
T_3.51 ;
    %pushi/vec4 883997877, 0, 32;
    %store/vec4 v000002d35b580960_0, 0, 32;
    %jmp T_3.64;
T_3.52 ;
    %pushi/vec4 958139571, 0, 32;
    %store/vec4 v000002d35b580960_0, 0, 32;
    %jmp T_3.64;
T_3.53 ;
    %pushi/vec4 1322822218, 0, 32;
    %store/vec4 v000002d35b580960_0, 0, 32;
    %jmp T_3.64;
T_3.54 ;
    %pushi/vec4 1537002063, 0, 32;
    %store/vec4 v000002d35b580960_0, 0, 32;
    %jmp T_3.64;
T_3.55 ;
    %pushi/vec4 1747873779, 0, 32;
    %store/vec4 v000002d35b580960_0, 0, 32;
    %jmp T_3.64;
T_3.56 ;
    %pushi/vec4 1955562222, 0, 32;
    %store/vec4 v000002d35b580960_0, 0, 32;
    %jmp T_3.64;
T_3.57 ;
    %pushi/vec4 2024104815, 0, 32;
    %store/vec4 v000002d35b580960_0, 0, 32;
    %jmp T_3.64;
T_3.58 ;
    %pushi/vec4 2227730452, 0, 32;
    %store/vec4 v000002d35b580960_0, 0, 32;
    %jmp T_3.64;
T_3.59 ;
    %pushi/vec4 2361852424, 0, 32;
    %store/vec4 v000002d35b580960_0, 0, 32;
    %jmp T_3.64;
T_3.60 ;
    %pushi/vec4 2428436474, 0, 32;
    %store/vec4 v000002d35b580960_0, 0, 32;
    %jmp T_3.64;
T_3.61 ;
    %pushi/vec4 2756734187, 0, 32;
    %store/vec4 v000002d35b580960_0, 0, 32;
    %jmp T_3.64;
T_3.62 ;
    %pushi/vec4 3204031479, 0, 32;
    %store/vec4 v000002d35b580960_0, 0, 32;
    %jmp T_3.64;
T_3.63 ;
    %pushi/vec4 3329325298, 0, 32;
    %store/vec4 v000002d35b580960_0, 0, 32;
    %jmp T_3.64;
T_3.64 ;
    %pop/vec4 1;
    %end;
    .scope S_000002d35b51d6f0;
t_0 %join;
    %jmp T_3;
    .thread T_3, $push;
    .scope S_000002d35b59e990;
T_4 ;
    %wait E_000002d35b56c120;
    %fork t_3, S_000002d35b59eb20;
    %jmp t_2;
    .scope S_000002d35b59eb20;
t_3 ;
    %load/vec4 v000002d35b580820_0;
    %nor/r;
    %flag_set/vec4 8;
    %jmp/0xz  T_4.0, 8;
    %pushi/vec4 0, 0, 32;
    %store/vec4 v000002d35b580fa0_0, 0, 32;
T_4.2 ;
    %load/vec4 v000002d35b580fa0_0;
    %cmpi/s 16, 0, 32;
    %jmp/0xz T_4.3, 5;
    %pushi/vec4 0, 0, 32;
    %ix/getv/s 3, v000002d35b580fa0_0;
    %ix/load 4, 0, 0; Constant delay
    %assign/vec4/a/d v000002d35b630b10, 0, 4;
    %load/vec4 v000002d35b580fa0_0;
    %addi 1, 0, 32;
    %store/vec4 v000002d35b580fa0_0, 0, 32;
    %jmp T_4.2;
T_4.3 ;
    %jmp T_4.1;
T_4.0 ;
    %load/vec4 v000002d35b6311f0_0;
    %flag_set/vec4 8;
    %jmp/0xz  T_4.4, 8;
    %load/vec4 v000002d35b631bf0_0;
    %ix/load 3, 0, 0;
    %flag_set/imm 4, 0;
    %ix/load 4, 0, 0; Constant delay
    %assign/vec4/a/d v000002d35b630b10, 0, 4;
    %load/vec4 v000002d35b6316f0_0;
    %ix/load 3, 1, 0;
    %flag_set/imm 4, 0;
    %ix/load 4, 0, 0; Constant delay
    %assign/vec4/a/d v000002d35b630b10, 0, 4;
    %load/vec4 v000002d35b631970_0;
    %ix/load 3, 2, 0;
    %flag_set/imm 4, 0;
    %ix/load 4, 0, 0; Constant delay
    %assign/vec4/a/d v000002d35b630b10, 0, 4;
    %load/vec4 v000002d35b631ab0_0;
    %ix/load 3, 3, 0;
    %flag_set/imm 4, 0;
    %ix/load 4, 0, 0; Constant delay
    %assign/vec4/a/d v000002d35b630b10, 0, 4;
    %load/vec4 v000002d35b631330_0;
    %ix/load 3, 4, 0;
    %flag_set/imm 4, 0;
    %ix/load 4, 0, 0; Constant delay
    %assign/vec4/a/d v000002d35b630b10, 0, 4;
    %load/vec4 v000002d35b630ed0_0;
    %ix/load 3, 5, 0;
    %flag_set/imm 4, 0;
    %ix/load 4, 0, 0; Constant delay
    %assign/vec4/a/d v000002d35b630b10, 0, 4;
    %load/vec4 v000002d35b6310b0_0;
    %ix/load 3, 6, 0;
    %flag_set/imm 4, 0;
    %ix/load 4, 0, 0; Constant delay
    %assign/vec4/a/d v000002d35b630b10, 0, 4;
    %load/vec4 v000002d35b6307f0_0;
    %ix/load 3, 7, 0;
    %flag_set/imm 4, 0;
    %ix/load 4, 0, 0; Constant delay
    %assign/vec4/a/d v000002d35b630b10, 0, 4;
    %load/vec4 v000002d35b630f70_0;
    %ix/load 3, 8, 0;
    %flag_set/imm 4, 0;
    %ix/load 4, 0, 0; Constant delay
    %assign/vec4/a/d v000002d35b630b10, 0, 4;
    %load/vec4 v000002d35b6318d0_0;
    %ix/load 3, 9, 0;
    %flag_set/imm 4, 0;
    %ix/load 4, 0, 0; Constant delay
    %assign/vec4/a/d v000002d35b630b10, 0, 4;
    %load/vec4 v000002d35b630430_0;
    %ix/load 3, 10, 0;
    %flag_set/imm 4, 0;
    %ix/load 4, 0, 0; Constant delay
    %assign/vec4/a/d v000002d35b630b10, 0, 4;
    %load/vec4 v000002d35b631510_0;
    %ix/load 3, 11, 0;
    %flag_set/imm 4, 0;
    %ix/load 4, 0, 0; Constant delay
    %assign/vec4/a/d v000002d35b630b10, 0, 4;
    %load/vec4 v000002d35b6306b0_0;
    %ix/load 3, 12, 0;
    %flag_set/imm 4, 0;
    %ix/load 4, 0, 0; Constant delay
    %assign/vec4/a/d v000002d35b630b10, 0, 4;
    %load/vec4 v000002d35b6313d0_0;
    %ix/load 3, 13, 0;
    %flag_set/imm 4, 0;
    %ix/load 4, 0, 0; Constant delay
    %assign/vec4/a/d v000002d35b630b10, 0, 4;
    %load/vec4 v000002d35b630e30_0;
    %ix/load 3, 14, 0;
    %flag_set/imm 4, 0;
    %ix/load 4, 0, 0; Constant delay
    %assign/vec4/a/d v000002d35b630b10, 0, 4;
    %load/vec4 v000002d35b631e70_0;
    %ix/load 3, 15, 0;
    %flag_set/imm 4, 0;
    %ix/load 4, 0, 0; Constant delay
    %assign/vec4/a/d v000002d35b630b10, 0, 4;
T_4.4 ;
T_4.1 ;
    %end;
    .scope S_000002d35b59e990;
t_2 %join;
    %jmp T_4;
    .thread T_4;
    .scope S_000002d35b59e990;
T_5 ;
    %wait E_000002d35b56c7a0;
    %fork t_5, S_000002d35b59ecb0;
    %jmp t_4;
    .scope S_000002d35b59ecb0;
t_5 ;
    %load/vec4 v000002d35b580dc0_0;
    %pad/u 32;
    %cmpi/u 16, 0, 32;
    %jmp/0xz  T_5.0, 5;
    %load/vec4 v000002d35b580dc0_0;
    %parti/s 4, 0, 2;
    %pad/u 6;
    %ix/vec4 4;
    %load/vec4a v000002d35b630b10, 4;
    %store/vec4 v000002d35b630930_0, 0, 32;
    %jmp T_5.1;
T_5.0 ;
    %load/vec4 v000002d35b631290_0;
    %store/vec4 v000002d35b630930_0, 0, 32;
T_5.1 ;
    %end;
    .scope S_000002d35b59e990;
t_4 %join;
    %jmp T_5;
    .thread T_5, $push;
    .scope S_000002d35b59e990;
T_6 ;
    %wait E_000002d35b56c160;
    %fork t_7, S_000002d35b59ee40;
    %jmp t_6;
    .scope S_000002d35b59ee40;
t_7 ;
    %pushi/vec4 0, 0, 32;
    %store/vec4 v000002d35b631bf0_0, 0, 32;
    %pushi/vec4 0, 0, 32;
    %store/vec4 v000002d35b6316f0_0, 0, 32;
    %pushi/vec4 0, 0, 32;
    %store/vec4 v000002d35b631970_0, 0, 32;
    %pushi/vec4 0, 0, 32;
    %store/vec4 v000002d35b631ab0_0, 0, 32;
    %pushi/vec4 0, 0, 32;
    %store/vec4 v000002d35b631330_0, 0, 32;
    %pushi/vec4 0, 0, 32;
    %store/vec4 v000002d35b630ed0_0, 0, 32;
    %pushi/vec4 0, 0, 32;
    %store/vec4 v000002d35b6310b0_0, 0, 32;
    %pushi/vec4 0, 0, 32;
    %store/vec4 v000002d35b6307f0_0, 0, 32;
    %pushi/vec4 0, 0, 32;
    %store/vec4 v000002d35b630f70_0, 0, 32;
    %pushi/vec4 0, 0, 32;
    %store/vec4 v000002d35b6318d0_0, 0, 32;
    %pushi/vec4 0, 0, 32;
    %store/vec4 v000002d35b630430_0, 0, 32;
    %pushi/vec4 0, 0, 32;
    %store/vec4 v000002d35b631510_0, 0, 32;
    %pushi/vec4 0, 0, 32;
    %store/vec4 v000002d35b6306b0_0, 0, 32;
    %pushi/vec4 0, 0, 32;
    %store/vec4 v000002d35b6313d0_0, 0, 32;
    %pushi/vec4 0, 0, 32;
    %store/vec4 v000002d35b630e30_0, 0, 32;
    %pushi/vec4 0, 0, 32;
    %store/vec4 v000002d35b631e70_0, 0, 32;
    %pushi/vec4 0, 0, 1;
    %store/vec4 v000002d35b6311f0_0, 0, 1;
    %ix/load 4, 0, 0;
    %flag_set/imm 4, 0;
    %load/vec4a v000002d35b630b10, 4;
    %store/vec4 v000002d35b580e60_0, 0, 32;
    %ix/load 4, 1, 0;
    %flag_set/imm 4, 0;
    %load/vec4a v000002d35b630b10, 4;
    %store/vec4 v000002d35b581040_0, 0, 32;
    %ix/load 4, 9, 0;
    %flag_set/imm 4, 0;
    %load/vec4a v000002d35b630b10, 4;
    %store/vec4 v000002d35b580500_0, 0, 32;
    %ix/load 4, 14, 0;
    %flag_set/imm 4, 0;
    %load/vec4a v000002d35b630b10, 4;
    %store/vec4 v000002d35b580d20_0, 0, 32;
    %load/vec4 v000002d35b581040_0;
    %parti/s 7, 0, 2;
    %load/vec4 v000002d35b581040_0;
    %parti/s 25, 7, 4;
    %concat/vec4; draw_concat_vec4
    %load/vec4 v000002d35b581040_0;
    %parti/s 18, 0, 2;
    %load/vec4 v000002d35b581040_0;
    %parti/s 14, 18, 6;
    %concat/vec4; draw_concat_vec4
    %xor;
    %pushi/vec4 0, 0, 3;
    %load/vec4 v000002d35b581040_0;
    %parti/s 29, 3, 3;
    %concat/vec4; draw_concat_vec4
    %xor;
    %store/vec4 v000002d35b581220_0, 0, 32;
    %load/vec4 v000002d35b580d20_0;
    %parti/s 17, 0, 2;
    %load/vec4 v000002d35b580d20_0;
    %parti/s 15, 17, 6;
    %concat/vec4; draw_concat_vec4
    %load/vec4 v000002d35b580d20_0;
    %parti/s 19, 0, 2;
    %load/vec4 v000002d35b580d20_0;
    %parti/s 13, 19, 6;
    %concat/vec4; draw_concat_vec4
    %xor;
    %pushi/vec4 0, 0, 10;
    %load/vec4 v000002d35b580d20_0;
    %parti/s 22, 10, 5;
    %concat/vec4; draw_concat_vec4
    %xor;
    %store/vec4 v000002d35b5812c0_0, 0, 32;
    %load/vec4 v000002d35b5812c0_0;
    %load/vec4 v000002d35b580500_0;
    %add;
    %load/vec4 v000002d35b581220_0;
    %add;
    %load/vec4 v000002d35b580e60_0;
    %add;
    %store/vec4 v000002d35b631290_0, 0, 32;
    %load/vec4 v000002d35b580780_0;
    %flag_set/vec4 8;
    %jmp/0xz  T_6.0, 8;
    %load/vec4 v000002d35b5808c0_0;
    %parti/s 32, 480, 10;
    %store/vec4 v000002d35b631bf0_0, 0, 32;
    %load/vec4 v000002d35b5808c0_0;
    %parti/s 32, 448, 10;
    %store/vec4 v000002d35b6316f0_0, 0, 32;
    %load/vec4 v000002d35b5808c0_0;
    %parti/s 32, 416, 10;
    %store/vec4 v000002d35b631970_0, 0, 32;
    %load/vec4 v000002d35b5808c0_0;
    %parti/s 32, 384, 10;
    %store/vec4 v000002d35b631ab0_0, 0, 32;
    %load/vec4 v000002d35b5808c0_0;
    %parti/s 32, 352, 10;
    %store/vec4 v000002d35b631330_0, 0, 32;
    %load/vec4 v000002d35b5808c0_0;
    %parti/s 32, 320, 10;
    %store/vec4 v000002d35b630ed0_0, 0, 32;
    %load/vec4 v000002d35b5808c0_0;
    %parti/s 32, 288, 10;
    %store/vec4 v000002d35b6310b0_0, 0, 32;
    %load/vec4 v000002d35b5808c0_0;
    %parti/s 32, 256, 10;
    %store/vec4 v000002d35b6307f0_0, 0, 32;
    %load/vec4 v000002d35b5808c0_0;
    %parti/s 32, 224, 9;
    %store/vec4 v000002d35b630f70_0, 0, 32;
    %load/vec4 v000002d35b5808c0_0;
    %parti/s 32, 192, 9;
    %store/vec4 v000002d35b6318d0_0, 0, 32;
    %load/vec4 v000002d35b5808c0_0;
    %parti/s 32, 160, 9;
    %store/vec4 v000002d35b630430_0, 0, 32;
    %load/vec4 v000002d35b5808c0_0;
    %parti/s 32, 128, 9;
    %store/vec4 v000002d35b631510_0, 0, 32;
    %load/vec4 v000002d35b5808c0_0;
    %parti/s 32, 96, 8;
    %store/vec4 v000002d35b6306b0_0, 0, 32;
    %load/vec4 v000002d35b5808c0_0;
    %parti/s 32, 64, 8;
    %store/vec4 v000002d35b6313d0_0, 0, 32;
    %load/vec4 v000002d35b5808c0_0;
    %parti/s 32, 32, 7;
    %store/vec4 v000002d35b630e30_0, 0, 32;
    %load/vec4 v000002d35b5808c0_0;
    %parti/s 32, 0, 2;
    %store/vec4 v000002d35b631e70_0, 0, 32;
    %pushi/vec4 1, 0, 1;
    %store/vec4 v000002d35b6311f0_0, 0, 1;
T_6.0 ;
    %load/vec4 v000002d35b580c80_0;
    %flag_set/vec4 9;
    %flag_get/vec4 9;
    %jmp/0 T_6.4, 9;
    %pushi/vec4 15, 0, 32;
    %load/vec4 v000002d35b580dc0_0;
    %pad/u 32;
    %cmp/u;
    %flag_get/vec4 5;
    %and;
T_6.4;
    %flag_set/vec4 8;
    %jmp/0xz  T_6.2, 8;
    %ix/load 4, 1, 0;
    %flag_set/imm 4, 0;
    %load/vec4a v000002d35b630b10, 4;
    %store/vec4 v000002d35b631bf0_0, 0, 32;
    %ix/load 4, 2, 0;
    %flag_set/imm 4, 0;
    %load/vec4a v000002d35b630b10, 4;
    %store/vec4 v000002d35b6316f0_0, 0, 32;
    %ix/load 4, 3, 0;
    %flag_set/imm 4, 0;
    %load/vec4a v000002d35b630b10, 4;
    %store/vec4 v000002d35b631970_0, 0, 32;
    %ix/load 4, 4, 0;
    %flag_set/imm 4, 0;
    %load/vec4a v000002d35b630b10, 4;
    %store/vec4 v000002d35b631ab0_0, 0, 32;
    %ix/load 4, 5, 0;
    %flag_set/imm 4, 0;
    %load/vec4a v000002d35b630b10, 4;
    %store/vec4 v000002d35b631330_0, 0, 32;
    %ix/load 4, 6, 0;
    %flag_set/imm 4, 0;
    %load/vec4a v000002d35b630b10, 4;
    %store/vec4 v000002d35b630ed0_0, 0, 32;
    %ix/load 4, 7, 0;
    %flag_set/imm 4, 0;
    %load/vec4a v000002d35b630b10, 4;
    %store/vec4 v000002d35b6310b0_0, 0, 32;
    %ix/load 4, 8, 0;
    %flag_set/imm 4, 0;
    %load/vec4a v000002d35b630b10, 4;
    %store/vec4 v000002d35b6307f0_0, 0, 32;
    %ix/load 4, 9, 0;
    %flag_set/imm 4, 0;
    %load/vec4a v000002d35b630b10, 4;
    %store/vec4 v000002d35b630f70_0, 0, 32;
    %ix/load 4, 10, 0;
    %flag_set/imm 4, 0;
    %load/vec4a v000002d35b630b10, 4;
    %store/vec4 v000002d35b6318d0_0, 0, 32;
    %ix/load 4, 11, 0;
    %flag_set/imm 4, 0;
    %load/vec4a v000002d35b630b10, 4;
    %store/vec4 v000002d35b630430_0, 0, 32;
    %ix/load 4, 12, 0;
    %flag_set/imm 4, 0;
    %load/vec4a v000002d35b630b10, 4;
    %store/vec4 v000002d35b631510_0, 0, 32;
    %ix/load 4, 13, 0;
    %flag_set/imm 4, 0;
    %load/vec4a v000002d35b630b10, 4;
    %store/vec4 v000002d35b6306b0_0, 0, 32;
    %ix/load 4, 14, 0;
    %flag_set/imm 4, 0;
    %load/vec4a v000002d35b630b10, 4;
    %store/vec4 v000002d35b6313d0_0, 0, 32;
    %ix/load 4, 15, 0;
    %flag_set/imm 4, 0;
    %load/vec4a v000002d35b630b10, 4;
    %store/vec4 v000002d35b630e30_0, 0, 32;
    %load/vec4 v000002d35b631290_0;
    %store/vec4 v000002d35b631e70_0, 0, 32;
    %pushi/vec4 1, 0, 1;
    %store/vec4 v000002d35b6311f0_0, 0, 1;
T_6.2 ;
    %end;
    .scope S_000002d35b59e990;
t_6 %join;
    %jmp T_6;
    .thread T_6, $push;
    .scope S_000002d35b585330;
T_7 ;
    %wait E_000002d35b56c120;
    %fork t_9, S_000002d35b4b2bd0;
    %jmp t_8;
    .scope S_000002d35b4b2bd0;
t_9 ;
    %load/vec4 v000002d35b6337a0_0;
    %nor/r;
    %flag_set/vec4 8;
    %jmp/0xz  T_7.0, 8;
    %pushi/vec4 0, 0, 32;
    %assign/vec4 v000002d35b6309d0_0, 0;
    %pushi/vec4 0, 0, 32;
    %assign/vec4 v000002d35b630750_0, 0;
    %pushi/vec4 0, 0, 32;
    %assign/vec4 v000002d35b630890_0, 0;
    %pushi/vec4 0, 0, 32;
    %assign/vec4 v000002d35b630c50_0, 0;
    %pushi/vec4 0, 0, 32;
    %assign/vec4 v000002d35b6335c0_0, 0;
    %pushi/vec4 0, 0, 32;
    %assign/vec4 v000002d35b632580_0, 0;
    %pushi/vec4 0, 0, 32;
    %assign/vec4 v000002d35b6323a0_0, 0;
    %pushi/vec4 0, 0, 32;
    %assign/vec4 v000002d35b632bc0_0, 0;
    %pushi/vec4 0, 0, 32;
    %assign/vec4 v000002d35b6315b0_0, 0;
    %pushi/vec4 0, 0, 32;
    %assign/vec4 v000002d35b631a10_0, 0;
    %pushi/vec4 0, 0, 32;
    %assign/vec4 v000002d35b631010_0, 0;
    %pushi/vec4 0, 0, 32;
    %assign/vec4 v000002d35b6301b0_0, 0;
    %pushi/vec4 0, 0, 32;
    %assign/vec4 v000002d35b631dd0_0, 0;
    %pushi/vec4 0, 0, 32;
    %assign/vec4 v000002d35b631650_0, 0;
    %pushi/vec4 0, 0, 32;
    %assign/vec4 v000002d35b631790_0, 0;
    %pushi/vec4 0, 0, 32;
    %assign/vec4 v000002d35b6302f0_0, 0;
    %pushi/vec4 0, 0, 1;
    %assign/vec4 v000002d35b633840_0, 0;
    %pushi/vec4 0, 0, 6;
    %assign/vec4 v000002d35b633660_0, 0;
    %pushi/vec4 0, 0, 2;
    %assign/vec4 v000002d35b6329e0_0, 0;
    %jmp T_7.1;
T_7.0 ;
    %load/vec4 v000002d35b631f10_0;
    %flag_set/vec4 8;
    %jmp/0xz  T_7.2, 8;
    %load/vec4 v000002d35b631fb0_0;
    %assign/vec4 v000002d35b6309d0_0, 0;
    %load/vec4 v000002d35b6304d0_0;
    %assign/vec4 v000002d35b630750_0, 0;
    %load/vec4 v000002d35b630610_0;
    %assign/vec4 v000002d35b630890_0, 0;
    %load/vec4 v000002d35b630bb0_0;
    %assign/vec4 v000002d35b630c50_0, 0;
    %load/vec4 v000002d35b633f20_0;
    %assign/vec4 v000002d35b6335c0_0, 0;
    %load/vec4 v000002d35b632b20_0;
    %assign/vec4 v000002d35b632580_0, 0;
    %load/vec4 v000002d35b6332a0_0;
    %assign/vec4 v000002d35b6323a0_0, 0;
    %load/vec4 v000002d35b633200_0;
    %assign/vec4 v000002d35b632bc0_0, 0;
T_7.2 ;
    %load/vec4 v000002d35b631d30_0;
    %flag_set/vec4 8;
    %jmp/0xz  T_7.4, 8;
    %load/vec4 v000002d35b630110_0;
    %assign/vec4 v000002d35b6315b0_0, 0;
    %load/vec4 v000002d35b631150_0;
    %assign/vec4 v000002d35b631a10_0, 0;
    %load/vec4 v000002d35b630390_0;
    %assign/vec4 v000002d35b631010_0, 0;
    %load/vec4 v000002d35b631470_0;
    %assign/vec4 v000002d35b6301b0_0, 0;
    %load/vec4 v000002d35b630250_0;
    %assign/vec4 v000002d35b631dd0_0, 0;
    %load/vec4 v000002d35b631830_0;
    %assign/vec4 v000002d35b631650_0, 0;
    %load/vec4 v000002d35b631c90_0;
    %assign/vec4 v000002d35b631790_0, 0;
    %load/vec4 v000002d35b631b50_0;
    %assign/vec4 v000002d35b6302f0_0, 0;
T_7.4 ;
    %load/vec4 v000002d35b632d00_0;
    %flag_set/vec4 8;
    %jmp/0xz  T_7.6, 8;
    %load/vec4 v000002d35b633a20_0;
    %assign/vec4 v000002d35b633660_0, 0;
T_7.6 ;
    %load/vec4 v000002d35b632620_0;
    %flag_set/vec4 8;
    %jmp/0xz  T_7.8, 8;
    %load/vec4 v000002d35b632a80_0;
    %assign/vec4 v000002d35b633840_0, 0;
T_7.8 ;
    %load/vec4 v000002d35b632c60_0;
    %flag_set/vec4 8;
    %jmp/0xz  T_7.10, 8;
    %load/vec4 v000002d35b6333e0_0;
    %assign/vec4 v000002d35b6329e0_0, 0;
T_7.10 ;
T_7.1 ;
    %end;
    .scope S_000002d35b585330;
t_8 %join;
    %jmp T_7;
    .thread T_7;
    .scope S_000002d35b585330;
T_8 ;
    %wait E_000002d35b56bee0;
    %fork t_11, S_000002d35b51d560;
    %jmp t_10;
    .scope S_000002d35b51d560;
t_11 ;
    %pushi/vec4 0, 0, 32;
    %store/vec4 v000002d35b630110_0, 0, 32;
    %pushi/vec4 0, 0, 32;
    %store/vec4 v000002d35b631150_0, 0, 32;
    %pushi/vec4 0, 0, 32;
    %store/vec4 v000002d35b630390_0, 0, 32;
    %pushi/vec4 0, 0, 32;
    %store/vec4 v000002d35b631470_0, 0, 32;
    %pushi/vec4 0, 0, 32;
    %store/vec4 v000002d35b630250_0, 0, 32;
    %pushi/vec4 0, 0, 32;
    %store/vec4 v000002d35b631830_0, 0, 32;
    %pushi/vec4 0, 0, 32;
    %store/vec4 v000002d35b631c90_0, 0, 32;
    %pushi/vec4 0, 0, 32;
    %store/vec4 v000002d35b631b50_0, 0, 32;
    %pushi/vec4 0, 0, 1;
    %store/vec4 v000002d35b631d30_0, 0, 1;
    %load/vec4 v000002d35b630d90_0;
    %flag_set/vec4 8;
    %jmp/0xz  T_8.0, 8;
    %pushi/vec4 1, 0, 1;
    %store/vec4 v000002d35b631d30_0, 0, 1;
    %load/vec4 v000002d35b633980_0;
    %flag_set/vec4 8;
    %jmp/0xz  T_8.2, 8;
    %pushi/vec4 1779033703, 0, 32;
    %store/vec4 v000002d35b630110_0, 0, 32;
    %pushi/vec4 3144134277, 0, 32;
    %store/vec4 v000002d35b631150_0, 0, 32;
    %pushi/vec4 1013904242, 0, 32;
    %store/vec4 v000002d35b630390_0, 0, 32;
    %pushi/vec4 2773480762, 0, 32;
    %store/vec4 v000002d35b631470_0, 0, 32;
    %pushi/vec4 1359893119, 0, 32;
    %store/vec4 v000002d35b630250_0, 0, 32;
    %pushi/vec4 2600822924, 0, 32;
    %store/vec4 v000002d35b631830_0, 0, 32;
    %pushi/vec4 528734635, 0, 32;
    %store/vec4 v000002d35b631c90_0, 0, 32;
    %pushi/vec4 1541459225, 0, 32;
    %store/vec4 v000002d35b631b50_0, 0, 32;
    %jmp T_8.3;
T_8.2 ;
    %pushi/vec4 3238371032, 0, 32;
    %store/vec4 v000002d35b630110_0, 0, 32;
    %pushi/vec4 914150663, 0, 32;
    %store/vec4 v000002d35b631150_0, 0, 32;
    %pushi/vec4 812702999, 0, 32;
    %store/vec4 v000002d35b630390_0, 0, 32;
    %pushi/vec4 4144912697, 0, 32;
    %store/vec4 v000002d35b631470_0, 0, 32;
    %pushi/vec4 4290775857, 0, 32;
    %store/vec4 v000002d35b630250_0, 0, 32;
    %pushi/vec4 1750603025, 0, 32;
    %store/vec4 v000002d35b631830_0, 0, 32;
    %pushi/vec4 1694076839, 0, 32;
    %store/vec4 v000002d35b631c90_0, 0, 32;
    %pushi/vec4 3204075428, 0, 32;
    %store/vec4 v000002d35b631b50_0, 0, 32;
T_8.3 ;
T_8.0 ;
    %load/vec4 v000002d35b632940_0;
    %flag_set/vec4 8;
    %jmp/0xz  T_8.4, 8;
    %load/vec4 v000002d35b6315b0_0;
    %load/vec4 v000002d35b6309d0_0;
    %add;
    %store/vec4 v000002d35b630110_0, 0, 32;
    %load/vec4 v000002d35b631a10_0;
    %load/vec4 v000002d35b630750_0;
    %add;
    %store/vec4 v000002d35b631150_0, 0, 32;
    %load/vec4 v000002d35b631010_0;
    %load/vec4 v000002d35b630890_0;
    %add;
    %store/vec4 v000002d35b630390_0, 0, 32;
    %load/vec4 v000002d35b6301b0_0;
    %load/vec4 v000002d35b630c50_0;
    %add;
    %store/vec4 v000002d35b631470_0, 0, 32;
    %load/vec4 v000002d35b631dd0_0;
    %load/vec4 v000002d35b6335c0_0;
    %add;
    %store/vec4 v000002d35b630250_0, 0, 32;
    %load/vec4 v000002d35b631650_0;
    %load/vec4 v000002d35b632580_0;
    %add;
    %store/vec4 v000002d35b631830_0, 0, 32;
    %load/vec4 v000002d35b631790_0;
    %load/vec4 v000002d35b6323a0_0;
    %add;
    %store/vec4 v000002d35b631c90_0, 0, 32;
    %load/vec4 v000002d35b6302f0_0;
    %load/vec4 v000002d35b632bc0_0;
    %add;
    %store/vec4 v000002d35b631b50_0, 0, 32;
    %pushi/vec4 1, 0, 1;
    %store/vec4 v000002d35b631d30_0, 0, 1;
T_8.4 ;
    %end;
    .scope S_000002d35b585330;
t_10 %join;
    %jmp T_8;
    .thread T_8, $push;
    .scope S_000002d35b585330;
T_9 ;
    %wait E_000002d35b56c020;
    %fork t_13, S_000002d35b582c90;
    %jmp t_12;
    .scope S_000002d35b582c90;
t_13 ;
    %load/vec4 v000002d35b6335c0_0;
    %parti/s 6, 0, 2;
    %load/vec4 v000002d35b6335c0_0;
    %parti/s 26, 6, 4;
    %concat/vec4; draw_concat_vec4
    %load/vec4 v000002d35b6335c0_0;
    %parti/s 11, 0, 2;
    %load/vec4 v000002d35b6335c0_0;
    %parti/s 21, 11, 5;
    %concat/vec4; draw_concat_vec4
    %xor;
    %load/vec4 v000002d35b6335c0_0;
    %parti/s 25, 0, 2;
    %load/vec4 v000002d35b6335c0_0;
    %parti/s 7, 25, 6;
    %concat/vec4; draw_concat_vec4
    %xor;
    %store/vec4 v000002d35b580460_0, 0, 32;
    %load/vec4 v000002d35b6335c0_0;
    %load/vec4 v000002d35b632580_0;
    %and;
    %load/vec4 v000002d35b6335c0_0;
    %inv;
    %load/vec4 v000002d35b6323a0_0;
    %and;
    %xor;
    %store/vec4 v000002d35b580640_0, 0, 32;
    %load/vec4 v000002d35b632bc0_0;
    %load/vec4 v000002d35b580460_0;
    %add;
    %load/vec4 v000002d35b580640_0;
    %add;
    %load/vec4 v000002d35b633fc0_0;
    %add;
    %load/vec4 v000002d35b633b60_0;
    %add;
    %store/vec4 v000002d35b6338e0_0, 0, 32;
    %end;
    .scope S_000002d35b585330;
t_12 %join;
    %jmp T_9;
    .thread T_9, $push;
    .scope S_000002d35b585330;
T_10 ;
    %wait E_000002d35b56c5a0;
    %fork t_15, S_000002d35b582e20;
    %jmp t_14;
    .scope S_000002d35b582e20;
t_15 ;
    %load/vec4 v000002d35b6309d0_0;
    %parti/s 2, 0, 2;
    %load/vec4 v000002d35b6309d0_0;
    %parti/s 30, 2, 3;
    %concat/vec4; draw_concat_vec4
    %load/vec4 v000002d35b6309d0_0;
    %parti/s 13, 0, 2;
    %load/vec4 v000002d35b6309d0_0;
    %parti/s 19, 13, 5;
    %concat/vec4; draw_concat_vec4
    %xor;
    %load/vec4 v000002d35b6309d0_0;
    %parti/s 22, 0, 2;
    %load/vec4 v000002d35b6309d0_0;
    %parti/s 10, 22, 6;
    %concat/vec4; draw_concat_vec4
    %xor;
    %store/vec4 v000002d35b580aa0_0, 0, 32;
    %load/vec4 v000002d35b6309d0_0;
    %load/vec4 v000002d35b630750_0;
    %and;
    %load/vec4 v000002d35b6309d0_0;
    %load/vec4 v000002d35b630890_0;
    %and;
    %xor;
    %load/vec4 v000002d35b630750_0;
    %load/vec4 v000002d35b630890_0;
    %and;
    %xor;
    %store/vec4 v000002d35b5806e0_0, 0, 32;
    %load/vec4 v000002d35b580aa0_0;
    %load/vec4 v000002d35b5806e0_0;
    %add;
    %store/vec4 v000002d35b6324e0_0, 0, 32;
    %end;
    .scope S_000002d35b585330;
t_14 %join;
    %jmp T_10;
    .thread T_10, $push;
    .scope S_000002d35b585330;
T_11 ;
    %wait E_000002d35b56ab20;
    %fork t_17, S_000002d35b582b00;
    %jmp t_16;
    .scope S_000002d35b582b00;
t_17 ;
    %pushi/vec4 0, 0, 32;
    %store/vec4 v000002d35b631fb0_0, 0, 32;
    %pushi/vec4 0, 0, 32;
    %store/vec4 v000002d35b6304d0_0, 0, 32;
    %pushi/vec4 0, 0, 32;
    %store/vec4 v000002d35b630610_0, 0, 32;
    %pushi/vec4 0, 0, 32;
    %store/vec4 v000002d35b630bb0_0, 0, 32;
    %pushi/vec4 0, 0, 32;
    %store/vec4 v000002d35b633f20_0, 0, 32;
    %pushi/vec4 0, 0, 32;
    %store/vec4 v000002d35b632b20_0, 0, 32;
    %pushi/vec4 0, 0, 32;
    %store/vec4 v000002d35b6332a0_0, 0, 32;
    %pushi/vec4 0, 0, 32;
    %store/vec4 v000002d35b633200_0, 0, 32;
    %pushi/vec4 0, 0, 1;
    %store/vec4 v000002d35b631f10_0, 0, 1;
    %load/vec4 v000002d35b632ee0_0;
    %flag_set/vec4 8;
    %jmp/0xz  T_11.0, 8;
    %pushi/vec4 1, 0, 1;
    %store/vec4 v000002d35b631f10_0, 0, 1;
    %load/vec4 v000002d35b633e80_0;
    %flag_set/vec4 8;
    %jmp/0xz  T_11.2, 8;
    %load/vec4 v000002d35b633980_0;
    %flag_set/vec4 8;
    %jmp/0xz  T_11.4, 8;
    %pushi/vec4 1779033703, 0, 32;
    %store/vec4 v000002d35b631fb0_0, 0, 32;
    %pushi/vec4 3144134277, 0, 32;
    %store/vec4 v000002d35b6304d0_0, 0, 32;
    %pushi/vec4 1013904242, 0, 32;
    %store/vec4 v000002d35b630610_0, 0, 32;
    %pushi/vec4 2773480762, 0, 32;
    %store/vec4 v000002d35b630bb0_0, 0, 32;
    %pushi/vec4 1359893119, 0, 32;
    %store/vec4 v000002d35b633f20_0, 0, 32;
    %pushi/vec4 2600822924, 0, 32;
    %store/vec4 v000002d35b632b20_0, 0, 32;
    %pushi/vec4 528734635, 0, 32;
    %store/vec4 v000002d35b6332a0_0, 0, 32;
    %pushi/vec4 1541459225, 0, 32;
    %store/vec4 v000002d35b633200_0, 0, 32;
    %jmp T_11.5;
T_11.4 ;
    %pushi/vec4 3238371032, 0, 32;
    %store/vec4 v000002d35b631fb0_0, 0, 32;
    %pushi/vec4 914150663, 0, 32;
    %store/vec4 v000002d35b6304d0_0, 0, 32;
    %pushi/vec4 812702999, 0, 32;
    %store/vec4 v000002d35b630610_0, 0, 32;
    %pushi/vec4 4144912697, 0, 32;
    %store/vec4 v000002d35b630bb0_0, 0, 32;
    %pushi/vec4 4290775857, 0, 32;
    %store/vec4 v000002d35b633f20_0, 0, 32;
    %pushi/vec4 1750603025, 0, 32;
    %store/vec4 v000002d35b632b20_0, 0, 32;
    %pushi/vec4 1694076839, 0, 32;
    %store/vec4 v000002d35b6332a0_0, 0, 32;
    %pushi/vec4 3204075428, 0, 32;
    %store/vec4 v000002d35b633200_0, 0, 32;
T_11.5 ;
    %jmp T_11.3;
T_11.2 ;
    %load/vec4 v000002d35b6315b0_0;
    %store/vec4 v000002d35b631fb0_0, 0, 32;
    %load/vec4 v000002d35b631a10_0;
    %store/vec4 v000002d35b6304d0_0, 0, 32;
    %load/vec4 v000002d35b631010_0;
    %store/vec4 v000002d35b630610_0, 0, 32;
    %load/vec4 v000002d35b6301b0_0;
    %store/vec4 v000002d35b630bb0_0, 0, 32;
    %load/vec4 v000002d35b631dd0_0;
    %store/vec4 v000002d35b633f20_0, 0, 32;
    %load/vec4 v000002d35b631650_0;
    %store/vec4 v000002d35b632b20_0, 0, 32;
    %load/vec4 v000002d35b631790_0;
    %store/vec4 v000002d35b6332a0_0, 0, 32;
    %load/vec4 v000002d35b6302f0_0;
    %store/vec4 v000002d35b633200_0, 0, 32;
T_11.3 ;
T_11.0 ;
    %load/vec4 v000002d35b632440_0;
    %flag_set/vec4 8;
    %jmp/0xz  T_11.6, 8;
    %load/vec4 v000002d35b6338e0_0;
    %load/vec4 v000002d35b6324e0_0;
    %add;
    %store/vec4 v000002d35b631fb0_0, 0, 32;
    %load/vec4 v000002d35b6309d0_0;
    %store/vec4 v000002d35b6304d0_0, 0, 32;
    %load/vec4 v000002d35b630750_0;
    %store/vec4 v000002d35b630610_0, 0, 32;
    %load/vec4 v000002d35b630890_0;
    %store/vec4 v000002d35b630bb0_0, 0, 32;
    %load/vec4 v000002d35b630c50_0;
    %load/vec4 v000002d35b6338e0_0;
    %add;
    %store/vec4 v000002d35b633f20_0, 0, 32;
    %load/vec4 v000002d35b6335c0_0;
    %store/vec4 v000002d35b632b20_0, 0, 32;
    %load/vec4 v000002d35b632580_0;
    %store/vec4 v000002d35b6332a0_0, 0, 32;
    %load/vec4 v000002d35b6323a0_0;
    %store/vec4 v000002d35b633200_0, 0, 32;
    %pushi/vec4 1, 0, 1;
    %store/vec4 v000002d35b631f10_0, 0, 1;
T_11.6 ;
    %end;
    .scope S_000002d35b585330;
t_16 %join;
    %jmp T_11;
    .thread T_11, $push;
    .scope S_000002d35b585330;
T_12 ;
    %wait E_000002d35b56aae0;
    %fork t_19, S_000002d35b59e800;
    %jmp t_18;
    .scope S_000002d35b59e800;
t_19 ;
    %pushi/vec4 0, 0, 6;
    %store/vec4 v000002d35b633a20_0, 0, 6;
    %pushi/vec4 0, 0, 1;
    %store/vec4 v000002d35b632d00_0, 0, 1;
    %load/vec4 v000002d35b632f80_0;
    %flag_set/vec4 8;
    %jmp/0xz  T_12.0, 8;
    %pushi/vec4 0, 0, 6;
    %store/vec4 v000002d35b633a20_0, 0, 6;
    %pushi/vec4 1, 0, 1;
    %store/vec4 v000002d35b632d00_0, 0, 1;
T_12.0 ;
    %load/vec4 v000002d35b633520_0;
    %flag_set/vec4 8;
    %jmp/0xz  T_12.2, 8;
    %load/vec4 v000002d35b633660_0;
    %addi 1, 0, 6;
    %store/vec4 v000002d35b633a20_0, 0, 6;
    %pushi/vec4 1, 0, 1;
    %store/vec4 v000002d35b632d00_0, 0, 1;
T_12.2 ;
    %end;
    .scope S_000002d35b585330;
t_18 %join;
    %jmp T_12;
    .thread T_12, $push;
    .scope S_000002d35b585330;
T_13 ;
    %wait E_000002d35b56aaa0;
    %fork t_21, S_000002d35b4b2d60;
    %jmp t_20;
    .scope S_000002d35b4b2d60;
t_21 ;
    %pushi/vec4 0, 0, 1;
    %store/vec4 v000002d35b630d90_0, 0, 1;
    %pushi/vec4 0, 0, 1;
    %store/vec4 v000002d35b632940_0, 0, 1;
    %pushi/vec4 0, 0, 1;
    %store/vec4 v000002d35b632ee0_0, 0, 1;
    %pushi/vec4 0, 0, 1;
    %store/vec4 v000002d35b632440_0, 0, 1;
    %pushi/vec4 0, 0, 1;
    %store/vec4 v000002d35b633e80_0, 0, 1;
    %pushi/vec4 0, 0, 1;
    %store/vec4 v000002d35b633340_0, 0, 1;
    %pushi/vec4 0, 0, 1;
    %store/vec4 v000002d35b633480_0, 0, 1;
    %pushi/vec4 0, 0, 1;
    %store/vec4 v000002d35b633700_0, 0, 1;
    %pushi/vec4 0, 0, 1;
    %store/vec4 v000002d35b633520_0, 0, 1;
    %pushi/vec4 0, 0, 1;
    %store/vec4 v000002d35b632f80_0, 0, 1;
    %pushi/vec4 0, 0, 1;
    %store/vec4 v000002d35b632a80_0, 0, 1;
    %pushi/vec4 0, 0, 1;
    %store/vec4 v000002d35b632620_0, 0, 1;
    %pushi/vec4 0, 0, 2;
    %store/vec4 v000002d35b6333e0_0, 0, 2;
    %pushi/vec4 0, 0, 1;
    %store/vec4 v000002d35b632c60_0, 0, 1;
    %load/vec4 v000002d35b6329e0_0;
    %dup/vec4;
    %pushi/vec4 0, 0, 2;
    %cmp/u;
    %jmp/1 T_13.0, 6;
    %dup/vec4;
    %pushi/vec4 1, 0, 2;
    %cmp/u;
    %jmp/1 T_13.1, 6;
    %dup/vec4;
    %pushi/vec4 2, 0, 2;
    %cmp/u;
    %jmp/1 T_13.2, 6;
    %jmp T_13.3;
T_13.0 ;
    %pushi/vec4 1, 0, 1;
    %store/vec4 v000002d35b633340_0, 0, 1;
    %load/vec4 v000002d35b633ac0_0;
    %flag_set/vec4 8;
    %jmp/0xz  T_13.4, 8;
    %pushi/vec4 1, 0, 1;
    %store/vec4 v000002d35b630d90_0, 0, 1;
    %pushi/vec4 1, 0, 1;
    %store/vec4 v000002d35b633480_0, 0, 1;
    %pushi/vec4 1, 0, 1;
    %store/vec4 v000002d35b632ee0_0, 0, 1;
    %pushi/vec4 1, 0, 1;
    %store/vec4 v000002d35b633e80_0, 0, 1;
    %pushi/vec4 1, 0, 1;
    %store/vec4 v000002d35b632f80_0, 0, 1;
    %pushi/vec4 0, 0, 1;
    %store/vec4 v000002d35b632a80_0, 0, 1;
    %pushi/vec4 1, 0, 1;
    %store/vec4 v000002d35b632620_0, 0, 1;
    %pushi/vec4 1, 0, 2;
    %store/vec4 v000002d35b6333e0_0, 0, 2;
    %pushi/vec4 1, 0, 1;
    %store/vec4 v000002d35b632c60_0, 0, 1;
T_13.4 ;
    %load/vec4 v000002d35b632da0_0;
    %flag_set/vec4 8;
    %jmp/0xz  T_13.6, 8;
    %pushi/vec4 1, 0, 1;
    %store/vec4 v000002d35b632f80_0, 0, 1;
    %pushi/vec4 1, 0, 1;
    %store/vec4 v000002d35b633480_0, 0, 1;
    %pushi/vec4 1, 0, 1;
    %store/vec4 v000002d35b632ee0_0, 0, 1;
    %pushi/vec4 0, 0, 1;
    %store/vec4 v000002d35b632a80_0, 0, 1;
    %pushi/vec4 1, 0, 1;
    %store/vec4 v000002d35b632620_0, 0, 1;
    %pushi/vec4 1, 0, 2;
    %store/vec4 v000002d35b6333e0_0, 0, 2;
    %pushi/vec4 1, 0, 1;
    %store/vec4 v000002d35b632c60_0, 0, 1;
T_13.6 ;
    %jmp T_13.3;
T_13.1 ;
    %pushi/vec4 1, 0, 1;
    %store/vec4 v000002d35b633700_0, 0, 1;
    %pushi/vec4 1, 0, 1;
    %store/vec4 v000002d35b632440_0, 0, 1;
    %pushi/vec4 1, 0, 1;
    %store/vec4 v000002d35b633520_0, 0, 1;
    %load/vec4 v000002d35b633660_0;
    %pad/u 32;
    %cmpi/e 63, 0, 32;
    %jmp/0xz  T_13.8, 4;
    %pushi/vec4 2, 0, 2;
    %store/vec4 v000002d35b6333e0_0, 0, 2;
    %pushi/vec4 1, 0, 1;
    %store/vec4 v000002d35b632c60_0, 0, 1;
T_13.8 ;
    %jmp T_13.3;
T_13.2 ;
    %pushi/vec4 1, 0, 1;
    %store/vec4 v000002d35b632940_0, 0, 1;
    %pushi/vec4 1, 0, 1;
    %store/vec4 v000002d35b632a80_0, 0, 1;
    %pushi/vec4 1, 0, 1;
    %store/vec4 v000002d35b632620_0, 0, 1;
    %pushi/vec4 0, 0, 2;
    %store/vec4 v000002d35b6333e0_0, 0, 2;
    %pushi/vec4 1, 0, 1;
    %store/vec4 v000002d35b632c60_0, 0, 1;
    %jmp T_13.3;
T_13.3 ;
    %pop/vec4 1;
    %end;
    .scope S_000002d35b585330;
t_20 %join;
    %jmp T_13;
    .thread T_13, $push;
    .scope S_000002d35b581420;
T_14 ;
    %pushi/vec4 0, 0, 32;
    %store/vec4 v000002d35b637410_0, 0, 32;
    %pushi/vec4 0, 0, 32;
    %store/vec4 v000002d35b632260_0, 0, 32;
    %end;
    .thread T_14;
    .scope S_000002d35b581420;
T_15 ;
    %delay 5000, 0;
    %load/vec4 v000002d35b633160_0;
    %inv;
    %store/vec4 v000002d35b633160_0, 0, 1;
    %jmp T_15;
    .thread T_15;
    .scope S_000002d35b581420;
T_16 ;
    %pushi/vec4 0, 0, 1;
    %store/vec4 v000002d35b633160_0, 0, 1;
    %pushi/vec4 1, 0, 1;
    %store/vec4 v000002d35b637d70_0, 0, 1;
    %pushi/vec4 0, 0, 1;
    %store/vec4 v000002d35b6328a0_0, 0, 1;
    %pushi/vec4 0, 0, 1;
    %store/vec4 v000002d35b637c30_0, 0, 1;
    %pushi/vec4 1, 0, 1;
    %store/vec4 v000002d35b636d30_0, 0, 1;
    %vpi_call 2 39 "$display", "\012=== SHA256 Random Input Verification ===\012" {0 0 0};
    %vpi_call 2 40 "$display", "+----+----------+---------+------------------------------------------+------------------------------------------+---+------+---------+----------+" {0 0 0};
    %fork TD_tb_sha256_random.reset_dut, S_000002d35b635d70;
    %join;
    %pushi/vec4 0, 0, 32; draw_string_vec4
    %pushi/vec4 0, 0, 32; draw_string_vec4
    %concat/vec4; draw_string_vec4
    %pushi/vec4 1918987876, 0, 32; draw_string_vec4
    %concat/vec4; draw_string_vec4
    %pushi/vec4 1869438769, 0, 32; draw_string_vec4
    %concat/vec4; draw_string_vec4
    %store/vec4 v000002d35b633ca0_0, 0, 128;
    %fork TD_tb_sha256_random.random_test, S_000002d35b635730;
    %join;
    %pushi/vec4 0, 0, 32; draw_string_vec4
    %pushi/vec4 0, 0, 32; draw_string_vec4
    %concat/vec4; draw_string_vec4
    %pushi/vec4 1918987876, 0, 32; draw_string_vec4
    %concat/vec4; draw_string_vec4
    %pushi/vec4 1869438770, 0, 32; draw_string_vec4
    %concat/vec4; draw_string_vec4
    %store/vec4 v000002d35b633ca0_0, 0, 128;
    %fork TD_tb_sha256_random.random_test, S_000002d35b635730;
    %join;
    %pushi/vec4 0, 0, 32; draw_string_vec4
    %pushi/vec4 0, 0, 32; draw_string_vec4
    %concat/vec4; draw_string_vec4
    %pushi/vec4 1918987876, 0, 32; draw_string_vec4
    %concat/vec4; draw_string_vec4
    %pushi/vec4 1869438771, 0, 32; draw_string_vec4
    %concat/vec4; draw_string_vec4
    %store/vec4 v000002d35b633ca0_0, 0, 128;
    %fork TD_tb_sha256_random.random_test, S_000002d35b635730;
    %join;
    %vpi_call 2 47 "$display", "+----+----------+---------+------------------------------------------+------------------------------------------+---+------+---------+----------+" {0 0 0};
    %vpi_call 2 48 "$display", "\012Total tests: %0d  Failures: %0d", v000002d35b637410_0, v000002d35b632260_0 {0 0 0};
    %load/vec4 v000002d35b632260_0;
    %cmpi/ne 0, 0, 32;
    %flag_mov 8, 4;
    %jmp/0 T_16.0, 8;
    %pushi/vec4 1380275029, 0, 32; draw_string_vec4
    %pushi/vec4 1280588320, 0, 32; draw_string_vec4
    %concat/vec4; draw_string_vec4
    %pushi/vec4 1178683724, 0, 32; draw_string_vec4
    %concat/vec4; draw_string_vec4
    %jmp/1 T_16.1, 8;
T_16.0 ; End of true expr.
    %pushi/vec4 1380275029, 0, 32; draw_string_vec4
    %pushi/vec4 1280588320, 0, 32; draw_string_vec4
    %concat/vec4; draw_string_vec4
    %pushi/vec4 1346458451, 0, 32; draw_string_vec4
    %concat/vec4; draw_string_vec4
    %jmp/0 T_16.1, 8;
 ; End of false expr.
    %blend;
T_16.1;
    %vpi_call 2 49 "$display", S<0,vec4,u96> {1 0 0};
    %vpi_call 2 50 "$finish" {0 0 0};
    %end;
    .thread T_16;
# The file index is used to find the file name in the following table.
:file_names 6;
    "N/A";
    "<interactive>";
    "src/tb/my_tbs/tb_sha256_random.v";
    "src/rtl/sha256_core.v";
    "src/rtl/sha256_k_constants.v";
    "src/rtl/sha256_w_mem.v";
